[2017/10/31 - 13:4:36] Miguel Salvatore ha sacado $100 de su cuenta de banco, su nuevo balance es: $674450.
[2017/10/31 - 13:51:2] Miguel Salvatore ha sacado $100 de su cuenta de banco, su nuevo balance es: $674350.
[2017/10/31 - 13:52:28] Miguel Salvatore ha sacado $100 de su cuenta de banco, su nuevo balance es: $674250.
[2017/10/31 - 13:55:59] Miguel Salvatore ha sacado $100 de su cuenta de banco, su nuevo balance es: $674150.
[2017/10/31 - 13:56:45] Miguel Salvatore ha depositado $1000 en su cuenta de banco, su nuevo balance es: $675150.
[2017/11/2 - 1:11:36] Miguel Salvatore ha sacado $1000 de su cuenta de banco, su nuevo balance es: $857720.
[2018/4/5 - 4:33:8] Elian Rodriguez ha depositado $4000 en su cuenta de banco, su nuevo balance es: $10900.
[2018/4/5 - 4:33:29] Elian Rodriguez ha depositado $4000 en su cuenta de banco, su nuevo balance es: $14900.
[2018/4/5 - 4:33:50] Elian Rodriguez ha sacado $4000 de su cuenta de banco, su nuevo balance es: $10900.
[2018/4/5 - 4:34:12] Elian Rodriguez ha sacado $4000 de su cuenta de banco, su nuevo balance es: $6900.
[2018/4/5 - 21:0:46] Darwin Chacon Ha sacado $9000 de su cuenta de banco, su nuevo balance es: $228.
[2018/4/6 - 2:15:15] Stefano Priciani Ha depositado $40000 en su cuenta de banco, su nuevo balance es: $73960.
[2018/4/6 - 19:37:46] Elian Rodriguez ha sacado $4000 de su cuenta de banco, su nuevo balance es: $113600.
[2018/4/6 - 19:38:8] Elian Rodriguez ha sacado $4000 de su cuenta de banco, su nuevo balance es: $109600.
[2018/4/6 - 19:40:2] Elian Rodriguez ha sacado $4000 de su cuenta de banco, su nuevo balance es: $105600.
[2018/4/6 - 19:40:23] Elian Rodriguez ha sacado $4000 de su cuenta de banco, su nuevo balance es: $101600.
[2018/4/6 - 19:48:28] Brayan Osorio ha depositado $1000 en su cuenta de banco, su nuevo balance es: $9374.
[2018/4/6 - 19:49:0] Brayan Osorio ha depositado $4000 en su cuenta de banco, su nuevo balance es: $13374.
[2018/4/6 - 19:50:58] Oscar Pinto Ha sacado $32360 de su cuenta de banco, su nuevo balance es: $162736.
[2018/4/6 - 19:51:10] Oscar Pinto Ha sacado $64720 de su cuenta de banco, su nuevo balance es: $98016.
[2018/4/6 - 19:51:21] Elian Rodriguez Ha sacado $101600 de su cuenta de banco, su nuevo balance es: $0.
[2018/4/6 - 19:51:33] Oscar Pinto Ha depositado $129440 en su cuenta de banco, su nuevo balance es: $227456.
[2018/4/6 - 19:51:41] Oscar Pinto Ha sacado $227456 de su cuenta de banco, su nuevo balance es: $0.
[2018/4/6 - 20:4:11] Elian Rodriguez Ha sacado $6796 de su cuenta de banco, su nuevo balance es: $0.
[2018/4/6 - 21:28:7] Stefano Priciani Ha sacado $25000 de su cuenta de banco, su nuevo balance es: $70164.
[2018/4/7 - 1:21:16] Ali Mohammed ha depositado $4000 en su cuenta de banco, su nuevo balance es: $13206.
[2018/4/7 - 1:25:26] Ali Mohammed ha depositado $4000 en su cuenta de banco, su nuevo balance es: $17206.
[2018/4/7 - 3:29:11] Darwin Chacon Ha sacado $62852 de su cuenta de banco, su nuevo balance es: $0.
[2018/4/7 - 15:18:32] Kevin Chacon Ha sacado $150000 de su cuenta de banco, su nuevo balance es: $13670.
[2018/4/7 - 16:6:58] Brayan Osorio ha sacado $5000 de su cuenta de banco, su nuevo balance es: $61051.
[2018/4/7 - 16:7:22] Brayan Osorio ha sacado $5000 de su cuenta de banco, su nuevo balance es: $56051.
[2018/4/7 - 16:7:57] Brayan Osorio ha sacado $5000 de su cuenta de banco, su nuevo balance es: $51051.
[2018/4/7 - 16:8:21] Brayan Osorio ha sacado $5000 de su cuenta de banco, su nuevo balance es: $46051.
[2018/4/7 - 16:31:15] Brayan Osorio ha sacado $5000 de su cuenta de banco, su nuevo balance es: $41051.
[2018/4/7 - 16:31:56] Brayan Osorio ha sacado $5000 de su cuenta de banco, su nuevo balance es: $36051.
[2018/4/7 - 16:51:23] Darwin Chacon ha depositado $4000 en su cuenta de banco, su nuevo balance es: $9736.
[2018/4/7 - 18:7:5] Ali Mohammed ha depositado $4000 en su cuenta de banco, su nuevo balance es: $40572.
[2018/4/7 - 18:7:14] Diego Milan ha sacado $4 de su cuenta de banco, su nuevo balance es: $6251.
[2018/4/7 - 18:7:46] Diego Milan ha sacado $3000 de su cuenta de banco, su nuevo balance es: $3251.
[2018/4/7 - 18:16:31] Stefano Priciani Ha depositado $15000 en su cuenta de banco, su nuevo balance es: $134430.
[2018/4/7 - 19:7:48] Diego Milan ha sacado $5000 de su cuenta de banco, su nuevo balance es: $5034.
[2018/4/7 - 19:8:14] Diego Milan ha sacado $5000 de su cuenta de banco, su nuevo balance es: $34.
[2018/4/7 - 19:51:25] Brayan Osorio ha depositado $1000 en su cuenta de banco, su nuevo balance es: $57346.
[2018/4/7 - 19:54:47] Brayan Osorio ha sacado $5000 de su cuenta de banco, su nuevo balance es: $52346.
[2018/4/7 - 23:8:36] Nicolas Jackson Ha sacado $98000 de su cuenta de banco, su nuevo balance es: $0.
[2018/4/8 - 0:52:39] Ali Mohammed Ha sacado $87027 de su cuenta de banco, su nuevo balance es: $1.
[2018/4/8 - 14:38:28] Agustin Chacon Ha depositado $110000 en su cuenta de banco, su nuevo balance es: $119619.
[2018/4/8 - 14:44:48] Agustin Chacon Ha sacado $119000 de su cuenta de banco, su nuevo balance es: $619.
[2018/4/8 - 16:1:53] Alsakarim Khalid Ha sacado $1000 de su cuenta de banco, su nuevo balance es: $127099.
[2018/4/8 - 16:1:54] Alsakarim Khalid Ha sacado $10000 de su cuenta de banco, su nuevo balance es: $117099.
[2018/4/8 - 16:2:9] Alsakarim Khalid Ha sacado $100000 de su cuenta de banco, su nuevo balance es: $17099.
[2018/4/8 - 18:48:31] Igor Spopovich Ha sacado $30000 de su cuenta de banco, su nuevo balance es: $3836.
[2018/4/8 - 20:52:51] Elias Chacon Ha depositado $40000 en su cuenta de banco, su nuevo balance es: $68876.
[2018/4/8 - 22:2:40] Frenddys Martinez Ha depositado $150000 en su cuenta de banco, su nuevo balance es: $151593.
[2018/4/8 - 22:6:47] Igor Spopovich Ha depositado $50000 en su cuenta de banco, su nuevo balance es: $67582.
[2018/4/8 - 22:16:39] Elias Chacon Ha sacado $30000 de su cuenta de banco, su nuevo balance es: $44512.
[2018/4/8 - 22:22:44] Elias Chacon Ha depositado $40000 en su cuenta de banco, su nuevo balance es: $84512.
[2018/4/8 - 22:22:53] Elias Chacon Ha depositado $50 en su cuenta de banco, su nuevo balance es: $84562.
[2018/4/8 - 22:27:25] Elias Chacon Ha sacado $84562 de su cuenta de banco, su nuevo balance es: $0.
[2018/4/8 - 22:28:54] Frenddys Martinez Ha sacado $151593 de su cuenta de banco, su nuevo balance es: $0.
[2018/4/8 - 23:16:0] Ali Mohammed ha sacado $5000 de su cuenta de banco, su nuevo balance es: $11229.
[2018/4/8 - 23:16:23] Ali Mohammed ha sacado $5000 de su cuenta de banco, su nuevo balance es: $6229.
[2018/4/8 - 23:16:45] Ali Mohammed ha sacado $5000 de su cuenta de banco, su nuevo balance es: $1229.
[2018/4/9 - 1:14:8] Brayan Osorio ha sacado $5000 de su cuenta de banco, su nuevo balance es: $138878.
[2018/4/9 - 1:15:31] Darwin Chacon Ha sacado $44534 de su cuenta de banco, su nuevo balance es: $0.
[2018/4/9 - 2:49:55] Darwin Chacon Ha sacado $7490 de su cuenta de banco, su nuevo balance es: $0.
[2018/4/9 - 3:0:24] Brayan Osorio ha sacado $5000 de su cuenta de banco, su nuevo balance es: $162838.
[2018/4/9 - 3:0:50] Brayan Osorio ha sacado $5000 de su cuenta de banco, su nuevo balance es: $157838.
[2018/4/9 - 4:16:39] Brayan Osorio ha sacado $5000 de su cuenta de banco, su nuevo balance es: $166710.
[2018/4/9 - 4:17:2] Brayan Osorio ha sacado $5000 de su cuenta de banco, su nuevo balance es: $161710.
[2018/4/9 - 4:17:25] Brayan Osorio ha sacado $5000 de su cuenta de banco, su nuevo balance es: $156710.
[2018/4/9 - 13:59:44] Darwin Chacon Ha sacado $22000 de su cuenta de banco, su nuevo balance es: $605.
[2018/4/9 - 14:22:55] Shady Adel Ha sacado $1000 de su cuenta de banco, su nuevo balance es: $70.
[2018/4/9 - 14:35:51] Darwin Chacon Ha sacado $600 de su cuenta de banco, su nuevo balance es: $5.
[2018/4/9 - 15:40:3] Gabriel Diazr Ha sacado $14000 de su cuenta de banco, su nuevo balance es: $220.
[2018/4/9 - 17:0:38] Agustin Chacon Ha depositado $45000 en su cuenta de banco, su nuevo balance es: $48259.
[2018/4/9 - 17:17:57] Shady Adel ha sacado $1780 de su cuenta de banco, su nuevo balance es: $0.
[2018/4/9 - 20:3:40] Santiago Martin Ha sacado $9495 de su cuenta de banco, su nuevo balance es: $0.
[2018/4/9 - 20:3:57] Agustin Chacon Ha depositado $39000 en su cuenta de banco, su nuevo balance es: $89572.
[2018/4/9 - 22:21:25] Frenddys Martinez ha sacado $4656 de su cuenta de banco, su nuevo balance es: $0.
[2018/4/9 - 23:31:23] Darwin Chacon Ha sacado $18000 de su cuenta de banco, su nuevo balance es: $690.
[2018/4/9 - 23:32:8] Darwin Chacon Ha depositado $2000 en su cuenta de banco, su nuevo balance es: $2690.
[2018/4/10 - 1:39:23] Rabi Khalid ha depositado $4000 en su cuenta de banco, su nuevo balance es: $6056.
[2018/4/10 - 1:39:46] Rabi Khalid ha depositado $4000 en su cuenta de banco, su nuevo balance es: $10056.
[2018/4/10 - 1:52:19] Brayan Osorio ha sacado $5000 de su cuenta de banco, su nuevo balance es: $180510.
[2018/4/10 - 1:52:50] Brayan Osorio ha sacado $5000 de su cuenta de banco, su nuevo balance es: $175510.
[2018/4/10 - 1:52:56] Matias Carlito ha sacado $500 de su cuenta de banco, su nuevo balance es: $55670.
[2018/4/10 - 1:53:13] Brayan Osorio ha sacado $5000 de su cuenta de banco, su nuevo balance es: $170510.
[2018/4/10 - 1:53:36] Brayan Osorio ha sacado $5000 de su cuenta de banco, su nuevo balance es: $165510.
[2018/4/10 - 1:53:47] Matias Carlito ha sacado $5000 de su cuenta de banco, su nuevo balance es: $50670.
[2018/4/10 - 1:54:0] Brayan Osorio ha sacado $5000 de su cuenta de banco, su nuevo balance es: $160510.
[2018/4/10 - 1:54:9] Matias Carlito ha sacado $5000 de su cuenta de banco, su nuevo balance es: $45670.
[2018/4/10 - 1:54:23] Brayan Osorio ha sacado $5000 de su cuenta de banco, su nuevo balance es: $155510.
[2018/4/10 - 1:54:31] Matias Carlito ha sacado $5000 de su cuenta de banco, su nuevo balance es: $40670.
[2018/4/10 - 1:54:47] Brayan Osorio ha sacado $5000 de su cuenta de banco, su nuevo balance es: $150510.
[2018/4/10 - 1:54:54] Matias Carlito ha sacado $5000 de su cuenta de banco, su nuevo balance es: $35670.
[2018/4/10 - 1:55:9] Brayan Osorio ha sacado $5000 de su cuenta de banco, su nuevo balance es: $145510.
[2018/4/10 - 1:55:15] Matias Carlito ha sacado $5000 de su cuenta de banco, su nuevo balance es: $30670.
[2018/4/10 - 1:55:32] Brayan Osorio ha sacado $5000 de su cuenta de banco, su nuevo balance es: $140510.
[2018/4/10 - 1:55:38] Matias Carlito ha sacado $5000 de su cuenta de banco, su nuevo balance es: $25670.
[2018/4/10 - 1:55:55] Brayan Osorio ha sacado $5000 de su cuenta de banco, su nuevo balance es: $135510.
[2018/4/10 - 1:56:0] Matias Carlito ha sacado $5000 de su cuenta de banco, su nuevo balance es: $20670.
[2018/4/10 - 1:56:17] Brayan Osorio ha sacado $5000 de su cuenta de banco, su nuevo balance es: $130510.
[2018/4/10 - 1:56:22] Matias Carlito ha sacado $5000 de su cuenta de banco, su nuevo balance es: $15670.
[2018/4/10 - 1:56:40] Brayan Osorio ha sacado $5000 de su cuenta de banco, su nuevo balance es: $125510.
[2018/4/10 - 1:56:45] Matias Carlito ha sacado $5000 de su cuenta de banco, su nuevo balance es: $10670.
[2018/4/10 - 1:57:5] Brayan Osorio ha sacado $5000 de su cuenta de banco, su nuevo balance es: $120510.
[2018/4/10 - 1:57:8] Matias Carlito ha sacado $5000 de su cuenta de banco, su nuevo balance es: $5670.
[2018/4/10 - 1:57:29] Brayan Osorio ha sacado $5000 de su cuenta de banco, su nuevo balance es: $115510.
[2018/4/10 - 1:57:43] Matias Carlito ha sacado $5000 de su cuenta de banco, su nuevo balance es: $670.
[2018/4/10 - 1:58:1] Brayan Osorio ha sacado $5000 de su cuenta de banco, su nuevo balance es: $110510.
[2018/4/10 - 1:58:23] Brayan Osorio ha sacado $5000 de su cuenta de banco, su nuevo balance es: $105510.
[2018/4/10 - 1:58:47] Brayan Osorio ha sacado $5000 de su cuenta de banco, su nuevo balance es: $100510.
[2018/4/10 - 2:9:1] Matias Carlito ha sacado $5000 de su cuenta de banco, su nuevo balance es: $1722.
[2018/4/10 - 2:9:1] Brayan Osorio ha sacado $5000 de su cuenta de banco, su nuevo balance es: $113526.
[2018/4/10 - 2:9:26] Brayan Osorio ha sacado $5000 de su cuenta de banco, su nuevo balance es: $108526.
[2018/4/10 - 2:10:41] Brayan Osorio ha sacado $5000 de su cuenta de banco, su nuevo balance es: $103526.
[2018/4/10 - 2:11:2] Brayan Osorio ha sacado $2000 de su cuenta de banco, su nuevo balance es: $101526.
[2018/4/10 - 2:11:36] Frenddys Martinez ha sacado $2000 de su cuenta de banco, su nuevo balance es: $601.
[2018/4/10 - 2:11:58] Frenddys Martinez ha sacado $601 de su cuenta de banco, su nuevo balance es: $0.
[2018/4/10 - 2:47:34] Gabriel Diazr Ha sacado $20000 de su cuenta de banco, su nuevo balance es: $552.
[2018/4/10 - 4:11:12] Manolo Perez Ha depositado $20000 en su cuenta de banco, su nuevo balance es: $20894.
[2018/4/10 - 4:11:48] Manolo Perez Ha depositado $1506 en su cuenta de banco, su nuevo balance es: $22400.
[2018/4/10 - 4:12:6] Manolo Perez Ha sacado $1 de su cuenta de banco, su nuevo balance es: $22399.
[2018/4/10 - 4:12:11] Manolo Perez Ha depositado $1 en su cuenta de banco, su nuevo balance es: $22400.
[2018/4/10 - 4:37:29] Manolo Perez Ha depositado $5000 en su cuenta de banco, su nuevo balance es: $27400.
[2018/4/10 - 4:39:24] Santiago Martin Ha sacado $7909 de su cuenta de banco, su nuevo balance es: $0.
[2018/4/10 - 5:5:33] Santiago Martin Ha sacado $3372 de su cuenta de banco, su nuevo balance es: $0.
[2018/4/10 - 5:5:48] Manolo Perez Ha sacado $2000 de su cuenta de banco, su nuevo balance es: $26201.
[2018/4/10 - 5:17:22] Manolo Perez ha depositado $424 en su cuenta de banco, su nuevo balance es: $26625.
[2018/4/10 - 15:19:1] Manolo Perez Ha sacado $1500 de su cuenta de banco, su nuevo balance es: $25125.
[2018/4/10 - 15:26:57] Frenddys Martinez Ha depositado $325564 en su cuenta de banco, su nuevo balance es: $326293.
[2018/4/10 - 15:45:32] Brayan Osorio ha sacado $5000 de su cuenta de banco, su nuevo balance es: $113206.
[2018/4/10 - 15:54:10] Manolo Perez ha sacado $125 de su cuenta de banco, su nuevo balance es: $25000.
[2018/4/10 - 17:37:53] Agustin Chacon ha depositado $4000 en su cuenta de banco, su nuevo balance es: $100336.
[2018/4/10 - 17:38:14] Agustin Chacon ha depositado $4000 en su cuenta de banco, su nuevo balance es: $104336.
[2018/4/10 - 17:47:43] Agustin Chacon Ha depositado $30000 en su cuenta de banco, su nuevo balance es: $134336.
[2018/4/10 - 21:4:54] Anderson Abreu Ha sacado $6576 de su cuenta de banco, su nuevo balance es: $0.
[2018/4/10 - 21:9:50] Brayan Osorio Ha sacado $100000 de su cuenta de banco, su nuevo balance es: $99266.
[2018/4/10 - 21:10:7] Brayan Osorio Ha depositado $100000 en su cuenta de banco, su nuevo balance es: $199266.
[2018/4/10 - 21:10:26] Brayan Osorio Ha depositado $3600 en su cuenta de banco, su nuevo balance es: $202866.
[2018/4/10 - 21:54:55] Brayan Osorio Ha depositado $100000 en su cuenta de banco, su nuevo balance es: $302866.
[2018/4/10 - 21:55:8] Brayan Osorio Ha depositado $10000 en su cuenta de banco, su nuevo balance es: $312866.
[2018/4/10 - 22:46:0] Grayson Davenport Ha depositado $50000 en su cuenta de banco, su nuevo balance es: $50000.
[2018/4/10 - 23:45:50] Darwin Chacon Ha sacado $1100 de su cuenta de banco, su nuevo balance es: $10600.
[2018/4/10 - 23:46:0] Darwin Chacon Ha sacado $10000 de su cuenta de banco, su nuevo balance es: $600.
[2018/4/11 - 0:21:59] Darwin Chacon Ha sacado $4000 de su cuenta de banco, su nuevo balance es: $546.
[2018/4/11 - 1:23:41] Santiago Martin Ha sacado $4512 de su cuenta de banco, su nuevo balance es: $0.
[2018/4/11 - 1:37:55] Matias Carlito Ha sacado $5000 de su cuenta de banco, su nuevo balance es: $23546.
[2018/4/11 - 1:38:26] Matias Carlito Ha sacado $5000 de su cuenta de banco, su nuevo balance es: $18546.
[2018/4/11 - 1:38:29] Matias Carlito Ha sacado $5000 de su cuenta de banco, su nuevo balance es: $13546.
[2018/4/11 - 1:38:30] Matias Carlito Ha sacado $5000 de su cuenta de banco, su nuevo balance es: $8546.
[2018/4/11 - 1:38:38] Matias Carlito Ha sacado $8000 de su cuenta de banco, su nuevo balance es: $546.
[2018/4/11 - 1:40:20] Matias Carlito Ha sacado $500 de su cuenta de banco, su nuevo balance es: $46.
[2018/4/11 - 1:44:46] Manolo Perez ha depositado $4000 en su cuenta de banco, su nuevo balance es: $30479.
[2018/4/11 - 1:47:17] Manolo Perez ha depositado $1000 en su cuenta de banco, su nuevo balance es: $31479.
[2018/4/11 - 2:0:36] Alsakarim Khalid Ha sacado $445 de su cuenta de banco, su nuevo balance es: $129000.
[2018/4/11 - 2:3:55] Matias Carlito Ha sacado $6800 de su cuenta de banco, su nuevo balance es: $46.
[2018/4/11 - 2:42:57] Henry Scaletta ha depositado $4000 en su cuenta de banco, su nuevo balance es: $4000.
[2018/4/11 - 2:43:20] Henry Scaletta ha depositado $4000 en su cuenta de banco, su nuevo balance es: $8000.
[2018/4/11 - 2:43:54] Henry Scaletta ha depositado $4500 en su cuenta de banco, su nuevo balance es: $12500.
[2018/4/11 - 2:44:23] Henry Scaletta ha depositado $4500 en su cuenta de banco, su nuevo balance es: $17000.
[2018/4/11 - 2:44:50] Henry Scaletta ha depositado $4500 en su cuenta de banco, su nuevo balance es: $21500.
[2018/4/11 - 2:45:13] Henry Scaletta ha depositado $4500 en su cuenta de banco, su nuevo balance es: $26000.
[2018/4/11 - 2:46:8] Henry Scaletta ha depositado $4500 en su cuenta de banco, su nuevo balance es: $30500.
[2018/4/11 - 2:46:47] Henry Scaletta ha depositado $4500 en su cuenta de banco, su nuevo balance es: $35000.
[2018/4/11 - 2:47:14] Henry Scaletta ha depositado $5000 en su cuenta de banco, su nuevo balance es: $40000.
[2018/4/11 - 2:47:42] Henry Scaletta ha depositado $5000 en su cuenta de banco, su nuevo balance es: $45000.
[2018/4/11 - 2:48:9] Henry Scaletta ha depositado $5000 en su cuenta de banco, su nuevo balance es: $50000.
[2018/4/11 - 2:58:4] Henry Scaletta ha sacado $5000 de su cuenta de banco, su nuevo balance es: $45000.
[2018/4/11 - 2:59:53] Henry Scaletta ha sacado $5000 de su cuenta de banco, su nuevo balance es: $40000.
[2018/4/11 - 3:0:18] Henry Scaletta ha sacado $3000 de su cuenta de banco, su nuevo balance es: $37378.
[2018/4/11 - 3:12:48] Manolo Perez Ha sacado $1000 de su cuenta de banco, su nuevo balance es: $35224.
[2018/4/11 - 3:16:40] Matias Carlito Ha sacado $7000 de su cuenta de banco, su nuevo balance es: $90.
[2018/4/11 - 3:47:48] Alfonso hoegaarden ha depositado $1431 en su cuenta de banco, su nuevo balance es: $2862.
[2018/4/11 - 3:48:15] Alfonso hoegaarden ha depositado $4000 en su cuenta de banco, su nuevo balance es: $6862.
[2018/4/11 - 3:48:38] Alfonso hoegaarden ha depositado $4000 en su cuenta de banco, su nuevo balance es: $10862.
[2018/4/11 - 3:50:51] Alfonso hoegaarden ha sacado $5000 de su cuenta de banco, su nuevo balance es: $5862.
[2018/4/11 - 3:51:9] Santiago Martin Ha sacado $5676 de su cuenta de banco, su nuevo balance es: $0.
[2018/4/11 - 3:51:17] Alfonso hoegaarden ha sacado $5000 de su cuenta de banco, su nuevo balance es: $862.
[2018/4/11 - 3:51:46] Alfonso hoegaarden ha sacado $862 de su cuenta de banco, su nuevo balance es: $0.
[2018/4/11 - 4:3:5] Alfonso hoegaarden ha sacado $624 de su cuenta de banco, su nuevo balance es: $0.
[2018/4/11 - 4:21:58] Igor Spopovich Ha sacado $60 de su cuenta de banco, su nuevo balance es: $101302.
[2018/4/11 - 4:22:3] Igor Spopovich Ha sacado $60000 de su cuenta de banco, su nuevo balance es: $41302.
[2018/4/11 - 4:30:18] Igor Spopovich Ha sacado $20000 de su cuenta de banco, su nuevo balance es: $21302.
[2018/4/11 - 14:59:31] Manolo Perez Ha depositado $37000 en su cuenta de banco, su nuevo balance es: $75691.
[2018/4/11 - 16:25:54] Jhon Lock Ha depositado $2900 en su cuenta de banco, su nuevo balance es: $6175.
[2018/4/11 - 16:26:11] Jhon Lock Ha depositado $26000 en su cuenta de banco, su nuevo balance es: $32175.
[2018/4/11 - 16:33:23] Jhon Lock Ha depositado $14000 en su cuenta de banco, su nuevo balance es: $46175.
[2018/4/11 - 16:56:5] Brayan Osorio Ha depositado $8000 en su cuenta de banco, su nuevo balance es: $377386.
[2018/4/11 - 16:56:16] Brayan Osorio Ha sacado $100000 de su cuenta de banco, su nuevo balance es: $277386.
[2018/4/11 - 16:56:36] Brayan Osorio Ha sacado $60000 de su cuenta de banco, su nuevo balance es: $217386.
[2018/4/11 - 17:37:6] Brayan Osorio Ha sacado $20000 de su cuenta de banco, su nuevo balance es: $211006.
[2018/4/11 - 17:40:11] Darwin Chacon Ha sacado $1000 de su cuenta de banco, su nuevo balance es: $9072.
[2018/4/11 - 17:40:16] Darwin Chacon Ha sacado $9000 de su cuenta de banco, su nuevo balance es: $72.
[2018/4/11 - 18:2:0] Agustin Chacon Ha depositado $40700 en su cuenta de banco, su nuevo balance es: $176612.
[2018/4/11 - 18:9:43] Shady Adel ha depositado $4000 en su cuenta de banco, su nuevo balance es: $4183.
[2018/4/11 - 18:10:4] Shady Adel ha depositado $4000 en su cuenta de banco, su nuevo balance es: $8183.
[2018/4/11 - 18:10:25] Shady Adel ha sacado $183 de su cuenta de banco, su nuevo balance es: $8000.
[2018/4/11 - 18:10:48] Shady Adel ha depositado $4000 en su cuenta de banco, su nuevo balance es: $12000.
[2018/4/11 - 18:11:10] Shady Adel ha depositado $3000 en su cuenta de banco, su nuevo balance es: $15000.
[2018/4/11 - 18:11:33] Shady Adel ha depositado $4000 en su cuenta de banco, su nuevo balance es: $19000.
[2018/4/11 - 18:11:59] Shady Adel ha depositado $1000 en su cuenta de banco, su nuevo balance es: $20000.
[2018/4/11 - 18:32:12] Igor Spopovich Ha sacado $30000 de su cuenta de banco, su nuevo balance es: $11342.
[2018/4/11 - 18:37:37] Frenddys Martinez Ha depositado $90000 en su cuenta de banco, su nuevo balance es: $418533.
[2018/4/11 - 19:5:49] Agustin Chacon Ha depositado $39843 en su cuenta de banco, su nuevo balance es: $217195.
[2018/4/11 - 19:9:54] Shady Adel Ha depositado $15000 en su cuenta de banco, su nuevo balance es: $35480.
[2018/4/11 - 19:10:15] Shady Adel Ha sacado $480 de su cuenta de banco, su nuevo balance es: $35000.
[2018/4/11 - 19:10:22] Brayan Osorio Ha depositado $18000 en su cuenta de banco, su nuevo balance es: $256100.
[2018/4/11 - 19:11:15] Agustin Chacon ha sacado $1000 de su cuenta de banco, su nuevo balance es: $216195.
[2018/4/11 - 19:22:3] Frenddys Martinez Ha depositado $98028 en su cuenta de banco, su nuevo balance es: $516561.
[2018/4/11 - 19:26:6] Frenddys Martinez ha sacado $5000 de su cuenta de banco, su nuevo balance es: $511561.
[2018/4/11 - 19:26:29] Frenddys Martinez ha sacado $5000 de su cuenta de banco, su nuevo balance es: $506561.
[2018/4/11 - 19:30:0] Frenddys Martinez ha sacado $5000 de su cuenta de banco, su nuevo balance es: $501561.
[2018/4/11 - 19:30:33] Frenddys Martinez ha sacado $5000 de su cuenta de banco, su nuevo balance es: $496561.
[2018/4/11 - 19:51:48] Igor Spopovich Ha sacado $30000 de su cuenta de banco, su nuevo balance es: $8766.
[2018/4/11 - 20:1:23] Igor Spopovich Ha sacado $15000 de su cuenta de banco, su nuevo balance es: $658.
[2018/4/11 - 20:33:29] Agustin Chacon Ha depositado $75000 en su cuenta de banco, su nuevo balance es: $294731.
[2018/4/11 - 22:4:51] Elias Chacon Ha sacado $20000 de su cuenta de banco, su nuevo balance es: $6481.
[2018/4/11 - 22:11:18] Agustin Chacon Ha sacado $296472 de su cuenta de banco, su nuevo balance es: $0.
[2018/4/11 - 23:58:11] Santiago Martin Ha sacado $35815 de su cuenta de banco, su nuevo balance es: $0.
[2018/4/12 - 0:11:33] Manolo Perez ha depositado $4000 en su cuenta de banco, su nuevo balance es: $93577.
[2018/4/12 - 0:12:1] Manolo Perez ha depositado $4000 en su cuenta de banco, su nuevo balance es: $97577.
[2018/4/12 - 0:12:54] Manolo Perez ha depositado $4000 en su cuenta de banco, su nuevo balance es: $101577.
[2018/4/12 - 0:13:18] Manolo Perez ha depositado $1000 en su cuenta de banco, su nuevo balance es: $102577.
[2018/4/12 - 0:21:29] Frenddys Martinez Ha depositado $98800 en su cuenta de banco, su nuevo balance es: $598961.
[2018/4/12 - 1:0:55] Frenddys Martinez Ha sacado $600000 de su cuenta de banco, su nuevo balance es: $221.
[2018/4/12 - 1:25:24] Frenddys Martinez ha sacado $5000 de su cuenta de banco, su nuevo balance es: $45221.
[2018/4/12 - 1:32:28] Jhon Lock Ha sacado $10000 de su cuenta de banco, su nuevo balance es: $40161.
[2018/4/12 - 2:33:35] Alfonso Hoegaarden ha sacado $5000 de su cuenta de banco, su nuevo balance es: $44766.
[2018/4/12 - 2:33:38] Manolo Perez ha sacado $1000 de su cuenta de banco, su nuevo balance es: $117147.
[2018/4/12 - 2:34:55] Alfonso Hoegaarden ha depositado $4000 en su cuenta de banco, su nuevo balance es: $48766.
[2018/4/12 - 2:34:59] Santiago Martin ha depositado $4000 en su cuenta de banco, su nuevo balance es: $24547.
[2018/4/12 - 2:35:44] Santiago Martin Ha depositado $273000 en su cuenta de banco, su nuevo balance es: $297547.
[2018/4/12 - 3:23:33] Matias Carlito Ha depositado $300000 en su cuenta de banco, su nuevo balance es: $315660.
[2018/4/12 - 3:23:43] Matias Carlito Ha depositado $700 en su cuenta de banco, su nuevo balance es: $316360.
[2018/4/12 - 3:23:45] Matias Carlito Ha depositado $9 en su cuenta de banco, su nuevo balance es: $316369.
[2018/4/12 - 3:23:56] Frenddys Martinez Ha depositado $400000 en su cuenta de banco, su nuevo balance es: $448002.
[2018/4/12 - 3:24:5] Frenddys Martinez Ha depositado $40000 en su cuenta de banco, su nuevo balance es: $488002.
[2018/4/12 - 3:24:38] Frenddys Martinez Ha depositado $40000 en su cuenta de banco, su nuevo balance es: $528002.
[2018/4/12 - 15:23:54] Shady Adel ha sacado $357 de su cuenta de banco, su nuevo balance es: $35000.
[2018/4/12 - 15:35:0] Shady Adel ha depositado $5000 en su cuenta de banco, su nuevo balance es: $40000.
[2018/4/12 - 16:34:1] Manolo Perez ha sacado $1000 de su cuenta de banco, su nuevo balance es: $121802.
[2018/4/12 - 17:23:56] Agustin Chacon ha depositado $4000 en su cuenta de banco, su nuevo balance es: $4000.
[2018/4/12 - 20:7:42] David Price ha sacado $5000 de su cuenta de banco, su nuevo balance es: $16398.
[2018/4/12 - 20:8:3] David Price ha sacado $5000 de su cuenta de banco, su nuevo balance es: $11398.
[2018/4/12 - 20:8:54] David Price ha sacado $5000 de su cuenta de banco, su nuevo balance es: $6398.
[2018/4/12 - 20:9:16] David Price ha sacado $5000 de su cuenta de banco, su nuevo balance es: $1398.
[2018/4/12 - 20:9:39] David Price ha sacado $1398 de su cuenta de banco, su nuevo balance es: $0.
[2018/4/12 - 20:16:29] Samuel Dybala ha sacado $1000 de su cuenta de banco, su nuevo balance es: $3176.
[2018/4/12 - 20:16:51] Samuel Dybala ha sacado $1000 de su cuenta de banco, su nuevo balance es: $2176.
[2018/4/12 - 20:47:53] Shady Adel ha sacado $1000 de su cuenta de banco, su nuevo balance es: $39000.
[2018/4/12 - 20:59:10] Darwin Chacon Ha sacado $20555 de su cuenta de banco, su nuevo balance es: $0.
[2018/4/12 - 21:3:1] Darwin Chacon Ha sacado $1000 de su cuenta de banco, su nuevo balance es: $866.
[2018/4/12 - 21:3:19] Darwin Chacon Ha sacado $866 de su cuenta de banco, su nuevo balance es: $0.
[2018/4/12 - 22:2:49] Shady Adel ha sacado $647 de su cuenta de banco, su nuevo balance es: $39000.
[2018/4/12 - 22:3:13] Shady Adel ha depositado $4000 en su cuenta de banco, su nuevo balance es: $43000.
[2018/4/12 - 22:4:47] Shady Adel ha depositado $4000 en su cuenta de banco, su nuevo balance es: $47000.
[2018/4/12 - 22:5:15] Shady Adel ha depositado $2000 en su cuenta de banco, su nuevo balance es: $49000.
[2018/4/12 - 22:8:17] Shady Adel ha sacado $1000 de su cuenta de banco, su nuevo balance es: $48000.
[2018/4/12 - 23:30:19] Darwin Chacon Ha sacado $2261 de su cuenta de banco, su nuevo balance es: $0.
[2018/4/12 - 23:54:40] Matias Carlito Ha sacado $300000 de su cuenta de banco, su nuevo balance es: $18679.
[2018/4/12 - 23:57:58] Matias Carlito Ha sacado $18600 de su cuenta de banco, su nuevo balance es: $79.
[2018/4/13 - 0:3:11] Rodrigo Mzienski ha depositado $4000 en su cuenta de banco, su nuevo balance es: $5296.
[2018/4/13 - 0:3:36] Jhon Lock Ha sacado $5000 de su cuenta de banco, su nuevo balance es: $40794.
[2018/4/13 - 0:7:48] Rodrigo Mzienski Ha depositado $70000 en su cuenta de banco, su nuevo balance es: $75296.
[2018/4/13 - 0:10:28] Samuel Huffman ha depositado $4000 en su cuenta de banco, su nuevo balance es: $4740.
[2018/4/13 - 0:16:15] Frenddys Martinez Ha depositado $17000 en su cuenta de banco, su nuevo balance es: $545558.
[2018/4/13 - 0:19:21] Frenddys Martinez ha sacado $1000 de su cuenta de banco, su nuevo balance es: $544558.
[2018/4/13 - 0:25:52] Manolo Perez ha sacado $2100 de su cuenta de banco, su nuevo balance es: $126137.
[2018/4/13 - 0:30:22] Manolo Perez ha sacado $3000 de su cuenta de banco, su nuevo balance es: $123137.
[2018/4/13 - 0:31:23] Alfonso Hoegaarden ha sacado $1000 de su cuenta de banco, su nuevo balance es: $60175.
[2018/4/13 - 0:33:56] Nicolas Jackson Ha sacado $13000 de su cuenta de banco, su nuevo balance es: $36615.
[2018/4/13 - 0:34:25] Manolo Perez ha sacado $985 de su cuenta de banco, su nuevo balance es: $122152.
[2018/4/13 - 0:35:7] Samuel Huffman Ha depositado $30000 en su cuenta de banco, su nuevo balance es: $34740.
[2018/4/13 - 0:56:48] Manolo Perez Ha depositado $4600 en su cuenta de banco, su nuevo balance es: $126752.
[2018/4/13 - 0:58:8] Alfonso Hoegaarden ha sacado $1000 de su cuenta de banco, su nuevo balance es: $59175.
[2018/4/13 - 0:58:31] Alfonso Hoegaarden ha sacado $1000 de su cuenta de banco, su nuevo balance es: $58175.
[2018/4/13 - 1:3:28] Santiago Martin ha sacado $2000 de su cuenta de banco, su nuevo balance es: $329703.
[2018/4/13 - 1:4:2] Santiago Martin ha sacado $1000 de su cuenta de banco, su nuevo balance es: $328703.
[2018/4/13 - 1:49:24] Brayan Osorio Ha sacado $100000 de su cuenta de banco, su nuevo balance es: $277368.
[2018/4/13 - 2:11:24] Brayan Osorio Ha sacado $20000 de su cuenta de banco, su nuevo balance es: $269054.
[2018/4/13 - 12:34:56] Brayan Osorio Ha depositado $17000 en su cuenta de banco, su nuevo balance es: $357944.
[2018/4/13 - 16:5:27] Darwin Chacon Ha depositado $39000 en su cuenta de banco, su nuevo balance es: $51826.
[2018/4/13 - 16:19:40] Darwin Chacon Ha sacado $5000 de su cuenta de banco, su nuevo balance es: $46826.
[2018/4/13 - 16:28:17] Matias Carlito Ha sacado $3000 de su cuenta de banco, su nuevo balance es: $9754.
[2018/4/13 - 16:28:26] Matias Carlito Ha sacado $1000 de su cuenta de banco, su nuevo balance es: $8754.
[2018/4/13 - 16:34:17] Matias Carlito Ha sacado $2000 de su cuenta de banco, su nuevo balance es: $6754.
[2018/4/13 - 17:11:39] Darwin Chacon Ha sacado $48815 de su cuenta de banco, su nuevo balance es: $0.
[2018/4/13 - 20:34:6] David Price ha sacado $5000 de su cuenta de banco, su nuevo balance es: $8431.
[2018/4/13 - 20:34:25] Juan Price ha sacado $5000 de su cuenta de banco, su nuevo balance es: $7228.
[2018/4/13 - 20:34:28] David Price ha sacado $5000 de su cuenta de banco, su nuevo balance es: $3431.
[2018/4/13 - 20:34:49] David Price ha sacado $3431 de su cuenta de banco, su nuevo balance es: $0.
[2018/4/13 - 20:34:54] Juan Price ha sacado $5000 de su cuenta de banco, su nuevo balance es: $2228.
[2018/4/13 - 20:35:22] Juan Price ha sacado $2228 de su cuenta de banco, su nuevo balance es: $0.
[2018/4/13 - 20:49:7] Stefano Priciani Ha sacado $178000 de su cuenta de banco, su nuevo balance es: $74716.
[2018/4/13 - 20:54:37] Stefano Priciani ha sacado $5000 de su cuenta de banco, su nuevo balance es: $69716.
[2018/4/13 - 20:56:47] Stefano Priciani Ha sacado $50000 de su cuenta de banco, su nuevo balance es: $19716.
[2018/4/13 - 22:35:45] Rodrigo Mzienski ha depositado $4000 en su cuenta de banco, su nuevo balance es: $83411.
[2018/4/13 - 22:37:39] Rodrigo Mzienski ha depositado $4000 en su cuenta de banco, su nuevo balance es: $87411.
[2018/4/13 - 22:44:59] Frenddys Martinez ha sacado $5000 de su cuenta de banco, su nuevo balance es: $540810.
[2018/4/13 - 22:47:59] Nicolas Jackson Ha sacado $5 de su cuenta de banco, su nuevo balance es: $42269.
[2018/4/13 - 22:48:3] Nicolas Jackson Ha sacado $20000 de su cuenta de banco, su nuevo balance es: $22269.
[2018/4/14 - 1:6:53] Rodrigo Mzienski Ha depositado $25000 en su cuenta de banco, su nuevo balance es: $114714.
[2018/4/14 - 1:22:50] Elias Hoffman Ha depositado $57000 en su cuenta de banco, su nuevo balance es: $67601.
[2018/4/14 - 3:4:15] Rodrigo Mzienski Ha depositado $15000 en su cuenta de banco, su nuevo balance es: $130796.
[2018/4/14 - 3:9:47] Rodrigo Mzienski ha sacado $5000 de su cuenta de banco, su nuevo balance es: $125796.
[2018/4/14 - 3:10:8] Rodrigo Mzienski ha sacado $5000 de su cuenta de banco, su nuevo balance es: $120796.
[2018/4/14 - 3:10:32] Rodrigo Mzienski ha sacado $5000 de su cuenta de banco, su nuevo balance es: $115796.
[2018/4/14 - 3:10:54] Rodrigo Mzienski ha sacado $5000 de su cuenta de banco, su nuevo balance es: $110796.
[2018/4/14 - 3:12:45] Brayan Osorio Ha sacado $200000 de su cuenta de banco, su nuevo balance es: $237674.
[2018/4/14 - 12:19:36] Agustin Chacon Ha depositado $220000 en su cuenta de banco, su nuevo balance es: $230008.
[2018/4/14 - 12:19:51] Agustin Chacon Ha sacado $8 de su cuenta de banco, su nuevo balance es: $230000.
[2018/4/14 - 12:41:38] Agustin Chacon Ha depositado $20000 en su cuenta de banco, su nuevo balance es: $250000.
[2018/4/14 - 14:1:47] Brayan Osorio Ha depositado $90000 en su cuenta de banco, su nuevo balance es: $385194.
[2018/4/14 - 17:24:38] Rodrigo Mzienski Ha depositado $5000 en su cuenta de banco, su nuevo balance es: $116317.
[2018/4/14 - 19:44:32] Brayan Osorio Ha sacado $2000 de su cuenta de banco, su nuevo balance es: $431618.
[2018/4/14 - 20:19:58] Rodrigo Mzienski Ha depositado $17000 en su cuenta de banco, su nuevo balance es: $135236.
[2018/4/14 - 21:12:35] Brayan Osorio Ha sacado $2000 de su cuenta de banco, su nuevo balance es: $457388.
[2018/4/14 - 22:34:9] Igor Spopovich Ha depositado $18000 en su cuenta de banco, su nuevo balance es: $44824.
[2018/4/14 - 23:3:26] Darwin Chacon Ha depositado $39000 en su cuenta de banco, su nuevo balance es: $62851.
[2018/4/14 - 23:4:6] Igor Spopovich Ha sacado $10000 de su cuenta de banco, su nuevo balance es: $41759.
[2018/4/15 - 0:14:28] Brayan Osorio Ha sacado $100000 de su cuenta de banco, su nuevo balance es: $380298.
[2018/4/15 - 0:52:2] Darwin Chacon Ha sacado $64000 de su cuenta de banco, su nuevo balance es: $549.
[2018/4/15 - 1:41:16] Darwin Chacon ha depositado $4000 en su cuenta de banco, su nuevo balance es: $5557.
[2018/4/15 - 4:22:22] Ali Mohammed Ha sacado $55350 de su cuenta de banco, su nuevo balance es: $1.
[2018/4/15 - 4:22:49] Ali Mohammed Ha depositado $133546 en su cuenta de banco, su nuevo balance es: $133547.
[2018/4/15 - 12:50:1] Agustin Chacon Ha depositado $110000 en su cuenta de banco, su nuevo balance es: $364709.
[2018/4/15 - 15:31:27] Stefano Priciani ha sacado $2000 de su cuenta de banco, su nuevo balance es: $96915.
[2018/4/15 - 15:57:33] Agustin Chacon Ha depositado $60000 en su cuenta de banco, su nuevo balance es: $425884.
[2018/4/15 - 18:48:33] Agustin Chacon Ha depositado $59000 en su cuenta de banco, su nuevo balance es: $485287.
[2018/4/15 - 19:1:26] Jack Sumgrace ha sacado $1 de su cuenta de banco, su nuevo balance es: $67011.
[2018/4/15 - 19:1:48] Jack Sumgrace ha sacado $550 de su cuenta de banco, su nuevo balance es: $66461.
[2018/4/15 - 20:18:45] Rodrigo Mzienski Ha depositado $56000 en su cuenta de banco, su nuevo balance es: $197012.
[2018/4/15 - 20:18:55] Stefano Priciani Ha sacado $11000 de su cuenta de banco, su nuevo balance es: $106949.
[2018/4/15 - 20:19:4] Stefano Priciani Ha sacado $2000 de su cuenta de banco, su nuevo balance es: $104949.
[2018/4/15 - 23:12:52] Alsakarim Khalid Ha sacado $220000 de su cuenta de banco, su nuevo balance es: $20846.
[2018/4/15 - 23:18:37] Igor Spopovich Ha depositado $15000 en su cuenta de banco, su nuevo balance es: $77762.
[2018/4/15 - 23:19:20] Alsakarim Khalid Ha sacado $40000 de su cuenta de banco, su nuevo balance es: $846.
[2018/4/15 - 23:42:39] Darwin Chacon Ha sacado $10900 de su cuenta de banco, su nuevo balance es: $72.
[2018/4/15 - 23:47:45] Brayan Osorio Ha sacado $200 de su cuenta de banco, su nuevo balance es: $593967.
[2018/4/15 - 23:48:0] Brayan Osorio Ha sacado $10000 de su cuenta de banco, su nuevo balance es: $583967.
[2018/4/16 - 1:46:9] Agustin Chacon Ha sacado $480000 de su cuenta de banco, su nuevo balance es: $5287.
[2018/4/16 - 2:45:45] Brayan Osorio Ha sacado $100000 de su cuenta de banco, su nuevo balance es: $523857.
[2018/4/16 - 3:20:16] Agustin Chacon Ha sacado $9800 de su cuenta de banco, su nuevo balance es: $23.
[2018/4/16 - 4:2:44] Elizabeth Spopovich Ha depositado $70000 en su cuenta de banco, su nuevo balance es: $161724.
[2018/4/16 - 16:11:6] Brayan Osorio Ha sacado $593000 de su cuenta de banco, su nuevo balance es: $911.
[2018/4/16 - 16:11:25] Brayan Osorio Ha depositado $28000 en su cuenta de banco, su nuevo balance es: $28911.
[2018/4/16 - 16:11:40] Brayan Osorio Ha depositado $1000 en su cuenta de banco, su nuevo balance es: $29911.
[2018/4/16 - 16:11:47] Brayan Osorio Ha depositado $9000 en su cuenta de banco, su nuevo balance es: $38911.
[2018/4/16 - 19:22:4] David Price ha sacado $5000 de su cuenta de banco, su nuevo balance es: $8364.
[2018/4/16 - 19:22:29] David Price ha sacado $5000 de su cuenta de banco, su nuevo balance es: $3364.
[2018/4/16 - 19:22:51] David Price ha sacado $3364 de su cuenta de banco, su nuevo balance es: $0.
[2018/4/16 - 20:12:52] Agustin Chacon Ha depositado $1800 en su cuenta de banco, su nuevo balance es: $5139.
[2018/4/16 - 21:43:9] Elizabeth Spopovich Ha sacado $175000 de su cuenta de banco, su nuevo balance es: $880.
[2018/4/16 - 22:2:40] Darwin Chacon Ha sacado $12000 de su cuenta de banco, su nuevo balance es: $436.
[2018/4/16 - 23:0:7] Mia Marchetti Ha depositado $50000 en su cuenta de banco, su nuevo balance es: $50000.
[2018/4/17 - 0:42:43] Brayan Osorio Ha sacado $90000 de su cuenta de banco, su nuevo balance es: $55545.
[2018/4/17 - 1:44:33] Foxy Salazar Ha depositado $62200 en su cuenta de banco, su nuevo balance es: $69826.
[2018/4/17 - 5:56:32] Axel Delvalle Ha depositado $50000 en su cuenta de banco, su nuevo balance es: $58350.
[2018/4/17 - 16:32:46] Shady Adel ha depositado $4000 en su cuenta de banco, su nuevo balance es: $53650.
[2018/4/17 - 16:33:27] Shady Adel ha depositado $4000 en su cuenta de banco, su nuevo balance es: $57650.
[2018/4/17 - 16:33:58] Shady Adel ha depositado $4000 en su cuenta de banco, su nuevo balance es: $61650.
[2018/4/17 - 16:34:20] Shady Adel ha sacado $1650 de su cuenta de banco, su nuevo balance es: $60000.
[2018/4/17 - 17:23:13] Brayan Osorio Ha sacado $50000 de su cuenta de banco, su nuevo balance es: $137801.
[2018/4/17 - 17:48:53] Agustin Chacon Ha sacado $7500 de su cuenta de banco, su nuevo balance es: $16.
[2018/4/17 - 18:56:2] Darwin Chacon Ha depositado $45000 en su cuenta de banco, su nuevo balance es: $53504.
[2018/4/17 - 19:51:34] Darwin Chacon Ha depositado $25000 en su cuenta de banco, su nuevo balance es: $80288.
[2018/4/17 - 20:19:58] Axel Delvalle Ha depositado $30000 en su cuenta de banco, su nuevo balance es: $94025.
[2018/4/17 - 20:35:52] Axel Delvalle Ha depositado $40000 en su cuenta de banco, su nuevo balance es: $134025.
[2018/4/17 - 21:17:50] Rodrigo Mzienski ha sacado $3000 de su cuenta de banco, su nuevo balance es: $198160.
[2018/4/17 - 21:29:29] Stefano Priciani Ha sacado $70000 de su cuenta de banco, su nuevo balance es: $55751.
[2018/4/17 - 21:44:25] Darwin Chacon Ha depositado $81270 en su cuenta de banco, su nuevo balance es: $164134.
[2018/4/17 - 21:48:30] Darwin Chacon Ha sacado $100 de su cuenta de banco, su nuevo balance es: $164034.
[2018/4/17 - 21:49:58] Alessandro Mzienski Ha depositado $70000 en su cuenta de banco, su nuevo balance es: $70057.
[2018/4/17 - 21:51:40] Darwin Chacon Ha sacado $120000 de su cuenta de banco, su nuevo balance es: $44034.
[2018/4/17 - 21:51:58] Darwin Chacon Ha sacado $44000 de su cuenta de banco, su nuevo balance es: $34.
[2018/4/18 - 0:3:14] Frenddys Martinez Ha depositado $20000 en su cuenta de banco, su nuevo balance es: $561126.
[2018/4/18 - 1:41:53] Asaff Khatab Ha depositado $40000 en su cuenta de banco, su nuevo balance es: $48890.
[2018/4/18 - 1:42:28] Alessandro Mzienski Ha depositado $50000 en su cuenta de banco, su nuevo balance es: $120226.
[2018/4/18 - 3:58:41] Foxy Salazar Ha sacado $35000 de su cuenta de banco, su nuevo balance es: $37118.
[2018/4/18 - 4:34:16] Axel Delvalle Ha sacado $80000 de su cuenta de banco, su nuevo balance es: $72238.
[2018/4/18 - 5:39:24] Elizabeth Spopovich Ha sacado $30000 de su cuenta de banco, su nuevo balance es: $22838.
[2018/4/18 - 5:44:19] Axel Delvalle Ha depositado $50000 en su cuenta de banco, su nuevo balance es: $128282.
[2018/4/18 - 17:24:56] Asaff Khatab Ha depositado $50000 en su cuenta de banco, su nuevo balance es: $118556.
[2018/4/18 - 18:58:20] Darwin Chacon Ha sacado $28000 de su cuenta de banco, su nuevo balance es: $694.
[2018/4/18 - 19:0:26] Elias Chacon Ha sacado $13000 de su cuenta de banco, su nuevo balance es: $32800.
[2018/4/18 - 19:0:34] Elias Chacon Ha depositado $237 en su cuenta de banco, su nuevo balance es: $33037.
[2018/4/18 - 19:52:5] Brayan Osorio Ha sacado $100000 de su cuenta de banco, su nuevo balance es: $265741.
[2018/4/18 - 21:58:27] Isaac Rufino Ha sacado $109043 de su cuenta de banco, su nuevo balance es: $0.
[2018/4/18 - 23:40:25] Nicolas Jackson Ha sacado $90000 de su cuenta de banco, su nuevo balance es: $1770.
[2018/4/18 - 23:55:43] Darwin Chacon Ha sacado $37000 de su cuenta de banco, su nuevo balance es: $382.
[2018/4/19 - 0:25:24] Elizabeth Spopovich Ha sacado $2000 de su cuenta de banco, su nuevo balance es: $85726.
[2018/4/19 - 0:25:30] Elizabeth Spopovich Ha sacado $50 de su cuenta de banco, su nuevo balance es: $85676.
[2018/4/19 - 0:25:36] Elizabeth Spopovich Ha sacado $11 de su cuenta de banco, su nuevo balance es: $85665.
[2018/4/19 - 0:25:40] Elizabeth Spopovich Ha sacado $5 de su cuenta de banco, su nuevo balance es: $85660.
[2018/4/19 - 0:25:47] Elizabeth Spopovich Ha sacado $60001 de su cuenta de banco, su nuevo balance es: $25659.
[2018/4/19 - 0:35:37] Alessandro Mzienski Ha sacado $120834 de su cuenta de banco, su nuevo balance es: $0.
[2018/4/19 - 0:37:7] Stefano Priciani Ha depositado $11000 en su cuenta de banco, su nuevo balance es: $66751.
[2018/4/19 - 0:37:17] Stefano Priciani Ha depositado $100000 en su cuenta de banco, su nuevo balance es: $166751.
[2018/4/19 - 0:37:33] Stefano Priciani Ha depositado $15000 en su cuenta de banco, su nuevo balance es: $181751.
[2018/4/19 - 1:25:19] Darwin Chacon Ha sacado $45000 de su cuenta de banco, su nuevo balance es: $880.
[2018/4/19 - 1:40:11] Rodrigo Mzienski Ha sacado $16000 de su cuenta de banco, su nuevo balance es: $182885.
[2018/4/19 - 2:6:48] Darwin Chacon Ha depositado $1000000 en su cuenta de banco, su nuevo balance es: $1007492.
[2018/4/19 - 2:7:6] Darwin Chacon Ha depositado $50000 en su cuenta de banco, su nuevo balance es: $1057492.
[2018/4/19 - 2:47:28] Shady Adel ha depositado $4000 en su cuenta de banco, su nuevo balance es: $64912.
[2018/4/19 - 2:47:52] Shady Adel ha depositado $4000 en su cuenta de banco, su nuevo balance es: $68912.
[2018/4/19 - 2:48:17] Shady Adel ha depositado $3000 en su cuenta de banco, su nuevo balance es: $71912.
[2018/4/19 - 2:48:45] Shady Adel ha sacado $1912 de su cuenta de banco, su nuevo balance es: $70000.
[2018/4/19 - 3:30:34] Derek Kahler Ha sacado $3500 de su cuenta de banco, su nuevo balance es: $64.
[2018/4/19 - 3:43:6] Darwin Chacon Ha sacado $1057000 de su cuenta de banco, su nuevo balance es: $492.
[2018/4/19 - 4:39:31] Brayan Osorio Ha sacado $100000 de su cuenta de banco, su nuevo balance es: $357541.
[2018/4/19 - 5:59:42] Axel Delvalle Ha sacado $50000 de su cuenta de banco, su nuevo balance es: $91142.
[2018/4/19 - 16:21:7] Elizabeth Spopovich Ha depositado $10000 en su cuenta de banco, su nuevo balance es: $99020.
[2018/4/19 - 16:23:26] Elizabeth Spopovich Ha sacado $60000 de su cuenta de banco, su nuevo balance es: $39020.
[2018/4/19 - 16:58:55] Elizabeth Spopovich Ha sacado $10000 de su cuenta de banco, su nuevo balance es: $29020.
[2018/4/19 - 17:14:57] Agustin Chacon Ha depositado $610000 en su cuenta de banco, su nuevo balance es: $652254.
[2018/4/19 - 17:17:9] Isaac Rufino Ha sacado $34350 de su cuenta de banco, su nuevo balance es: $6.
[2018/4/19 - 17:17:18] Isaac Rufino Ha sacado $5 de su cuenta de banco, su nuevo balance es: $1.
[2018/4/19 - 17:44:31] Asaff Khatab Ha depositado $35000 en su cuenta de banco, su nuevo balance es: $213039.
[2018/4/19 - 18:31:21] Darwin Chacon Ha sacado $20352 de su cuenta de banco, su nuevo balance es: $0.
[2018/4/19 - 18:33:3] Agustin Chacon Ha sacado $650000 de su cuenta de banco, su nuevo balance es: $8683.
[2018/4/19 - 21:33:44] Shady Adel ha sacado $408 de su cuenta de banco, su nuevo balance es: $70000.
[2018/4/19 - 22:14:19] Shady Adel ha sacado $714 de su cuenta de banco, su nuevo balance es: $70000.
[2018/4/19 - 23:49:48] Loder Latter Ha sacado $15000 de su cuenta de banco, su nuevo balance es: $1994.
[2018/4/19 - 23:50:3] Loder Latter Ha sacado $1994 de su cuenta de banco, su nuevo balance es: $0.
[2018/4/20 - 0:12:43] Loder Latter Ha sacado $1500 de su cuenta de banco, su nuevo balance es: $2547.
[2018/4/20 - 1:43:26] Agustin Chacon ha sacado $75 de su cuenta de banco, su nuevo balance es: $31012.
[2018/4/20 - 2:58:52] Brayan Osorio Ha sacado $10000 de su cuenta de banco, su nuevo balance es: $482949.
[2018/4/20 - 3:19:31] Rodrigo Mzienski Ha sacado $10000 de su cuenta de banco, su nuevo balance es: $174946.
[2018/4/20 - 3:37:48] Darwin Chacon Ha sacado $58350 de su cuenta de banco, su nuevo balance es: $0.
[2018/4/20 - 4:42:46] Axel Delvalle Ha depositado $140000 en su cuenta de banco, su nuevo balance es: $255429.
[2018/4/20 - 6:47:9] Axel Delvalle Ha sacado $210000 de su cuenta de banco, su nuevo balance es: $45429.
[2018/4/20 - 16:44:19] Shady Adel ha depositado $4000 en su cuenta de banco, su nuevo balance es: $74582.
[2018/4/20 - 16:44:41] Shady Adel ha depositado $4000 en su cuenta de banco, su nuevo balance es: $78582.
[2018/4/20 - 16:45:3] Shady Adel ha depositado $2000 en su cuenta de banco, su nuevo balance es: $80582.
[2018/4/20 - 16:45:24] Shady Adel ha sacado $582 de su cuenta de banco, su nuevo balance es: $80000.
[2018/4/20 - 17:10:4] Elizabeth Spopovich Ha sacado $2000 de su cuenta de banco, su nuevo balance es: $87604.
[2018/4/20 - 17:10:25] Elizabeth Spopovich Ha depositado $1000 en su cuenta de banco, su nuevo balance es: $88604.
[2018/4/20 - 17:10:31] Elizabeth Spopovich Ha sacado $70000 de su cuenta de banco, su nuevo balance es: $18604.
[2018/4/20 - 17:32:27] Darwin Chacon Ha depositado $60000 en su cuenta de banco, su nuevo balance es: $75206.
[2018/4/20 - 18:12:46] Shady Adel ha depositado $4000 en su cuenta de banco, su nuevo balance es: $84480.
[2018/4/20 - 18:13:7] Shady Adel ha depositado $4000 en su cuenta de banco, su nuevo balance es: $88480.
[2018/4/20 - 18:13:29] Shady Adel ha depositado $840 en su cuenta de banco, su nuevo balance es: $89320.
[2018/4/20 - 18:13:50] Shady Adel ha sacado $320 de su cuenta de banco, su nuevo balance es: $89000.
[2018/4/20 - 18:19:25] Shady Adel ha depositado $4000 en su cuenta de banco, su nuevo balance es: $93000.
[2018/4/20 - 18:19:47] Shady Adel ha depositado $4000 en su cuenta de banco, su nuevo balance es: $97000.
[2018/4/20 - 18:20:25] Shady Adel ha depositado $4000 en su cuenta de banco, su nuevo balance es: $101000.
[2018/4/20 - 18:20:46] Shady Adel ha sacado $1000 de su cuenta de banco, su nuevo balance es: $100000.
[2018/4/20 - 18:21:18] Shady Adel ha depositado $4000 en su cuenta de banco, su nuevo balance es: $104000.
[2018/4/20 - 18:21:40] Shady Adel ha depositado $4000 en su cuenta de banco, su nuevo balance es: $108000.
[2018/4/20 - 18:22:2] Shady Adel ha depositado $2000 en su cuenta de banco, su nuevo balance es: $110000.
[2018/4/20 - 18:40:37] Darwin Chacon Ha depositado $19000 en su cuenta de banco, su nuevo balance es: $100976.
[2018/4/20 - 19:8:51] Shady Adel Ha sacado $80000 de su cuenta de banco, su nuevo balance es: $30000.
[2018/4/20 - 19:12:31] Shady Adel Ha depositado $90000 en su cuenta de banco, su nuevo balance es: $120000.
[2018/4/20 - 21:57:6] Darwin Chacon Ha depositado $30000 en su cuenta de banco, su nuevo balance es: $138738.
[2018/4/20 - 22:4:58] Agustin Chacon Ha sacado $10000 de su cuenta de banco, su nuevo balance es: $49622.
[2018/4/20 - 22:35:49] Shady Adel ha depositado $2800 en su cuenta de banco, su nuevo balance es: $130791.
[2018/4/20 - 22:36:10] Shady Adel ha sacado $791 de su cuenta de banco, su nuevo balance es: $130000.
[2018/4/20 - 23:5:27] Darwin Chacon Ha depositado $70000 en su cuenta de banco, su nuevo balance es: $224458.
[2018/4/20 - 23:19:32] Shady Adel ha sacado $3775 de su cuenta de banco, su nuevo balance es: $127000.
[2018/4/20 - 23:19:55] Shady Adel ha sacado $2000 de su cuenta de banco, su nuevo balance es: $125000.
[2018/4/20 - 23:40:1] Shady Adel ha depositado $4000 en su cuenta de banco, su nuevo balance es: $129000.
[2018/4/20 - 23:40:12] Loder Latter Ha sacado $1500 de su cuenta de banco, su nuevo balance es: $5120.
[2018/4/20 - 23:40:25] Shady Adel ha depositado $1000 en su cuenta de banco, su nuevo balance es: $130000.
[2018/4/21 - 0:22:37] Darwin Chacon Ha depositado $77000 en su cuenta de banco, su nuevo balance es: $309220.
[2018/4/21 - 2:5:44] Jack Sumgrace Ha sacado $70976 de su cuenta de banco, su nuevo balance es: $0.
[2018/4/21 - 2:35:47] Rodrigo Mzienski Ha sacado $14000 de su cuenta de banco, su nuevo balance es: $162874.
[2018/4/21 - 2:35:52] Rodrigo Mzienski Ha sacado $7000 de su cuenta de banco, su nuevo balance es: $155874.
[2018/4/21 - 3:19:28] Brayan Osorio Ha sacado $400000 de su cuenta de banco, su nuevo balance es: $183117.
[2018/4/21 - 3:20:48] Darwin Chacon Ha sacado $330000 de su cuenta de banco, su nuevo balance es: $400.
[2018/4/21 - 3:53:57] Gonzalo Alvarez Ha sacado $30278 de su cuenta de banco, su nuevo balance es: $0.
[2018/4/21 - 4:1:12] Brayan Osorio Ha depositado $214000 en su cuenta de banco, su nuevo balance es: $410121.
[2018/4/21 - 4:22:22] Foxy Salazar Ha depositado $53943 en su cuenta de banco, su nuevo balance es: $107886.
[2018/4/21 - 13:39:11] Agustin Chacon Ha depositado $204000 en su cuenta de banco, su nuevo balance es: $266136.
[2018/4/21 - 13:46:15] Agustin Chacon Ha sacado $75 de su cuenta de banco, su nuevo balance es: $266061.
[2018/4/21 - 14:6:39] Charlotte Spopovich Ha depositado $73000 en su cuenta de banco, su nuevo balance es: $299132.
[2018/4/21 - 14:40:48] Brayan Osorio Ha sacado $40000 de su cuenta de banco, su nuevo balance es: $370121.
[2018/4/21 - 17:29:47] Brayan Osorio Ha sacado $30000 de su cuenta de banco, su nuevo balance es: $371259.
[2018/4/21 - 19:2:10] Frenddys Martinez Ha depositado $534005 en su cuenta de banco, su nuevo balance es: $1098332.
[2018/4/21 - 19:40:55] Elias Chacon ha sacado $5000 de su cuenta de banco, su nuevo balance es: $36270.
[2018/4/21 - 19:49:33] Ferney Ramos ha sacado $4590 de su cuenta de banco, su nuevo balance es: $0.
[2018/4/21 - 20:18:23] Frenddys Martinez Ha depositado $15000 en su cuenta de banco, su nuevo balance es: $1113816.
[2018/4/21 - 20:52:34] Shady Adel Ha depositado $50000 en su cuenta de banco, su nuevo balance es: $180694.
[2018/4/21 - 20:52:40] Shady Adel Ha sacado $694 de su cuenta de banco, su nuevo balance es: $180000.
[2018/4/21 - 20:55:48] Shady Adel ha depositado $4000 en su cuenta de banco, su nuevo balance es: $184000.
[2018/4/21 - 20:56:16] Shady Adel ha depositado $4000 en su cuenta de banco, su nuevo balance es: $188000.
[2018/4/21 - 20:56:40] Shady Adel ha depositado $2000 en su cuenta de banco, su nuevo balance es: $190000.
[2018/4/21 - 21:20:16] Shady Adel ha sacado $748 de su cuenta de banco, su nuevo balance es: $190000.
[2018/4/21 - 23:46:9] Agustin Acuna ha sacado $5000 de su cuenta de banco, su nuevo balance es: $10633.
[2018/4/21 - 23:46:31] Agustin Acuna ha sacado $5000 de su cuenta de banco, su nuevo balance es: $5633.
[2018/4/21 - 23:46:53] Agustin Acuna ha sacado $5000 de su cuenta de banco, su nuevo balance es: $633.
[2018/4/22 - 0:25:15] Charlotte Spopovich Ha sacado $25000 de su cuenta de banco, su nuevo balance es: $314900.
[2018/4/22 - 0:46:23] Shady Adel ha depositado $4000 en su cuenta de banco, su nuevo balance es: $195085.
[2018/4/22 - 0:46:44] Shady Adel ha sacado $85 de su cuenta de banco, su nuevo balance es: $195000.
[2018/4/22 - 2:11:25] Frenddys Martinez ha sacado $5000 de su cuenta de banco, su nuevo balance es: $1108816.
[2018/4/22 - 2:42:6] Shady Adel ha sacado $640 de su cuenta de banco, su nuevo balance es: $195000.
[2018/4/22 - 2:42:56] Loder Latter Ha depositado $1500 en su cuenta de banco, su nuevo balance es: $10735.
[2018/4/22 - 2:43:5] Loder Latter Ha depositado $13000 en su cuenta de banco, su nuevo balance es: $23735.
[2018/4/22 - 3:24:15] Gonzalo Alvarez Ha sacado $13731 de su cuenta de banco, su nuevo balance es: $0.
[2018/4/22 - 3:31:53] Jack Sumgrace ha sacado $5000 de su cuenta de banco, su nuevo balance es: $587.
[2018/4/22 - 3:45:31] Frenddys Martinez ha sacado $5000 de su cuenta de banco, su nuevo balance es: $1105471.
[2018/4/22 - 3:46:12] Frenddys Martinez ha sacado $5000 de su cuenta de banco, su nuevo balance es: $1100471.
[2018/4/22 - 4:10:58] Frenddys Martinez Ha sacado $200000 de su cuenta de banco, su nuevo balance es: $900471.
[2018/4/22 - 4:19:54] Agustin Acuna ha sacado $2349 de su cuenta de banco, su nuevo balance es: $0.
[2018/4/22 - 6:58:45] Miguel Salvatore Ha depositado $300000 en su cuenta de banco, su nuevo balance es: $720409.
[2018/4/22 - 7:5:30] Miguel Salvatore ha sacado $5000 de su cuenta de banco, su nuevo balance es: $715409.
[2018/4/22 - 7:6:44] Miguel Salvatore Ha sacado $700000 de su cuenta de banco, su nuevo balance es: $15409.
[2018/4/22 - 7:7:30] Miguel Salvatore Ha depositado $1000000 en su cuenta de banco, su nuevo balance es: $1015409.
[2018/4/22 - 7:7:46] Miguel Salvatore Ha depositado $500000 en su cuenta de banco, su nuevo balance es: $1515409.
[2018/4/22 - 7:7:55] Miguel Salvatore Ha sacado $300000 de su cuenta de banco, su nuevo balance es: $1215409.
[2018/4/22 - 14:0:37] Agustin Chacon Ha sacado $20000 de su cuenta de banco, su nuevo balance es: $272816.
[2018/4/22 - 15:8:45] Agustin Chacon Ha depositado $4000 en su cuenta de banco, su nuevo balance es: $284086.
[2018/4/22 - 15:41:33] Agustin Chacon ha sacado $1000 de su cuenta de banco, su nuevo balance es: $283086.
[2018/4/22 - 17:9:21] Mia Marchetti Ha sacado $10000 de su cuenta de banco, su nuevo balance es: $41083.
[2018/4/22 - 17:13:30] Walther Quero Ha depositado $60000 en su cuenta de banco, su nuevo balance es: $60000.
[2018/4/22 - 17:15:39] Mia Marchetti ha sacado $5000 de su cuenta de banco, su nuevo balance es: $36083.
[2018/4/22 - 17:16:39] Mia Marchetti ha sacado $5000 de su cuenta de banco, su nuevo balance es: $31083.
[2018/4/22 - 17:16:40] Walther Quero Ha sacado $10000 de su cuenta de banco, su nuevo balance es: $50000.
[2018/4/22 - 17:47:52] Elias Chacon ha depositado $4000 en su cuenta de banco, su nuevo balance es: $74374.
[2018/4/22 - 17:48:24] Elias Chacon ha depositado $4000 en su cuenta de banco, su nuevo balance es: $78374.
[2018/4/22 - 17:48:54] Elias Chacon ha depositado $4000 en su cuenta de banco, su nuevo balance es: $82374.
[2018/4/22 - 19:3:32] Elizabeth Spopovich Ha depositado $150000 en su cuenta de banco, su nuevo balance es: $177453.
[2018/4/22 - 19:10:26] Shady Adel ha sacado $721 de su cuenta de banco, su nuevo balance es: $195000.
[2018/4/22 - 19:39:52] Walther Quero Ha depositado $35000 en su cuenta de banco, su nuevo balance es: $85945.
[2018/4/22 - 19:39:54] Salomondo Chacon Ha sacado $2000 de su cuenta de banco, su nuevo balance es: $1552.
[2018/4/22 - 20:23:18] Santi Clutch Ha depositado $50000 en su cuenta de banco, su nuevo balance es: $50000.
[2018/4/22 - 20:37:6] Shady Adel ha sacado $628 de su cuenta de banco, su nuevo balance es: $198000.
[2018/4/22 - 21:10:36] Shady Adel Ha depositado $28000 en su cuenta de banco, su nuevo balance es: $198247.
[2018/4/22 - 21:11:7] Shady Adel Ha sacado $247 de su cuenta de banco, su nuevo balance es: $198000.
[2018/4/22 - 21:16:40] Elizabeth Spopovich Ha sacado $20000 de su cuenta de banco, su nuevo balance es: $193251.
[2018/4/22 - 21:16:46] Elizabeth Spopovich Ha sacado $180000 de su cuenta de banco, su nuevo balance es: $13251.
[2018/4/22 - 21:16:56] Elizabeth Spopovich Ha depositado $6000 en su cuenta de banco, su nuevo balance es: $19251.
[2018/4/22 - 22:58:52] Axel Delvalle Ha depositado $10000 en su cuenta de banco, su nuevo balance es: $68231.
[2018/4/23 - 1:1:44] Asaff Khatab Ha depositado $42448 en su cuenta de banco, su nuevo balance es: $302421.
[2018/4/23 - 1:22:10] Elizabeth Spopovich Ha depositado $50000 en su cuenta de banco, su nuevo balance es: $73977.
[2018/4/23 - 14:4:43] Isaac Rufino Ha sacado $65788 de su cuenta de banco, su nuevo balance es: $0.
[2018/4/23 - 15:44:13] Elizabeth Spopovich Ha sacado $2000 de su cuenta de banco, su nuevo balance es: $46977.
[2018/4/23 - 18:22:27] Agustin Chacon Ha sacado $100000 de su cuenta de banco, su nuevo balance es: $202853.
[2018/4/23 - 18:31:44] Darwin Chacon Ha sacado $100000 de su cuenta de banco, su nuevo balance es: $2295.
[2018/4/23 - 19:12:52] Martin Tapia ha depositado $4000 en su cuenta de banco, su nuevo balance es: $21660.
[2018/4/23 - 19:13:32] Martin Tapia ha depositado $4000 en su cuenta de banco, su nuevo balance es: $25660.
[2018/4/23 - 19:38:51] Elizabeth Spopovich ha sacado $4000 de su cuenta de banco, su nuevo balance es: $51467.
[2018/4/23 - 19:39:17] Elizabeth Spopovich ha sacado $1100 de su cuenta de banco, su nuevo balance es: $50367.
[2018/4/23 - 20:10:42] Isaac Rufino ha depositado $4000 en su cuenta de banco, su nuevo balance es: $17434.
[2018/4/23 - 20:11:29] Isaac Rufino ha depositado $4000 en su cuenta de banco, su nuevo balance es: $21434.
[2018/4/23 - 21:2:27] Shady Adel ha depositado $1008 en su cuenta de banco, su nuevo balance es: $199990.
[2018/4/23 - 21:3:2] Shady Adel ha depositado $10 en su cuenta de banco, su nuevo balance es: $200000.
[2018/4/23 - 21:31:0] Walther Quero Ha sacado $87295 de su cuenta de banco, su nuevo balance es: $0.
[2018/4/23 - 21:40:3] Shady Adel ha depositado $4000 en su cuenta de banco, su nuevo balance es: $204000.
[2018/4/23 - 21:40:45] Shady Adel ha depositado $4000 en su cuenta de banco, su nuevo balance es: $208000.
[2018/4/23 - 21:41:7] Shady Adel ha depositado $4000 en su cuenta de banco, su nuevo balance es: $212000.
[2018/4/23 - 21:41:31] Shady Adel ha depositado $3000 en su cuenta de banco, su nuevo balance es: $215000.
[2018/4/23 - 21:44:12] Elizabeth Spopovich Ha depositado $40000 en su cuenta de banco, su nuevo balance es: $92868.
[2018/4/23 - 21:44:22] Elizabeth Spopovich Ha depositado $3000 en su cuenta de banco, su nuevo balance es: $95868.
[2018/4/23 - 21:44:31] Walther Quero Ha depositado $115095 en su cuenta de banco, su nuevo balance es: $115095.
[2018/4/23 - 21:44:46] Walther Quero Ha sacado $1200 de su cuenta de banco, su nuevo balance es: $113895.
[2018/4/23 - 21:44:48] Elizabeth Spopovich Ha sacado $90000 de su cuenta de banco, su nuevo balance es: $5868.
[2018/4/23 - 22:10:7] Shady Adel ha depositado $3950 en su cuenta de banco, su nuevo balance es: $220617.
[2018/4/23 - 22:10:39] Shady Adel ha sacado $617 de su cuenta de banco, su nuevo balance es: $220000.
[2018/4/23 - 22:22:47] Shady Adel ha sacado $4000 de su cuenta de banco, su nuevo balance es: $216000.
[2018/4/23 - 22:23:10] Shady Adel ha sacado $1000 de su cuenta de banco, su nuevo balance es: $215000.
[2018/4/23 - 22:26:45] Agustin Chacon ha depositado $4000 en su cuenta de banco, su nuevo balance es: $231030.
[2018/4/23 - 22:27:5] Agustin Acuna ha sacado $5000 de su cuenta de banco, su nuevo balance es: $16644.
[2018/4/23 - 22:32:30] Brayan Osorio Ha sacado $200000 de su cuenta de banco, su nuevo balance es: $651223.
[2018/4/23 - 22:35:17] Brayan Osorio Ha sacado $600000 de su cuenta de banco, su nuevo balance es: $51223.
[2018/4/23 - 22:39:32] Brayan Osorio Ha depositado $360000 en su cuenta de banco, su nuevo balance es: $411223.
[2018/4/23 - 23:1:35] Nicolas Jackson Ha sacado $82060 de su cuenta de banco, su nuevo balance es: $0.
[2018/4/23 - 23:6:23] Agustin Acuna ha sacado $5000 de su cuenta de banco, su nuevo balance es: $11644.
[2018/4/23 - 23:6:55] Agustin Acuna ha sacado $5000 de su cuenta de banco, su nuevo balance es: $6644.
[2018/4/23 - 23:26:56] Elizabeth Spopovich Ha depositado $47000 en su cuenta de banco, su nuevo balance es: $55450.
[2018/4/24 - 0:55:13] Elizabeth Spopovich ha sacado $1500 de su cuenta de banco, su nuevo balance es: $55156.
[2018/4/24 - 1:56:36] Charlotte Spopovich Ha sacado $20000 de su cuenta de banco, su nuevo balance es: $336064.
[2018/4/24 - 2:32:44] Agustin Acuna ha sacado $5000 de su cuenta de banco, su nuevo balance es: $8684.
[2018/4/24 - 14:3:15] Diego Mavarez Ha depositado $40000 en su cuenta de banco, su nuevo balance es: $40698.
[2018/4/24 - 16:41:1] Mohamed Alhadabi Ha depositado $30000 en su cuenta de banco, su nuevo balance es: $43264.
[2018/4/24 - 16:46:0] Jack Sumgrace ha sacado $5000 de su cuenta de banco, su nuevo balance es: $4904.
[2018/4/24 - 16:50:2] Jack Sumgrace ha sacado $4904 de su cuenta de banco, su nuevo balance es: $0.
[2018/4/24 - 18:10:13] Walther Quero Ha sacado $5317 de su cuenta de banco, su nuevo balance es: $110000.
[2018/4/24 - 18:57:34] Martin Tapia ha depositado $4000 en su cuenta de banco, su nuevo balance es: $39733.
[2018/4/24 - 18:58:15] Martin Tapia ha depositado $4000 en su cuenta de banco, su nuevo balance es: $43733.
[2018/4/24 - 19:2:44] Martin Tapia Ha depositado $46458 en su cuenta de banco, su nuevo balance es: $94920.
[2018/4/24 - 19:21:25] Darwin Chacon Ha sacado $7000 de su cuenta de banco, su nuevo balance es: $58103.
[2018/4/24 - 19:24:59] Asaff Khatab Ha depositado $100000 en su cuenta de banco, su nuevo balance es: $428364.
[2018/4/24 - 20:36:44] Isaac Rufino Ha sacado $61201 de su cuenta de banco, su nuevo balance es: $0.
[2018/4/24 - 23:28:57] Agustin Acuna ha sacado $5000 de su cuenta de banco, su nuevo balance es: $6212.
[2018/4/24 - 23:29:50] Shady Adel ha sacado $5000 de su cuenta de banco, su nuevo balance es: $210000.
[2018/4/24 - 23:48:19] Elizabeth Spopovich Ha depositado $15000 en su cuenta de banco, su nuevo balance es: $74710.
[2018/4/24 - 23:55:38] Elizabeth Spopovich Ha depositado $15000 en su cuenta de banco, su nuevo balance es: $89710.
[2018/4/24 - 23:55:53] Elizabeth Spopovich Ha sacado $1000 de su cuenta de banco, su nuevo balance es: $88710.
[2018/4/25 - 1:58:20] Stefano Priciani ha sacado $5000 de su cuenta de banco, su nuevo balance es: $247055.
[2018/4/25 - 14:25:55] Asaff Khatab Ha depositado $116600 en su cuenta de banco, su nuevo balance es: $564869.
[2018/4/25 - 15:7:59] Agustin Chacon Ha depositado $81000 en su cuenta de banco, su nuevo balance es: $369050.
[2018/4/25 - 16:4:52] Isaac Rufino Ha sacado $18159 de su cuenta de banco, su nuevo balance es: $0.
[2018/4/25 - 16:26:17] Stefano Priciani Ha sacado $100000 de su cuenta de banco, su nuevo balance es: $149652.
[2018/4/25 - 17:18:3] Asaff Khatab Ha sacado $300 de su cuenta de banco, su nuevo balance es: $571081.
[2018/4/25 - 17:43:44] Mohamed Alhadabi Ha sacado $70000 de su cuenta de banco, su nuevo balance es: $25005.
[2018/4/25 - 18:11:1] Asaff Khatab Ha sacado $584350 de su cuenta de banco, su nuevo balance es: $0.
[2018/4/25 - 22:20:34] Mohamed Alhadabi Ha depositado $58000 en su cuenta de banco, su nuevo balance es: $115700.
[2018/4/26 - 1:20:45] Brayan Osorio Ha depositado $12000000 en su cuenta de banco, su nuevo balance es: $12522509.
[2018/4/26 - 1:45:37] Brayan Osorio Ha depositado $510000 en su cuenta de banco, su nuevo balance es: $13032509.
[2018/4/26 - 1:45:49] Brayan Osorio Ha depositado $4000 en su cuenta de banco, su nuevo balance es: $13036509.
[2018/4/26 - 14:16:34] Mohamed Alhadabi ha depositado $4000 en su cuenta de banco, su nuevo balance es: $133172.
[2018/4/26 - 14:53:25] Mohamed Alhadabi ha depositado $4000 en su cuenta de banco, su nuevo balance es: $137172.
[2018/4/26 - 17:8:57] Joaco Ramos Ha depositado $63511 en su cuenta de banco, su nuevo balance es: $63752.
[2018/4/27 - 10:7:23] Shady Adel Ha depositado $20000 en su cuenta de banco, su nuevo balance es: $230000.
[2018/4/27 - 18:59:29] Brayan Osorio Ha sacado $200000 de su cuenta de banco, su nuevo balance es: $12876195.
[2018/4/27 - 20:8:41] Frenddys Martinez Ha depositado $4351 en su cuenta de banco, su nuevo balance es: $913362.
[2018/4/27 - 20:8:53] Frenddys Martinez Ha depositado $39162 en su cuenta de banco, su nuevo balance es: $952524.
[2018/4/27 - 23:31:7] Mohamed Alhadabi Ha depositado $200000 en su cuenta de banco, su nuevo balance es: $397057.
[2018/4/27 - 23:31:16] Mohamed Alhadabi Ha depositado $30000 en su cuenta de banco, su nuevo balance es: $427057.
[2018/4/28 - 1:41:3] Ali Mohammed ha sacado $5000 de su cuenta de banco, su nuevo balance es: $186958.
[2018/4/28 - 1:56:36] Mohamed Alhadabi Ha depositado $40000 en su cuenta de banco, su nuevo balance es: $480294.
[2018/4/28 - 2:45:10] Mohamed Alhadabi ha depositado $4000 en su cuenta de banco, su nuevo balance es: $490914.
[2018/4/28 - 2:45:36] Mohamed Alhadabi ha depositado $4000 en su cuenta de banco, su nuevo balance es: $494914.
[2018/4/28 - 4:31:50] Ali Mohammed Ha sacado $20000 de su cuenta de banco, su nuevo balance es: $171337.
[2018/4/28 - 15:41:14] Brayan Osorio Ha sacado $300000 de su cuenta de banco, su nuevo balance es: $12627897.
[2018/4/28 - 15:41:35] Brayan Osorio Ha sacado $300000 de su cuenta de banco, su nuevo balance es: $12327897.
[2018/4/28 - 15:43:12] Charlotte Spopovich ha sacado $5000 de su cuenta de banco, su nuevo balance es: $359155.
[2018/4/28 - 15:45:30] Elizabeth Spopovich Ha depositado $300000 en su cuenta de banco, su nuevo balance es: $400813.
[2018/4/28 - 15:46:54] Miguel Colmenares ha sacado $5000 de su cuenta de banco, su nuevo balance es: $12122.
[2018/4/28 - 15:48:21] Brayan Osorio Ha sacado $300000 de su cuenta de banco, su nuevo balance es: $12027897.
[2018/4/28 - 15:48:43] Miguel Colmenares Ha sacado $10000 de su cuenta de banco, su nuevo balance es: $2122.
[2018/4/28 - 15:48:54] Miguel Colmenares Ha sacado $2122 de su cuenta de banco, su nuevo balance es: $0.
[2018/4/28 - 18:34:47] Isaac Rufino Ha sacado $82103 de su cuenta de banco, su nuevo balance es: $0.
[2018/4/28 - 20:57:40] Mohamed Alhadabi ha sacado $1 de su cuenta de banco, su nuevo balance es: $555740.
[2018/4/28 - 21:0:36] Mohamed Alhadabi ha sacado $1000 de su cuenta de banco, su nuevo balance es: $554740.
[2018/4/28 - 23:53:1] Patrick Freeman ha depositado $4000 en su cuenta de banco, su nuevo balance es: $12431.
[2018/4/28 - 23:53:27] Patrick Freeman ha depositado $4000 en su cuenta de banco, su nuevo balance es: $16431.
[2018/4/28 - 23:54:2] Patrick Freeman ha depositado $4000 en su cuenta de banco, su nuevo balance es: $20431.
[2018/4/29 - 0:46:45] Francisco Dominguez ha depositado $4000 en su cuenta de banco, su nuevo balance es: $4000.
[2018/4/29 - 2:33:43] Agustin Acuna ha sacado $5000 de su cuenta de banco, su nuevo balance es: $6290.
[2018/4/29 - 2:41:42] Frank Viikernes Ha depositado $106000 en su cuenta de banco, su nuevo balance es: $106000.
[2018/4/29 - 3:3:18] Joaco Ramos ha depositado $4000 en su cuenta de banco, su nuevo balance es: $68115.
[2018/4/29 - 3:3:40] Joaco Ramos ha depositado $4000 en su cuenta de banco, su nuevo balance es: $72115.
[2018/4/29 - 3:26:56] Frank Viikernes Ha sacado $112000 de su cuenta de banco, su nuevo balance es: $612.
[2018/4/29 - 5:46:45] Joaco Ramos ha depositado $4000 en su cuenta de banco, su nuevo balance es: $76115.
[2018/4/29 - 5:47:7] Joaco Ramos ha depositado $4000 en su cuenta de banco, su nuevo balance es: $80115.
[2018/4/29 - 5:47:31] Joaco Ramos ha depositado $4000 en su cuenta de banco, su nuevo balance es: $84115.
[2018/4/29 - 5:47:53] Joaco Ramos ha depositado $4000 en su cuenta de banco, su nuevo balance es: $88115.
[2018/4/29 - 5:48:17] Joaco Ramos ha depositado $4000 en su cuenta de banco, su nuevo balance es: $92115.
[2018/4/29 - 5:58:5] Joaco Ramos ha depositado $2490 en su cuenta de banco, su nuevo balance es: $94605.
[2018/4/29 - 6:3:20] Joaco Ramos ha depositado $4000 en su cuenta de banco, su nuevo balance es: $99152.
[2018/4/29 - 6:3:46] Joaco Ramos ha depositado $4000 en su cuenta de banco, su nuevo balance es: $103152.
[2018/4/29 - 6:4:9] Joaco Ramos ha depositado $4000 en su cuenta de banco, su nuevo balance es: $107152.
[2018/4/29 - 6:4:32] Joaco Ramos ha depositado $4000 en su cuenta de banco, su nuevo balance es: $111152.
[2018/4/29 - 13:10:12] Joaco Ramos Ha depositado $20670 en su cuenta de banco, su nuevo balance es: $20670.
[2018/4/29 - 13:35:17] Joaco Ramos ha depositado $4000 en su cuenta de banco, su nuevo balance es: $4000.
[2018/4/29 - 13:35:49] Joaco Ramos Ha depositado $16169 en su cuenta de banco, su nuevo balance es: $20169.
[2018/4/29 - 14:55:9] Ferney Ramos Ha depositado $40511 en su cuenta de banco, su nuevo balance es: $234484.
[2018/4/29 - 14:58:30] Ferney Ramos Ha sacado $25 de su cuenta de banco, su nuevo balance es: $234459.
[2018/4/29 - 15:26:43] Ferney Ramos ha depositado $4000 en su cuenta de banco, su nuevo balance es: $240987.
[2018/4/29 - 15:32:39] Ferney Ramos Ha depositado $100000 en su cuenta de banco, su nuevo balance es: $340987.
[2018/4/29 - 15:53:18] Mohamed Alhadabi Ha sacado $280000 de su cuenta de banco, su nuevo balance es: $302821.
[2018/4/29 - 16:58:15] Jack Sumgrace ha sacado $5000 de su cuenta de banco, su nuevo balance es: $44808.
[2018/4/29 - 16:58:48] Rodger Collyns ha depositado $4000 en su cuenta de banco, su nuevo balance es: $22690.
[2018/4/29 - 16:58:59] Jack Sumgrace ha sacado $5000 de su cuenta de banco, su nuevo balance es: $39808.
[2018/4/29 - 16:59:10] Rodger Collyns ha depositado $4000 en su cuenta de banco, su nuevo balance es: $26690.
[2018/4/29 - 17:0:3] Rodger Collyns ha depositado $4000 en su cuenta de banco, su nuevo balance es: $33140.
[2018/4/29 - 17:0:25] Rodger Collyns ha depositado $4000 en su cuenta de banco, su nuevo balance es: $37140.
[2018/4/29 - 17:0:48] Rodger Collyns ha depositado $4000 en su cuenta de banco, su nuevo balance es: $41140.
[2018/4/29 - 17:1:3] Isaac Rufino ha depositado $4000 en su cuenta de banco, su nuevo balance es: $42150.
[2018/4/29 - 17:1:9] Rodger Collyns ha depositado $4000 en su cuenta de banco, su nuevo balance es: $45140.
[2018/4/29 - 17:1:30] Rodger Collyns ha depositado $4000 en su cuenta de banco, su nuevo balance es: $49140.
[2018/4/29 - 17:1:33] Isaac Rufino ha depositado $4000 en su cuenta de banco, su nuevo balance es: $46150.
[2018/4/29 - 17:1:52] Rodger Collyns ha depositado $4000 en su cuenta de banco, su nuevo balance es: $53140.
[2018/4/29 - 17:1:58] Isaac Rufino ha depositado $4000 en su cuenta de banco, su nuevo balance es: $50150.
[2018/4/29 - 17:2:16] Rodger Collyns ha depositado $4000 en su cuenta de banco, su nuevo balance es: $57140.
[2018/4/29 - 17:2:40] Isaac Rufino ha depositado $4000 en su cuenta de banco, su nuevo balance es: $54150.
[2018/4/29 - 17:2:46] Rodger Collyns ha depositado $4000 en su cuenta de banco, su nuevo balance es: $61140.
[2018/4/29 - 17:3:4] Isaac Rufino ha depositado $4000 en su cuenta de banco, su nuevo balance es: $58150.
[2018/4/29 - 17:3:15] Rodger Collyns ha depositado $4000 en su cuenta de banco, su nuevo balance es: $65140.
[2018/4/29 - 17:3:28] Isaac Rufino ha depositado $4000 en su cuenta de banco, su nuevo balance es: $62150.
[2018/4/29 - 17:3:38] Rodger Collyns ha depositado $4000 en su cuenta de banco, su nuevo balance es: $69140.
[2018/4/29 - 17:3:52] Isaac Rufino ha depositado $4000 en su cuenta de banco, su nuevo balance es: $66150.
[2018/4/29 - 17:3:59] Rodger Collyns ha depositado $4000 en su cuenta de banco, su nuevo balance es: $73140.
[2018/4/29 - 17:4:21] Rodger Collyns ha depositado $4000 en su cuenta de banco, su nuevo balance es: $77140.
[2018/4/29 - 17:4:24] Isaac Rufino ha depositado $4000 en su cuenta de banco, su nuevo balance es: $70150.
[2018/4/29 - 17:4:45] Rodger Collyns ha depositado $4000 en su cuenta de banco, su nuevo balance es: $81140.
[2018/4/29 - 17:4:53] Isaac Rufino ha depositado $4000 en su cuenta de banco, su nuevo balance es: $74150.
[2018/4/29 - 17:5:19] Isaac Rufino ha depositado $4000 en su cuenta de banco, su nuevo balance es: $78150.
[2018/4/29 - 17:5:48] Isaac Rufino ha depositado $4000 en su cuenta de banco, su nuevo balance es: $82150.
[2018/4/29 - 17:6:19] Isaac Rufino ha depositado $4000 en su cuenta de banco, su nuevo balance es: $86150.
[2018/4/29 - 17:7:40] Isaac Rufino ha depositado $4000 en su cuenta de banco, su nuevo balance es: $90150.
[2018/4/29 - 17:8:46] Isaac Rufino ha depositado $4000 en su cuenta de banco, su nuevo balance es: $94150.
[2018/4/29 - 17:11:15] Isaac Rufino ha depositado $5000 en su cuenta de banco, su nuevo balance es: $99150.
[2018/4/29 - 17:54:38] Stefano Priciani ha sacado $3000 de su cuenta de banco, su nuevo balance es: $148608.
[2018/4/29 - 18:6:41] Isaac Rufino Ha depositado $179549 en su cuenta de banco, su nuevo balance es: $285599.
[2018/4/29 - 20:28:26] Isaac Rufino Ha sacado $200000 de su cuenta de banco, su nuevo balance es: $85599.
[2018/4/29 - 20:32:26] Isaac Rufino Ha sacado $85599 de su cuenta de banco, su nuevo balance es: $0.
[2018/4/29 - 21:41:16] Ali Mohammed ha sacado $5000 de su cuenta de banco, su nuevo balance es: $175729.
[2018/4/29 - 21:44:29] Ali Mohammed Ha depositado $7351 en su cuenta de banco, su nuevo balance es: $183080.
[2018/4/29 - 21:44:46] Ali Mohammed Ha sacado $100000 de su cuenta de banco, su nuevo balance es: $83080.
[2018/4/29 - 22:12:17] Isaac Rufino Ha depositado $65559 en su cuenta de banco, su nuevo balance es: $65559.
[2018/4/29 - 22:40:35] Brayan Osorio Ha sacado $800000 de su cuenta de banco, su nuevo balance es: $11710244.
[2018/4/29 - 23:9:46] Ali Mohammed ha sacado $5000 de su cuenta de banco, su nuevo balance es: $81068.
[2018/4/29 - 23:10:7] Ali Mohammed ha sacado $5000 de su cuenta de banco, su nuevo balance es: $76068.
[2018/4/30 - 0:12:22] Elizabeth Spopovich ha depositado $4000 en su cuenta de banco, su nuevo balance es: $416641.
[2018/4/30 - 0:13:34] Elizabeth Spopovich ha depositado $4000 en su cuenta de banco, su nuevo balance es: $420641.
[2018/4/30 - 0:15:36] Elizabeth Spopovich Ha depositado $15000 en su cuenta de banco, su nuevo balance es: $435641.
[2018/4/30 - 1:14:8] Joaco Ramos ha sacado $500 de su cuenta de banco, su nuevo balance es: $88.
[2018/4/30 - 3:6:18] Frenddys Martinez Ha depositado $99000 en su cuenta de banco, su nuevo balance es: $1052104.
[2018/4/30 - 3:6:33] Frenddys Martinez Ha depositado $3300 en su cuenta de banco, su nuevo balance es: $1055404.
[2018/4/30 - 4:7:7] Frenddys Martinez Ha sacado $20000 de su cuenta de banco, su nuevo balance es: $1036716.
[2018/4/30 - 4:42:20] Miguel Salvatore Ha depositado $1200000 en su cuenta de banco, su nuevo balance es: $2999541.
[2018/4/30 - 12:34:53] Ferney Ramos ha depositado $4000 en su cuenta de banco, su nuevo balance es: $344987.
[2018/4/30 - 12:36:3] Ferney Ramos ha depositado $4000 en su cuenta de banco, su nuevo balance es: $348987.
[2018/4/30 - 12:36:35] Ferney Ramos ha depositado $4000 en su cuenta de banco, su nuevo balance es: $352987.
[2018/4/30 - 12:37:38] Ferney Ramos ha depositado $4000 en su cuenta de banco, su nuevo balance es: $356987.
[2018/4/30 - 12:39:1] Ferney Ramos ha depositado $4000 en su cuenta de banco, su nuevo balance es: $360987.
[2018/4/30 - 13:0:59] Ferney Ramos Ha depositado $134685 en su cuenta de banco, su nuevo balance es: $498608.
[2018/4/30 - 13:1:7] Ferney Ramos Ha sacado $10 de su cuenta de banco, su nuevo balance es: $498598.
[2018/4/30 - 13:26:56] Ferney Ramos Ha depositado $397950 en su cuenta de banco, su nuevo balance es: $896548.
[2018/4/30 - 16:5:37] Stefano Priciani ha sacado $5000 de su cuenta de banco, su nuevo balance es: $143608.
[2018/4/30 - 16:53:29] Ferney Ramos Ha sacado $896548 de su cuenta de banco, su nuevo balance es: $0.
[2018/4/30 - 20:20:0] Ferney Ramos Ha depositado $975600 en su cuenta de banco, su nuevo balance es: $985877.
[2018/4/30 - 23:7:38] Ferney Ramos Ha sacado $900000 de su cuenta de banco, su nuevo balance es: $88876.
[2018/5/1 - 1:45:27] Ali Mohammed Ha sacado $4000 de su cuenta de banco, su nuevo balance es: $76974.
[2018/5/1 - 1:45:35] Williams Dinasso Ha sacado $2770 de su cuenta de banco, su nuevo balance es: $0.
[2018/5/1 - 1:45:41] Ali Mohammed Ha sacado $30000 de su cuenta de banco, su nuevo balance es: $46974.
[2018/5/1 - 1:45:52] Ali Mohammed Ha sacado $200 de su cuenta de banco, su nuevo balance es: $46774.
[2018/5/1 - 1:45:58] Ali Mohammed Ha depositado $76 en su cuenta de banco, su nuevo balance es: $46850.
[2018/5/1 - 3:39:1] Isaac Rufino Ha depositado $35911 en su cuenta de banco, su nuevo balance es: $127201.
[2018/5/1 - 4:46:40] Ali Mohammed Ha depositado $45000 en su cuenta de banco, su nuevo balance es: $94901.
[2018/5/1 - 18:14:22] Frenddys Martinez Ha depositado $510000 en su cuenta de banco, su nuevo balance es: $1547071.
[2018/5/1 - 18:53:0] Brayan Osorio Ha sacado $500000 de su cuenta de banco, su nuevo balance es: $9827674.
[2018/5/1 - 19:27:23] Frenddys Martinez Ha sacado $250000 de su cuenta de banco, su nuevo balance es: $1297670.
[2018/5/1 - 20:0:18] Ferney Ramos ha depositado $4000 en su cuenta de banco, su nuevo balance es: $105246.
[2018/5/1 - 20:11:17] Elizabeth Spopovich Ha sacado $1000 de su cuenta de banco, su nuevo balance es: $458189.
[2018/5/3 - 0:48:21] Ali Mohammed ha depositado $5000 en su cuenta de banco, su nuevo balance es: $104095.
[2018/5/3 - 1:31:28] Ali Mohammed ha depositado $5000 en su cuenta de banco, su nuevo balance es: $110931.
[2018/5/3 - 1:31:50] Ali Mohammed ha depositado $5000 en su cuenta de banco, su nuevo balance es: $115931.
[2018/5/3 - 2:3:6] Ali Mohammed Ha depositado $40000 en su cuenta de banco, su nuevo balance es: $156593.
[2018/5/3 - 2:3:13] Ali Mohammed Ha depositado $100000 en su cuenta de banco, su nuevo balance es: $256593.
[2018/5/3 - 2:3:25] Ali Mohammed Ha depositado $1000 en su cuenta de banco, su nuevo balance es: $257593.
[2018/5/3 - 2:3:30] Ali Mohammed Ha depositado $940 en su cuenta de banco, su nuevo balance es: $258533.
[2018/5/3 - 3:3:19] Ali Mohammed Ha depositado $20000 en su cuenta de banco, su nuevo balance es: $279667.
[2018/5/3 - 3:3:25] Ali Mohammed Ha depositado $5000 en su cuenta de banco, su nuevo balance es: $284667.
[2018/5/3 - 3:3:34] Ali Mohammed Ha depositado $2000 en su cuenta de banco, su nuevo balance es: $286667.
[2018/5/3 - 3:3:41] Ali Mohammed Ha depositado $131 en su cuenta de banco, su nuevo balance es: $286798.
[2018/5/3 - 3:38:49] Ali Mohammed ha sacado $1000 de su cuenta de banco, su nuevo balance es: $285798.
[2018/5/3 - 23:0:6] Ferney Ramos Ha depositado $112954 en su cuenta de banco, su nuevo balance es: $242393.
[2018/5/3 - 23:0:14] Ferney Ramos Ha depositado $1000000 en su cuenta de banco, su nuevo balance es: $1242393.
[2018/5/4 - 0:1:53] Isaac Rufino ha sacado $5000 de su cuenta de banco, su nuevo balance es: $131078.
[2018/5/4 - 0:23:38] Ferney Ramos Ha sacado $1242393 de su cuenta de banco, su nuevo balance es: $0.
[2018/5/4 - 0:24:3] Isaac Rufino Ha sacado $13107 de su cuenta de banco, su nuevo balance es: $117971.
[2018/5/4 - 0:24:5] Isaac Rufino Ha sacado $13107 de su cuenta de banco, su nuevo balance es: $104864.
[2018/5/4 - 0:24:7] Isaac Rufino Ha sacado $13107 de su cuenta de banco, su nuevo balance es: $91757.
[2018/5/4 - 0:24:11] Isaac Rufino Ha sacado $13107 de su cuenta de banco, su nuevo balance es: $78650.
[2018/5/4 - 0:24:13] Isaac Rufino Ha sacado $13107 de su cuenta de banco, su nuevo balance es: $65543.
[2018/5/4 - 0:24:25] Isaac Rufino Ha sacado $65543 de su cuenta de banco, su nuevo balance es: $0.
[2018/5/4 - 18:18:33] Ali Mohammed ha depositado $5000 en su cuenta de banco, su nuevo balance es: $295723.
[2018/5/5 - 1:58:25] Frenddys Martinez Ha sacado $900000 de su cuenta de banco, su nuevo balance es: $404602.
[2018/5/5 - 2:10:7] Frenddys Martinez Ha depositado $20200 en su cuenta de banco, su nuevo balance es: $425202.
[2018/5/5 - 2:10:22] Frenddys Martinez Ha depositado $200200 en su cuenta de banco, su nuevo balance es: $625402.
[2018/5/5 - 14:33:22] Ferney Ramos Ha depositado $4590936 en su cuenta de banco, su nuevo balance es: $4597201.
[2018/5/5 - 14:34:55] Ferney Ramos Ha sacado $4597201 de su cuenta de banco, su nuevo balance es: $0.
