[2013/1/16 - 18:50:57] AdmWarn: Josh Cave has created object ID 1. (Object: 98)
[2013/1/16 - 18:51:8] AdmWarn: Josh Cave has deleted object ID 1.
[2013/1/16 - 18:51:11] AdmWarn: Josh Cave has created object ID 1. (Object: 969)
[2013/1/16 - 18:51:36] AdmWarn: Josh Cave has deleted object ID 1.
[2013/1/26 - 19:6:52] AdmWarn: Drake Dawson has created object ID 1. (Object: 12312)
[2013/1/26 - 19:7:0] AdmWarn: Drake Dawson has created object ID 2. (Object: 6606)
[2013/1/26 - 19:7:6] AdmWarn: Josh Cave has deleted object ID 1.
[2013/1/26 - 19:7:7] AdmWarn: Josh Cave has deleted object ID 2.
[2013/1/31 - 18:51:22] AdmWarn: Josh Cave has created object ID 1. (Object: 1374)
[2013/1/31 - 18:51:34] AdmWarn: Josh Cave has deleted object ID 1.
[2013/1/31 - 18:51:39] AdmWarn: DeAndre Moore has created object ID 1. (Object: 1)
[2013/1/31 - 18:51:45] AdmWarn: DeAndre Moore has created object ID 2. (Object: 1)
[2013/1/31 - 18:51:55] AdmWarn: Josh Cave has deleted object ID 1.
[2013/1/31 - 18:51:56] AdmWarn: Josh Cave has deleted object ID 2.
[2013/1/31 - 18:52:0] AdmWarn: Josh Cave has created object ID 1. (Object: 966)
[2013/1/31 - 18:52:41] AdmWarn: Josh Cave has deleted object ID 1.
[2013/2/19 - 15:21:56] AdmWarn: Josh Cave has created object ID 1. (Object: 1133)
[2013/2/19 - 15:22:4] AdmWarn: Josh Cave has deleted object ID 1.
[2013/2/19 - 15:22:9] AdmWarn: Josh Cave has created object ID 1. (Object: 31)
[2013/2/19 - 15:22:16] AdmWarn: Josh Cave has deleted object ID 1.
[2013/2/19 - 15:22:19] AdmWarn: Josh Cave has created object ID 1. (Object: 13334)
[2013/2/19 - 15:22:27] AdmWarn: Josh Cave has deleted object ID 1.
[2013/2/19 - 15:22:30] AdmWarn: Josh Cave has created object ID 1. (Object: 985)
[2013/2/19 - 15:22:37] AdmWarn: Josh Cave has deleted object ID 1.
[2013/2/19 - 15:50:19] AdmWarn: Josh Cave has created object ID 1. (Object: 984)
[2013/2/19 - 15:50:23] AdmWarn: Josh Cave has deleted object ID 1.
[2013/3/9 - 18:23:33] AdmWarn: John Cormier has created object ID 1. (Object: 781)
[2013/3/9 - 18:28:22] AdmWarn: John Cormier has created object ID 2. (Object: 786)
[2013/3/9 - 18:28:49] AdmWarn: John Cormier has deleted object ID 1.
[2013/3/9 - 18:28:50] AdmWarn: John Cormier has deleted object ID 2.
[2013/3/23 - 15:10:30] AdmWarn: Rasmus Jensen has created object ID 1. (Object: 1462)
[2013/3/23 - 15:11:30] AdmWarn: Rasmus Jensen has deleted object ID 1.
[2013/3/23 - 15:17:55] AdmWarn: John Apollon has created object ID 1. (Object: 1)
[2013/3/23 - 15:18:59] AdmWarn: John Apollon has deleted object ID 1.
[2013/3/23 - 15:19:19] AdmWarn: John Apollon has created object ID 1. (Object: 14)
[2013/3/23 - 15:19:52] AdmWarn: John Apollon has deleted object ID 1.
[2013/3/23 - 15:20:2] AdmWarn: John Apollon has created object ID 1. (Object: 145)
[2013/3/23 - 15:20:5] AdmWarn: Rasmus Jensen has created object ID 2. (Object: 14)
[2013/3/23 - 15:20:24] AdmWarn: Rasmus Jensen has deleted object ID 2.
[2013/3/23 - 15:20:26] AdmWarn: Rasmus Jensen has deleted object ID 1.
[2013/3/23 - 15:28:8] AdmWarn: Rasmus Jensen has created object ID 1. (Object: 971)
[2013/3/23 - 15:28:42] AdmWarn: Rasmus Jensen has deleted object ID 1.
[2013/4/15 - 21:39:34] AdmWarn: John Cormier has created object ID 1. (Object: 134)
[2013/4/15 - 21:39:38] AdmWarn: John Cormier has deleted object ID 1.
[2017/6/22 - 1:30:29] AdmWarn: Giovanni Salvatore has created object ID 1. (Object: 141)
[2017/6/22 - 1:30:47] AdmWarn: Giovanni Salvatore has deleted object ID 1.
[2017/6/22 - 1:30:54] AdmWarn: Giovanni Salvatore has created object ID 1. (Object: 1)
[2017/6/22 - 1:31:25] AdmWarn: Giovanni Salvatore has deleted object ID 1.
[2017/7/11 - 23:56:4] AdmWarn: Oscar Pinto has created object ID 1. (Object: 975)
[2017/7/12 - 0:1:16] AdmWarn: Oscar Pinto has deleted object ID 1.
[2017/7/12 - 19:18:38] AdmWarn: Oscar Pinto has created object ID 1. (Object: 1)
[2017/7/12 - 19:18:45] AdmWarn: Oscar Pinto has deleted object ID 1.
[2017/7/12 - 21:35:4] AdmWarn: Oscar Pinto has created object ID 1. (Object: 2949)
[2017/7/13 - 16:8:40] AdmWarn: Oscar Pinto has created object ID 1. (Object: 2949)
[2017/7/13 - 23:17:33] AdmWarn: Oscar Pinto has created object ID 2. (Object: 2949)
[2017/7/13 - 23:18:50] AdmWarn: Oscar Pinto has deleted object ID 2.
[2017/7/13 - 23:20:59] AdmWarn: Oscar Pinto has created object ID 2. (Object: 1508)
[2017/7/18 - 13:8:56] AdmWarn: Oscar Pinto has created object ID 3. (Object: 3089)
[2017/7/19 - 20:25:35] AdmWarn: Oscar Pinto has created object ID 4. (Object: 1508)
[2017/7/19 - 20:26:1] AdmWarn: Oscar Pinto has deleted object ID 4.
[2017/7/19 - 20:26:26] AdmWarn: Oscar Pinto has created object ID 4. (Object: 1497)
[2017/7/19 - 20:31:31] AdmWarn: Oscar Pinto has created object ID 4. (Object: 1497)
[2017/7/20 - 20:39:53] AdmWarn: Oscar Pinto has created object ID 5. (Object: 1411)
[2017/7/20 - 20:41:39] AdmWarn: Oscar Pinto has created object ID 6. (Object: 1411)
[2017/7/20 - 21:7:6] AdmWarn: Oscar Pinto has created object ID 7. (Object: 14534)
[2017/7/20 - 21:7:17] AdmWarn: Oscar Pinto has deleted object ID 7.
[2017/7/20 - 21:7:29] AdmWarn: Oscar Pinto has created object ID 7. (Object: 14537)
[2017/7/20 - 21:7:41] AdmWarn: Oscar Pinto has deleted object ID 7.
[2017/7/20 - 21:8:25] AdmWarn: Oscar Pinto has created object ID 7. (Object: 6962)
[2017/7/20 - 21:9:10] AdmWarn: Oscar Pinto has deleted object ID 7.
[2017/7/20 - 21:9:55] AdmWarn: Oscar Pinto has created object ID 7. (Object: 19376)
[2017/7/20 - 21:11:34] AdmWarn: Oscar Pinto has deleted object ID 7.
[2017/7/20 - 21:12:16] AdmWarn: Oscar Pinto has created object ID 7. (Object: 10022)
[2017/7/20 - 21:13:54] AdmWarn: Oscar Pinto has deleted object ID 7.
[2017/7/20 - 21:14:37] AdmWarn: Oscar Pinto has created object ID 7. (Object: 7586)
[2017/7/20 - 21:19:36] AdmWarn: Oscar Pinto has created object ID 8. (Object: 11489)
[2017/7/20 - 21:21:32] AdmWarn: Oscar Pinto has created object ID 9. (Object: 11489)
[2017/7/21 - 20:37:32] AdmWarn: Oscar Pinto has created object ID 10. (Object: 598)
[2017/7/21 - 20:38:10] AdmWarn: Oscar Pinto has deleted object ID 10.
[2017/8/1 - 1:39:53] AdmWarn: Oscar Pinto has created object ID 10. (Object: 975)
[2017/8/1 - 1:40:4] AdmWarn: Oscar Pinto has deleted object ID 10.
[2017/8/1 - 1:40:28] AdmWarn: Oscar Pinto has created object ID 10. (Object: 1504)
[2017/8/2 - 19:56:1] AdmWarn: Oscar Pinto has created object ID 11. (Object: 3472)
[2017/8/2 - 19:56:53] AdmWarn: Oscar Pinto has created object ID 12. (Object: 3472)
[2017/8/2 - 19:58:29] AdmWarn: Oscar Pinto has created object ID 13. (Object: 3472)
[2017/8/2 - 19:59:38] AdmWarn: Oscar Pinto has created object ID 14. (Object: 3472)
[2017/8/2 - 20:0:23] AdmWarn: Oscar Pinto has created object ID 15. (Object: 3472)
[2017/8/5 - 6:25:31] AdmWarn: Jhon Mustang has created object ID 16. (Object: 18755)
[2017/8/5 - 6:25:45] AdmWarn: Jhon Mustang has deleted object ID 16.
[2017/8/5 - 6:25:51] AdmWarn: Jhon Mustang has created object ID 16. (Object: 18756)
[2017/8/5 - 6:26:49] AdmWarn: Jhon Mustang has created object ID 17. (Object: 18756)
[2017/8/7 - 1:38:24] AdmWarn: Oscar Pinto has created object ID 18. (Object: 3061)
[2017/8/7 - 1:43:11] AdmWarn: Oscar Pinto has created object ID 19. (Object: 3061)
[2018/4/11 - 16:24:41] Administración: Oscar Pintoha creado el ID de objeto 20. (Objeto: 985)
[2018/4/11 - 16:26:2] Administración: Oscar Pintoha creado el ID de objeto 21. (Objeto: 985)
[2018/4/11 - 16:27:12] Administración: Oscar Pintoha creado el ID de objeto 22. (Objeto: 985)
[2018/4/16 - 3:6:24] Administración: Oscar Pintoha creado el ID de objeto 23. (Objeto: 2949)
[2018/4/22 - 23:13:0] Administración: Brayan Osorioha creado el ID de objeto 24. (Objeto: 971)
[2018/4/22 - 23:14:39] Administración: Brayan Osorioha creado el ID de objeto 25. (Objeto: 971)
[2018/4/22 - 23:15:19] Administración: Brayan Osorioha creado el ID de objeto 26. (Objeto: 971)
[2018/4/22 - 23:16:32] Administración: Brayan Osorioha creado el ID de objeto 27. (Objeto: 971)
[2018/4/22 - 23:17:46] Administración: Brayan Osorioha creado el ID de objeto 28. (Objeto: 971)
[2018/4/22 - 23:18:17] Administración: Brayan Osorioha creado el ID de objeto 29. (Objeto: 971)
[2018/4/22 - 23:23:7] Administración: Brayan Osorioha creado el ID de objeto 30. (Objeto: 971)
[2018/4/22 - 23:24:31] Administración: Brayan Osorioha creado el ID de objeto 31. (Objeto: 971)
[2018/4/22 - 23:25:44] Administración: Brayan Osorioha creado el ID de objeto 32. (Objeto: 971)
[2018/4/22 - 23:26:18] Administración: Brayan Osorioha creado el ID de objeto 33. (Objeto: 971)
[2018/4/22 - 23:28:57] Administración: Brayan Osorioha creado el ID de objeto 34. (Objeto: 971)
[2018/4/22 - 23:31:4] Administración: Brayan Osorioha creado el ID de objeto 35. (Objeto: 971)
[2018/4/22 - 23:31:46] Administración: Brayan Osorioha creado el ID de objeto 36. (Objeto: 971)
[2018/4/22 - 23:34:23] Administración: Brayan Osorioha creado el ID de objeto 37. (Objeto: 971)
[2018/4/22 - 23:36:45] Administración: Brayan Osorioha creado el ID de objeto 38. (Objeto: 971)
[2018/4/22 - 23:37:57] Administración: Brayan Osorioha creado el ID de objeto 39. (Objeto: 971)
[2018/4/22 - 23:39:9] Administración: Brayan Osorioha creado el ID de objeto 40. (Objeto: 971)
[2018/4/22 - 23:40:49] Administración: Brayan Osorioha creado el ID de objeto 41. (Objeto: 971)
[2018/4/22 - 23:40:49] Administración: Brayan Osorioha creado el ID de objeto 42. (Objeto: 971)
[2018/4/22 - 23:41:9] Administración: Brayan Osorio Has borrado la ID del objeto 42.
[2018/4/22 - 23:42:38] Administración: Brayan Osorioha creado el ID de objeto 42. (Objeto: 971)
[2018/4/22 - 23:44:24] Administración: Brayan Osorioha creado el ID de objeto 43. (Objeto: 971)
[2018/4/22 - 23:45:48] Administración: Brayan Osorioha creado el ID de objeto 44. (Objeto: 971)
[2018/4/22 - 23:47:7] Administración: Brayan Osorioha creado el ID de objeto 45. (Objeto: 971)
[2018/4/22 - 23:48:55] Administración: Brayan Osorioha creado el ID de objeto 46. (Objeto: 971)
[2018/4/22 - 23:51:2] Administración: Brayan Osorioha creado el ID de objeto 47. (Objeto: 971)
[2018/4/22 - 23:52:24] Administración: Brayan Osorioha creado el ID de objeto 48. (Objeto: 971)
[2018/4/22 - 23:57:38] Administración: Brayan Osorioha creado el ID de objeto 49. (Objeto: 971)
[2018/4/23 - 0:0:48] Administración: Brayan Osorioha creado el ID de objeto 50. (Objeto: 971)
[2018/4/23 - 0:21:34] Administración: Brayan Osorioha creado el ID de objeto 51. (Objeto: 971)
[2018/4/23 - 0:23:18] Administración: Brayan Osorioha creado el ID de objeto 52. (Objeto: 971)
[2018/4/23 - 0:24:54] Administración: Brayan Osorioha creado el ID de objeto 53. (Objeto: 971)
[2018/4/23 - 0:30:13] Administración: Brayan Osorioha creado el ID de objeto 54. (Objeto: 987)
[2018/4/23 - 0:30:29] Administración: Brayan Osorio Has borrado la ID del objeto 54.
[2018/4/23 - 0:30:38] Administración: Brayan Osorioha creado el ID de objeto 54. (Objeto: 981)
[2018/4/23 - 0:30:44] Administración: Brayan Osorio Has borrado la ID del objeto 54.
[2018/4/23 - 0:31:12] Administración: Brayan Osorioha creado el ID de objeto 54. (Objeto: 971)
[2018/4/23 - 0:33:47] Administración: Brayan Osorioha creado el ID de objeto 55. (Objeto: 971)
[2018/4/23 - 0:34:29] Administración: Charlotte Spopovichha creado el ID de objeto 56. (Objeto: 971)
[2018/4/23 - 0:43:43] Administración: Charlotte Spopovichha creado el ID de objeto 57. (Objeto: 3749)
[2018/4/23 - 1:19:21] Administración: Brayan Osorioha creado el ID de objeto 58. (Objeto: 971)
[2018/4/23 - 1:20:32] Administración: Charlotte Spopovichha creado el ID de objeto 59. (Objeto: 976)
[2018/4/23 - 1:20:42] Administración: Brayan Osorioha creado el ID de objeto 60. (Objeto: 971)
[2018/4/23 - 1:20:44] Administración: Charlotte Spopovich Has borrado la ID del objeto 59.
[2018/4/23 - 1:23:4] Administración: Brayan Osorioha creado el ID de objeto 59. (Objeto: 971)
[2018/4/23 - 1:23:24] Administración: Charlotte Spopovichha creado el ID de objeto 61. (Objeto: 971)
[2018/4/23 - 1:25:5] Administración: Charlotte Spopovichha creado el ID de objeto 62. (Objeto: 971)
[2018/4/23 - 1:26:1] Administración: Brayan Osorioha creado el ID de objeto 63. (Objeto: 971)
[2018/4/23 - 1:26:4] Administración: Charlotte Spopovichha creado el ID de objeto 64. (Objeto: 971)
[2018/4/23 - 1:26:52] Administración: Charlotte Spopovichha creado el ID de objeto 65. (Objeto: 971)
[2018/4/23 - 1:26:56] Administración: Brayan Osorioha creado el ID de objeto 66. (Objeto: 971)
[2018/4/23 - 1:27:59] Administración: Brayan Osorioha creado el ID de objeto 67. (Objeto: 971)
[2018/4/23 - 1:28:43] Administración: Charlotte Spopovichha creado el ID de objeto 68. (Objeto: 971)
[2018/4/23 - 1:32:29] Administración: Charlotte Spopovichha creado el ID de objeto 69. (Objeto: 987)
[2018/4/23 - 1:34:10] Administración: Charlotte Spopovichha creado el ID de objeto 70. (Objeto: 987)
[2018/4/23 - 1:36:9] Administración: Charlotte Spopovichha creado el ID de objeto 71. (Objeto: 987)
[2018/4/23 - 1:36:13] Administración: Brayan Osorioha creado el ID de objeto 72. (Objeto: 987)
[2018/4/23 - 1:36:57] Administración: Charlotte Spopovichha creado el ID de objeto 73. (Objeto: 987)
[2018/4/23 - 1:37:47] Administración: Charlotte Spopovichha creado el ID de objeto 74. (Objeto: 987)
[2018/4/23 - 1:37:51] Administración: Brayan Osorioha creado el ID de objeto 75. (Objeto: 987)
[2018/4/23 - 1:38:45] Administración: Charlotte Spopovichha creado el ID de objeto 76. (Objeto: 987)
[2018/4/23 - 1:39:44] Administración: Brayan Osorioha creado el ID de objeto 77. (Objeto: 987)
[2018/4/23 - 1:39:57] Administración: Charlotte Spopovichha creado el ID de objeto 78. (Objeto: 987)
[2018/4/23 - 1:40:59] Administración: Charlotte Spopovichha creado el ID de objeto 79. (Objeto: 987)
[2018/4/23 - 1:42:26] Administración: Brayan Osorioha creado el ID de objeto 80. (Objeto: 987)
[2018/4/23 - 1:43:25] Administración: Charlotte Spopovichha creado el ID de objeto 81. (Objeto: 987)
[2018/4/23 - 1:44:26] Administración: Brayan Osorioha creado el ID de objeto 82. (Objeto: 987)
[2018/4/23 - 1:44:32] Administración: Charlotte Spopovichha creado el ID de objeto 83. (Objeto: 987)
[2018/4/23 - 1:46:29] Administración: Charlotte Spopovichha creado el ID de objeto 84. (Objeto: 987)
[2018/4/23 - 1:47:39] Administración: Charlotte Spopovichha creado el ID de objeto 85. (Objeto: 987)
[2018/4/23 - 1:48:17] Administración: Charlotte Spopovichha creado el ID de objeto 86. (Objeto: 987)
[2018/4/23 - 1:48:36] Administración: Brayan Osorioha creado el ID de objeto 87. (Objeto: 897)
[2018/4/23 - 1:50:0] Administración: Charlotte Spopovich Has borrado la ID del objeto 87.
[2018/4/23 - 1:50:10] Administración: Charlotte Spopovichha creado el ID de objeto 87. (Objeto: 987)
[2018/4/23 - 1:54:10] Administración: Charlotte Spopovichha creado el ID de objeto 88. (Objeto: 3749)
[2018/4/23 - 1:55:24] Administración: Charlotte Spopovichha creado el ID de objeto 89. (Objeto: 897)
[2018/4/23 - 1:55:33] Administración: Charlotte Spopovich Has borrado la ID del objeto 89.
[2018/4/23 - 1:55:42] Administración: Charlotte Spopovichha creado el ID de objeto 89. (Objeto: 987)
[2018/4/23 - 2:2:33] Administración: Charlotte Spopovichha creado el ID de objeto 90. (Objeto: 6976)
[2018/4/23 - 2:31:21] Administración: Charlotte Spopovichha creado el ID de objeto 91. (Objeto: 2755)
[2018/4/23 - 2:34:27] Administración: Charlotte Spopovichha creado el ID de objeto 92. (Objeto: 5821)
[2018/4/23 - 2:34:36] Administración: Charlotte Spopovich Has borrado la ID del objeto 92.
[2018/4/23 - 2:35:55] Administración: Charlotte Spopovichha creado el ID de objeto 92. (Objeto: 5821)
[2018/4/23 - 2:37:0] Administración: Charlotte Spopovich Has borrado la ID del objeto 90.
[2018/4/23 - 2:39:21] Administración: Charlotte Spopovichha creado el ID de objeto 90. (Objeto: 737)
[2018/4/23 - 2:45:10] Administración: Charlotte Spopovichha creado el ID de objeto 93. (Objeto: 1837)
[2018/4/23 - 2:45:22] Administración: Charlotte Spopovich Has borrado la ID del objeto 93.
[2018/4/23 - 2:52:23] Administración: Charlotte Spopovichha creado el ID de objeto 93. (Objeto: 11725)
[2018/4/23 - 2:55:10] Administración: Charlotte Spopovichha creado el ID de objeto 94. (Objeto: 19911)
[2018/4/23 - 2:57:29] Administración: Charlotte Spopovichha creado el ID de objeto 95. (Objeto: 19980)
[2018/4/23 - 2:57:41] Administración: Charlotte Spopovich Has borrado la ID del objeto 95.
[2018/4/23 - 2:59:45] Administración: Charlotte Spopovichha creado el ID de objeto 95. (Objeto: 19384)
[2018/4/23 - 3:0:13] Administración: Charlotte Spopovich Has borrado la ID del objeto 95.
[2018/4/23 - 13:40:20] Administración: Charlotte Spopovichha creado el ID de objeto 95. (Objeto: 4726)
[2018/4/23 - 13:40:29] Administración: Charlotte Spopovich Has borrado la ID del objeto 95.
[2018/4/23 - 13:40:37] Administración: Charlotte Spopovichha creado el ID de objeto 95. (Objeto: 4726)
[2018/4/23 - 13:40:50] Administración: Charlotte Spopovich Has borrado la ID del objeto 95.
[2018/4/23 - 13:41:22] Administración: Charlotte Spopovichha creado el ID de objeto 95. (Objeto: 2472)
[2018/4/23 - 13:43:50] Administración: Charlotte Spopovichha creado el ID de objeto 96. (Objeto: 19142)
[2018/4/23 - 13:46:28] Administración: Charlotte Spopovichha creado el ID de objeto 97. (Objeto: 18703)
[2018/4/23 - 13:49:19] Administración: Charlotte Spopovichha creado el ID de objeto 98. (Objeto: 18668)
[2018/4/23 - 13:49:41] Administración: Charlotte Spopovich Has borrado la ID del objeto 98.
[2018/4/23 - 13:49:52] Administración: Charlotte Spopovichha creado el ID de objeto 98. (Objeto: 18669)
[2018/4/23 - 13:50:15] Administración: Charlotte Spopovich Has borrado la ID del objeto 98.
[2018/4/23 - 13:51:6] Administración: Charlotte Spopovichha creado el ID de objeto 98. (Objeto: 18728)
[2018/4/23 - 13:52:15] Administración: Charlotte Spopovich Has borrado la ID del objeto 98.
[2018/4/23 - 13:54:5] Administración: Charlotte Spopovichha creado el ID de objeto 98. (Objeto: 2749)
[2018/4/23 - 13:54:14] Administración: Charlotte Spopovich Has borrado la ID del objeto 98.
[2018/4/23 - 13:54:22] Administración: Charlotte Spopovichha creado el ID de objeto 98. (Objeto: 2745)
[2018/4/23 - 13:56:55] Administración: Charlotte Spopovichha creado el ID de objeto 99. (Objeto: 1872)
[2018/4/23 - 13:57:4] Administración: Charlotte Spopovich Has borrado la ID del objeto 99.
[2018/4/23 - 13:57:10] Administración: Charlotte Spopovichha creado el ID de objeto 99. (Objeto: 18728)
[2018/4/23 - 14:0:41] Administración: Brayan Osorioha creado el ID de objeto 100. (Objeto: 1775)
[2018/4/23 - 14:1:9] Administración: Charlotte Spopovichha creado el ID de objeto 101. (Objeto: 3096)
[2018/4/23 - 14:3:55] Administración: Charlotte Spopovich Has borrado la ID del objeto 99.
[2018/4/23 - 14:5:17] Administración: Charlotte Spopovichha creado el ID de objeto 99. (Objeto: 18850)
[2018/4/23 - 14:5:33] Administración: Charlotte Spopovich Has borrado la ID del objeto 99.
[2018/4/23 - 14:5:41] Administración: Brayan Osorioha creado el ID de objeto 99. (Objeto: 1415)
[2018/4/23 - 14:6:28] Administración: Charlotte Spopovichha creado el ID de objeto 102. (Objeto: 1907)
[2018/4/23 - 14:6:34] Administración: Charlotte Spopovich Has borrado la ID del objeto 102.
[2018/4/23 - 14:6:38] Administración: Charlotte Spopovichha creado el ID de objeto 102. (Objeto: 19076)
[2018/4/23 - 14:6:46] Administración: Charlotte Spopovich Has borrado la ID del objeto 102.
[2018/4/23 - 14:6:54] Administración: Charlotte Spopovichha creado el ID de objeto 102. (Objeto: 19076)
[2018/4/23 - 14:9:16] Administración: Charlotte Spopovichha creado el ID de objeto 103. (Objeto: 19827)
[2018/4/23 - 14:9:23] Administración: Charlotte Spopovich Has borrado la ID del objeto 103.
[2018/4/23 - 14:9:44] Administración: Charlotte Spopovichha creado el ID de objeto 103. (Objeto: 19817)
[2018/4/23 - 14:10:25] Administración: Charlotte Spopovichha creado el ID de objeto 104. (Objeto: 19817)
[2018/4/23 - 14:16:25] Administración: Charlotte Spopovichha creado el ID de objeto 105. (Objeto: 987)
[2018/4/23 - 14:18:59] Administración: Charlotte Spopovich Has borrado la ID del objeto 105.
[2018/4/23 - 14:19:19] Administración: Charlotte Spopovichha creado el ID de objeto 105. (Objeto: 987)
[2018/4/23 - 14:19:31] Administración: Charlotte Spopovich Has borrado la ID del objeto 105.
[2018/4/23 - 14:19:46] Administración: Charlotte Spopovichha creado el ID de objeto 105. (Objeto: 987)
[2018/4/23 - 14:19:59] Administración: Brayan Osorioha creado el ID de objeto 106. (Objeto: 987)
[2018/4/23 - 14:20:26] Administración: Charlotte Spopovichha creado el ID de objeto 107. (Objeto: 987)
[2018/4/23 - 14:23:0] Administración: Charlotte Spopovichha creado el ID de objeto 108. (Objeto: 987)
[2018/4/23 - 14:24:15] Administración: Charlotte Spopovichha creado el ID de objeto 109. (Objeto: 987)
[2018/4/23 - 14:24:42] Administración: Charlotte Spopovichha creado el ID de objeto 110. (Objeto: 987)
[2018/4/23 - 14:25:18] Administración: Charlotte Spopovichha creado el ID de objeto 111. (Objeto: 987)
[2018/4/23 - 14:26:13] Administración: Charlotte Spopovichha creado el ID de objeto 112. (Objeto: 987)
[2018/4/23 - 14:26:44] Administración: Brayan Osorioha creado el ID de objeto 113. (Objeto: 987)
[2018/4/23 - 14:28:6] Administración: Charlotte Spopovichha creado el ID de objeto 114. (Objeto: 3749)
[2018/4/23 - 14:30:14] Administración: Brayan Osorioha creado el ID de objeto 115. (Objeto: 987)
[2018/4/23 - 14:30:50] Administración: Charlotte Spopovichha creado el ID de objeto 116. (Objeto: 13645)
[2018/4/23 - 14:31:12] Administración: Charlotte Spopovich Has borrado la ID del objeto 116.
[2018/4/23 - 14:31:28] Administración: Charlotte Spopovichha creado el ID de objeto 116. (Objeto: 1633)
[2018/4/23 - 14:34:18] Administración: Charlotte Spopovichha creado el ID de objeto 117. (Objeto: 2651)
[2018/4/23 - 14:34:26] Administración: Charlotte Spopovich Has borrado la ID del objeto 117.
[2018/4/23 - 14:34:33] Administración: Charlotte Spopovichha creado el ID de objeto 117. (Objeto: 1633)
[2018/4/23 - 14:34:53] Administración: Brayan Osorioha creado el ID de objeto 118. (Objeto: 987)
[2018/4/23 - 14:39:50] Administración: Charlotte Spopovichha creado el ID de objeto 119. (Objeto: 1633)
[2018/4/23 - 14:41:46] Administración: Charlotte Spopovich Has borrado la ID del objeto 119.
[2018/4/23 - 14:47:11] Administración: Brayan Osorioha creado el ID de objeto 119. (Objeto: 1775)
[2018/4/23 - 14:47:14] Administración: Charlotte Spopovichha creado el ID de objeto 120. (Objeto: 19529)
[2018/4/23 - 14:48:8] Administración: Brayan Osorio Has borrado la ID del objeto 120.
[2018/4/23 - 14:48:51] Administración: Charlotte Spopovichha creado el ID de objeto 120. (Objeto: 19547)
[2018/4/23 - 14:49:0] Administración: Charlotte Spopovich Has borrado la ID del objeto 120.
[2018/4/23 - 14:49:23] Administración: Charlotte Spopovichha creado el ID de objeto 120. (Objeto: 19583)
[2018/4/23 - 14:50:8] Administración: Charlotte Spopovich Has borrado la ID del objeto 120.
[2018/4/23 - 14:50:11] Administración: Charlotte Spopovichha creado el ID de objeto 120. (Objeto: 19853)
[2018/4/23 - 14:51:7] Administración: Charlotte Spopovich Has borrado la ID del objeto 120.
[2018/4/23 - 14:51:37] Administración: Brayan Osorioha creado el ID de objeto 120. (Objeto: 987)
[2018/4/23 - 14:51:46] Administración: Charlotte Spopovichha creado el ID de objeto 121. (Objeto: 19849)
[2018/4/23 - 14:53:16] Administración: Charlotte Spopovich Has borrado la ID del objeto 121.
[2018/4/23 - 14:53:31] Administración: Charlotte Spopovichha creado el ID de objeto 121. (Objeto: 19849)
[2018/4/23 - 14:57:43] Administración: Charlotte Spopovich Has borrado la ID del objeto 16.
[2018/4/23 - 14:58:19] Administración: Charlotte Spopovich Has borrado la ID del objeto 116.
[2018/4/23 - 14:58:45] Administración: Charlotte Spopovich Has borrado la ID del objeto 117.
[2018/4/23 - 15:2:6] Administración: Charlotte Spopovichha creado el ID de objeto 16. (Objeto: 19358)
[2018/4/23 - 15:2:28] Administración: Charlotte Spopovich Has borrado la ID del objeto 16.
[2018/4/23 - 15:4:13] Administración: Charlotte Spopovichha creado el ID de objeto 16. (Objeto: 987)
[2018/4/23 - 15:6:9] Administración: Charlotte Spopovichha creado el ID de objeto 116. (Objeto: 19641)
[2018/4/23 - 15:22:16] Administración: Charlotte Spopovichha creado el ID de objeto 117. (Objeto: 987)
[2018/4/23 - 15:22:58] Administración: Charlotte Spopovichha creado el ID de objeto 122. (Objeto: 987)
[2018/4/23 - 15:23:36] Administración: Charlotte Spopovichha creado el ID de objeto 123. (Objeto: 987)
[2018/4/23 - 15:24:46] Administración: Charlotte Spopovichha creado el ID de objeto 124. (Objeto: 987)
[2018/4/23 - 15:26:12] Administración: Charlotte Spopovichha creado el ID de objeto 125. (Objeto: 3749)
[2018/4/23 - 15:27:34] Administración: Charlotte Spopovich Has borrado la ID del objeto 125.
[2018/4/23 - 15:28:32] Administración: Charlotte Spopovichha creado el ID de objeto 125. (Objeto: 19153)
[2018/4/23 - 15:29:40] Administración: Brayan Osorio Has borrado la ID del objeto 124.
[2018/4/23 - 15:30:7] Administración: Brayan Osorioha creado el ID de objeto 124. (Objeto: 914)
[2018/4/23 - 15:30:25] Administración: Brayan Osorio Has borrado la ID del objeto 124.
[2018/4/23 - 15:32:51] Administración: Charlotte Spopovichha creado el ID de objeto 124. (Objeto: 3742)
[2018/4/23 - 15:33:12] Administración: Charlotte Spopovich Has borrado la ID del objeto 124.
[2018/4/23 - 15:33:23] Administración: Charlotte Spopovichha creado el ID de objeto 124. (Objeto: 3472)
[2018/4/23 - 15:34:25] Administración: Charlotte Spopovichha creado el ID de objeto 126. (Objeto: 1257)
[2018/4/23 - 15:35:7] Administración: Charlotte Spopovichha creado el ID de objeto 127. (Objeto: 1366)
[2018/4/23 - 15:36:26] Administración: Charlotte Spopovichha creado el ID de objeto 128. (Objeto: 4003)
[2018/4/23 - 15:39:52] Administración: Charlotte Spopovichha creado el ID de objeto 129. (Objeto: 19641)
[2018/4/23 - 15:40:39] Administración: Charlotte Spopovichha creado el ID de objeto 130. (Objeto: 19641)
[2018/4/23 - 15:42:28] Administración: Charlotte Spopovichha creado el ID de objeto 131. (Objeto: 970)
[2018/4/23 - 16:3:26] Administración: Charlotte Spopovichha creado el ID de objeto 132. (Objeto: 970)
[2018/4/23 - 16:3:34] Administración: Charlotte Spopovich Has borrado la ID del objeto 132.
[2018/4/23 - 16:3:38] Administración: Charlotte Spopovichha creado el ID de objeto 132. (Objeto: 980)
[2018/4/23 - 17:41:3] Administración: Charlotte Spopovichha creado el ID de objeto 133. (Objeto: 18752)
[2018/4/23 - 17:41:24] Administración: Charlotte Spopovich Has borrado la ID del objeto 133.
[2018/4/23 - 17:42:2] Administración: Charlotte Spopovichha creado el ID de objeto 133. (Objeto: 19550)
[2018/4/23 - 23:7:36] Administración: Charlotte Spopovich Has borrado la ID del objeto 133.
[2018/4/24 - 0:26:5] Administración: Charlotte Spopovichha creado el ID de objeto 133. (Objeto: 1504)
[2018/4/24 - 0:38:7] Administración: Charlotte Spopovichha creado el ID de objeto 134. (Objeto: 19358)
[2018/4/24 - 0:39:4] Administración: Charlotte Spopovichha creado el ID de objeto 135. (Objeto: 19358)
[2018/4/24 - 0:42:20] Administración: Charlotte Spopovich Has borrado la ID del objeto 135.
[2018/4/24 - 0:42:24] Administración: Charlotte Spopovich Has borrado la ID del objeto 134.
[2018/4/24 - 0:42:45] Administración: Charlotte Spopovichha creado el ID de objeto 134. (Objeto: 19388)
[2018/4/28 - 2:51:50] Administración: Charlotte Spopovichha creado el ID de objeto 135. (Objeto: 970)
[2018/4/28 - 2:52:51] Administración: Charlotte Spopovichha creado el ID de objeto 136. (Objeto: 970)
[2018/4/28 - 2:52:55] Administración: Charlotte Spopovichha creado el ID de objeto 137. (Objeto: 970)
[2018/4/28 - 2:53:4] Administración: Charlotte Spopovich Has borrado la ID del objeto 137.
[2018/4/28 - 2:53:14] Administración: Charlotte Spopovich Has borrado la ID del objeto 136.
[2018/4/28 - 2:53:16] Administración: Charlotte Spopovich Has borrado la ID del objeto 135.
[2018/4/28 - 13:35:27] Administración: Charlotte Spopovichha creado el ID de objeto 135. (Objeto: 2651)
[2018/4/28 - 13:36:57] Administración: Brayan Osorioha creado el ID de objeto 136. (Objeto: 1)
[2018/4/28 - 13:37:18] Administración: Brayan Osorio Has borrado la ID del objeto 136.
[2018/4/28 - 13:38:15] Administración: Charlotte Spopovichha creado el ID de objeto 136. (Objeto: 355)
[2018/4/28 - 13:40:47] Administración: Brayan Osorioha creado el ID de objeto 137. (Objeto: 2044)
[2018/4/28 - 13:42:8] Administración: Charlotte Spopovichha creado el ID de objeto 138. (Objeto: 48)
[2018/4/28 - 13:42:16] Administración: Charlotte Spopovich Has borrado la ID del objeto 138.
[2018/4/28 - 13:42:19] Administración: Charlotte Spopovichha creado el ID de objeto 138. (Objeto: 348)
[2018/4/28 - 13:43:35] Administración: Charlotte Spopovichha creado el ID de objeto 139. (Objeto: 351)
[2018/4/28 - 13:45:24] Administración: Charlotte Spopovichha creado el ID de objeto 140. (Objeto: 347)
[2018/4/28 - 13:47:42] Administración: Charlotte Spopovichha creado el ID de objeto 141. (Objeto: 2651)
[2018/4/28 - 13:48:32] Administración: Charlotte Spopovichha creado el ID de objeto 142. (Objeto: 2651)
[2018/4/28 - 13:49:4] Administración: Brayan Osorioha creado el ID de objeto 143. (Objeto: 1744)
[2018/4/28 - 13:49:11] Administración: Charlotte Spopovichha creado el ID de objeto 144. (Objeto: 339)
[2018/4/28 - 13:50:2] Administración: Charlotte Spopovichha creado el ID de objeto 145. (Objeto: 336)
[2018/4/28 - 13:50:46] Administración: Charlotte Spopovichha creado el ID de objeto 146. (Objeto: 358)
[2018/4/28 - 13:53:7] Administración: Charlotte Spopovichha creado el ID de objeto 147. (Objeto: 356)
[2018/4/28 - 13:53:29] Administración: Brayan Osorioha creado el ID de objeto 148. (Objeto: 1744)
[2018/4/28 - 13:54:7] Administración: Charlotte Spopovichha creado el ID de objeto 149. (Objeto: 341)
[2018/4/28 - 13:54:43] Administración: Charlotte Spopovichha creado el ID de objeto 150. (Objeto: 337)
[2018/4/28 - 13:57:43] Administración: Charlotte Spopovichha creado el ID de objeto 151. (Objeto: 361)
[2018/4/28 - 13:58:46] Administración: Charlotte Spopovichha creado el ID de objeto 152. (Objeto: 349)
[2018/4/28 - 13:59:3] Administración: Brayan Osorioha creado el ID de objeto 153. (Objeto: 1744)
[2018/4/28 - 13:59:55] Administración: Charlotte Spopovichha creado el ID de objeto 154. (Objeto: 221)
[2018/4/28 - 14:0:12] Administración: Charlotte Spopovich Has borrado la ID del objeto 154.
[2018/4/28 - 14:0:58] Administración: Charlotte Spopovichha creado el ID de objeto 154. (Objeto: 366)
[2018/4/28 - 14:2:34] Administración: Charlotte Spopovichha creado el ID de objeto 155. (Objeto: 3249)
[2018/4/28 - 14:5:53] Administración: Charlotte Spopovichha creado el ID de objeto 156. (Objeto: 16146)
[2018/4/28 - 14:6:41] Administración: Brayan Osorioha creado el ID de objeto 157. (Objeto: 3594)
[2018/4/28 - 14:10:32] Administración: Brayan Osorioha creado el ID de objeto 158. (Objeto: 363)
[2018/4/28 - 14:11:18] Administración: Brayan Osorioha creado el ID de objeto 159. (Objeto: 342)
[2018/4/28 - 14:11:53] Administración: Brayan Osorioha creado el ID de objeto 160. (Objeto: 346)
[2018/4/28 - 14:12:5] Administración: Brayan Osorioha creado el ID de objeto 161. (Objeto: 343)
[2018/4/28 - 14:12:19] Administración: Charlotte Spopovichha creado el ID de objeto 162. (Objeto: 363)
[2018/4/28 - 14:12:56] Administración: Charlotte Spopovichha creado el ID de objeto 163. (Objeto: 363)
[2018/4/28 - 14:13:46] Administración: Charlotte Spopovichha creado el ID de objeto 164. (Objeto: 364)
[2018/4/28 - 14:14:55] Administración: Charlotte Spopovichha creado el ID de objeto 165. (Objeto: 344)
[2018/4/28 - 14:16:22] Administración: Charlotte Spopovichha creado el ID de objeto 166. (Objeto: 346)
[2018/4/28 - 14:18:43] Administración: Charlotte Spopovichha creado el ID de objeto 167. (Objeto: 345)
[2018/4/28 - 14:19:29] Administración: Charlotte Spopovich Has borrado la ID del objeto 167.
[2018/4/28 - 14:19:56] Administración: Charlotte Spopovichha creado el ID de objeto 167. (Objeto: 371)
[2018/4/28 - 14:21:28] Administración: Charlotte Spopovichha creado el ID de objeto 168. (Objeto: 18682)
[2018/4/28 - 14:21:38] Administración: Charlotte Spopovich Has borrado la ID del objeto 168.
[2018/4/28 - 14:22:11] Administración: Charlotte Spopovichha creado el ID de objeto 168. (Objeto: 18709)
[2018/4/28 - 14:22:26] Administración: Charlotte Spopovich Has borrado la ID del objeto 168.
[2018/4/28 - 14:22:44] Administración: Charlotte Spopovichha creado el ID de objeto 168. (Objeto: 18728)
[2018/4/28 - 14:23:14] Administración: Charlotte Spopovichha creado el ID de objeto 169. (Objeto: 345)
[2018/4/28 - 14:23:35] Administración: Charlotte Spopovich Has borrado la ID del objeto 168.
[2018/4/28 - 14:23:55] Administración: Charlotte Spopovich Has borrado la ID del objeto 169.
[2018/4/28 - 14:24:48] Administración: Charlotte Spopovichha creado el ID de objeto 168. (Objeto: 3286)
[2018/4/28 - 14:25:32] Administración: Charlotte Spopovichha creado el ID de objeto 169. (Objeto: 1491)
[2018/4/28 - 14:27:41] Administración: Charlotte Spopovich Has borrado la ID del objeto 169.
[2018/4/28 - 14:27:52] Administración: Charlotte Spopovichha creado el ID de objeto 169. (Objeto: 1499)
[2018/4/28 - 14:29:21] Administración: Charlotte Spopovich Has borrado la ID del objeto 169.
[2018/4/28 - 14:29:36] Administración: Charlotte Spopovichha creado el ID de objeto 169. (Objeto: 1508)
[2018/4/28 - 14:30:3] Administración: Charlotte Spopovich Has borrado la ID del objeto 169.
[2018/4/28 - 14:30:26] Administración: Charlotte Spopovichha creado el ID de objeto 169. (Objeto: 1409)
[2018/4/28 - 14:31:26] Administración: Charlotte Spopovichha creado el ID de objeto 170. (Objeto: 1495)
[2018/4/28 - 14:31:45] Administración: Brayan Osorioha creado el ID de objeto 171. (Objeto: 17951)
[2018/4/28 - 14:32:9] Administración: Brayan Osorio Has borrado la ID del objeto 171.
[2018/4/28 - 14:34:9] Administración: Charlotte Spopovichha creado el ID de objeto 171. (Objeto: 2957)
[2018/4/28 - 14:35:34] Administración: Charlotte Spopovichha creado el ID de objeto 172. (Objeto: 1584)
[2018/4/28 - 14:36:42] Administración: Charlotte Spopovichha creado el ID de objeto 173. (Objeto: 1886)
[2018/4/28 - 14:38:47] Administración: Charlotte Spopovich Has borrado la ID del objeto 172.
[2018/4/28 - 14:39:58] Administración: Charlotte Spopovichha creado el ID de objeto 172. (Objeto: 2063)
[2018/4/28 - 14:40:58] Administración: Charlotte Spopovich Has borrado la ID del objeto 172.
[2018/4/28 - 14:41:57] Administración: Brayan Osorioha creado el ID de objeto 172. (Objeto: 2418)
[2018/4/28 - 14:42:28] Administración: Brayan Osorio Has borrado la ID del objeto 172.
[2018/4/28 - 14:43:3] Administración: Brayan Osorioha creado el ID de objeto 172. (Objeto: 2419)
[2018/4/28 - 14:51:5] Administración: Charlotte Spopovichha creado el ID de objeto 174. (Objeto: 1657)
[2018/4/28 - 14:52:32] Administración: Charlotte Spopovich Has borrado la ID del objeto 174.
[2018/4/28 - 14:53:44] Administración: Charlotte Spopovichha creado el ID de objeto 174. (Objeto: 6865)
[2018/4/28 - 14:56:5] Administración: Charlotte Spopovichha creado el ID de objeto 175. (Objeto: 7388)
[2018/4/28 - 14:56:24] Administración: Charlotte Spopovich Has borrado la ID del objeto 175.
[2018/4/28 - 14:58:50] Administración: Charlotte Spopovichha creado el ID de objeto 175. (Objeto: 18833)
[2018/4/28 - 14:59:0] Administración: Charlotte Spopovich Has borrado la ID del objeto 175.
[2018/4/28 - 14:59:11] Administración: Charlotte Spopovichha creado el ID de objeto 175. (Objeto: 19833)
[2018/4/28 - 14:59:41] Administración: Charlotte Spopovichha creado el ID de objeto 176. (Objeto: 19836)
[2018/4/28 - 15:0:18] Administración: Charlotte Spopovichha creado el ID de objeto 177. (Objeto: 19836)
[2018/4/28 - 15:1:37] Administración: Brayan Osorioha creado el ID de objeto 178. (Objeto: 971)
[2018/4/28 - 15:2:2] Administración: Brayan Osorio Has borrado la ID del objeto 178.
[2018/4/28 - 15:3:19] Administración: Charlotte Spopovichha creado el ID de objeto 178. (Objeto: 658)
[2018/4/28 - 15:4:24] Administración: Charlotte Spopovichha creado el ID de objeto 179. (Objeto: 16690)
[2018/4/28 - 15:7:15] Administración: Charlotte Spopovichha creado el ID de objeto 180. (Objeto: 1491)
[2018/4/28 - 15:10:24] Administración: Charlotte Spopovich Has borrado la ID del objeto 170.
[2018/4/28 - 15:10:41] Administración: Charlotte Spopovichha creado el ID de objeto 170. (Objeto: 1491)
[2018/4/28 - 15:11:11] Administración: Charlotte Spopovich Has borrado la ID del objeto 170.
[2018/4/28 - 15:11:34] Administración: Charlotte Spopovichha creado el ID de objeto 170. (Objeto: 1495)
[2018/4/28 - 15:13:48] Administración: Charlotte Spopovichha creado el ID de objeto 181. (Objeto: 1584)
[2018/4/28 - 15:14:43] Administración: Charlotte Spopovichha creado el ID de objeto 182. (Objeto: 1959)
[2018/4/28 - 15:15:37] Administración: Charlotte Spopovichha creado el ID de objeto 183. (Objeto: 1583)
[2018/4/28 - 15:16:49] Administración: Charlotte Spopovichha creado el ID de objeto 184. (Objeto: 348)
[2018/4/28 - 15:17:52] Administración: Charlotte Spopovichha creado el ID de objeto 185. (Objeto: 348)
[2018/4/28 - 15:20:2] Administración: Charlotte Spopovichha creado el ID de objeto 186. (Objeto: 355)
[2018/4/28 - 15:20:49] Administración: Charlotte Spopovichha creado el ID de objeto 187. (Objeto: 355)
[2018/4/29 - 18:37:33] Administración: Charlotte Spopovichha creado el ID de objeto 188. (Objeto: 19550)
[2018/4/29 - 18:37:57] Administración: Charlotte Spopovichha creado el ID de objeto 189. (Objeto: 19549)
[2018/4/29 - 18:42:39] Administración: Charlotte Spopovichha creado el ID de objeto 190. (Objeto: 18779)
[2018/4/29 - 18:49:33] Administración: Charlotte Spopovichha creado el ID de objeto 191. (Objeto: 1)
[2018/4/29 - 18:49:37] Administración: Charlotte Spopovich Has borrado la ID del objeto 191.
[2018/4/29 - 18:49:38] Administración: Charlotte Spopovich Has borrado la ID del objeto 190.
[2018/4/29 - 18:49:42] Administración: Charlotte Spopovich Has borrado la ID del objeto 189.
[2018/4/29 - 18:49:45] Administración: Charlotte Spopovich Has borrado la ID del objeto 188.
