[2012/10/12 - 23:29:23] AdmCmd: NouieMan has given Ramon Gonzalez a cookie, reason: Very Helpful
[2012/10/12 - 23:29:24] AdmCmd: NouieMan has given Ramon Gonzalez a cookie, reason: Very Helpful
[2012/10/12 - 23:29:25] AdmCmd: NouieMan has given Ramon Gonzalez a cookie, reason: Very Helpful
[2012/10/12 - 23:29:25] AdmCmd: NouieMan has given Ramon Gonzalez a cookie, reason: Very Helpful
[2012/10/12 - 23:29:26] AdmCmd: NouieMan has given Ramon Gonzalez a cookie, reason: Very Helpful
[2012/10/12 - 23:34:25] AdmCmd: NouieMan has given Ramon Gonzalez a cookie, reason: Helpful on the forums, 
[2012/10/14 - 0:36:1] AdmCmd: gmodder110 has given NouieMan a cookie, reason: Being an awesome mapper
[2012/10/14 - 0:36:4] AdmCmd: gmodder110 has given NouieMan a cookie, reason: Being an awesome mapper
[2012/10/14 - 0:36:5] AdmCmd: gmodder110 has given NouieMan a cookie, reason: Being an awesome mapper
[2012/10/14 - 0:36:5] AdmCmd: gmodder110 has given NouieMan a cookie, reason: Being an awesome mapper
[2012/10/14 - 0:36:21] AdmCmd: gmodder110 has given NouieMan a cookie, reason: Being an awesome mapper
[2012/10/14 - 0:36:23] AdmCmd: gmodder110 has given NouieMan a cookie, reason: Being an awesome mapper
[2012/10/14 - 0:36:24] AdmCmd: gmodder110 has given NouieMan a cookie, reason: Being an awesome mapper
[2012/10/14 - 0:47:58] AdmCmd: NouieMan has given gmodder110 a cookie, reason: ty
[2012/11/16 - 23:21:36] AdmCmd: Josh has given Josh a cookie, reason: cuz
[2012/11/16 - 23:21:36] AdmCmd: Josh has given Josh a cookie, reason: cuz
[2012/11/16 - 23:21:37] AdmCmd: Josh has given Josh a cookie, reason: cuz
[2012/11/16 - 23:21:37] AdmCmd: Josh has given Josh a cookie, reason: cuz
[2012/11/16 - 23:21:38] AdmCmd: Josh has given Josh a cookie, reason: cuz
[2012/11/16 - 23:21:38] AdmCmd: Josh has given Josh a cookie, reason: cuz
[2012/11/16 - 23:21:39] AdmCmd: Josh has given Josh a cookie, reason: cuz
[2012/12/15 - 17:58:59] AdmCmd: Alvino Zavala has given Frascuelo Navarette a cookie, reason: soga kok
[2012/12/20 - 15:51:15] AdmCmd: Alvino Zavala has given Natalie Severin a cookie, reason: Fun:D
[2012/12/22 - 11:52:45] AdmCmd: Natalie Severin has given DeAndre Moore a cookie, reason: A gift
[2012/12/28 - 16:36:26] AdmCmd: Alek Yevtushenko has given Xander Knox a cookie, reason: This is for the harrier which your not fucking getting <3
[2013/1/29 - 17:8:8] AdmCmd: Roman Tabanov has given Alexander Greco a cookie, reason: Hello
[2013/1/30 - 6:47:21] AdmCmd: Justin Case has given Justin Case a cookie, reason: 100
[2013/1/30 - 6:47:31] AdmCmd: Justin Case has given Justin Case a cookie, reason: A
[2017/7/11 - 0:30:5] AdmCmd: Sofia Robles has given Giovanni Salvatore a cookie, reason: indefinido 
[2017/7/11 - 0:44:40] AdmCmd: Sofia Robles has given Giovanni Salvatore a cookie, reason: por probar la polla 
[2017/7/18 - 15:29:10] AdmCmd: Victoria Robles has given Victoria Robles a cookie, reason: Pene torcido 
[2018/4/19 - 1:0:35] Administración: Oscar Pinto ha dado Stefano Priciani una cookie, razón: Ayudarme con un bug
[2018/4/19 - 1:1:6] Administración: Oscar Pinto ha dado Darwin Chacon una cookie, razón: Ayudarme con un bug
[2018/4/19 - 1:8:6] Administración: Oscar Pinto ha dado Darwin Chacon una cookie, razón: Ayudarme con otro bug
[2018/4/21 - 17:25:27] Administración: Oscar Pinto ha dado Darwin Chacon una cookie, razón: Por ayudar al Servidor
[2018/4/21 - 17:25:41] Administración: Oscar Pinto ha dado Darwin Chacon una cookie, razón: De parte de brayan
[2018/4/21 - 17:26:6] Administración: Victoria Robles ha dado Darwin Chacon una cookie, razón: Porque sí 
[2018/4/21 - 17:28:27] Administración: Oscar Pinto ha dado Brayan Ramirez una cookie, razón: Por hacer publicidad
[2018/4/21 - 20:36:17] Administración: Brayan Osorio ha dado Ferney Ramos una cookie, razón: Ganar Evento
[2018/4/22 - 3:56:50] Administración: Brayan Osorio ha dado Darwin Chacon una cookie, razón: Traer Gente
[2018/4/22 - 19:17:58] Administración: Brayan Osorio ha dado Elias Chacon una cookie, razón: Ganar Evento.
[2018/4/22 - 19:21:41] Administración: Brayan Osorio ha dado Foxy Salazar una cookie, razón: Ganar Evento.
[2018/4/23 - 17:47:41] Administración: Brayan Osorio ha dado Agustin Chacon una cookie, razón: Por Descubrir un bug
[2018/4/23 - 23:45:32] Administración: Brayan Osorio ha dado Martin Tapia una cookie, razón: Descubrir Bug
[2018/4/24 - 16:32:52] Administración: Brayan Osorio ha dado Charlotte Spopovich una cookie, razón: Ganar Evento
[2018/4/29 - 1:48:55] Administración: Brayan Osorio ha dado Diego Mavarez una cookie, razón: Hacer publicidad
[2018/4/29 - 18:27:48] Administración: Brayan Osorio ha dado Salomondo Chacon una cookie, razón: Ganar Evento DK
[2018/4/29 - 19:20:11] Administración: Brayan Osorio ha dado Jack Sumgrace una cookie, razón: Hacer Publicidad.
[2018/4/29 - 19:23:28] Administración: Brayan Osorio ha dado Atilio Viikernes una cookie, razón: Hacer Publicidad
[2018/4/29 - 19:25:19] Administración: Brayan Osorio ha dado Mohamed Alhadabi una cookie, razón: Hacer Publicidad.
