[2012/8/29 - 18:0:49] AdmWarn: Westen has created door ID 14. (Int: 0 | VW: 0)
[2012/8/29 - 18:0:53] AdmWarn: Westen has created door ID 15. (Int: 0 | VW: 0)
[2012/8/29 - 18:0:59] AdmWarn: Westen has deleted door ID 15.
[2012/8/29 - 18:3:21] AdmWarn: Westen has deleted door ID 14.
[2012/9/12 - 19:39:56] AdmWarn: Jimmy has created door ID 14. (Int: 0 | VW: 0)
[2012/9/12 - 19:44:40] AdmWarn: Jimmy has created door ID 15. (Int: 0 | VW: 0)
[2012/9/12 - 19:49:39] AdmWarn: Jimmy has deleted door ID 15.
[2012/9/12 - 19:49:40] AdmWarn: Jimmy has deleted door ID 14.
[2012/10/7 - 21:59:45] AdmWarn: Perverse has created door ID 14. (Int: 0 | VW: 0)
[2012/10/8 - 0:11:20] AdmWarn: Perverse has created door ID 15. (Int: 0 | VW: 0)
[2012/10/8 - 0:26:14] AdmWarn: Perverse has created door ID 16. (Int: 0 | VW: 0)
[2012/10/8 - 17:44:36] AdmWarn: Perverse has created door ID 17. (Int: 0 | VW: 0)
[2012/10/8 - 18:48:45] AdmWarn: Perverse has created door ID 17. (Int: 0 | VW: 0)
[2012/10/9 - 21:41:29] AdmWarn: Perverse has created door ID 18. (Int: 0 | VW: 0)
[2012/10/10 - 19:48:56] AdmWarn: Roland has created door ID 19. (Int: 17 | VW: 106)
[2012/10/10 - 23:19:29] AdmWarn: gmodder110 has created door ID 20. (Int: 0 | VW: 0)
[2012/10/10 - 23:30:24] AdmWarn: gmodder110 has created door ID 21. (Int: 0 | VW: 0)
[2012/10/10 - 23:36:44] AdmWarn: gmodder110 has created door ID 22. (Int: 0 | VW: 0)
[2012/10/10 - 23:40:18] AdmWarn: Clark Kent has created door ID 23. (Int: 0 | VW: 0)
[2012/10/12 - 23:22:40] AdmWarn: NouieMan has created door ID 22. (Int: 0 | VW: 0)
[2012/10/12 - 23:22:52] AdmWarn: NouieMan has deleted door ID 1.
[2012/10/12 - 23:22:57] AdmWarn: NouieMan has deleted door ID 22.
[2012/10/13 - 0:18:9] AdmWarn: gmodder110 has created door ID 1. (Int: 0 | VW: 0)
[2012/10/13 - 0:19:52] AdmWarn: NouieMan has created door ID 22. (Int: 0 | VW: 0)
[2012/10/13 - 0:20:0] AdmWarn: NouieMan has created door ID 23. (Int: 0 | VW: 0)
[2012/10/13 - 0:21:31] AdmWarn: NouieMan has deleted door ID 22.
[2012/10/13 - 0:21:35] AdmWarn: NouieMan has deleted door ID 23.
[2012/10/13 - 0:27:23] AdmWarn: gmodder110 has deleted door ID 1.
[2012/10/13 - 0:27:30] AdmWarn: gmodder110 has created door ID 1. (Int: 0 | VW: 0)
[2012/10/13 - 0:29:15] AdmWarn: gmodder110 has created door ID 22. (Int: 0 | VW: 0)
[2012/11/18 - 17:25:10] AdmWarn: Josh Cave has created door ID 23. (Int: 5 | VW: 505)
[2012/11/18 - 17:25:20] AdmWarn: Josh Cave has deleted door ID 23.
[2012/11/18 - 17:28:26] AdmWarn: Josh Cave has created door ID 23. (Int: 0 | VW: 0)
[2012/11/18 - 17:28:54] AdmWarn: Josh Cave has deleted door ID 23.
[2012/11/18 - 17:31:38] AdmWarn: Josh Cave has created door ID 23. (Int: 0 | VW: 0)
[2012/11/18 - 17:31:57] AdmWarn: Josh Cave has deleted door ID 23.
[2012/11/18 - 17:32:7] AdmWarn: Josh Cave has created door ID 23. (Int: 0 | VW: 0)
[2012/11/18 - 17:38:46] AdmWarn: Josh Cave has deleted door ID 3.
[2012/11/18 - 17:39:6] AdmWarn: Josh Cave has created door ID 3. (Int: 0 | VW: 0)
[2012/11/19 - 11:56:52] AdmWarn: Josh Cave has deleted door ID 9.
[2012/11/19 - 11:57:58] AdmWarn: Josh Cave has deleted door ID 2.
[2012/11/19 - 12:20:4] AdmWarn: Josh Cave has created door ID 2. (Int: 0 | VW: 0)
[2012/12/19 - 12:22:8] AdmWarn: Josh Cave has deleted door ID 23.
[2012/12/19 - 12:28:44] AdmWarn: Josh Cave has created door ID 2. (Int: 0 | VW: 0)
[2012/12/21 - 17:34:8] AdmWarn: Josh Cave has created door ID 9. (Int: 0 | VW: 0)
[2012/12/21 - 17:35:54] AdmWarn: Josh Cave has created door ID 23. (Int: 0 | VW: 0)
[2012/12/23 - 7:15:52] AdmWarn: Josh Cave has created door ID 24. (Int: 0 | VW: 0)
[2012/12/23 - 12:4:31] AdmWarn: Josh Cave has created door ID 25. (Int: 0 | VW: 0)
[2012/12/23 - 12:4:40] AdmWarn: Josh Cave has deleted door ID 25.
[2012/12/28 - 14:24:15] AdmWarn: Rivers Konkiy has created door ID 25. (Int: 0 | VW: 0)
[2012/12/31 - 8:32:3] AdmWarn: Josh Cave has deleted door ID 19.
[2013/1/1 - 13:1:23] AdmWarn: Josh Cave has deleted door ID 25.
[2013/1/28 - 19:33:11] AdmWarn: Alexander Greco has created door ID 19. (Int: 0 | VW: 0)
[2013/1/29 - 17:17:53] AdmWarn: Alexander Greco has created door ID 25. (Int: 0 | VW: 0)
[2013/1/29 - 17:26:5] AdmWarn: Alexander Greco has deleted door ID 13.
[2013/1/29 - 22:47:7] AdmWarn: Alexander Greco has deleted door ID 16.
[2013/1/30 - 18:44:13] AdmWarn: Josh Cave has created door ID 13. (Int: 0 | VW: 0)
[2013/1/30 - 19:0:24] AdmWarn: Alexander Greco has created door ID 16. (Int: 0 | VW: 0)
[2013/1/30 - 19:2:20] AdmWarn: Alexander Greco has created door ID 27. (Int: 6 | VW: 0)
[2013/1/31 - 13:13:0] AdmWarn: Alexander Greco has deleted door ID 23.
[2013/1/31 - 18:44:8] AdmWarn: Josh Cave has deleted door ID 3.
[2013/2/3 - 15:30:0] AdmWarn: Josh Cave has deleted door ID 0.
[2013/2/3 - 15:30:46] AdmWarn: Josh Cave has deleted door ID 5.
[2013/2/3 - 15:32:11] AdmWarn: Josh Cave has deleted door ID 24.
[2013/2/3 - 15:32:22] AdmWarn: Josh Cave has deleted door ID 14.
[2013/2/3 - 15:32:57] AdmWarn: Josh Cave has deleted door ID 4.
[2013/2/3 - 15:34:27] AdmWarn: Josh Cave has deleted door ID 12.
[2013/2/8 - 23:19:17] AdmWarn: Alexander Greco has deleted door ID 17.
[2013/2/8 - 23:20:54] AdmWarn: Alexander Greco has deleted door ID 13.
[2013/2/8 - 23:20:56] AdmWarn: Alexander Greco has deleted door ID 1.
[2013/2/8 - 23:22:4] AdmWarn: Alexander Greco has deleted door ID 2.
[2013/2/11 - 9:55:57] AdmWarn: Josh Cave has created door ID 0. (Int: 0 | VW: 0)
[2013/2/11 - 10:6:43] AdmWarn: Riley Flynn has created door ID 1. (Int: 0 | VW: 0)
[2013/2/11 - 11:33:44] AdmWarn: Alexander Greco has deleted door ID 10.
[2013/2/23 - 9:51:6] AdmWarn: Josh Cave has deleted door ID 19.
[2013/2/23 - 12:20:15] AdmWarn: Josh Cave has created door ID 2. (Int: 0 | VW: 0)
[2013/2/23 - 12:24:18] AdmWarn: Alexander Greco has deleted door ID 8.
[2013/3/8 - 7:57:54] AdmWarn: John Cormier has deleted door ID 9.
[2013/3/8 - 13:47:10] AdmWarn: John Cormier has deleted door ID 9.
[2013/3/10 - 16:32:20] AdmWarn: John Cormier has deleted door ID 26.
[2013/3/23 - 13:22:35] AdmWarn: John Cormier has deleted door ID 26.
[2013/3/23 - 13:22:45] AdmWarn: John Cormier has deleted door ID 9.
[2013/3/23 - 15:25:53] AdmWarn: Rasmus Jensen has created door ID 3. (Int: 0 | VW: 0)
[2013/3/23 - 15:26:21] AdmWarn: Rasmus Jensen has deleted door ID 3.
[2017/7/10 - 21:57:41] AdmWarn: Oscar Pinto has created door ID 0. (Int: 0 | VW: 0)
[2017/7/10 - 21:58:1] AdmWarn: Oscar Pinto has deleted door ID 0.
[2017/7/12 - 19:19:4] AdmWarn: Oscar Pinto has created door ID 0. (Int: 0 | VW: 0)
[2017/7/12 - 19:34:25] AdmWarn: Oscar Pinto has deleted door ID 0.
[2017/7/12 - 19:36:3] AdmWarn: Oscar Pinto has created door ID 0. (Int: 0 | VW: 0)
[2017/7/12 - 19:40:47] AdmWarn: Oscar Pinto has created door ID 1. (Int: 0 | VW: 0)
[2017/7/12 - 19:43:12] AdmWarn: Oscar Pinto has created door ID 2. (Int: 0 | VW: 0)
[2017/7/12 - 21:18:45] AdmWarn: Oscar Pinto has created door ID 3. (Int: 0 | VW: 0)
[2017/7/12 - 21:20:49] AdmWarn: Oscar Pinto has deleted door ID 3.
[2017/7/12 - 21:21:47] AdmWarn: Oscar Pinto has created door ID 3. (Int: 0 | VW: 0)
[2017/7/12 - 21:24:21] AdmWarn: Oscar Pinto has deleted door ID 1.
[2017/7/12 - 21:27:40] AdmWarn: Oscar Pinto has created door ID 1. (Int: 0 | VW: 0)
[2017/7/12 - 22:45:44] AdmWarn: Oscar Pinto has created door ID 1. (Int: 0 | VW: 0)
[2017/7/12 - 22:46:3] AdmWarn: Oscar Pinto has deleted door ID 1.
[2017/7/13 - 11:13:22] AdmWarn: Oscar Pinto has created door ID 1. (Int: 0 | VW: 0)
[2017/7/13 - 16:7:3] AdmWarn: Oscar Pinto has created door ID 4. (Int: 0 | VW: 0)
[2017/7/13 - 23:4:33] AdmWarn: Oscar Pinto has created door ID 5. (Int: 1 | VW: 0)
[2017/8/1 - 0:54:11] AdmWarn: Francis Drake has created door ID 6. (Int: 0 | VW: 0)
[2017/8/1 - 0:54:30] AdmWarn: Francis Drake has deleted door ID 6.
[2017/8/5 - 2:49:53] AdmWarn: Jhon Mustang has created door ID 6. (Int: 0 | VW: 0)
[2017/8/5 - 2:50:10] AdmWarn: Jhon Mustang has deleted door ID 6.
[2017/8/5 - 2:50:21] AdmWarn: Jhon Mustang has created door ID 6. (Int: 0 | VW: 0)
[2017/8/5 - 6:10:58] AdmWarn: Jhon Mustang has created door ID 7. (Int: 0 | VW: 0)
[2017/8/5 - 6:23:46] AdmWarn: Jhon Mustang has created door ID 8. (Int: 0 | VW: 0)
[2017/8/5 - 17:8:31] AdmWarn: Jhon Mustang has created door ID 9. (Int: 0 | VW: 0)
[2017/8/5 - 17:24:8] AdmWarn: Jhon Mustang has created door ID 9. (Int: 0 | VW: 0)
[2017/8/5 - 19:12:14] AdmWarn: Jhon Mustang has created door ID 9. (Int: 0 | VW: 0)
[2017/8/5 - 19:36:54] AdmWarn: Jhon Mustang has created door ID 10. (Int: 0 | VW: 0)
[2017/8/5 - 20:24:40] AdmWarn: Jhon Mustang has created door ID 11. (Int: 0 | VW: 0)
[2017/8/7 - 1:41:11] AdmWarn: Oscar Pinto has created door ID 12. (Int: 0 | VW: 0)
[2017/8/7 - 4:32:34] AdmWarn: Oscar Pinto has created door ID 13. (Int: 0 | VW: 0)
[2017/9/2 - 19:37:33] AdmWarn: Miguel Salvatore has created door ID 13. (Int: 0 | VW: 0)
[2017/9/2 - 19:37:59] AdmWarn: Miguel Salvatore has deleted door ID 13.
[2017/9/2 - 19:53:54] Administración: Miguel Salvatore has created door ID 13. (Int: 0 | VW: 0)
[2017/9/2 - 19:54:11] Administración: Miguel Salvatore has deleted door ID 13.
[2017/9/21 - 12:49:14] Administración: Miguel Salvatore has created door ID 13. (Int: 6 | VW: 0)
[2017/9/21 - 18:15:46] Administración: Miguel Salvatore has created door ID 14. (Int: 0 | VW: 0)
[2017/9/21 - 18:15:52] Administración: Miguel Salvatore has created door ID 15. (Int: 0 | VW: 0)
[2017/9/21 - 18:15:57] Administración: Miguel Salvatore has created door ID 16. (Int: 0 | VW: 0)
[2017/9/21 - 18:16:15] Administración: Miguel Salvatore has deleted door ID 14.
[2017/9/21 - 18:16:17] Administración: Miguel Salvatore has deleted door ID 15.
[2017/9/21 - 18:16:19] Administración: Miguel Salvatore has deleted door ID 16.
[2017/9/21 - 18:16:28] Administración: Miguel Salvatore has created door ID 14. (Int: 0 | VW: 0)
[2017/9/21 - 18:20:41] Administración: Miguel Salvatore has created door ID 15. (Int: 0 | VW: 0)
[2017/9/22 - 0:10:23] Administración: Miguel Salvatore has created door ID 16. (Int: 3 | VW: 0)
[2017/9/22 - 0:48:58] Administración: Miguel Salvatore has created door ID 16. (Int: 0 | VW: 0)
[2017/9/22 - 1:43:53] Administración: Miguel Salvatore has created door ID 17. (Int: 3 | VW: 0)
[2017/9/22 - 14:20:3] Administración: Miguel Salvatore has created door ID 17. (Int: 0 | VW: 0)
[2017/9/30 - 16:3:20] Administración: Miguel Salvatore has created door ID 18. (Int: 0 | VW: 0)
[2017/9/30 - 16:6:6] Administración: Miguel Salvatore has created door ID 19. (Int: 0 | VW: 0)
[2017/10/10 - 22:5:56] Administración: Miguel Salvatore has created door ID 20. (Int: 0 | VW: 0)
[2017/10/13 - 17:27:40] Administración: Miguel Salvatore has created door ID 21. (Int: 1 | VW: 0)
[2017/10/14 - 21:57:56] Administración: Miguel Salvatore has created door ID 21. (Int: 0 | VW: 0)
[2017/11/2 - 23:46:24] Administración: Miguel Salvatore ha borrado la puerta ID 20.
[2018/4/6 - 20:59:18] Administración: Oscar Pinto ha creado la puerta ID 20. (Int: 0 | VW: 0)
[2018/4/8 - 20:15:38] Administración: Oscar Pinto ha creado la puerta ID 21. (Int: 0 | VW: 0)
[2018/4/10 - 2:58:34] Administración: Oscar Pinto ha creado la puerta ID 22. (Int: 0 | VW: 0)
[2018/4/10 - 19:25:2] Administración: Miguel Salvatore ha creado la puerta ID 23. (Int: 1 | VW: 17)
[2018/4/11 - 2:14:54] Administración: Oscar Pinto ha creado la puerta ID 24. (Int: 0 | VW: 0)
[2018/4/11 - 18:40:32] Administración: Oscar Pinto ha creado la puerta ID 25. (Int: 0 | VW: 0)
[2018/4/12 - 22:25:45] Administración: Oscar Pinto ha creado la puerta ID 26. (Int: 0 | VW: 0)
[2018/4/12 - 22:35:57] Administración: Oscar Pinto ha creado la puerta ID 27. (Int: 0 | VW: 0)
[2018/4/12 - 23:24:14] Administración: Oscar Pinto ha creado la puerta ID 28. (Int: 0 | VW: 0)
[2018/4/16 - 3:4:52] Administración: Oscar Pinto ha creado la puerta ID 29. (Int: 0 | VW: 0)
[2018/4/20 - 23:36:12] Administración: Oscar Pinto ha creado la puerta ID 30. (Int: 0 | VW: 0)
[2018/4/20 - 23:44:4] Administración: Oscar Pinto ha borrado la puerta ID 30.
[2018/4/20 - 23:51:7] Administración: Oscar Pinto ha creado la puerta ID 30. (Int: 0 | VW: 0)
[2018/4/21 - 0:9:32] Administración: Oscar Pinto ha creado la puerta ID 31. (Int: 0 | VW: 0)
[2018/4/21 - 0:11:37] Administración: Oscar Pinto ha borrado la puerta ID 31.
[2018/4/21 - 15:3:58] Administración: Brayan Osorio ha creado la puerta ID 31. (Int: 0 | VW: 0)
[2018/4/21 - 15:4:31] Administración: Brayan Osorio ha borrado la puerta ID 31.
[2018/4/21 - 15:4:56] Administración: Brayan Osorio ha creado la puerta ID 31. (Int: 0 | VW: 0)
[2018/4/21 - 15:5:12] Administración: Brayan Osorio ha borrado la puerta ID 31.
[2018/4/21 - 15:14:43] Administración: Brayan Osorio ha creado la puerta ID 31. (Int: 0 | VW: 0)
[2018/4/21 - 15:33:55] Administración: Brayan Osorio ha borrado la puerta ID 31.
[2018/4/21 - 15:41:36] Administración: Brayan Osorio ha creado la puerta ID 31. (Int: 0 | VW: 0)
[2018/4/21 - 16:41:3] Administración: Brayan Osorio ha borrado la puerta ID 31.
[2018/4/21 - 17:44:4] Administración: Victoria Robles ha creado la puerta ID 31. (Int: 5 | VW: 616)
[2018/4/21 - 18:56:24] Administración: Brayan Osorio ha creado la puerta ID 32. (Int: 0 | VW: 0)
[2018/4/21 - 20:39:45] Administración: Brayan Osorio ha creado la puerta ID 33. (Int: 0 | VW: 0)
[2018/4/23 - 2:12:54] Administración: Brayan Osorio ha creado la puerta ID 34. (Int: 0 | VW: 0)
[2018/4/23 - 2:24:3] Administración: Brayan Osorio ha borrado la puerta ID 34.
[2018/4/23 - 2:44:58] Administración: Brayan Osorio ha creado la puerta ID 34. (Int: 0 | VW: 0)
[2018/4/23 - 2:45:16] Administración: Brayan Osorio ha borrado la puerta ID 34.
[2018/4/23 - 2:45:45] Administración: Brayan Osorio ha creado la puerta ID 34. (Int: 0 | VW: 0)
[2018/4/24 - 0:14:43] Administración: Brayan Osorio ha creado la puerta ID 35. (Int: 0 | VW: 0)
[2018/4/24 - 0:28:25] Administración: Brayan Osorio ha creado la puerta ID 36. (Int: 0 | VW: 0)
[2018/4/24 - 0:33:50] Administración: Brayan Osorio ha borrado la puerta ID 36.
[2018/4/24 - 0:37:22] Administración: Brayan Osorio ha creado la puerta ID 36. (Int: 0 | VW: 0)
[2018/4/25 - 18:32:30] Administración: Charlotte Spopovich ha creado la puerta ID 37. (Int: 0 | VW: 0)
[2018/4/28 - 2:57:53] Administración: Brayan Osorio ha creado la puerta ID 38. (Int: 0 | VW: 0)
[2018/4/28 - 3:7:2] Administración: Brayan Osorio ha creado la puerta ID 39. (Int: 0 | VW: 0)
[2018/4/28 - 3:7:13] Administración: Brayan Osorio ha borrado la puerta ID 39.
[2018/4/28 - 14:32:42] Administración: Charlotte Spopovich ha creado la puerta ID 39. (Int: 0 | VW: 0)
[2018/4/28 - 14:33:18] Administración: Charlotte Spopovich ha borrado la puerta ID 39.
[2018/4/29 - 1:27:17] Administración: Brayan Osorio ha borrado la puerta ID 32.
[2018/4/29 - 1:27:21] Administración: Brayan Osorio ha borrado la puerta ID 33.
[2018/4/29 - 6:27:33] Administración: Miguel Salvatore ha borrado la puerta ID 24.
[2018/5/3 - 17:47:14] Administración: Brayan Osorio ha creado la puerta ID 24. (Int: 0 | VW: 0)
[2018/5/5 - 18:12:13] Administración: Miguel Salvatore ha creado la puerta ID 32. (Int: 6 | VW: 585)
[2018/5/5 - 22:42:38] Administración: Miguel Salvatore ha borrado la puerta ID 11.
