[2012/8/29 - 17:5:7] AdmWarn: Westen has disbanded family slot 10
[2012/8/29 - 17:58:24] AdmWarn: Westen has given Westen family slot 1.
[2012/8/29 - 18:3:24] AdmWarn: Westen has disbanded family slot 1
[2012/9/14 - 22:30:19] AdmWarn: Jimmy has given Jimmy family slot 1.
[2012/9/14 - 22:31:15] AdmWarn: Jimmy has disbanded family slot 1
[2012/9/28 - 13:26:10] AdmWarn: Jeffrey has given Jeffrey family slot 1.
[2012/9/28 - 13:26:36] AdmWarn: Jeffrey has disbanded family slot 1
[2012/10/7 - 21:59:36] AdmWarn: Perverse has given Roland Mission family slot 1.
[2012/10/8 - 0:6:50] AdmWarn: Roland has given Brian DeSousa family slot 2.
[2012/10/8 - 17:25:6] AdmWarn: Perverse has given Chad Brooks family slot 3.
[2012/10/8 - 17:28:38] AdmWarn: Perverse has disbanded family slot 3
[2012/10/8 - 17:37:1] AdmWarn: Perverse has given Jay Jayson family slot 3.
[2012/10/8 - 18:30:17] AdmWarn: Perverse has disbanded family slot 3
[2012/10/8 - 18:34:28] AdmWarn: Roland has given Jeffrey Loc family slot 3.
[2012/10/9 - 18:46:46] AdmWarn: Roland has given Alan Diesel family slot 4.
[2012/10/9 - 21:44:33] AdmWarn: Perverse has disbanded family slot 3
[2012/10/9 - 21:45:2] AdmWarn: Perverse has given Perverse family slot 3.
[2012/10/9 - 22:50:2] AdmWarn: Andrew has disbanded family slot 2
[2012/10/10 - 20:0:45] AdmWarn: Roland has given Timmy Leaf family slot 5.
[2012/10/10 - 20:1:7] AdmWarn: Roland has disbanded family slot 3
[2012/10/13 - 22:3:18] AdmWarn: Andrew has given Andrew family slot 10.
[2012/10/13 - 22:38:1] AdmWarn: Superman has given Superman family slot 10.
[2012/10/14 - 16:37:50] AdmWarn: Andrew has disbanded family slot 10
[2012/10/14 - 16:39:36] AdmWarn: gmodder110 has given Takeshi Tanaka family slot 10.
[2012/11/18 - 15:14:38] AdmWarn: Josh McArtin has given Josh McArtin family slot 1.
[2012/11/18 - 15:18:24] AdmWarn: Josh McArtin has disbanded family slot 1
[2012/11/18 - 15:19:20] AdmWarn: Josh McArtin has given Santosh Cave family slot 1.
[2012/11/18 - 15:17:8] AdmWarn: Alek Yevtushenko has given Alek Yevtushenko family slot 2.
[2012/11/18 - 17:10:45] AdmWarn: Alek Yevtushenko has given Alek Yevtushenko family slot 2.
[2012/11/18 - 21:12:43] AdmWarn: Alek Yevtushenko has given Chris Styles family slot 3.
[2012/11/19 - 12:12:50] AdmWarn: Josh Cave has set family slot 1's strikes to 0.
[2012/11/24 - 20:41:47] AdmWarn: Josh Cave has given Norman Jayden family slot 4.
[2012/12/4 - 15:48:48] AdmWarn: Katie Yevtushenko has given Katie Yevtushenko family slot 5.
[2012/12/4 - 16:9:42] AdmWarn: Josh Cave has disbanded family slot 5
[2012/12/15 - 16:52:11] AdmWarn: Josh Cave has disbanded family slot 1
[2012/12/15 - 16:52:15] AdmWarn: Josh Cave has disbanded family slot 2
[2012/12/15 - 16:52:16] AdmWarn: Josh Cave has disbanded family slot 3
[2012/12/15 - 16:52:17] AdmWarn: Josh Cave has disbanded family slot 4
[2012/12/19 - 12:20:46] AdmWarn: Josh Cave has given Alvino Zavala family slot 1.
[2012/12/20 - 5:19:9] AdmWarn: Josh Cave has given Josh Cave family slot 2.
[2012/12/20 - 15:22:48] AdmWarn: Josh Cave has disbanded family slot 2
[2012/12/20 - 15:23:28] AdmWarn: Josh Cave has given Katie Castillo family slot 2.
[2012/12/20 - 16:51:53] AdmWarn: Katie Castillo has disbanded family slot 2
[2012/12/20 - 16:52:11] AdmWarn: Katie Castillo has given Katie Castillo family slot 2.
[2012/12/21 - 20:46:1] AdmWarn: Katie Castillo has disbanded family slot 2
[2012/12/22 - 15:47:37] AdmWarn: Katie Castillo has given DeAndre Moore family slot 2.
[2012/12/22 - 15:53:1] AdmWarn: Katie Castillo has given Katie Castillo family slot 3.
[2012/12/22 - 15:53:46] AdmWarn: Katie Castillo has disbanded family slot 3
[2012/12/23 - 6:18:31] AdmWarn: Josh Cave has given Josh Cave family slot 5.
[2012/12/23 - 6:18:40] AdmWarn: Josh Cave has disbanded family slot 5
[2012/12/24 - 11:11:8] AdmWarn: Katie Castillo has disbanded family slot 1
[2012/12/28 - 14:9:38] AdmWarn: Alek Yevtushenko has given Roman Tabanov family slot 3.
[2012/12/28 - 14:41:9] AdmWarn: Katie Tabanov has disbanded family slot 1
[2012/12/30 - 15:49:58] AdmWarn: Alexander Greco has given Christopher Soprano family slot 7.
[2013/1/1 - 12:39:11] AdmWarn: Alexander Greco has disbanded family slot 3
[2013/1/1 - 12:59:23] AdmWarn: Josh Cave has disbanded family slot 2
[2013/1/29 - 17:4:27] AdmWarn: Alexander Greco has given Alexander Greco family slot 1.
[2013/1/29 - 17:21:43] AdmWarn: Justin Case has set family slot 7's strikes to 1.
[2013/1/29 - 17:21:48] AdmWarn: Justin Case has given family slot 7 a strike.
[2013/1/29 - 17:21:53] AdmWarn: Justin Case has set family slot 7's strikes to 0.
[2013/1/29 - 17:24:54] AdmWarn: Justin Case has disbanded family slot 7
[2013/2/1 - 13:12:43] AdmWarn: Alexander Greco has disbanded family slot 1
[2013/2/1 - 13:12:58] AdmWarn: Alexander Greco has given Alexander Greco family slot 4.
[2013/2/11 - 8:37:33] AdmWarn: Josh Cave has given Josh Cave family slot 5.
[2017/6/22 - 16:41:7] AdmWarn: Giovanni Salvatore has given Giovanni Salvatore family slot 2.
[2017/7/8 - 23:54:22] AdmWarn: Oscar Pinto has given Oscar Pinto family slot 1.
[2017/7/8 - 23:55:10] AdmWarn: Oscar Pinto has disbanded family slot 1
[2017/7/12 - 11:36:42] AdmWarn: Oscar Pinto has given Oscar Pinto family slot 1.
[2017/7/12 - 11:38:24] AdmWarn: Oscar Pinto has disbanded family slot 1
[2017/7/31 - 0:58:56] AdmWarn: Oscar Pinto has given Oscar Pinto family slot 1.
[2017/7/31 - 17:47:26] AdmWarn: Oscar Pinto has given Miguel Rodriguez family slot 2.
[2017/7/31 - 18:0:59] AdmWarn: Oscar Pinto has given Oscar Pinto family slot 1.
[2017/7/31 - 18:3:48] AdmWarn: Oscar Pinto has disbanded family slot 1
[2017/7/31 - 18:3:57] AdmWarn: Oscar Pinto has disbanded family slot 2
[2017/7/31 - 18:20:44] AdmWarn: Oscar Pinto has given Oscar Pinto family slot 1.
[2017/8/2 - 20:13:48] AdmWarn: Oscar Pinto has given Miguel Rodriguez family slot 3.
[2017/8/5 - 13:55:59] AdmWarn: Jhon Mustang has disbanded family slot 1
[2017/8/5 - 13:56:7] AdmWarn: Jhon Mustang has given Tomas Calle family slot 1.
[2017/8/5 - 17:4:6] AdmWarn: Jhon Mustang has given Frank Jimenez family slot 2.
[2017/8/5 - 19:8:59] AdmWarn: Jhon Mustang has given Frank Jimenez family slot 2.
[2017/8/5 - 19:36:31] AdmWarn: Jhon Mustang has given David Salazar family slot 4.
[2017/8/5 - 20:27:7] AdmWarn: Jhon Mustang has given Vinnie Paz family slot 5.
[2017/8/7 - 1:34:21] AdmWarn: Oscar Pinto has given Darius Wolff family slot 6.
[2017/8/7 - 3:53:17] AdmWarn: Oscar Pinto has disbanded family slot 3
[2017/8/7 - 4:32:3] AdmWarn: Oscar Pinto has given Ramiro Ance family slot 3.
[2017/8/7 - 5:17:21] AdmWarn: Oscar Pinto has disbanded family slot 2
[2017/8/7 - 5:22:46] AdmWarn: Oscar Pinto has disbanded family slot 4
[2017/9/21 - 1:53:55] Administración: Miguel Salvatore ha dado en el espacio 1 una advertencia.
[2017/9/21 - 1:53:56] Administración: Miguel Salvatore ha dado en el espacio 1 una advertencia.
[2017/9/21 - 1:53:57] Administración: Miguel Salvatore ha dado en el espacio 1 una advertencia.
[2017/9/21 - 1:53:57] Administración: Miguel Salvatore ha limpiado la familia 1. (3 advertencias)
[2017/9/21 - 1:54:19] Administración: Miguel Salvatore ha dado en el espacio 6 una advertencia.
[2017/9/21 - 1:54:20] Administración: Miguel Salvatore ha dado en el espacio 6 una advertencia.
[2017/9/21 - 1:54:21] Administración: Miguel Salvatore ha dado en el espacio 6 una advertencia.
[2017/9/21 - 1:54:21] Administración: Miguel Salvatore ha limpiado la familia 6. (3 advertencias)
[2017/10/3 - 18:18:5] Administración: Miguel Salvatore ha dado lider Miguel Salvatore la familia 5.
[2017/10/3 - 18:18:26] Administración: Miguel Salvatore ha disuelto la ranura de la familia 5
[2017/11/28 - 17:56:12] Administración: Miguel Salvatore ha dado Miguel Salvatore ranura de la familia 1.
[2017/11/28 - 17:56:35] Administración: Miguel Salvatore ha quitado lider Miguel Salvatore la familia 0.
[2017/11/28 - 17:57:53] Administración: Miguel Salvatore ha dado miembro a Miguel Salvatore de la familia 1.
[2017/11/28 - 17:58:14] Administración: Miguel Salvatore ha sacado a Miguel Salvatore de la familia 0.
[2017/11/28 - 17:58:24] Administración: Miguel Salvatore ha dado lider Miguel Salvatore a la familia 1.
[2017/11/28 - 18:0:27] Administración: Miguel Salvatore ha quitado lider Miguel Salvatore la familia 0.
[2017/11/28 - 18:0:37] Administración: Miguel Salvatore ha dado miembro a Miguel Salvatore de la familia 1.
[2017/11/28 - 18:1:12] Administración: Miguel Salvatore ha quitado lider Miguel Salvatore la familia 0.
[2018/4/5 - 4:15:57] Administración: Oscar Pinto ha dado Oscar Pinto ranura de la familia 10.
[2018/4/5 - 4:45:49] Administración: Oscar Pinto ha disuelto la ranura de la familia 10
[2018/4/7 - 17:35:56] Administración: Oscar Pinto ha dado lider Kevin Chacon a la familia 5.
[2018/4/7 - 17:39:11] Administración: Oscar Pinto ha sacado a Brayan Osorio de la familia 0.
[2018/4/7 - 17:39:50] Administración: Oscar Pinto ha dado miembro a Oscar Pinto de la familia 5.
[2018/4/7 - 20:39:11] Administración: Oscar Pinto ha quitado lider Jack Sumgrace la familia 0.
[2018/4/8 - 19:15:33] Administración: Oscar Pinto ha quitado lider Oscar Pinto la familia 0.
[2018/4/8 - 20:4:52] Administración: Oscar Pinto ha dado Frenddys Martinez ranura de la familia 2.
[2018/4/8 - 20:19:22] Administración: Oscar Pinto ha quitado lider Oscar Pinto la familia 0.
[2018/4/10 - 2:56:16] Administración: Oscar Pinto ha dado Samuel Dybala ranura de la familia 3.
[2018/4/10 - 15:6:40] Administración: Oscar Pinto ha quitado lider Oscar Pinto la familia 0.
[2018/4/11 - 2:13:12] Administración: Oscar Pinto ha dado Vittorio Scaletta ranura de la familia 4.
[2018/4/11 - 18:32:0] Administración: Oscar Pinto ha quitado lider Oscar Pinto la familia 0.
[2018/4/11 - 18:46:16] Administración: Oscar Pinto ha dado Shady Adel ranura de la familia 6.
[2018/4/11 - 21:32:45] Administración: Oscar Pinto ha quitado lider Oscar Pinto la familia 0.
[2018/4/12 - 22:10:30] Administración: Oscar Pinto ha disuelto la ranura de la familia 6
[2018/4/12 - 22:15:6] Administración: Oscar Pinto ha dado Rodrigo Mzienski ranura de la familia 7.
[2018/4/12 - 22:35:38] Administración: Oscar Pinto ha dado Shady Adel ranura de la familia 6.
[2018/4/15 - 3:32:33] Administración: Oscar Pinto ha quitado lider Brayan Osorio la familia 0.
[2018/4/16 - 22:26:52] Administración: Miguel Salvatore ha dado lider Miguel Salvatore a la familia 1.
[2018/4/20 - 1:49:37] Administración: Brayan Osorio ha dado miembro a Brayan Osorio de la familia 5.
[2018/4/20 - 1:50:41] Administración: Brayan Osorio ha sacado a Brayan Osorio de la familia 0.
[2018/4/20 - 14:43:9] Administración: Brayan Osorio ha dado miembro a Brayan Osorio de la familia 5.
[2018/4/20 - 14:48:30] Administración: Brayan Osorio ha sacado a Brayan Osorio de la familia 0.
[2018/4/20 - 21:47:18] Administración: Miguel Salvatore ha dado Miguel Salvatore ranura de la familia 8.
[2018/4/20 - 21:47:44] Administración: Brayan Osorio ha dado miembro a Brayan Osorio de la familia 8.
[2018/4/20 - 21:55:29] Administración: Miguel Salvatore ha quitado lider Shady Adel la familia 0.
[2018/4/20 - 21:55:44] Administración: Miguel Salvatore ha dado lider Shady Adel a la familia 8.
[2018/4/20 - 23:45:37] Administración: Oscar Pinto ha disuelto la ranura de la familia 6
[2018/4/20 - 23:46:35] Administración: Oscar Pinto ha disuelto la ranura de la familia 8
[2018/4/20 - 23:47:47] Administración: Oscar Pinto ha dado Shady Adel ranura de la familia 6.
[2018/4/20 - 23:47:59] Administración: Brayan Osorio ha dado Shady Adel ranura de la familia 8.
[2018/4/20 - 23:48:9] Administración: Brayan Osorio ha disuelto la ranura de la familia 8
[2018/4/20 - 23:49:30] Administración: Oscar Pinto ha dado lider Shady Adel a la familia 6.
[2018/4/21 - 3:17:29] Administración: Brayan Osorio ha dado miembro a Brayan Osorio de la familia 5.
[2018/4/21 - 14:57:49] Administración: Brayan Osorio ha dado miembro a Brayan Osorio de la familia 6.
[2018/4/21 - 17:55:53] Administración: Brayan Osorio ha sacado a Brayan Osorio de la familia 0.
[2018/4/21 - 18:43:41] Administración: Brayan Osorio ha quitado lider Brayan Ramirez la familia 0.
[2018/4/21 - 18:43:56] Administración: Brayan Osorio ha dado lider Brayan Ramirez a la familia 10.
[2018/4/21 - 18:48:55] Administración: Brayan Osorio ha sacado a Brayan Osorio de la familia 0.
[2018/4/21 - 18:52:28] Administración: Brayan Osorio ha dado miembro a Brayan Osorio de la familia 10.
[2018/4/21 - 19:3:6] Administración: Brayan Osorio ha sacado a Gabriel Medrano de la familia 0.
[2018/4/21 - 19:45:46] Administración: Charlotte Spopovich ha dado miembro a Charlotte Spopovich de la familia 10.
[2018/4/21 - 20:3:18] Administración: Brayan Osorio ha dado lider Brayan Ramirez a la familia 10.
[2018/4/21 - 20:11:22] Administración: Brayan Osorio ha sacado a Brayan Osorio de la familia 0.
[2018/4/21 - 21:4:48] Administración: Charlotte Spopovich ha dado Charlotte Spopovich ranura de la familia 8.
[2018/4/21 - 21:7:28] Administración: Brayan Osorio ha dado lider Shady Adel a la familia 6.
[2018/4/21 - 21:11:14] Administración: Brayan Osorio ha dado miembro a Brayan Osorio de la familia 8.
[2018/4/21 - 21:26:13] Administración: Brayan Osorio ha sacado a Jack Sumgrace de la familia 0.
[2018/4/21 - 21:26:16] Administración: Brayan Osorio ha sacado a Brayan Osorio de la familia 0.
[2018/4/22 - 2:42:45] Administración: Miguel Salvatore ha quitado lider Frenddys Martinez la familia 0.
[2018/4/22 - 2:42:56] Administración: Miguel Salvatore ha dado lider Frenddys Martinez a la familia 2.
[2018/4/22 - 4:11:38] Administración: Brayan Osorio ha dado lider Darwin Chacon a la familia 5.
[2018/4/22 - 4:12:6] Administración: Brayan Osorio ha dado miembro a Brayan Osorio de la familia 5.
[2018/4/22 - 4:13:36] Administración: Brayan Osorio ha sacado a Brayan Osorio de la familia 0.
[2018/4/22 - 6:56:59] Administración: Miguel Salvatore ha quitado lider Miguel Salvatore la familia 0.
[2018/4/22 - 6:57:1] Administración: Miguel Salvatore ha dado lider Miguel Salvatore a la familia 1.
[2018/4/22 - 20:48:16] Administración: Brayan Osorio ha dado lider Elizabeth Spopovich a la familia 10.
[2018/4/22 - 20:48:31] Administración: Brayan Osorio ha quitado lider Elizabeth Spopovich la familia 0.
[2018/4/22 - 20:48:34] Administración: Brayan Osorio ha dado lider Elizabeth Spopovich a la familia 6.
[2018/4/22 - 20:48:39] Administración: Brayan Osorio ha quitado lider Elizabeth Spopovich la familia 0.
[2018/4/22 - 20:48:44] Administración: Brayan Osorio ha dado lider Elizabeth Spopovich a la familia 8.
[2018/4/22 - 20:49:2] Administración: Brayan Osorio ha dado lider Shady Adel a la familia 6.
[2018/4/22 - 22:47:34] Administración: Brayan Osorio ha sacado a Foxy Salazar de la familia 0.
[2018/4/23 - 16:51:50] Administración: Charlotte Spopovich ha dado Charlotte Spopovich ranura de la familia 9.
[2018/4/24 - 0:31:28] Administración: Charlotte Spopovich ha dado lider Elizabeth Spopovich a la familia 9.
[2018/4/24 - 0:41:36] Administración: Charlotte Spopovich ha dado lider Elizabeth Spopovich a la familia 9.
[2018/4/24 - 0:41:39] Administración: Charlotte Spopovich ha dado lider Elizabeth Spopovich a la familia 8.
[2018/4/24 - 20:7:47] Administración: Brayan Osorio ha dado miembro a Elizabeth Spopovich de la familia 6.
[2018/4/24 - 20:8:3] Administración: Brayan Osorio ha dado miembro a Elizabeth Spopovich de la familia 8.
[2018/4/25 - 1:32:53] Administración: Brayan Osorio ha sacado a Asaff Khatab de la familia 0.
[2018/4/25 - 4:5:6] Administración: Brayan Osorio ha disuelto la ranura de la familia 10
[2018/4/25 - 4:5:24] Administración: Brayan Osorio ha dado Omar West ranura de la familia 10.
[2018/4/25 - 17:25:16] Administración: Brayan Osorio ha sacado a Brayan Osorio de la familia 0.
[2018/4/25 - 18:13:39] Administración: Charlotte Spopovich ha dado lider Charlotte Spopovich a la familia 8.
[2018/4/25 - 18:13:41] Administración: Charlotte Spopovich ha dado lider Charlotte Spopovich a la familia 8.
[2018/4/25 - 18:28:14] Administración: Charlotte Spopovich ha dado miembro a Charlotte Spopovich de la familia 10.
[2018/4/25 - 18:30:51] Administración: Charlotte Spopovich ha dado lider Salomondo Chacon a la familia 5.
[2018/4/25 - 18:45:52] Administración: Charlotte Spopovich ha dado lider Omar West a la familia 10.
[2018/4/25 - 18:45:52] Administración: Charlotte Spopovich ha dado lider Omar West a la familia 10.
[2018/4/25 - 18:45:53] Administración: Charlotte Spopovich ha dado lider Omar West a la familia 10.
[2018/4/25 - 18:46:27] Administración: Charlotte Spopovich ha dado lider Charlotte Spopovich a la familia 8.
[2018/4/25 - 18:46:29] Administración: Charlotte Spopovich ha dado lider Charlotte Spopovich a la familia 8.
[2018/4/25 - 18:58:55] Administración: Brayan Osorio ha sacado a Brayan Osorio de la familia 0.
[2018/4/25 - 19:0:57] Administración: Brayan Osorio ha disuelto la ranura de la familia 4
[2018/4/25 - 19:49:19] Administración: Brayan Osorio ha sacado a Brayan Osorio de la familia 0.
[2018/4/26 - 23:24:52] Administración: Brayan Osorio ha sacado a Diego Mavarez de la familia 0.
[2018/4/28 - 0:2:46] Administración: Brayan Osorio ha disuelto la ranura de la familia 6
[2018/4/28 - 0:6:42] Administración: Brayan Osorio ha dado Jhon Macfly ranura de la familia 6.
[2018/4/28 - 0:22:43] Administración: Brayan Osorio ha dado miembro a Brayan Osorio de la familia 6.
[2018/4/28 - 0:31:41] Administración: Brayan Osorio ha sacado a Rodger Collyns de la familia 0.
[2018/4/28 - 0:32:39] Administración: Brayan Osorio ha dado miembro a Brayan Osorio de la familia 1.
[2018/4/28 - 0:32:55] Administración: Brayan Osorio ha dado miembro a Brayan Osorio de la familia 2.
[2018/4/28 - 0:33:16] Administración: Brayan Osorio ha dado miembro a Brayan Osorio de la familia 3.
[2018/4/28 - 0:33:35] Administración: Brayan Osorio ha dado miembro a Brayan Osorio de la familia 5.
[2018/4/28 - 0:33:45] Administración: Brayan Osorio ha dado miembro a Brayan Osorio de la familia 6.
[2018/4/28 - 0:34:12] Administración: Brayan Osorio ha dado miembro a Brayan Osorio de la familia 7.
[2018/4/28 - 0:34:20] Administración: Brayan Osorio ha dado miembro a Brayan Osorio de la familia 8.
[2018/4/28 - 0:34:27] Administración: Brayan Osorio ha dado miembro a Brayan Osorio de la familia 9.
[2018/4/28 - 0:34:34] Administración: Brayan Osorio ha dado miembro a Brayan Osorio de la familia 10.
[2018/4/28 - 1:27:26] Administración: Brayan Osorio ha sacado a Ali Mohammed de la familia 0.
[2018/4/28 - 2:38:15] Administración: Charlotte Spopovich ha dado lider Charlotte Spopovich a la familia 8.
[2018/4/28 - 2:38:15] Administración: Charlotte Spopovich ha dado lider Charlotte Spopovich a la familia 8.
[2018/4/28 - 2:48:32] Administración: Charlotte Spopovich ha dado Ali Mohammed ranura de la familia 4.
[2018/4/28 - 2:50:46] Administración: Charlotte Spopovich ha dado miembro a Charlotte Spopovich de la familia 4.
[2018/4/28 - 3:11:20] Administración: Brayan Osorio ha dado lider Ali Mohammed a la familia 4.
[2018/4/28 - 13:30:17] Administración: Brayan Osorio ha disuelto la ranura de la familia 1
[2018/4/28 - 15:31:38] Administración: Charlotte Spopovich ha dado lider Charlotte Spopovich a la familia 8.
[2018/4/28 - 15:31:57] Administración: Charlotte Spopovich ha dado miembro a Mohamed Alhadabi de la familia 8.
[2018/4/28 - 15:36:52] Administración: Charlotte Spopovich ha dado miembro a Elizabeth Spopovich de la familia 8.
[2018/4/28 - 16:13:5] Administración: Charlotte Spopovich ha dado Charlotte Spopovich ranura de la familia 1.
[2018/4/28 - 16:13:52] Administración: Charlotte Spopovich ha dado miembro a Elizabeth Spopovich de la familia 1.
[2018/4/28 - 16:30:44] Administración: Brayan Osorio ha sacado a Mohamed Alhadabi de la familia 0.
[2018/4/28 - 16:37:52] Administración: Charlotte Spopovich ha dado miembro a Mohamed Alhadabi de la familia 1.
[2018/4/28 - 20:30:28] Administración: Brayan Osorio ha disuelto la ranura de la familia 1
[2018/4/28 - 20:31:19] Administración: Brayan Osorio ha disuelto la ranura de la familia 9
[2018/4/28 - 21:14:7] Administración: Brayan Osorio ha dado miembro a Brayan Osorio de la familia 8.
[2018/4/28 - 21:19:28] Administración: Charlotte Spopovich ha dado lider Charlotte Spopovich a la familia 8.
[2018/4/29 - 1:4:40] Administración: Charlotte Spopovich ha dado lider Elizabeth Spopovich a la familia 8.
[2018/4/29 - 1:8:13] Administración: Brayan Osorio ha sacado a Mohamed Alhadabi de la familia 0.
[2018/4/29 - 1:8:23] Administración: Brayan Osorio ha sacado a Brayan Osorio de la familia 0.
[2018/4/29 - 1:8:41] Administración: Brayan Osorio ha dado miembro a Brayan Osorio de la familia 2.
[2018/4/29 - 1:8:53] Administración: Brayan Osorio ha dado miembro a Brayan Osorio de la familia 3.
[2018/4/29 - 1:9:0] Administración: Brayan Osorio ha dado miembro a Brayan Osorio de la familia 4.
[2018/4/29 - 1:9:7] Administración: Brayan Osorio ha dado miembro a Brayan Osorio de la familia 5.
[2018/4/29 - 1:9:16] Administración: Brayan Osorio ha dado miembro a Brayan Osorio de la familia 6.
[2018/4/29 - 1:9:23] Administración: Brayan Osorio ha dado miembro a Brayan Osorio de la familia 7.
[2018/4/29 - 1:9:31] Administración: Brayan Osorio ha dado miembro a Brayan Osorio de la familia 8.
[2018/4/29 - 1:9:53] Administración: Brayan Osorio ha dado miembro a Brayan Osorio de la familia 10.
[2018/4/29 - 1:10:10] Administración: Brayan Osorio ha dado miembro a Brayan Osorio de la familia 8.
[2018/4/29 - 1:34:18] Administración: Charlotte Spopovich ha disuelto la ranura de la familia 8
[2018/4/29 - 4:7:22] Administración: Brayan Osorio ha sacado a Williams Dinasso de la familia 0.
[2018/4/29 - 17:13:4] Administración: Charlotte Spopovich ha dado Charlotte Spopovich ranura de la familia 1.
[2018/4/29 - 17:13:30] Administración: Brayan Osorio ha disuelto la ranura de la familia 1
[2018/4/29 - 17:14:25] Administración: Charlotte Spopovich ha dado Charlotte Spopovich ranura de la familia 1.
[2018/4/29 - 17:15:39] Administración: Charlotte Spopovich ha dado miembro a Stefano Priciani de la familia 1.
[2018/4/29 - 17:15:48] Administración: Charlotte Spopovich ha dado miembro a Elizabeth Spopovich de la familia 1.
[2018/4/29 - 17:18:53] Administración: Charlotte Spopovich ha dado miembro a Rodger Collyns de la familia 1.
[2018/4/29 - 17:29:49] Administración: Charlotte Spopovich ha disuelto la ranura de la familia 1
[2018/4/29 - 17:43:34] Administración: Brayan Osorio ha sacado a Salomondo Chacon de la familia 0.
[2018/4/30 - 0:26:51] Administración: Brayan Osorio ha dado miembro a Brayan Osorio de la familia 10.
[2018/4/30 - 0:27:5] Administración: Brayan Osorio ha dado miembro a Brayan Osorio de la familia 4.
[2018/4/30 - 3:49:34] Administración: Brayan Osorio ha dado miembro a Elizabeth Spopovich de la familia 4.
[2018/4/30 - 3:54:28] Administración: Brayan Osorio ha sacado a Frenddys Martinez de la familia 0.
[2018/4/30 - 4:1:47] Administración: Brayan Osorio ha dado miembro a Frenddys Martinez de la familia 2.
[2018/4/30 - 4:1:58] Administración: Brayan Osorio ha dado lider Frenddys Martinez a la familia 2.
[2018/4/30 - 17:31:36] Administración: Brayan Osorio ha quitado lider Elizabeth Spopovich la familia 0.
[2018/4/30 - 17:31:54] Administración: Brayan Osorio ha sacado a Elizabeth Spopovich de la familia 0.
[2018/4/30 - 17:48:7] Administración: Brayan Osorio ha sacado a Charlotte Spopovich de la familia 0.
[2018/5/1 - 19:32:5] Administración: Brayan Osorio ha sacado a Asaff Khatab de la familia 0.
[2018/5/2 - 18:51:44] Administración: Brayan Osorio ha disuelto la ranura de la familia 4
[2018/5/2 - 18:52:10] Administración: Brayan Osorio ha dado Ali Mohammed ranura de la familia 4.
[2018/5/2 - 19:3:38] Administración: Brayan Osorio ha dado miembro a Brayan Osorio de la familia 4.
[2018/5/2 - 19:5:45] Administración: Brayan Osorio ha dado lider Ali Mohammed a la familia 4.
[2018/5/2 - 19:7:5] Administración: Brayan Osorio ha dado lider Ali Mohammed a la familia 4.
[2018/5/3 - 17:37:25] Administración: Brayan Osorio ha dado Viss Kabarton ranura de la familia 8.
[2018/5/3 - 17:38:13] Administración: Brayan Osorio ha dado miembro a Brayan Osorio de la familia 8.
[2018/5/3 - 17:41:20] Administración: Brayan Osorio ha dado lider Viss Kabarton a la familia 8.
[2018/5/3 - 18:22:27] Administración: Brayan Osorio ha dado lider Frenddys Martinez a la familia 2.
[2018/5/3 - 20:37:51] Administración: Brayan Osorio ha dado lider Ali Mohammed a la familia 8.
[2018/5/3 - 20:38:3] Administración: Brayan Osorio ha dado lider Ali Mohammed a la familia 4.
[2018/5/3 - 20:38:18] Administración: Brayan Osorio ha dado lider Brayan Osorio a la familia 8.
[2018/5/3 - 21:20:0] Administración: Brayan Osorio ha sacado a Brayan Osorio de la familia 0.
[2018/5/3 - 21:47:8] Administración: Brayan Osorio ha disuelto la ranura de la familia 5
[2018/5/3 - 21:47:18] Administración: Brayan Osorio ha disuelto la ranura de la familia 6
[2018/5/4 - 0:40:46] Administración: Brayan Osorio ha dado miembro a Ali Mohammed de la familia 4.
[2018/5/4 - 0:41:40] Administración: Brayan Osorio ha dado lider Ali Mohammed a la familia 4.
[2018/5/4 - 0:42:4] Administración: Brayan Osorio ha sacado a Brayan Osorio de la familia 0.
[2018/5/4 - 0:42:9] Administración: Brayan Osorio ha dado miembro a Brayan Osorio de la familia 4.
[2018/5/4 - 0:42:47] Administración: Brayan Osorio ha dado lider Ali Mohammed a la familia 4.
