[2013/1/28 - 17:12:56] AdmWarn: Alexander Greco has created garage ID 1.
[2013/1/28 - 17:16:40] AdmWarn: Josh Cave has created garage ID 1.
[2013/1/28 - 17:16:45] Alexander Greco has bought garage id 1.
[2013/1/28 - 17:40:5] AdmWarn: Alexander Greco has created garage ID 2.
[2013/1/28 - 17:40:14] Alexander Greco has bought garage id 2.
[2013/1/29 - 17:41:15] Alexander Greco has sold garage id 1 to the market.
[2013/1/29 - 17:41:23] AdmWarn: Alexander Greco has deleted Alexander_Greco's garage. (ID 1)
[2013/1/29 - 17:41:25] AdmWarn: Alexander Greco has deleted Alexander_Greco's garage. (ID 2)
[2013/1/31 - 18:49:20] AdmWarn: Josh Cave has created garage ID 1.
[2013/1/31 - 18:49:24] Josh Cave has bought garage id 1.
[2013/1/31 - 18:50:38] AdmWarn: Josh Cave has deleted Josh_Cave's garage. (ID 1)
[2013/2/3 - 20:13:51] AdmWarn: Alexander Greco has created garage ID 1.
[2013/2/3 - 20:14:4] Alexander Greco has bought garage id 1.
[2013/2/3 - 20:14:57] Alexander Greco has sold garage id 1 to the market.
[2013/2/3 - 20:15:2] AdmWarn: Alexander Greco has deleted Alexander_Greco's garage. (ID 1)
[2013/2/6 - 2:26:36] AdmWarn: Steven Colt has created garage ID 1.
[2013/2/6 - 2:26:44] Steven Colt has bought garage id 1.
[2013/2/6 - 2:28:1] AdmWarn: Steven Colt has set garage ID 1's level to 1.
[2013/2/6 - 2:28:4] AdmWarn: Steven Colt has set garage ID 1's level to 2.
[2013/2/6 - 2:28:9] AdmWarn: Steven Colt has set garage ID 1's level to 10.
[2013/2/6 - 2:28:37] AdmWarn: Steven Colt has deleted Steven_Colt's garage. (ID 1)
[2013/2/7 - 14:37:28] AdmWarn: Josh Cave has created garage ID 1.
[2013/2/7 - 14:37:31] Josh Cave has bought garage id 1.
[2013/2/7 - 14:38:38] AdmWarn: Josh Cave has sold Josh_Cave's garage. (ID 1)
[2013/2/7 - 14:38:43] AdmWarn: Josh Cave has deleted Josh_Cave's garage. (ID 1)
[2013/2/16 - 10:36:51] AdmWarn: Josh Cave has created garage ID 1.
[2013/2/16 - 10:36:55] Josh Cave has bought garage id 1.
[2013/2/16 - 10:37:30] AdmWarn: Josh Cave has deleted Josh_Cave's garage. (ID 1)
[2013/2/19 - 15:23:18] AdmWarn: Josh Cave has created garage ID 1.
[2013/2/19 - 15:23:22] Josh Cave has bought garage id 1.
[2013/2/19 - 15:24:45] AdmWarn: Josh Cave has deleted Josh_Cave's garage. (ID 1)
[2013/3/9 - 18:24:47] AdmWarn: John Cormier has created garage ID 1.
[2013/3/9 - 18:25:8] John Cormier has bought garage id 1.
[2013/3/9 - 18:27:43] AdmWarn: John Cormier has deleted John_Cormier's garage. (ID 1)
[2013/3/10 - 16:33:51] AdmWarn: John Cormier has created garage ID 1.
[2013/3/10 - 16:34:7] SASM has bought garage id 1.
[2013/3/10 - 16:34:48] AdmWarn: John Cormier has deleted SASM's garage. (ID 1)
[2017/6/25 - 1:43:59] AdmWarn: Giovanni Salvatore has created garage ID 1.
[2017/6/25 - 1:44:20] Giovanni Salvatore has bought garage id 1.
[2017/6/25 - 1:44:50] AdmWarn: Giovanni Salvatore has deleted Giovanni_Salvatore's garage. (ID 1)
[2017/7/9 - 17:17:28] AdmWarn: Oscar Pinto has created garage ID 1.
[2017/7/9 - 17:17:50] AdmWarn: Oscar Pinto has deleted garage ID 1.
[2017/7/9 - 17:17:59] AdmWarn: Oscar Pinto has created garage ID 1.
[2017/7/9 - 17:18:4] AdmWarn: Oscar Pinto has deleted garage ID 1.
[2017/7/11 - 12:14:34] AdmWarn: Oscar Pinto has created garage ID 1.
[2017/7/11 - 12:14:41] Oscar Pinto ha comprado el garaje id 1.
[2017/7/11 - 12:16:9] AdmWarn: Oscar Pinto has set garage ID 1's level to 10.
[2017/7/11 - 12:16:13] AdmWarn: Oscar Pinto has set garage ID 1's level to 9.
[2017/7/11 - 12:16:16] AdmWarn: Oscar Pinto has set garage ID 1's level to 5.
[2017/7/11 - 12:16:21] AdmWarn: Oscar Pinto has set garage ID 1's level to 1.
[2017/7/11 - 12:16:24] AdmWarn: Oscar Pinto has set garage ID 1's level to 2.
[2017/7/11 - 12:16:28] AdmWarn: Oscar Pinto has set garage ID 1's level to 3.
[2017/7/11 - 12:16:34] AdmWarn: Oscar Pinto has set garage ID 1's level to 1.
[2017/7/11 - 12:17:8] AdmWarn: Oscar Pinto has set garage ID 1's level to 10.
[2017/7/11 - 12:17:13] AdmWarn: Oscar Pinto has set garage ID 1's level to 1.
[2017/7/11 - 12:17:16] AdmWarn: Oscar Pinto has set garage ID 1's level to 2.
[2017/7/11 - 12:17:18] AdmWarn: Oscar Pinto has set garage ID 1's level to 3.
[2017/7/11 - 12:17:20] AdmWarn: Oscar Pinto has set garage ID 1's level to 4.
[2017/7/11 - 12:17:23] AdmWarn: Oscar Pinto has set garage ID 1's level to 1.
[2017/7/11 - 12:26:28] AdmWarn: Oscar Pinto has sold Oscar_Pinto's garage. (ID 1)
[2017/7/11 - 12:26:35] AdmWarn: Oscar Pinto has deleted Oscar_Pinto's garage. (ID 1)
[2017/8/1 - 0:54:41] AdmWarn: Francis Drake has created garage ID 1.
[2017/8/1 - 0:54:56] AdmWarn: Francis Drake has deleted garage ID 1.
[2017/9/24 - 17:33:37] Administración: Miguel Salvatore has created garage ID 1.
[2017/9/24 - 17:36:44] Administración: Miguel Salvatore has deleted garage ID 1.
[2017/9/24 - 18:40:46] Administración: Miguel Salvatore has created garage ID 1.
[2017/9/24 - 18:40:50] Miguel Salvatore ha comprado el garaje ID 1.
[2017/9/24 - 19:1:50] Administración: Miguel Salvatore has set garage ID 1's level to 10.
[2017/9/24 - 19:1:54] Administración: Miguel Salvatore has set garage ID 1's level to 2.
[2017/9/24 - 19:1:56] Administración: Miguel Salvatore has set garage ID 1's level to 3.
[2017/9/24 - 19:1:59] Administración: Miguel Salvatore has set garage ID 1's level to 3.
[2017/9/24 - 19:2:36] Administración: Miguel Salvatore has deleted Miguel_Salvatore's garage. (ID 1)
[2017/10/13 - 16:34:3] Administración: Miguel Salvatore has created garage ID 1.
[2017/10/13 - 16:57:11] Administración: Miguel Salvatore has set garage ID 1's level to 2.
[2017/10/13 - 16:57:25] Miguel Salvatore ha comprado el garaje ID 1.
[2017/10/13 - 16:58:1] Administración: Miguel Salvatore has set garage ID 1's level to 1.
[2017/10/13 - 17:9:31] Administración: Miguel Salvatore ha ajustado el nivel del garage ID 1 a 1.
[2017/10/13 - 17:10:16] Miguel Salvatore ha vendido el garaje id 1 al Estado.
[2017/10/13 - 17:16:32] Administración: Miguel Salvatore ha vendido garage de Miguel_Salvatore. (ID 1)
[2017/10/13 - 17:17:1] Administración: Miguel Salvatore ha borrado el garage de Miguel_Salvatore. (ID 1)
[2017/10/13 - 17:17:9] Administración: Miguel Salvatore ha creado un garage ID 1.
[2017/10/13 - 17:17:21] Miguel Salvatore ha comprado el garaje ID 1.
[2017/10/13 - 17:18:32] Administración: Miguel Salvatore ha borrado el garage de Miguel_Salvatore. (ID 1)
[2018/4/17 - 15:26:59] Administración: Oscar Pinto ha creado un garage ID 2.
[2018/4/17 - 15:27:9] Oscar Pinto ha comprado el garaje ID 2.
[2018/4/17 - 15:28:22] Administración: Oscar Pinto ha borrado el garage de Miguel_Salvatore. (ID 1)
[2018/4/17 - 15:28:28] Administración: Oscar Pinto ha borrado el garage de Oscar_Pinto. (ID 2)
[2018/4/21 - 17:27:32] Administración: Oscar Pinto ha creado un garage ID 1.
[2018/4/21 - 17:31:26] Administración: Oscar Pinto ha creado un garage ID 2.
[2018/4/21 - 17:34:15] Brayan Osorio ha comprado el garaje ID 1.
[2018/4/23 - 17:10:38] Charlotte Spopovich ha comprado el garaje ID 2.
[2018/4/29 - 6:32:0] Administración: Miguel Salvatore ha creado un garage ID 3.
[2018/4/29 - 6:32:10] Miguel Salvatore ha comprado el garaje ID 3.
[2018/4/29 - 22:38:25] Administración: Miguel Salvatore ha cambiado de posicion del Garage id 1.
[2018/4/29 - 22:38:40] Administración: Miguel Salvatore ha borrado el garage de Miguel_Salvatore. (ID 3)
[2018/4/29 - 22:39:15] Administración: Miguel Salvatore ha cambiado de posicion del Garage id 1.
[2018/5/5 - 18:25:31] Administración: Brayan Osorio ha borrado el garage de Brayan_Osorio. (ID 1)
[2018/5/5 - 18:25:42] Administración: Brayan Osorio ha creado un garage ID 1.
[2018/5/5 - 18:28:31] Brayan Osorio ha comprado el garaje ID 1.
[2018/5/5 - 18:29:2] Administración: Brayan Osorio ha cambiado de posicion del Garage id 1.
