[2012/8/29 - 16:35:40] AdmWarn: Abdo has created gate ID 6. (Object: 1)
[2012/8/29 - 16:35:45] AdmWarn: Abdo has created gate ID 7. (Object: 1)
[2012/8/29 - 16:41:42] AdmWarn: Abdo has created gate ID 8. (Object: 2)
[2012/8/29 - 16:41:49] AdmWarn: Westen has deleted gate ID 8.
[2012/8/29 - 16:42:3] AdmWarn: Westen has created gate ID 8. (Object: 820)
[2012/8/29 - 16:42:9] AdmWarn: Westen has deleted gate ID 8.
[2012/8/29 - 16:42:30] AdmWarn: Westen has created gate ID 8. (Object: 980)
[2012/8/29 - 16:47:5] AdmWarn: Westen has deleted gate ID 8.
[2012/8/31 - 20:0:52] AdmWarn: Jimmy has created gate ID 8. (Object: 5706)
[2012/8/31 - 20:1:37] AdmWarn: Jimmy has deleted gate ID 8.
[2012/8/31 - 20:4:45] AdmWarn: Jimmy has created gate ID 8. (Object: 3879)
[2012/8/31 - 20:6:14] AdmWarn: Jimmy has deleted gate ID 8.
[2012/8/31 - 20:6:22] AdmWarn: Jimmy has created gate ID 8. (Object: 980)
[2012/8/31 - 20:10:37] AdmWarn: Jimmy has deleted gate ID 8.
[2012/8/31 - 20:12:14] AdmWarn: Jimmy has created gate ID 8. (Object: 980)
[2012/8/31 - 20:19:25] AdmWarn: Jimmy has created gate ID 9. (Object: 987)
[2012/8/31 - 20:19:31] AdmWarn: Jimmy has deleted gate ID 9.
[2012/8/31 - 20:19:33] AdmWarn: Jimmy has created gate ID 9. (Object: 986)
[2012/8/31 - 20:19:37] AdmWarn: Jimmy has deleted gate ID 9.
[2012/8/31 - 20:19:40] AdmWarn: Jimmy has created gate ID 9. (Object: 985)
[2012/8/31 - 20:19:43] AdmWarn: Jimmy has deleted gate ID 9.
[2012/8/31 - 20:19:44] AdmWarn: Jimmy has created gate ID 9. (Object: 984)
[2012/8/31 - 20:19:50] AdmWarn: Jimmy has deleted gate ID 9.
[2012/8/31 - 20:19:52] AdmWarn: Jimmy has created gate ID 9. (Object: 983)
[2012/8/31 - 20:19:55] AdmWarn: Jimmy has deleted gate ID 9.
[2012/8/31 - 20:19:57] AdmWarn: Jimmy has created gate ID 9. (Object: 982)
[2012/8/31 - 20:20:0] AdmWarn: Jimmy has deleted gate ID 9.
[2012/8/31 - 20:20:5] AdmWarn: Jimmy has created gate ID 9. (Object: 988)
[2012/8/31 - 20:20:8] AdmWarn: Jimmy has deleted gate ID 9.
[2012/8/31 - 20:20:10] AdmWarn: Jimmy has created gate ID 9. (Object: 989)
[2012/8/31 - 20:20:14] AdmWarn: Jimmy has deleted gate ID 9.
[2012/8/31 - 20:20:17] AdmWarn: Jimmy has created gate ID 9. (Object: 990)
[2012/8/31 - 20:20:20] AdmWarn: Jimmy has deleted gate ID 9.
[2012/8/31 - 20:20:22] AdmWarn: Jimmy has created gate ID 9. (Object: 991)
[2012/8/31 - 20:20:25] AdmWarn: Jimmy has deleted gate ID 9.
[2012/8/31 - 20:20:28] AdmWarn: Jimmy has created gate ID 9. (Object: 979)
[2012/8/31 - 20:20:33] AdmWarn: Jimmy has created gate ID 10. (Object: 978)
[2012/8/31 - 20:20:36] AdmWarn: Jimmy has created gate ID 11. (Object: 977)
[2012/8/31 - 20:20:40] AdmWarn: Jimmy has created gate ID 12. (Object: 976)
[2012/8/31 - 20:20:45] AdmWarn: Jimmy has deleted gate ID 11.
[2012/8/31 - 20:20:47] AdmWarn: Jimmy has deleted gate ID 10.
[2012/8/31 - 20:20:49] AdmWarn: Jimmy has deleted gate ID 9.
[2012/8/31 - 20:20:54] AdmWarn: Jimmy has deleted gate ID 12.
[2012/8/31 - 20:20:59] AdmWarn: Jimmy has created gate ID 9. (Object: 975)
[2012/8/31 - 20:21:6] AdmWarn: Jimmy has deleted gate ID 9.
[2012/8/31 - 20:21:9] AdmWarn: Jimmy has created gate ID 9. (Object: 974)
[2012/8/31 - 20:21:13] AdmWarn: Jimmy has deleted gate ID 9.
[2012/8/31 - 20:21:15] AdmWarn: Jimmy has created gate ID 9. (Object: 973)
[2012/8/31 - 20:21:18] AdmWarn: Jimmy has deleted gate ID 9.
[2012/8/31 - 20:21:20] AdmWarn: Jimmy has created gate ID 9. (Object: 972)
[2012/8/31 - 20:21:23] AdmWarn: Jimmy has deleted gate ID 9.
[2012/8/31 - 20:21:25] AdmWarn: Jimmy has created gate ID 9. (Object: 971)
[2012/8/31 - 20:21:29] AdmWarn: Jimmy has deleted gate ID 9.
[2012/8/31 - 20:21:31] AdmWarn: Jimmy has created gate ID 9. (Object: 970)
[2012/8/31 - 20:21:34] AdmWarn: Jimmy has deleted gate ID 9.
[2012/8/31 - 20:21:36] AdmWarn: Jimmy has created gate ID 9. (Object: 969)
[2012/8/31 - 20:21:41] AdmWarn: Jimmy has deleted gate ID 9.
[2012/8/31 - 20:21:43] AdmWarn: Jimmy has created gate ID 9. (Object: 968)
[2012/8/31 - 20:21:45] AdmWarn: Jimmy has deleted gate ID 9.
[2012/8/31 - 20:21:47] AdmWarn: Jimmy has created gate ID 9. (Object: 967)
[2012/8/31 - 20:21:52] AdmWarn: Jimmy has deleted gate ID 9.
[2012/8/31 - 20:21:56] AdmWarn: Jimmy has created gate ID 9. (Object: 969)
[2012/10/7 - 20:47:38] AdmWarn: Perverse has created gate ID 1. (Object: 971)
[2012/10/7 - 20:47:59] AdmWarn: Perverse has deleted gate ID 1.
[2012/10/7 - 20:48:51] AdmWarn: Perverse has created gate ID 1. (Object: 971)
[2012/10/7 - 20:50:38] AdmWarn: Perverse has deleted gate ID 1.
[2012/10/7 - 21:28:8] AdmWarn: Perverse has created gate ID 1. (Object: 971)
[2012/10/7 - 21:30:2] AdmWarn: Perverse has created gate ID 2. (Object: 971)
[2012/10/7 - 23:41:53] AdmWarn: Perverse has created gate ID 3. (Object: 972)
[2012/10/7 - 23:42:16] AdmWarn: Perverse has deleted gate ID 3.
[2012/10/7 - 23:42:23] AdmWarn: Perverse has created gate ID 3. (Object: 973)
[2012/10/7 - 23:46:34] AdmWarn: Perverse has deleted gate ID 3.
[2012/10/8 - 20:39:33] AdmWarn: Perverse has created gate ID 3. (Object: 1617)
[2012/10/8 - 20:39:40] AdmWarn: Perverse has deleted gate ID 3.
[2012/10/8 - 20:39:57] AdmWarn: Perverse has created gate ID 3. (Object: 1516)
[2012/10/8 - 20:40:19] AdmWarn: Perverse has deleted gate ID 3.
[2012/10/8 - 20:40:34] AdmWarn: Perverse has created gate ID 3. (Object: 1679)
[2012/10/8 - 20:41:56] AdmWarn: Perverse has created gate ID 4. (Object: 1617)
[2012/10/8 - 21:6:30] AdmWarn: Perverse has created gate ID 5. (Object: 1617)
[2012/10/8 - 21:6:39] AdmWarn: Perverse has deleted gate ID 5.
[2012/10/8 - 21:6:44] AdmWarn: Perverse has created gate ID 5. (Object: 1679)
[2012/10/8 - 21:10:46] AdmWarn: Perverse has created gate ID 6. (Object: 988)
[2012/10/8 - 21:12:40] AdmWarn: Perverse has created gate ID 7. (Object: 946)
[2012/10/10 - 23:18:53] AdmWarn: Roland has created gate ID 8. (Object: 1)
[2012/10/10 - 23:21:14] AdmWarn: Roland has deleted gate ID 8.
[2012/10/11 - 17:32:7] AdmWarn: Roland has created gate ID 8. (Object: 2634)
[2012/10/12 - 14:10:42] AdmWarn: Superman has made Jay Jayson an owner of gate ID 2. (Slot 1)
[2012/10/12 - 14:12:5] AdmWarn: Superman has made Jay Jayson an owner of gate ID 2. (Slot 1)
[2012/10/12 - 14:12:16] AdmWarn: Superman has made Superman an owner of gate ID 2. (Slot 1)
[2012/10/12 - 17:41:56] AdmWarn: Andrew has made Andrew an owner of gate ID 1. (Slot 1)
[2012/10/12 - 23:18:20] AdmWarn: Andrew has made NouieMan an owner of gate ID 1. (Slot 2)
[2012/10/12 - 23:18:26] AdmWarn: Andrew has made Andrew an owner of gate ID 1. (Slot 2)
[2012/10/13 - 19:26:2] AdmWarn: NouieMan has created gate ID 9. (Object: 969)
[2012/10/13 - 19:32:27] AdmWarn: NouieMan has created gate ID 10. (Object: 969)
[2012/10/13 - 19:35:5] AdmWarn: NouieMan has created gate ID 11. (Object: 1612)
[2012/10/13 - 19:37:18] AdmWarn: NouieMan has deleted gate ID 11.
[2012/10/13 - 19:38:26] AdmWarn: NouieMan has created gate ID 11. (Object: 8493)
[2012/10/13 - 21:14:51] AdmWarn: NouieMan has created gate ID 11. (Object: 8493)
[2012/10/13 - 21:20:7] AdmWarn: NouieMan has deleted gate ID 11.
[2012/10/13 - 21:21:41] AdmWarn: NouieMan has deleted gate ID 9.
[2012/10/13 - 21:23:3] AdmWarn: NouieMan has created gate ID 9. (Object: 971)
[2012/10/13 - 21:28:23] AdmWarn: NouieMan has deleted gate ID 9.
[2012/10/14 - 0:27:1] AdmWarn: NouieMan has created gate ID 9. (Object: 1427)
[2012/10/14 - 0:27:30] AdmWarn: NouieMan has deleted gate ID 9.
[2012/10/14 - 0:56:26] AdmWarn: NouieMan has created gate ID 9. (Object: 969)
[2012/11/16 - 23:17:13] AdmWarn: Josh has created gate ID 9. (Object: 480)
[2012/11/16 - 23:17:22] AdmWarn: Josh has deleted gate ID 5.
[2012/11/17 - 8:55:52] AdmWarn: Josh has created gate ID 5. (Object: 480)
[2012/11/17 - 8:55:55] AdmWarn: Josh has created gate ID 11. (Object: 480)
[2012/11/17 - 8:56:4] AdmWarn: Josh has deleted gate ID 5.
[2012/11/17 - 8:56:5] AdmWarn: Josh has deleted gate ID 11.
[2012/11/18 - 8:21:44] AdmWarn: Josh has created gate ID 5. (Object: 2513)
[2012/11/18 - 8:22:28] AdmWarn: Josh has deleted gate ID 5.
[2012/11/18 - 8:22:33] AdmWarn: Josh has created gate ID 5. (Object: 480)
[2012/11/18 - 8:22:49] AdmWarn: Josh has deleted gate ID 5.
[2012/11/18 - 8:29:25] AdmWarn: Josh has deleted gate ID 9.
[2012/11/18 - 11:48:50] AdmWarn: Josh has created gate ID 5. (Object: 964)
[2012/11/18 - 11:51:16] AdmWarn: Josh has deleted gate ID 5.
[2012/11/18 - 13:59:31] AdmWarn: Josh McArtin has created gate ID 5. (Object: 580)
[2012/11/18 - 13:59:43] AdmWarn: Josh McArtin has deleted gate ID 5.
[2012/11/18 - 13:59:47] AdmWarn: Josh McArtin has created gate ID 5. (Object: 480)
[2012/11/18 - 14:0:1] AdmWarn: Josh McArtin has deleted gate ID 5.
[2012/11/18 - 14:5:2] AdmWarn: Josh McArtin has created gate ID 5. (Object: 969)
[2012/11/18 - 14:6:37] AdmWarn: Josh McArtin has made Josh McArtin an owner of gate ID 5. (Slot 1)
[2012/11/18 - 14:6:52] AdmWarn: Josh McArtin has deleted gate ID 3.
[2012/11/18 - 14:10:12] AdmWarn: Josh McArtin has created gate ID 3. (Object: 969)
[2012/11/18 - 14:11:25] AdmWarn: Josh McArtin has made Josh McArtin an owner of gate ID 3. (Slot 2)
[2012/11/18 - 14:11:42] AdmWarn: Josh McArtin has created gate ID 9. (Object: 969)
[2012/11/18 - 14:13:8] AdmWarn: Josh McArtin has made Josh McArtin an owner of gate ID 9. (Slot 3)
[2012/11/18 - 14:18:19] AdmWarn: Josh McArtin has created gate ID 11. (Object: 969)
[2012/11/18 - 14:19:32] AdmWarn: Josh McArtin has made Jake Mackenzie an owner of gate ID 11. (Slot 1)
[2012/11/18 - 14:19:53] AdmWarn: Josh McArtin has deleted gate ID 11.
[2012/11/18 - 14:19:53] AdmWarn: Josh McArtin has deleted Jake Mackenzie's slot 1 gate. (ID: 11)
[2012/11/18 - 15:9:51] AdmWarn: Josh McArtin has created gate ID 11. (Object: 969)
[2012/11/18 - 15:10:36] AdmWarn: Josh McArtin has made Santosh Cave an owner of gate ID 11. (Slot 1)
[2012/11/18 - 15:26:29] AdmWarn: Josh Cave has removed Josh Cave's gate ownership in slot 2.
[2012/11/18 - 15:26:33] AdmWarn: Josh Cave has removed Josh Cave's gate ownership in slot 3.
[2012/11/18 - 15:51:24] AdmWarn: Josh Cave has created gate ID 12. (Object: 969)
[2012/11/18 - 15:58:23] AdmWarn: Josh Cave has made Mike Edwrads an owner of gate ID 12. (Slot 1)
[2012/11/18 - 16:0:9] AdmWarn: Josh Cave has created gate ID 13. (Object: 969)
[2012/11/18 - 16:1:30] AdmWarn: Josh Cave has created gate ID 14. (Object: 969)
[2012/11/18 - 14:46:29] AdmWarn: Josh Cave has created gate ID 15. (Object: 969)
[2012/11/18 - 14:48:0] AdmWarn: Josh Cave has deleted gate ID 15.
[2012/11/18 - 14:48:55] AdmWarn: Josh Cave has deleted gate ID 1.
[2012/11/18 - 14:48:56] AdmWarn: Josh Cave has deleted gate ID 2.
[2012/11/18 - 17:16:34] AdmWarn: Josh Cave has created gate ID 15. (Object: 969)
[2012/11/18 - 17:18:44] AdmWarn: Josh Cave has made Alek Yevtushenko an owner of gate ID 15. (Slot 1)
[2012/11/18 - 17:19:54] AdmWarn: Josh Cave has created gate ID 16. (Object: 969)
[2012/11/18 - 17:21:32] AdmWarn: Josh Cave has made Alek Yevtushenko an owner of gate ID 16. (Slot 2)
[2012/11/19 - 12:4:10] AdmWarn: Josh Cave has created gate ID 17. (Object: 969)
[2012/11/19 - 12:5:22] AdmWarn: Josh Cave has made Roger Andrews an owner of gate ID 17. (Slot 1)
[2012/11/19 - 12:5:30] AdmWarn: Josh Cave has deleted gate ID 17.
[2012/11/19 - 12:5:30] AdmWarn: Josh Cave has deleted Roger Andrews's slot 1 gate. (ID: 17)
[2012/11/19 - 12:14:49] AdmWarn: Josh Cave has created gate ID 17. (Object: 969)
[2012/11/19 - 12:15:35] AdmWarn: Josh Cave has deleted gate ID 17.
[2012/11/20 - 9:44:9] AdmWarn: Josh Cave has created gate ID 17. (Object: 969)
[2012/11/20 - 9:47:12] AdmWarn: Josh Cave has deleted gate ID 17.
[2012/11/20 - 9:47:33] AdmWarn: Josh Cave has deleted gate ID 10.
[2012/11/20 - 9:47:37] AdmWarn: Josh Cave has deleted gate ID 11.
[2012/11/20 - 9:47:45] AdmWarn: Josh Cave has deleted gate ID 7.
[2012/11/20 - 9:47:46] AdmWarn: Josh Cave has deleted gate ID 6.
[2012/11/20 - 9:47:58] AdmWarn: Josh Cave has deleted gate ID 4.
[2012/11/20 - 9:48:6] AdmWarn: Josh Cave has created gate ID 4. (Object: 969)
[2012/11/20 - 9:48:47] AdmWarn: Josh Cave has deleted gate ID 4.
[2012/11/20 - 9:53:14] AdmWarn: Josh Cave has created gate ID 17. (Object: 969)
[2012/11/20 - 9:53:38] AdmWarn: Josh Cave has deleted gate ID 17.
[2012/11/22 - 16:49:30] AdmWarn: Josh Cave has created gate ID 17. (Object: 969)
[2012/11/22 - 16:50:23] AdmWarn: Josh Cave has deleted gate ID 17.
[2012/11/24 - 20:54:10] AdmWarn: Josh Cave has created gate ID 17. (Object: 969)
[2012/11/24 - 20:55:14] AdmWarn: Josh Cave has made Norman Jayden an owner of gate ID 17. (Slot 1)
[2012/11/24 - 20:55:27] AdmWarn: Josh Cave has removed Norman Jayden's gate ownership in slot 1.
[2012/11/24 - 20:55:33] AdmWarn: Josh Cave has deleted gate ID 17.
[2012/11/25 - 18:35:2] AdmWarn: Josh Cave has created gate ID 17. (Object: 3070)
[2012/11/25 - 18:35:12] AdmWarn: Josh Cave has deleted gate ID 17.
[2012/11/25 - 18:35:34] AdmWarn: Josh Cave has created gate ID 17. (Object: 3074)
[2012/11/25 - 18:36:1] AdmWarn: Josh Cave has deleted gate ID 17.
[2012/11/25 - 18:36:19] AdmWarn: Josh Cave has created gate ID 17. (Object: 1462)
[2012/11/25 - 18:36:31] AdmWarn: Josh Cave has deleted gate ID 17.
[2012/11/25 - 18:41:52] AdmWarn: Josh Cave has created gate ID 17. (Object: 19463)
[2012/12/4 - 20:13:15] AdmWarn: Josh Cave has created gate ID 18. (Object: 969)
[2012/12/4 - 20:13:43] AdmWarn: Josh Cave has deleted gate ID 16.
[2012/12/4 - 20:17:36] AdmWarn: Josh Cave has deleted gate ID 18.
[2012/12/4 - 20:17:46] AdmWarn: Josh Cave has created gate ID 16. (Object: 969)
[2012/12/4 - 20:20:12] AdmWarn: Josh Cave has deleted gate ID 16.
[2012/12/4 - 20:20:42] AdmWarn: Josh Cave has created gate ID 16. (Object: 3074)
[2012/12/4 - 20:21:1] AdmWarn: Josh Cave has deleted gate ID 16.
[2012/12/4 - 20:21:28] AdmWarn: Josh Cave has created gate ID 16. (Object: 3094)
[2012/12/4 - 20:21:41] AdmWarn: Josh Cave has deleted gate ID 16.
[2012/12/4 - 20:21:51] AdmWarn: Josh Cave has created gate ID 16. (Object: 3095)
[2012/12/4 - 20:24:47] AdmWarn: Josh Cave has created gate ID 18. (Object: 3074)
[2012/12/4 - 20:24:59] AdmWarn: Josh Cave has deleted gate ID 16.
[2012/12/4 - 20:25:1] AdmWarn: Josh Cave has deleted gate ID 18.
[2012/12/4 - 20:25:6] AdmWarn: Josh Cave has created gate ID 16. (Object: 3075)
[2012/12/14 - 19:51:6] AdmWarn: Josh Cave has created gate ID 18. (Object: 969)
[2012/12/14 - 19:52:9] AdmWarn: Josh Cave has made Dwayne Hazel an owner of gate ID 18. (Slot 1)
[2012/12/14 - 19:52:16] AdmWarn: Josh Cave has deleted gate ID 18.
[2012/12/14 - 19:52:16] AdmWarn: Josh Cave has deleted Dwayne Hazel's slot 1 gate. (ID: 18)
[2012/12/15 - 16:47:17] AdmWarn: Josh Cave has deleted gate ID 5.
[2012/12/15 - 16:47:17] AdmWarn: Josh Cave has deleted Josh Cave's slot 1 gate. (ID: 5)
[2012/12/15 - 16:48:12] AdmWarn: Josh Cave has created gate ID 5. (Object: 969)
[2012/12/19 - 12:12:6] AdmWarn: Josh Cave has created gate ID 18. (Object: 969)
[2012/12/19 - 12:15:5] AdmWarn: Josh Cave has deleted gate ID 1.
[2012/12/19 - 12:15:6] AdmWarn: Josh Cave has deleted gate ID 2.
[2012/12/19 - 12:15:7] AdmWarn: Josh Cave has deleted gate ID 3.
[2012/12/19 - 12:15:8] AdmWarn: Josh Cave has deleted gate ID 4.
[2012/12/19 - 12:15:9] AdmWarn: Josh Cave has deleted gate ID 5.
[2012/12/19 - 12:15:10] AdmWarn: Josh Cave has deleted gate ID 6.
[2012/12/19 - 12:15:11] AdmWarn: Josh Cave has deleted gate ID 7.
[2012/12/19 - 12:15:13] AdmWarn: Josh Cave has deleted gate ID 8.
[2012/12/19 - 12:15:14] AdmWarn: Josh Cave has deleted gate ID 9.
[2012/12/19 - 12:15:16] AdmWarn: Josh Cave has deleted gate ID 10.
[2012/12/19 - 12:15:17] AdmWarn: Josh Cave has deleted gate ID 11.
[2012/12/19 - 12:15:18] AdmWarn: Josh Cave has deleted gate ID 12.
[2012/12/19 - 12:15:19] AdmWarn: Josh Cave has deleted gate ID 13.
[2012/12/19 - 12:15:20] AdmWarn: Josh Cave has deleted gate ID 14.
[2012/12/19 - 12:15:37] AdmWarn: Josh Cave has created gate ID 1. (Object: 984)
[2012/12/19 - 12:15:41] AdmWarn: Josh Cave has created gate ID 2. (Object: 985)
[2012/12/19 - 12:15:47] AdmWarn: Josh Cave has deleted gate ID 1.
[2012/12/19 - 12:18:49] AdmWarn: Josh Cave has created gate ID 1. (Object: 969)
[2012/12/19 - 12:21:24] AdmWarn: Josh Cave has created gate ID 3. (Object: 984)
[2012/12/19 - 12:21:28] AdmWarn: Josh Cave has created gate ID 4. (Object: 985)
[2012/12/19 - 12:21:36] AdmWarn: Josh Cave has deleted gate ID 3.
[2012/12/19 - 12:21:37] AdmWarn: Josh Cave has deleted gate ID 4.
[2012/12/19 - 12:21:52] AdmWarn: Josh Cave has created gate ID 3. (Object: 969)
[2012/12/19 - 12:21:59] AdmWarn: Josh Cave has deleted gate ID 3.
[2012/12/19 - 12:37:3] AdmWarn: Josh Cave has deleted gate ID 2.
[2012/12/19 - 12:40:4] AdmWarn: Josh Cave has created gate ID 2. (Object: 989)
[2012/12/19 - 12:40:9] AdmWarn: Josh Cave has created gate ID 3. (Object: 990)
[2012/12/19 - 12:40:16] AdmWarn: Josh Cave has deleted gate ID 2.
[2012/12/19 - 12:40:17] AdmWarn: Josh Cave has deleted gate ID 3.
[2012/12/19 - 12:40:22] AdmWarn: Josh Cave has created gate ID 2. (Object: 990)
[2012/12/19 - 12:40:43] AdmWarn: Josh Cave has deleted gate ID 2.
[2012/12/19 - 12:40:48] AdmWarn: Josh Cave has created gate ID 2. (Object: 985)
[2012/12/19 - 12:41:13] AdmWarn: Josh Cave has deleted gate ID 2.
[2012/12/19 - 12:41:18] AdmWarn: Josh Cave has created gate ID 2. (Object: 984)
[2012/12/19 - 12:45:16] AdmWarn: Josh Cave has deleted gate ID 1.
[2012/12/19 - 12:45:17] AdmWarn: Josh Cave has deleted gate ID 2.
[2012/12/19 - 12:45:27] AdmWarn: Josh Cave has created gate ID 1. (Object: 1)
[2012/12/19 - 12:45:40] AdmWarn: Josh Cave has deleted gate ID 1.
[2012/12/19 - 12:45:43] AdmWarn: Josh Cave has created gate ID 1. (Object: 969)
[2012/12/19 - 12:46:17] AdmWarn: Josh Cave has deleted gate ID 1.
[2012/12/19 - 19:54:53] AdmWarn: Josh Cave has deleted gate ID 10.
[2012/12/19 - 19:55:12] AdmWarn: Josh Cave has deleted gate ID 5.
[2012/12/20 - 5:20:43] AdmWarn: Josh Cave has deleted gate ID 4.
[2012/12/20 - 15:9:2] AdmWarn: Josh Cave has created gate ID 4. (Object: 985)
[2012/12/20 - 15:9:6] AdmWarn: Josh Cave has deleted gate ID 4.
[2012/12/20 - 15:9:11] AdmWarn: Josh Cave has created gate ID 4. (Object: 984)
[2012/12/20 - 15:11:9] AdmWarn: Josh Cave has deleted gate ID 4.
[2012/12/20 - 16:26:28] AdmWarn: Josh Cave has deleted gate ID 14.
[2012/12/20 - 16:26:29] AdmWarn: Josh Cave has deleted gate ID 13.
[2012/12/20 - 16:26:38] AdmWarn: Josh Cave has deleted gate ID 3.
[2012/12/20 - 16:26:39] AdmWarn: Josh Cave has deleted gate ID 9.
[2012/12/20 - 16:28:46] AdmWarn: Josh Cave has created gate ID 3. (Object: 986)
[2012/12/20 - 16:28:52] AdmWarn: Josh Cave has deleted gate ID 3.
[2012/12/20 - 16:29:0] AdmWarn: Josh Cave has created gate ID 3. (Object: 990)
[2012/12/20 - 16:29:6] AdmWarn: Josh Cave has deleted gate ID 3.
[2012/12/20 - 16:29:10] AdmWarn: Josh Cave has created gate ID 3. (Object: 981)
[2012/12/20 - 16:29:19] AdmWarn: Josh Cave has deleted gate ID 3.
[2012/12/20 - 16:29:23] AdmWarn: Josh Cave has created gate ID 3. (Object: 984)
[2012/12/20 - 16:32:2] AdmWarn: Josh Cave has deleted gate ID 3.
[2012/12/20 - 16:32:6] AdmWarn: Josh Cave has created gate ID 3. (Object: 986)
[2012/12/20 - 16:32:12] AdmWarn: Josh Cave has created gate ID 4. (Object: 987)
[2012/12/20 - 16:32:21] AdmWarn: Josh Cave has deleted gate ID 3.
[2012/12/20 - 18:18:0] AdmWarn: Samantha Castillo has created gate ID 3. (Object: 969)
[2012/12/21 - 15:8:32] AdmWarn: Josh Cave has created gate ID 5. (Object: 969)
[2012/12/21 - 15:9:35] AdmWarn: Josh Cave has deleted gate ID 5.
[2012/12/21 - 17:51:58] AdmWarn: Dwayne HazeI has created gate ID 5. (Object: 980)
[2012/12/21 - 17:53:48] AdmWarn: Dwayne HazeI has made Dwayne HazeI an owner of gate ID 5. (Slot 3)
[2012/12/21 - 17:57:21] AdmWarn: Josh Cave has deleted gate ID 5.
[2012/12/21 - 17:57:21] AdmWarn: Josh Cave has deleted Dwayne HazeI's slot 3 gate. (ID: 5)
[2012/12/22 - 12:57:20] AdmWarn: Josh Cave has created gate ID 5. (Object: 984)
[2012/12/22 - 12:57:23] AdmWarn: Josh Cave has created gate ID 9. (Object: 985)
[2012/12/22 - 12:57:27] AdmWarn: Josh Cave has deleted gate ID 5.
[2012/12/22 - 12:57:28] AdmWarn: Josh Cave has deleted gate ID 6.
[2012/12/22 - 12:57:32] AdmWarn: Josh Cave has deleted gate ID 9.
[2012/12/22 - 12:57:55] AdmWarn: Josh Cave has created gate ID 5. (Object: 985)
[2012/12/23 - 6:52:9] AdmWarn: Josh Cave has created gate ID 6. (Object: 969)
[2012/12/23 - 6:53:43] AdmWarn: Josh Cave has deleted gate ID 6.
[2012/12/23 - 18:59:25] AdmWarn: Katie Castillo has deleted gate ID 2.
[2012/12/28 - 14:42:55] AdmWarn: Josh Cave has deleted gate ID 11.
[2012/12/29 - 1:13:29] AdmWarn: Alek Yevtushenko has created gate ID 2. (Object: 5)
[2012/12/29 - 1:14:2] AdmWarn: Alek Yevtushenko has deleted gate ID 2.
[2012/12/31 - 7:44:9] AdmWarn: Josh Cave has created gate ID 2. (Object: 969)
[2012/12/31 - 7:44:53] AdmWarn: Josh Cave has deleted gate ID 2.
[2013/1/26 - 19:2:48] AdmWarn: Josh Cave has created gate ID 1. (Object: 969)
[2013/1/26 - 19:3:25] AdmWarn: Josh Cave has deleted gate ID 1.
[2013/1/30 - 11:37:43] AdmWarn: Alexander Greco has created gate ID 1. (Object: 985)
[2013/1/30 - 11:38:47] AdmWarn: Alexander Greco has deleted gate ID 1.
[2013/1/30 - 11:38:59] AdmWarn: Alexander Greco has created gate ID 1. (Object: 985)
[2013/1/30 - 11:39:14] AdmWarn: Alexander Greco has deleted gate ID 1.
[2013/1/30 - 11:39:20] AdmWarn: Alexander Greco has created gate ID 1. (Object: 985)
[2013/1/30 - 11:39:32] AdmWarn: Alexander Greco has deleted gate ID 1.
[2013/1/30 - 11:39:35] AdmWarn: Alexander Greco has created gate ID 1. (Object: 985)
[2013/1/30 - 11:44:9] AdmWarn: Alexander Greco has created gate ID 2. (Object: 985)
[2013/1/30 - 11:45:21] AdmWarn: Alexander Greco has deleted gate ID 2.
[2013/1/30 - 11:45:34] AdmWarn: Alexander Greco has created gate ID 2. (Object: 985)
[2013/1/30 - 11:45:45] AdmWarn: Alexander Greco has deleted gate ID 2.
[2013/1/30 - 11:45:50] AdmWarn: Alexander Greco has created gate ID 2. (Object: 985)
[2013/1/30 - 11:45:59] AdmWarn: Alexander Greco has deleted gate ID 2.
[2013/1/30 - 11:46:8] AdmWarn: Alexander Greco has created gate ID 2. (Object: 985)
[2013/1/30 - 13:22:53] AdmWarn: Alexander Greco has created gate ID 3. (Object: 985)
[2013/2/6 - 2:30:43] AdmWarn: Steven Colt has created gate ID 4. (Object: 986)
[2013/2/6 - 2:32:27] AdmWarn: Steven Colt has deleted gate ID 4.
[2013/2/11 - 8:42:0] AdmWarn: Josh Cave has created gate ID 4. (Object: 985)
[2013/2/11 - 8:42:5] AdmWarn: Josh Cave has deleted gate ID 4.
[2013/2/11 - 8:42:7] AdmWarn: Josh Cave has created gate ID 4. (Object: 986)
[2013/2/11 - 8:42:17] AdmWarn: Josh Cave has deleted gate ID 4.
[2013/2/11 - 8:42:21] AdmWarn: Josh Cave has created gate ID 4. (Object: 987)
[2013/2/19 - 15:22:42] AdmWarn: Josh Cave has created gate ID 5. (Object: 985)
[2013/2/19 - 15:23:16] AdmWarn: Josh Cave has deleted gate ID 5.
[2013/2/20 - 17:7:26] AdmWarn: Harley Reid has created gate ID 5. (Object: 819)
[2013/2/20 - 17:7:35] AdmWarn: Harley Reid has deleted gate ID 5.
[2013/2/20 - 17:9:32] AdmWarn: Harley Reid has created gate ID 5. (Object: 2909)
[2013/2/20 - 17:10:21] AdmWarn: Harley Reid has deleted gate ID 5.
[2013/2/20 - 17:10:28] AdmWarn: Harley Reid has created gate ID 5. (Object: 2909)
[2013/2/20 - 17:10:32] AdmWarn: Harley Reid has deleted gate ID 5.
[2013/2/20 - 17:10:39] AdmWarn: Harley Reid has created gate ID 5. (Object: 2909)
[2013/2/20 - 17:12:19] AdmWarn: Harley Reid has created gate ID 6. (Object: 2909)
[2013/2/20 - 17:12:52] AdmWarn: Harley Reid has deleted gate ID 6.
[2013/2/20 - 17:13:47] AdmWarn: Harley Reid has created gate ID 6. (Object: 19375)
[2013/2/20 - 17:13:59] AdmWarn: Harley Reid has created gate ID 7. (Object: 19458)
[2013/2/20 - 17:14:8] AdmWarn: Harley Reid has deleted gate ID 6.
[2013/2/20 - 17:14:44] AdmWarn: Harley Reid has deleted gate ID 7.
[2013/2/21 - 17:48:58] AdmWarn: Harley Reid has made Harley Reid an owner of gate ID 5. (Slot 1)
[2013/2/23 - 10:10:26] AdmWarn: Harley Reid has deleted gate ID 5.
[2013/2/23 - 10:10:26] AdmWarn: Harley Reid has deleted Harley Reid's slot 1 gate. (ID: 5)
[2013/2/23 - 13:23:26] AdmWarn: Harley Reid has created gate ID 5. (Object: 968)
[2013/2/23 - 13:26:55] AdmWarn: Harley Reid has deleted gate ID 5.
[2013/2/23 - 13:27:11] AdmWarn: Harley Reid has created gate ID 5. (Object: 980)
[2013/3/9 - 18:22:38] AdmWarn: John Cormier has created gate ID 6. (Object: 969)
[2013/3/9 - 18:24:29] AdmWarn: John Cormier has deleted gate ID 6.
[2013/3/9 - 18:24:36] AdmWarn: John Cormier has deleted gate ID 1.
[2013/3/23 - 15:2:50] AdmWarn: Rasmus Jensen has created gate ID 6. (Object: 2920)
[2013/3/23 - 15:3:5] AdmWarn: Rasmus Jensen has deleted gate ID 6.
[2013/3/23 - 15:4:15] AdmWarn: Rasmus Jensen has created gate ID 6. (Object: 1000)
[2013/3/23 - 15:4:25] AdmWarn: Rasmus Jensen has deleted gate ID 6.
[2013/3/23 - 15:4:57] AdmWarn: Rasmus Jensen has created gate ID 6. (Object: 619)
[2013/3/23 - 15:5:0] AdmWarn: Rasmus Jensen has deleted gate ID 6.
[2013/3/23 - 15:5:12] AdmWarn: Rasmus Jensen has created gate ID 6. (Object: 917)
[2013/3/23 - 15:5:16] AdmWarn: Rasmus Jensen has deleted gate ID 6.
[2013/3/23 - 15:5:54] AdmWarn: Rasmus Jensen has created gate ID 6. (Object: 971)
[2013/3/23 - 15:6:1] AdmWarn: Rasmus Jensen has deleted gate ID 6.
[2013/3/23 - 15:6:7] AdmWarn: Rasmus Jensen has created gate ID 6. (Object: 971)
[2013/3/23 - 15:7:47] AdmWarn: Rasmus Jensen has made Rasmus Jensen an owner of gate ID 6. (Slot 1)
[2013/3/23 - 15:27:23] AdmWarn: Rasmus Jensen has created gate ID 7. (Object: 10)
[2013/3/23 - 15:27:38] AdmWarn: Rasmus Jensen has deleted gate ID 7.
[2017/7/10 - 21:15:23] AdmWarn: Oscar Pinto has created gate ID 1. (Object: 1)
[2017/7/10 - 21:15:41] AdmWarn: Oscar Pinto has deleted gate ID 1.
[2017/7/10 - 21:16:21] AdmWarn: Oscar Pinto has created gate ID 1. (Object: 975)
[2017/7/10 - 21:19:37] AdmWarn: Oscar Pinto has deleted gate ID 1.
[2017/7/11 - 12:12:13] AdmWarn: Oscar Pinto has created gate ID 1. (Object: 975)
[2017/7/11 - 12:13:46] AdmWarn: Oscar Pinto has deleted gate ID 1.
[2017/7/13 - 11:19:31] AdmWarn: Oscar Pinto has created gate ID 1. (Object: 975)
[2017/7/13 - 11:21:14] AdmWarn: Oscar Pinto has deleted gate ID 1.
[2017/7/13 - 13:34:8] AdmWarn: Oscar Pinto has created gate ID 1. (Object: 2990)
[2017/7/13 - 13:34:22] AdmWarn: Oscar Pinto has deleted gate ID 1.
[2017/7/13 - 13:34:27] AdmWarn: Oscar Pinto has created gate ID 1. (Object: 975)
[2017/8/5 - 17:14:6] AdmWarn: Jhon Mustang has created gate ID 2. (Object: 980)
[2017/8/5 - 20:32:37] AdmWarn: Jhon Mustang has created gate ID 2. (Object: 985)
[2017/8/5 - 20:32:46] AdmWarn: Jhon Mustang has deleted gate ID 2.
[2017/8/5 - 20:32:51] AdmWarn: Jhon Mustang has created gate ID 2. (Object: 975)
[2017/9/20 - 11:33:4] Administración: Miguel Salvatore ha creado el porton ID 3. (Objeto: 975)
[2017/9/20 - 11:34:45] Administración: Miguel Salvatore ha borrado el porton ID 3.
[2017/11/2 - 0:51:44] Administración: Miguel Salvatore ha creado el porton ID 3. (Objeto: 980)
[2017/11/2 - 0:52:54] Administración: Miguel Salvatore ha borrado el porton ID 3.
[2017/11/2 - 0:55:24] Administración: Miguel Salvatore ha creado el porton ID 3. (Objeto: 980)
[2017/11/2 - 0:56:22] Administración: Miguel Salvatore ha borrado el porton ID 3.
[2018/4/8 - 20:7:27] Administración: Oscar Pinto ha creado el porton ID 3. (Objeto: 980)
[2018/4/8 - 20:9:0] Administración: Oscar Pinto ha creado el porton ID 4. (Objeto: 980)
[2018/4/8 - 20:10:27] Administración: Oscar Pinto ha creado el porton ID 5. (Objeto: 980)
[2018/4/9 - 2:36:36] Administración: Oscar Pinto ha creado el porton ID 6. (Objeto: 975)
[2018/4/10 - 3:6:48] Administración: Oscar Pinto ha creado el porton ID 7. (Objeto: 980)
[2018/4/10 - 3:8:41] Administración: Oscar Pinto ha borrado el porton ID 7.
[2018/4/10 - 3:8:48] Administración: Oscar Pinto ha creado el porton ID 7. (Objeto: 980)
[2018/4/11 - 2:22:35] Administración: Oscar Pinto ha creado el porton ID 8. (Objeto: 980)
[2018/4/11 - 2:24:40] Administración: Oscar Pinto ha creado el porton ID 9. (Objeto: 980)
[2018/4/11 - 16:6:19] Administración: Oscar Pinto ha creado el porton ID 10. (Objeto: 1495)
[2018/4/12 - 22:16:36] Administración: Oscar Pinto ha creado el porton ID 11. (Objeto: 980)
[2018/4/16 - 22:13:35] Administración: Miguel Salvatore ha creado el porton ID 12. (Objeto: 980)
[2018/4/21 - 17:41:30] Administración: Victoria Robles ha creado el porton ID 13. (Objeto: 212)
[2018/4/21 - 17:42:12] Administración: Oscar Pinto ha borrado el porton ID 13.
[2018/4/22 - 7:24:38] Administración: Miguel Salvatore ha creado el porton ID 13. (Objeto: 980)
[2018/5/4 - 18:30:43] Administración: Brayan Osorio ha creado el porton ID 14. (Objeto: 980)
