[2012/12/23 - 12:0:17] AdmWarn: Josh Cave ejected DeAndre Moore from hospital.
[2013/3/9 - 18:31:49] AdmWarn: Nev Smith has revived Nev Smith.
[2013/3/9 - 18:31:52] AdmWarn: Nev Smith has revived Nev Smith.
[2013/3/9 - 18:48:18] AdmWarn: John Cormier has revived John Cormier.
[2013/3/19 - 14:17:28] AdmWarn: John Cormier has revived John Cormier.
[2013/3/22 - 21:23:36] AdmWarn: Jono Luck has revived Jono Luck.
[2013/3/23 - 12:50:32] AdmWarn: Henrik Tucker has revived Henrik Tucker.
[2013/3/23 - 13:23:49] AdmWarn: John Cormier has revived John Cormier.
[2013/4/15 - 21:38:57] AdmWarn: Maximus Galvanius has revived Maximus Galvanius.
[2017/7/12 - 18:37:31] AdmWarn: Oscar Pinto ejected Oscar Pinto from hospital.
[2017/7/12 - 18:37:40] AdmWarn: Oscar Pinto has revived Oscar Pinto.
[2017/7/12 - 18:37:42] AdmWarn: Oscar Pinto has revived Oscar Pinto.
[2017/7/12 - 18:53:34] AdmWarn: Oscar Pinto has revived Oscar Pinto.
[2017/7/14 - 1:12:36] AdmWarn: Oscar Pinto has revived Victoria Robles.
[2017/8/2 - 21:4:57] AdmWarn: Oscar Pinto has revived Miguel Rodriguez.
[2017/8/3 - 20:59:57] AdmWarn: Oscar Pinto has revived Oscar Pinto.
[2017/8/3 - 21:0:6] AdmWarn: Oscar Pinto ejected Oscar Pinto from hospital.
[2017/8/4 - 0:30:18] AdmWarn: Oscar Pinto ejected Oscar Pinto from hospital.
[2017/8/5 - 2:34:59] AdmWarn: Jhon Mustang has revived Jhon Mustang.
[2017/8/5 - 2:35:5] AdmWarn: Jhon Mustang ejected Jhon Mustang from hospital.
[2017/8/5 - 2:36:11] AdmWarn: Jhon Mustang has revived Victoria Robles.
[2017/8/5 - 5:20:45] AdmWarn: Jhon Mustang has revived Jhon Mustang.
[2017/8/5 - 5:20:49] AdmWarn: Jhon Mustang ejected Jhon Mustang from hospital.
[2017/8/5 - 5:58:52] AdmWarn: Jhon Mustang ejected Jhon Mustang from hospital.
[2017/8/7 - 0:22:34] AdmWarn: Bot Admin has revived Vinnie Paz.
[2017/8/7 - 0:22:42] AdmWarn: Bot Admin ejected Vinnie Paz from hospital.
[2017/8/7 - 3:57:36] AdmWarn: Oscar Pinto ejected Emiliano Juarez from hospital.
[2018/4/10 - 2:9:40] Administración: Santiago Martin ha revivido a Santiago Martin.
[2018/4/10 - 4:46:58] Administración: Santiago Martin ha revivido a Manolo Perez.
[2018/4/10 - 15:18:57] Administración: Santiago Martin ha revivido a Samuel Dybala.
[2018/4/11 - 1:30:20] Administración: Santiago Martin ha revivido a Manolo Perez.
[2018/4/11 - 5:28:8] Administración: Igor Spopovich ha revivido a Igor Spopovich.
[2018/4/11 - 21:42:6] Administración: Igor Spopovich ha revivido a Igor Spopovich.
[2018/4/11 - 22:0:54] Administración: Igor Spopovich ha revivido a Igor Spopovich.
[2018/4/12 - 2:59:53] Administración: Santiago Martin ha revivido a Manolo Perez.
[2018/4/12 - 2:59:54] Administración: Santiago Martin ha revivido a Alfonso Hoegaarden.
[2018/4/12 - 3:42:54] Administración: Santiago Martin ha revivido a Manolo Perez.
[2018/4/15 - 15:50:9] Administración: Igor Spopovich ha revivido a Igor Spopovich.
[2018/4/15 - 21:39:50] Administración: Igor Spopovich ha revivido a Jack Sumgrace.
[2018/4/15 - 21:40:5] Administración: Igor Spopovich ha revivido a Jack Sumgrace.
[2018/4/16 - 19:58:28] Administración: Elizabeth Spopovich ha revivido a Elizabeth Spopovich.
[2018/4/16 - 19:58:31] Administración: Elizabeth Spopovich ha revivido a Elizabeth Spopovich.
[2018/4/18 - 18:4:29] Administración: Elizabeth Spopovich ha revivido a Isaac Rufino.
[2018/4/18 - 20:4:41] Administración: Elizabeth Spopovich ha revivido a Elizabeth Spopovich.
[2018/4/25 - 22:58:6] Administración: Elizabeth Spopovich ha revivido a Diego Milan.
[2018/4/28 - 16:37:3] Administración: Elizabeth Spopovich ha revivido a Charlotte Spopovich.
[2018/5/1 - 4:22:53] Administración: Elizabeth Spopovich ha revivido a Elizabeth Spopovich.
