[2012/10/7 - 23:16:30] Help Report from [0] Takeshi Tanaka: Where is the nearist gun store?
[2012/10/7 - 23:17:1] Help Report from [0] Takeshi Tanaka: Where is the nearist gun store?
[2012/10/7 - 23:17:34] Help Report from [0] Takeshi Tanaka: Where is the nearist gun store?
[2012/10/7 - 23:45:17] Help Report from [2] Roland: hao 2 b admen
[2012/10/8 - 21:34:50] Help Report from [0] Alan Diesel: It's gmodder110 here
[2012/10/8 - 21:58:27] Help Report from [1] Greg Evans: who's owner?
[2012/10/9 - 20:21:23] Help Report from [4] Matic Kepa: HIGH RP?
[2012/10/10 - 20:4:3] Help Report from [3] Luch Ashford: I can't move.
[2012/10/10 - 23:53:19] Help Report from [3] Alan Diesel: niggers be testing this shit
[2012/10/14 - 15:45:6] Help Report from [2] Takeshi Tanaka: Nouie tp to me pls
[2012/11/18 - 16:8:26] Help Report from [0] Josh Cave: help me plz
[2012/11/22 - 17:27:34] Help Report from [2] Moe Lester: Help me!
[2012/11/22 - 17:33:8] Help Report from [2] Moe Lester: lol
[2012/11/24 - 21:24:23] Help Report from [2] Jim Corrigan: i wet myself which areas are diapers located?
[2012/11/25 - 18:57:2] Help Report from [0] Robbin Loyal: bitch
[2012/11/25 - 19:3:48] Help Report from [3] Luciano Pavarotti: help me im fallin and i cant get up!!!
[2012/12/11 - 14:48:55] Help Report from [0] Max Andersson: what can i do im alone here
[2012/12/20 - 9:9:58] Help Report from [1] Henrik Tucker: what is the prefered FPS limit for this server?
[2012/12/20 - 19:52:16] Help Report from [2] Sergey Petrov: wont fucking help
[2012/12/21 - 3:17:40] Help Report from [2] Albert Collin: se
[2012/12/21 - 3:27:1] Help Report from [2] Albert Collin: what is DMV?
[2012/12/21 - 3:33:23] Help Report from [2] Albert Collin: is it true that i need to buy a car to drive one?
[2012/12/21 - 15:49:29] Help Report from [4] Natalie Severin: Testing
[2012/12/21 - 16:58:59] Help Report from [4] DeAndre Moore: Where are the other clothing stores besides Binco in Ganton?
[2012/12/21 - 17:1:10] Help Report from [4] DeAndre Moore: Where are the clothing stores?
[2012/12/21 - 17:35:27] Help Report from [4] DeAndre Moore: How do I create a family?
[2012/12/22 - 13:15:58] Help Report from [0] Micheal Thompson: test
[2012/12/23 - 12:40:29] Help Report from [1] Josh Cave: What's my name again?
[2012/12/23 - 13:31:0] Help Report from [5] Frodo Baggins: how do i get a simcard
[2012/12/23 - 13:32:3] Help Report from [2] Micheal Thopmson: test
[2012/12/23 - 17:47:36] Help Report from [0] Steven Colt: Test
[2012/12/27 - 13:23:50] Help Report from [2] Piotr Ivanovichh: hai
[2012/12/28 - 3:5:33] Help Report from [0] Katya Yevtushenko: shit
[2012/12/28 - 4:49:4] Help Report from [3] Xander Knox: I suffer from goneria, I need Help.
[2012/12/28 - 4:49:37] Help Report from [3] Xander Knox: Any cars I can rent?
[2012/12/28 - 14:50:16] Help Report from [3] Roman Tabanov: I am stuck under the ground.
[2012/12/28 - 15:33:24] Help Report from [12] Piotr Ivanovichh: test
[2012/12/28 - 15:51:14] Help Report from [7] Xander Knox: Admin spec me, there a random ass gate in the air lol
[2012/12/28 - 15:53:19] Help Report from [7] Xander Knox: FALLING, ENTERED THE BANK AND NOW FALLING
[2012/12/28 - 15:54:28] Help Report from [8] Andy McQueeny: Fell through stairs
[2012/12/28 - 15:55:8] Help Report from [7] Xander Knox: Found a random gate in the air above Pigpen
[2012/12/28 - 16:5:27] Help Report from [3] Roman Tabanov: I think you need to see this bug..
[2012/12/28 - 16:7:26] Help Report from [7] Xander Knox: Need my VW fixed, and teleported.
[2012/12/28 - 17:8:23] Help Report from [8] Joseph Capone: is there any drive-able car out there?
[2012/12/28 - 17:14:58] Help Report from [4] Antony Newton: Help me plz
[2012/12/29 - 0:42:43] Help Report from [1] Xander Knox: WELP, SQUIRALS TRYING TO CRAWL INTO MY BUM HOLIOOOOOOOOOOOOOOOOOO
[2013/1/1 - 15:6:33] Help Report from [1] Chris Lipro: test
[2013/1/30 - 8:5:1] Help Report from [0] Nikita Greco: :o
[2013/1/30 - 13:15:48] Help Report from [0] Alexander Greco: halp
[2013/2/1 - 13:23:19] Help Report from [5] Andrew Mando: I'm stuck inside the DMV
[2013/2/1 - 15:7:5] Help Report from [0] Milhouse vHouten: help
[2013/2/7 - 15:19:17] Help Report from [0] Josh Cave: test
[2013/2/9 - 17:27:26] Help Report from [0] Justin Case: Ah
[2013/2/9 - 17:27:53] Help Report from [0] Justin Case: Ah
[2013/2/20 - 15:33:1] Help Report from [5] Victor Forenzo: It says I dont have a vehicle when the /stats says I have a huntley
[2013/2/20 - 15:33:57] Help Report from [5] Victor Forenzo: Does LSPD have a leader?
[2013/2/20 - 15:55:32] Help Report from [5] Victor Forenzo: Can I speak to Josh?
[2013/2/20 - 16:38:55] Help Report from [5] Vinny Alo: Harley could I speak to you?
[2013/2/20 - 17:3:55] Help Report from [5] Vinny Alo: I quit PD but I still am on duty?
[2013/2/23 - 14:15:48] Help Report from [0] Micheal Thopmson: test
[2013/2/23 - 16:20:42] Help Report from [0] Justin Case: a
[2013/3/23 - 19:35:58] Help Report from [4] Steve Sanchez: Where is the Dealership
[2017/6/22 - 1:32:34] Help Report from [0] Giovanni Salvatore: a
[2017/6/22 - 23:39:14] Help Report from [0] Giovanni Salvatore: a
[2017/7/8 - 17:54:30] Duda de [0] Oscar Pinto: dsflkj
[2017/7/9 - 16:34:9] Duda de [2] Pedro Teves: maricón xd
[2017/7/12 - 11:59:15] Duda de [0] Oscar Pinto: asdasd
[2017/7/12 - 19:15:12] Duda de [0] Oscar Pinto: fsdf
[2017/7/13 - 17:46:27] Para responderle /rduda 0
[2017/7/13 - 17:46:51] Para responderle /rduda 1
[2017/7/13 - 17:52:15] Para responderle /rduda 1
[2017/7/13 - 17:52:38] Para responderle /rduda 0
[2017/7/13 - 17:53:17] Para responderle /rduda 1
[2017/7/13 - 22:53:33] Para responderle /rduda 2
[2017/7/13 - 23:3:40] Para responderle /rduda 1
[2017/7/14 - 0:29:0] Para responderle /rduda 2
[2017/7/16 - 20:32:55] Para responderle /rduda 0
[2017/7/31 - 0:0:23] Para responder /rduda 1
[2017/7/31 - 0:6:36] Para responder /rduda 1
[2017/7/31 - 18:44:41] Para responder /rduda 1
[2017/8/1 - 2:32:18] Para responder /rduda 1
[2017/8/1 - 4:52:27] Para responder /rduda 1
[2017/8/1 - 17:27:14] Para responder /rduda 0
[2017/8/2 - 20:45:0] Para responder /rduda 6
[2017/8/2 - 20:49:14] Para responder /rduda 6
[2017/8/2 - 21:7:36] Para responder /rduda 6
[2017/8/5 - 5:24:22] Para responder /rduda 1
[2017/8/5 - 5:42:51] Para responder /rduda 1
[2017/8/5 - 13:45:35] Para responder /rduda 0
[2017/8/5 - 13:58:47] Para responder /rduda 2
[2017/8/5 - 13:58:52] Para responder /rduda 0
[2017/8/5 - 14:3:41] Para responder /rduda 2
[2017/8/5 - 14:7:13] Para responder /rduda 3
[2017/8/5 - 14:9:35] Para responder /rduda 3
[2017/8/5 - 16:52:45] Para responder /rduda 1
[2017/8/5 - 17:1:29] Para responder /rduda 3
[2017/8/5 - 17:2:43] Para responder /rduda 5
[2017/8/5 - 17:4:47] Para responder /rduda 5
[2017/8/5 - 17:6:41] Para responder /rduda 5
[2017/8/5 - 17:8:22] Para responder /rduda 4
[2017/8/5 - 17:9:40] Para responder /rduda 3
[2017/8/5 - 17:10:49] Para responder /rduda 3
[2017/8/5 - 17:12:37] Para responder /rduda 4
[2017/8/5 - 17:14:19] Para responder /rduda 2
[2017/8/5 - 17:15:4] Para responder /rduda 1
[2017/8/5 - 17:17:42] Para responder /rduda 3
[2017/8/5 - 17:18:24] Para responder /rduda 3
[2017/8/5 - 17:21:48] Para responder /rduda 0
[2017/8/5 - 17:21:51] Para responder /rduda 4
[2017/8/5 - 17:22:49] Para responder /rduda 0
[2017/8/5 - 17:23:29] Para responder /rduda 0
[2017/8/5 - 19:7:57] Para responder /rduda 3
[2017/8/5 - 19:9:26] Para responder /rduda 1
[2017/8/5 - 19:10:26] Para responder /rduda 4
[2017/8/5 - 19:11:17] Para responder /rduda 1
[2017/8/5 - 19:13:0] Para responder /rduda 1
[2017/8/5 - 19:13:5] Para responder /rduda 4
[2017/8/5 - 19:16:12] Para responder /rduda 1
[2017/8/5 - 19:23:49] Para responder /rduda 1
[2017/8/5 - 19:24:50] Para responder /rduda 1
[2017/8/5 - 19:28:59] Para responder /rduda 1
[2017/8/5 - 19:30:32] Para responder /rduda 1
[2017/8/5 - 19:31:6] Para responder /rduda 1
[2017/8/5 - 19:35:34] Para responder /rduda 1
[2017/8/5 - 19:49:30] Para responder /rduda 1
[2017/8/5 - 19:55:34] Para responder /rduda 2
[2017/8/5 - 19:58:55] Para responder /rduda 3
[2017/8/5 - 19:59:15] Para responder /rduda 2
[2017/8/5 - 19:59:55] Para responder /rduda 3
[2017/8/5 - 20:3:13] Para responder /rduda 3
[2017/8/5 - 20:5:19] Para responder /rduda 1
[2017/8/5 - 20:5:45] Para responder /rduda 4
[2017/8/5 - 20:9:16] Para responder /rduda 1
[2017/8/5 - 20:15:4] Para responder /rduda 4
[2017/8/5 - 20:16:52] Para responder /rduda 1
[2017/8/5 - 20:19:15] Para responder /rduda 4
[2017/8/5 - 20:25:43] Para responder /rduda 1
[2017/8/5 - 20:30:38] Para responder /rduda 4
[2017/8/5 - 20:34:32] Para responder /rduda 5
[2017/8/5 - 20:37:47] Para responder /rduda 4
[2017/8/5 - 20:38:49] Para responder /rduda 2
[2017/8/5 - 20:39:25] Para responder /rduda 4
[2017/8/5 - 20:40:12] Para responder /rduda 4
[2017/8/5 - 20:40:40] Para responder /rduda 4
[2017/8/5 - 20:42:9] Para responder /rduda 1
[2017/8/5 - 20:44:47] Para responder /rduda 4
[2017/8/5 - 20:45:44] Para responder /rduda 1
[2017/8/5 - 20:52:53] Para responder /rduda 4
[2017/8/5 - 20:52:59] Para responder /rduda 1
[2017/8/5 - 21:7:4] Para responder /rduda 4
[2017/8/5 - 21:9:17] Para responder /rduda 4
[2017/8/5 - 21:13:59] Para responder /rduda 4
[2017/8/5 - 21:21:38] Para responder /rduda 4
[2017/8/5 - 21:48:30] Para responder /rduda 4
[2017/8/5 - 22:0:5] Para responder /rduda 1
[2017/8/5 - 22:0:43] Para responder /rduda 1
[2017/8/5 - 22:10:12] Para responder /rduda 1
[2017/8/5 - 22:12:5] Para responder /rduda 1
[2017/8/5 - 22:18:22] Para responder /rduda 1
[2017/8/5 - 22:32:45] Para responder /rduda 4
[2017/8/5 - 22:41:25] Para responder /rduda 3
[2017/8/5 - 22:45:19] Para responder /rduda 3
[2017/8/5 - 22:52:21] Para responder /rduda 3
[2017/8/5 - 22:53:57] Para responder /rduda 4
[2017/8/5 - 22:54:49] Para responder /rduda 1
[2017/8/5 - 23:41:50] Para responder /rduda 4
[2017/8/5 - 23:53:8] Para responder /rduda 1
[2017/8/5 - 23:54:2] Para responder /rduda 1
[2017/8/6 - 0:27:49] Para responder /rduda 1
[2017/8/6 - 1:2:11] Para responder /rduda 1
[2017/8/6 - 1:3:56] Para responder /rduda 1
[2017/8/6 - 1:13:14] Para responder /rduda 2
[2017/8/6 - 1:19:25] Para responder /rduda 1
[2017/8/6 - 1:24:7] Para responder /rduda 1
[2017/8/6 - 1:50:2] Para responder /rduda 1
[2017/8/6 - 2:4:49] Para responder /rduda 2
[2017/8/6 - 2:49:31] Para responder /rduda 1
[2017/8/6 - 2:50:28] Para responder /rduda 1
[2017/8/6 - 2:54:17] Para responder /rduda 1
[2017/8/6 - 3:2:46] Para responder /rduda 0
[2017/8/6 - 3:3:36] Para responder /rduda 0
[2017/8/6 - 3:4:20] Para responder /rduda 0
[2017/8/6 - 3:5:10] Para responder /rduda 2
[2017/8/6 - 3:8:4] Para responder /rduda 0
[2017/8/6 - 3:9:37] Para responder /rduda 2
[2017/8/6 - 3:9:44] Para responder /rduda 0
[2017/8/6 - 3:10:21] Para responder /rduda 0
[2017/8/6 - 3:10:27] Para responder /rduda 1
[2017/8/6 - 3:27:8] Para responder /rduda 0
[2017/8/6 - 3:31:5] Para responder /rduda 0
[2017/8/6 - 3:33:56] Para responder /rduda 2
[2017/8/6 - 3:38:52] Para responder /rduda 2
[2017/8/6 - 3:40:1] Para responder /rduda 2
[2017/8/6 - 3:42:36] Para responder /rduda 0
[2017/8/6 - 3:43:10] Para responder /rduda 0
[2017/8/6 - 3:46:56] Para responder /rduda 2
[2017/8/6 - 4:7:44] Para responder /rduda 0
[2017/8/6 - 4:44:14] Para responder /rduda 3
[2017/8/6 - 4:44:42] Para responder /rduda 1
[2017/8/6 - 4:49:26] Para responder /rduda 1
[2017/8/6 - 4:51:23] Para responder /rduda 3
[2017/8/6 - 17:10:28] Para responder /rduda 0
[2017/8/6 - 17:13:43] Para responder /rduda 2
[2017/8/6 - 17:19:59] Para responder /rduda 2
[2017/8/6 - 17:20:14] Para responder /rduda 3
[2017/8/6 - 17:21:46] Para responder /rduda 3
[2017/8/6 - 17:27:21] Para responder /rduda 3
[2017/8/6 - 17:28:24] Para responder /rduda 3
[2017/8/6 - 17:35:47] Para responder /rduda 2
[2017/8/6 - 17:39:34] Para responder /rduda 2
[2017/8/6 - 17:57:50] Para responder /rduda 2
[2017/8/6 - 18:4:11] Para responder /rduda 3
[2017/8/6 - 18:6:29] Para responder /rduda 1
[2017/8/6 - 18:12:44] Para responder /rduda 2
[2017/8/6 - 18:22:56] Para responder /rduda 2
[2017/8/6 - 18:29:32] Para responder /rduda 2
[2017/8/6 - 18:40:44] Para responder /rduda 7
[2017/8/6 - 18:40:49] Para responder /rduda 6
[2017/8/6 - 18:41:30] Para responder /rduda 3
[2017/8/6 - 18:41:39] Para responder /rduda 8
[2017/8/6 - 18:44:12] Para responder /rduda 3
[2017/8/6 - 18:44:23] Para responder /rduda 7
[2017/8/6 - 18:45:51] Para responder /rduda 8
[2017/8/6 - 18:52:57] Para responder /rduda 2
[2017/8/6 - 18:53:58] Para responder /rduda 2
[2017/8/6 - 18:58:51] Para responder /rduda 2
[2017/8/6 - 19:3:27] Para responder /rduda 8
[2017/8/6 - 19:5:22] Para responder /rduda 2
[2017/8/6 - 19:6:6] Para responder /rduda 3
[2017/8/6 - 19:7:31] Para responder /rduda 2
[2017/8/6 - 19:10:20] Para responder /rduda 3
[2017/8/6 - 19:12:48] Para responder /rduda 2
[2017/8/6 - 19:18:38] Para responder /rduda 5
[2017/8/6 - 19:20:16] Para responder /rduda 5
[2017/8/6 - 19:20:59] Para responder /rduda 5
[2017/8/6 - 19:56:19] Para responder /rduda 2
[2017/8/6 - 20:8:23] Para responder /rduda 2
[2017/8/6 - 23:9:39] Para responder /rduda 1
[2017/8/6 - 23:13:32] Para responder /rduda 1
[2017/8/6 - 23:27:32] Para responder /rduda 3
[2017/8/6 - 23:30:40] Para responder /rduda 1
[2017/8/6 - 23:53:18] Para responder /rduda 4
[2017/8/6 - 23:55:57] Para responder /rduda 1
[2017/8/6 - 23:57:7] Para responder /rduda 3
[2017/8/7 - 0:10:6] Para responder /rduda 3
[2017/8/7 - 0:10:51] Para responder /rduda 3
[2017/8/7 - 0:11:34] Para responder /rduda 3
[2017/8/7 - 0:19:21] Para responder /rduda 1
[2017/8/7 - 0:20:54] Para responder /rduda 1
[2017/8/7 - 0:29:36] Para responder /rduda 3
[2017/8/7 - 0:30:31] Para responder /rduda 1
[2017/8/7 - 0:38:59] Para responder /rduda 1
[2017/8/7 - 0:40:53] Para responder /rduda 3
[2017/8/7 - 1:18:22] Para responder /rduda 3
[2017/8/7 - 1:19:12] Para responder /rduda 5
[2017/8/7 - 1:20:43] Para responder /rduda 2
[2017/8/7 - 1:23:54] Para responder /rduda 5
[2017/8/7 - 1:59:29] Para responder /rduda 3
[2017/8/7 - 2:0:32] Para responder /rduda 5
[2017/8/7 - 2:1:25] Para responder /rduda 0
[2017/8/7 - 2:3:28] Para responder /rduda 2
[2017/8/7 - 2:4:42] Para responder /rduda 2
[2017/8/7 - 2:6:32] Para responder /rduda 5
[2017/8/7 - 2:9:44] Para responder /rduda 2
[2017/8/7 - 2:14:28] Para responder /rduda 2
[2017/8/7 - 2:17:27] Para responder /rduda 2
[2017/8/7 - 2:57:40] Para responder /rduda 2
[2017/8/7 - 3:0:47] Para responder /rduda 2
[2017/8/7 - 3:11:29] Para responder /rduda 5
[2017/8/7 - 3:12:0] Para responder /rduda 6
[2017/8/7 - 3:19:12] Para responder /rduda 5
[2017/8/7 - 3:20:25] Para responder /rduda 5
[2017/8/7 - 3:41:30] Para responder /rduda 5
[2017/8/7 - 4:35:58] Para responder /rduda 5
[2017/8/7 - 5:6:21] Para responder /rduda 0
[2017/8/7 - 5:12:11] Para responder /rduda 2
[2017/8/7 - 6:13:25] Para responder /rduda 3
[2017/8/7 - 6:44:48] Para responder /rduda 0
[2017/9/4 - 13:32:54] Para responder /re 0
[2018/4/2 - 21:0:10] Para responder /re 1
[2018/4/2 - 21:0:21] Para responder /re 0
[2018/4/2 - 21:0:27] Para responder /re 2
[2018/4/2 - 21:27:34] Para responder /re 3
[2018/4/2 - 22:15:49] Para responder /re 1
[2018/4/5 - 19:28:27] Para responder /re 2
[2018/4/5 - 19:29:48] Para responder /re 1
[2018/4/5 - 19:31:48] Para responder /re 1
[2018/4/5 - 19:33:24] Para responder /re 1
[2018/4/5 - 19:38:33] Para responder /re 1
[2018/4/5 - 19:48:39] Para responder /re 2
[2018/4/5 - 19:55:5] Para responder /re 1
[2018/4/5 - 19:57:55] Para responder /re 0
[2018/4/5 - 20:8:46] Para responder /re 1
[2018/4/5 - 20:58:14] Para responder /re 2
[2018/4/5 - 20:58:51] Para responder /re 1
[2018/4/5 - 21:13:41] Para responder /re 1
[2018/4/5 - 23:24:15] Para responder /re 7
[2018/4/5 - 23:38:29] Para responder /re 2
[2018/4/6 - 0:19:38] Para responder /re 5
[2018/4/6 - 0:43:34] Para responder /re 9
[2018/4/6 - 1:8:28] Para responder /re 5
[2018/4/6 - 1:13:39] Para responder /re 9
[2018/4/6 - 1:18:8] Para responder /re 9
[2018/4/6 - 2:1:41] Para responder /re 5
[2018/4/6 - 2:10:9] Para responder /re 1
[2018/4/6 - 2:10:26] Para responder /re 3
[2018/4/6 - 2:10:37] Para responder /re 6
[2018/4/6 - 2:19:31] Para responder /re 0
[2018/4/6 - 2:20:49] Para responder /re 1
[2018/4/6 - 2:39:27] Para responder /re 7
[2018/4/6 - 2:55:42] Para responder /re 0
[2018/4/6 - 3:15:54] Para responder /re 3
[2018/4/6 - 3:18:56] Para responder /re 3
[2018/4/6 - 17:25:39] Para responder /re 1
[2018/4/6 - 18:33:0] Para responder /re 1
[2018/4/6 - 19:25:43] Para responder /re 5
[2018/4/6 - 19:29:2] Para responder /re 5
[2018/4/6 - 20:49:26] Para responder /re 6
[2018/4/6 - 20:59:47] Para responder /re 0
[2018/4/6 - 21:10:48] Para responder /re 0
[2018/4/6 - 21:22:1] Para responder /re 5
[2018/4/6 - 21:25:38] Para responder /re 3
[2018/4/6 - 21:44:41] Para responder /re 0
[2018/4/6 - 21:53:39] Para responder /re 4
[2018/4/6 - 22:44:24] Para responder /re 0
[2018/4/6 - 23:24:11] Para responder /re 0
[2018/4/6 - 23:26:36] Para responder /re 10
[2018/4/6 - 23:31:11] Para responder /re 10
[2018/4/7 - 0:16:58] Para responder /re 5
[2018/4/7 - 1:24:48] Para responder /re 5
[2018/4/7 - 1:48:4] Para responder /re 4
[2018/4/7 - 1:48:15] Para responder /re 7
[2018/4/7 - 2:20:19] Para responder /re 6
[2018/4/7 - 4:43:20] Para responder /re 6
[2018/4/7 - 4:44:49] Para responder /re 6
[2018/4/7 - 14:17:2] Para responder /re 0
[2018/4/7 - 15:39:35] Para responder /re 4
[2018/4/7 - 17:15:16] Para responder /re 2
[2018/4/7 - 17:26:25] Para responder /re 4
[2018/4/7 - 17:35:51] Para responder /re 6
[2018/4/7 - 17:49:36] Para responder /re 6
[2018/4/7 - 17:51:35] Para responder /re 6
[2018/4/7 - 17:55:34] Para responder /re 6
[2018/4/7 - 17:58:17] Para responder /re 8
[2018/4/7 - 18:4:9] Para responder /re 4
[2018/4/7 - 18:9:11] Para responder /re 9
[2018/4/7 - 18:9:14] Para responder /re 6
[2018/4/7 - 18:10:52] Para responder /re 6
[2018/4/7 - 18:14:32] Para responder /re 9
[2018/4/7 - 18:15:19] Para responder /re 0
[2018/4/7 - 18:26:12] Para responder /re 4
[2018/4/7 - 18:29:56] Para responder /re 6
[2018/4/7 - 18:37:58] Para responder /re 4
[2018/4/7 - 18:40:49] Para responder /re 6
[2018/4/7 - 18:42:0] Para responder /re 4
[2018/4/7 - 19:3:4] Para responder /re 4
[2018/4/7 - 19:7:22] Para responder /re 1
[2018/4/7 - 19:14:20] Para responder /re 4
[2018/4/7 - 19:16:32] Para responder /re 9
[2018/4/7 - 19:16:38] Para responder /re 0
[2018/4/7 - 19:16:39] Para responder /re 4
[2018/4/7 - 19:16:50] Para responder /re 1
[2018/4/7 - 19:16:55] Para responder /re 2
[2018/4/7 - 19:24:12] Para responder /re 3
[2018/4/7 - 19:26:59] Para responder /re 2
[2018/4/7 - 19:29:0] Para responder /re 7
[2018/4/7 - 19:35:2] Para responder /re 3
[2018/4/7 - 19:46:11] Para responder /re 7
[2018/4/7 - 19:51:5] Para responder /re 7
[2018/4/7 - 20:3:36] Para responder /re 1
[2018/4/7 - 20:7:4] Para responder /re 1
[2018/4/7 - 20:10:10] Para responder /re 1
[2018/4/7 - 20:12:13] Para responder /re 1
[2018/4/7 - 20:13:49] Para responder /re 7
[2018/4/7 - 20:18:4] Para responder /re 1
[2018/4/7 - 20:21:30] Para responder /re 7
[2018/4/7 - 20:21:35] Para responder /re 1
[2018/4/7 - 20:24:22] Para responder /re 0
[2018/4/7 - 20:30:51] Para responder /re 5
[2018/4/7 - 20:44:34] Para responder /re 0
[2018/4/7 - 20:51:6] Para responder /re 7
[2018/4/7 - 20:52:40] Para responder /re 7
[2018/4/7 - 20:53:23] Para responder /re 5
[2018/4/7 - 20:55:58] Para responder /re 7
[2018/4/7 - 21:3:53] Para responder /re 0
[2018/4/7 - 21:6:22] Para responder /re 0
[2018/4/7 - 21:9:55] Para responder /re 7
[2018/4/7 - 21:24:51] Para responder /re 8
[2018/4/7 - 21:31:8] Para responder /re 0
[2018/4/7 - 21:37:38] Para responder /re 5
[2018/4/7 - 21:41:0] Para responder /re 5
[2018/4/7 - 21:54:39] Para responder /re 2
[2018/4/7 - 21:54:42] Para responder /re 5
[2018/4/7 - 21:54:45] Para responder /re 4
[2018/4/7 - 21:58:50] Para responder /re 0
[2018/4/7 - 22:10:30] Para responder /re 7
[2018/4/7 - 22:13:48] Para responder /re 7
[2018/4/7 - 22:13:50] Para responder /re 2
[2018/4/7 - 22:23:0] Para responder /re 5
[2018/4/7 - 23:12:33] Para responder /re 1
[2018/4/7 - 23:44:15] Para responder /re 1
[2018/4/7 - 23:45:8] Para responder /re 8
[2018/4/8 - 0:11:21] Para responder /re 7
[2018/4/8 - 0:30:3] Para responder /re 3
[2018/4/8 - 0:45:44] Para responder /re 7
[2018/4/8 - 0:51:55] Para responder /re 0
[2018/4/8 - 1:21:47] Para responder /re 7
[2018/4/8 - 1:26:20] Para responder /re 7
[2018/4/8 - 1:34:1] Para responder /re 0
[2018/4/8 - 1:47:55] Para responder /re 2
[2018/4/8 - 1:59:16] Para responder /re 7
[2018/4/8 - 1:59:17] Para responder /re 8
[2018/4/8 - 2:2:59] Para responder /re 10
[2018/4/8 - 2:4:11] Para responder /re 8
[2018/4/8 - 2:5:17] Para responder /re 6
[2018/4/8 - 2:7:5] Para responder /re 2
[2018/4/8 - 2:8:27] Para responder /re 4
[2018/4/8 - 2:8:34] Para responder /re 10
[2018/4/8 - 2:8:34] Para responder /re 2
[2018/4/8 - 2:8:38] Para responder /re 1
[2018/4/8 - 2:8:56] Para responder /re 0
[2018/4/8 - 2:9:31] Para responder /re 8
[2018/4/8 - 2:9:40] Para responder /re 5
[2018/4/8 - 2:10:25] Para responder /re 2
[2018/4/8 - 2:25:55] Para responder /re 1
[2018/4/8 - 2:49:51] Para responder /re 0
[2018/4/8 - 2:52:16] Para responder /re 3
[2018/4/8 - 2:58:49] Para responder /re 0
[2018/4/8 - 3:0:24] Para responder /re 3
[2018/4/8 - 3:4:15] Para responder /re 0
[2018/4/8 - 3:6:55] Para responder /re 2
[2018/4/8 - 3:9:39] Para responder /re 7
[2018/4/8 - 3:9:51] Para responder /re 0
[2018/4/8 - 3:20:46] Para responder /re 3
[2018/4/8 - 5:13:15] Para responder /re 2
[2018/4/8 - 5:38:45] Para responder /re 2
[2018/4/8 - 5:42:29] Para responder /re 2
[2018/4/8 - 13:53:25] Para responder /re 1
[2018/4/8 - 15:19:49] Para responder /re 2
[2018/4/8 - 15:28:55] Para responder /re 0
[2018/4/8 - 16:6:49] Para responder /re 1
[2018/4/8 - 16:29:22] Para responder /re 0
[2018/4/8 - 16:29:27] Para responder /re 2
[2018/4/8 - 16:32:30] Para responder /re 0
[2018/4/8 - 17:30:14] Para responder /re 3
[2018/4/8 - 17:39:35] Para responder /re 6
[2018/4/8 - 18:56:21] Para responder /re 1
[2018/4/8 - 18:57:47] Para responder /re 0
[2018/4/8 - 18:57:48] Para responder /re 1
[2018/4/8 - 19:3:59] Para responder /re 1
[2018/4/8 - 19:11:3] Para responder /re 0
[2018/4/8 - 19:14:35] Para responder /re 1
[2018/4/8 - 19:30:24] Para responder /re 1
[2018/4/8 - 19:37:19] Para responder /re 1
[2018/4/8 - 19:40:29] Para responder /re 0
[2018/4/8 - 19:56:4] Para responder /re 1
[2018/4/8 - 20:36:36] Para responder /re 4
[2018/4/8 - 20:42:7] Para responder /re 4
[2018/4/8 - 21:16:44] Para responder /re 5
[2018/4/8 - 21:37:23] Para responder /re 5
[2018/4/8 - 21:40:7] Para responder /re 1
[2018/4/8 - 21:44:52] Para responder /re 1
[2018/4/8 - 21:55:34] Para responder /re 5
[2018/4/8 - 21:57:33] Para responder /re 9
[2018/4/8 - 22:0:19] Para responder /re 11
[2018/4/8 - 22:3:21] Para responder /re 5
[2018/4/8 - 22:6:24] Para responder /re 5
[2018/4/8 - 22:6:44] Para responder /re 9
[2018/4/8 - 22:11:29] Para responder /re 10
[2018/4/8 - 22:24:9] Para responder /re 5
[2018/4/8 - 22:25:8] Para responder /re 9
[2018/4/8 - 22:26:14] Para responder /re 5
[2018/4/8 - 22:30:41] Para responder /re 10
[2018/4/8 - 22:30:54] Para responder /re 5
[2018/4/8 - 22:34:20] Para responder /re 11
[2018/4/8 - 22:34:36] Para responder /re 12
[2018/4/8 - 22:35:59] Para responder /re 11
[2018/4/8 - 22:41:53] Para responder /re 11
[2018/4/8 - 22:41:54] Para responder /re 9
[2018/4/8 - 22:43:51] Para responder /re 9
[2018/4/8 - 22:44:48] Para responder /re 4
[2018/4/8 - 22:45:19] Para responder /re 9
[2018/4/8 - 22:47:3] Para responder /re 9
[2018/4/8 - 22:49:38] Para responder /re 4
[2018/4/8 - 23:6:49] Para responder /re 4
[2018/4/8 - 23:20:9] Para responder /re 10
[2018/4/8 - 23:32:48] Para responder /re 4
[2018/4/8 - 23:36:16] Para responder /re 9
[2018/4/9 - 0:9:14] Para responder /re 5
[2018/4/9 - 0:13:37] Para responder /re 11
[2018/4/9 - 1:23:52] Para responder /re 12
[2018/4/9 - 1:28:32] Para responder /re 10
[2018/4/9 - 1:29:0] Para responder /re 1
[2018/4/9 - 1:31:17] Para responder /re 0
[2018/4/9 - 1:32:28] Para responder /re 10
[2018/4/9 - 1:33:56] Para responder /re 11
[2018/4/9 - 1:34:11] Para responder /re 13
[2018/4/9 - 1:34:53] Para responder /re 10
[2018/4/9 - 1:54:8] Para responder /re 16
[2018/4/9 - 1:54:19] Para responder /re 17
[2018/4/9 - 1:56:25] Para responder /re 16
[2018/4/9 - 1:58:10] Para responder /re 17
[2018/4/9 - 1:58:35] Para responder /re 16
[2018/4/9 - 2:0:11] Para responder /re 16
[2018/4/9 - 2:0:32] Para responder /re 11
[2018/4/9 - 2:4:13] Para responder /re 16
[2018/4/9 - 2:6:37] Para responder /re 5
[2018/4/9 - 2:11:14] Para responder /re 5
[2018/4/9 - 2:13:12] Para responder /re 5
[2018/4/9 - 2:20:33] Para responder /re 1
[2018/4/9 - 2:23:23] Para responder /re 10
[2018/4/9 - 2:25:36] Para responder /re 10
[2018/4/9 - 2:26:30] Para responder /re 1
[2018/4/9 - 2:27:19] Para responder /re 10
[2018/4/9 - 2:30:45] Para responder /re 10
[2018/4/9 - 2:32:21] Para responder /re 8
[2018/4/9 - 2:33:19] Para responder /re 10
[2018/4/9 - 2:37:20] Para responder /re 11
[2018/4/9 - 3:17:1] Para responder /re 10
[2018/4/9 - 3:24:21] Para responder /re 4
[2018/4/9 - 3:28:30] Para responder /re 12
[2018/4/9 - 3:43:4] Para responder /re 10
[2018/4/9 - 3:51:43] Para responder /re 12
[2018/4/9 - 4:1:27] Para responder /re 15
[2018/4/9 - 4:6:21] Para responder /re 10
[2018/4/9 - 4:12:35] Para responder /re 10
[2018/4/9 - 4:21:40] Para responder /re 10
[2018/4/9 - 4:44:16] Para responder /re 0
[2018/4/9 - 4:52:53] Para responder /re 10
[2018/4/9 - 5:13:33] Para responder /re 1
[2018/4/9 - 15:39:8] Para responder /re 3
[2018/4/9 - 15:45:6] Para responder /re 3
[2018/4/9 - 16:0:39] Para responder /re 2
[2018/4/9 - 16:17:54] Para responder /re 1
[2018/4/9 - 16:29:9] Para responder /re 6
[2018/4/9 - 16:39:24] Para responder /re 5
[2018/4/9 - 16:41:14] Para responder /re 5
[2018/4/9 - 16:44:32] Para responder /re 5
[2018/4/9 - 16:50:49] Para responder /re 5
[2018/4/9 - 16:52:18] Para responder /re 5
[2018/4/9 - 19:30:14] Para responder /re 7
[2018/4/9 - 19:36:49] Para responder /re 2
[2018/4/9 - 19:38:44] Para responder /re 9
[2018/4/9 - 19:42:54] Para responder /re 9
[2018/4/9 - 20:47:25] Para responder /re 1
[2018/4/9 - 21:57:14] Para responder /re 3
[2018/4/9 - 21:58:4] Para responder /re 4
[2018/4/9 - 22:20:21] Para responder /re 0
[2018/4/9 - 22:25:53] Para responder /re 0
[2018/4/9 - 22:40:11] Para responder /re 0
[2018/4/9 - 23:44:10] Para responder /re 4
[2018/4/9 - 23:47:21] Para responder /re 4
[2018/4/9 - 23:51:21] Para responder /re 4
[2018/4/9 - 23:52:50] Para responder /re 4
[2018/4/9 - 23:55:49] Para responder /re 4
[2018/4/10 - 0:5:37] Para responder /re 9
[2018/4/10 - 0:11:32] Para responder /re 8
[2018/4/10 - 0:32:12] Para responder /re 12
[2018/4/10 - 0:33:2] Para responder /re 10
[2018/4/10 - 0:33:11] Para responder /re 1
[2018/4/10 - 0:39:46] Para responder /re 7
[2018/4/10 - 0:40:48] Para responder /re 12
[2018/4/10 - 0:43:29] Para responder /re 10
[2018/4/10 - 0:45:45] Para responder /re 17
[2018/4/10 - 0:50:52] Para responder /re 14
[2018/4/10 - 1:0:23] Para responder /re 16
[2018/4/10 - 1:2:15] Para responder /re 16
[2018/4/10 - 1:9:58] Para responder /re 15
[2018/4/10 - 1:11:37] Para responder /re 7
[2018/4/10 - 1:18:15] Para responder /re 15
[2018/4/10 - 1:26:41] Para responder /re 16
[2018/4/10 - 1:28:12] Para responder /re 15
[2018/4/10 - 1:33:3] Para responder /re 12
[2018/4/10 - 1:34:32] Para responder /re 7
[2018/4/10 - 1:37:19] Para responder /re 7
[2018/4/10 - 1:39:26] Para responder /re 0
[2018/4/10 - 1:44:15] Para responder /re 2
[2018/4/10 - 1:45:31] Para responder /re 4
[2018/4/10 - 1:52:28] Para responder /re 4
[2018/4/10 - 1:59:44] Para responder /re 8
[2018/4/10 - 2:1:1] Para responder /re 16
[2018/4/10 - 2:15:55] Para responder /re 15
[2018/4/10 - 2:23:53] Para responder /re 8
[2018/4/10 - 2:27:29] Para responder /re 15
[2018/4/10 - 2:35:50] Para responder /re 8
[2018/4/10 - 2:40:2] Para responder /re 6
[2018/4/10 - 2:41:40] Para responder /re 9
[2018/4/10 - 2:46:41] Para responder /re 6
[2018/4/10 - 2:47:50] Para responder /re 8
[2018/4/10 - 2:52:7] Para responder /re 15
[2018/4/10 - 2:56:39] Para responder /re 6
[2018/4/10 - 3:17:50] Para responder /re 8
[2018/4/10 - 3:27:41] Para responder /re 2
[2018/4/10 - 3:50:20] Para responder /re 4
[2018/4/10 - 4:5:2] Para responder /re 4
[2018/4/10 - 4:29:32] Para responder /re 2
[2018/4/10 - 4:43:26] Para responder /re 0
[2018/4/10 - 14:48:3] Para responder /re 0
[2018/4/10 - 15:15:15] Para responder /re 5
[2018/4/10 - 15:21:31] Para responder /re 4
[2018/4/10 - 15:29:7] Para responder /re 8
[2018/4/10 - 15:30:9] Para responder /re 10
[2018/4/10 - 15:33:9] Para responder /re 8
[2018/4/10 - 15:44:3] Para responder /re 8
[2018/4/10 - 15:59:38] Para responder /re 8
[2018/4/10 - 16:1:58] Para responder /re 7
[2018/4/10 - 16:6:28] Para responder /re 0
[2018/4/10 - 16:21:13] Para responder /re 8
[2018/4/10 - 16:28:42] Para responder /re 8
[2018/4/10 - 16:29:50] Para responder /re 10
[2018/4/10 - 16:54:31] Para responder /re 5
[2018/4/10 - 17:1:3] Para responder /re 5
[2018/4/10 - 17:2:8] Para responder /re 5
[2018/4/10 - 17:3:51] Para responder /re 5
[2018/4/10 - 17:7:30] Para responder /re 5
[2018/4/10 - 17:9:15] Para responder /re 5
[2018/4/10 - 17:12:7] Para responder /re 5
[2018/4/10 - 18:15:26] Para responder /re 0
[2018/4/10 - 19:58:15] Para responder /re 3
[2018/4/10 - 20:7:26] Para responder /re 6
[2018/4/10 - 20:44:38] Para responder /re 3
[2018/4/10 - 20:49:44] Para responder /re 4
[2018/4/10 - 21:0:52] Para responder /re 0
[2018/4/10 - 21:2:30] Para responder /re 0
[2018/4/10 - 21:8:5] Para responder /re 3
[2018/4/10 - 21:22:37] Para responder /re 9
[2018/4/10 - 21:25:36] Para responder /re 9
[2018/4/10 - 21:27:17] Para responder /re 0
[2018/4/10 - 21:27:38] Para responder /re 9
[2018/4/10 - 21:40:1] Para responder /re 6
[2018/4/10 - 21:46:26] Para responder /re 4
[2018/4/10 - 21:46:27] Para responder /re 0
[2018/4/10 - 21:47:0] Para responder /re 6
[2018/4/10 - 21:47:14] Para responder /re 1
[2018/4/10 - 21:47:17] Para responder /re 3
[2018/4/10 - 23:42:46] Para responder /re 2
[2018/4/10 - 23:48:15] Para responder /re 2
[2018/4/11 - 0:49:5] Para responder /re 4
[2018/4/11 - 1:3:44] Para responder /re 3
[2018/4/11 - 1:5:16] Para responder /re 3
[2018/4/11 - 1:15:11] Para responder /re 3
[2018/4/11 - 1:52:55] Para responder /re 3
[2018/4/11 - 2:10:20] Para responder /re 8
[2018/4/11 - 2:15:27] Para responder /re 0
[2018/4/11 - 2:23:7] Para responder /re 14
[2018/4/11 - 2:27:34] Para responder /re 11
[2018/4/11 - 2:30:49] Para responder /re 14
[2018/4/11 - 2:31:49] Para responder /re 11
[2018/4/11 - 2:38:43] Para responder /re 8
[2018/4/11 - 2:39:9] Para responder /re 11
[2018/4/11 - 2:43:48] Para responder /re 11
[2018/4/11 - 2:47:0] Para responder /re 8
[2018/4/11 - 2:47:27] Para responder /re 11
[2018/4/11 - 2:48:55] Para responder /re 8
[2018/4/11 - 2:52:26] Para responder /re 8
[2018/4/11 - 2:57:39] Para responder /re 8
[2018/4/11 - 3:5:34] Para responder /re 14
[2018/4/11 - 3:6:43] Para responder /re 18
[2018/4/11 - 3:23:37] Para responder /re 16
[2018/4/11 - 3:28:20] Para responder /re 16
[2018/4/11 - 3:29:54] Para responder /re 16
[2018/4/11 - 3:39:53] Para responder /re 15
[2018/4/11 - 3:42:27] Para responder /re 13
[2018/4/11 - 3:45:57] Para responder /re 15
[2018/4/11 - 3:52:22] Para responder /re 15
[2018/4/11 - 4:18:12] Para responder /re 13
[2018/4/11 - 4:20:50] Para responder /re 12
[2018/4/11 - 4:24:38] Para responder /re 7
[2018/4/11 - 4:29:37] Para responder /re 9
[2018/4/11 - 4:29:55] Para responder /re 6
[2018/4/11 - 4:37:7] Para responder /re 15
[2018/4/11 - 4:37:7] Para responder /re 9
[2018/4/11 - 4:37:7] Para responder /re 0
[2018/4/11 - 5:7:30] Para responder /re 15
[2018/4/11 - 5:37:25] Para responder /re 3
[2018/4/11 - 5:41:2] Para responder /re 3
[2018/4/11 - 13:52:55] Para responder /re 3
[2018/4/11 - 15:32:37] Para responder /re 8
[2018/4/11 - 15:42:32] Para responder /re 5
[2018/4/11 - 16:28:47] Para responder /re 8
[2018/4/11 - 16:40:32] Para responder /re 8
[2018/4/11 - 16:50:48] Para responder /re 12
[2018/4/11 - 16:52:24] Para responder /re 12
[2018/4/11 - 16:56:19] Para responder /re 11
[2018/4/11 - 17:0:23] Para responder /re 11
[2018/4/11 - 17:4:17] Para responder /re 11
[2018/4/11 - 17:52:5] Para responder /re 7
[2018/4/11 - 17:52:5] Para responder /re 2
[2018/4/11 - 17:52:7] Para responder /re 10
[2018/4/11 - 17:52:17] Para responder /re 3
[2018/4/11 - 18:2:8] Para responder /re 7
[2018/4/11 - 18:13:29] Para responder /re 13
[2018/4/11 - 18:15:10] Para responder /re 7
[2018/4/11 - 18:18:27] Para responder /re 13
[2018/4/11 - 18:21:3] Para responder /re 7
[2018/4/11 - 18:25:19] Para responder /re 2
[2018/4/11 - 18:26:9] Para responder /re 7
[2018/4/11 - 18:26:16] Para responder /re 3
[2018/4/11 - 18:26:37] Para responder /re 15
[2018/4/11 - 18:29:37] Para responder /re 3
[2018/4/11 - 18:29:37] Para responder /re 7
[2018/4/11 - 18:29:53] Para responder /re 15
[2018/4/11 - 18:34:23] Para responder /re 13
[2018/4/11 - 18:41:30] Para responder /re 0
[2018/4/11 - 18:45:43] Para responder /re 13
[2018/4/11 - 18:48:46] Para responder /re 15
[2018/4/11 - 19:13:15] Para responder /re 5
[2018/4/11 - 19:19:12] Para responder /re 5
[2018/4/11 - 19:26:58] Para responder /re 1
[2018/4/11 - 19:34:12] Para responder /re 15
[2018/4/11 - 20:9:55] Para responder /re 7
[2018/4/11 - 20:35:6] Para responder /re 12
[2018/4/11 - 20:36:11] Para responder /re 16
[2018/4/11 - 20:48:14] Para responder /re 16
[2018/4/11 - 20:50:33] Para responder /re 16
[2018/4/11 - 20:55:54] Para responder /re 7
[2018/4/11 - 20:56:5] Para responder /re 12
[2018/4/11 - 21:10:22] Para responder /re 12
[2018/4/11 - 21:35:12] Para responder /re 16
[2018/4/11 - 21:36:9] Para responder /re 12
[2018/4/11 - 21:39:49] Para responder /re 16
[2018/4/11 - 21:41:10] Para responder /re 6
[2018/4/11 - 21:42:27] Para responder /re 15
[2018/4/11 - 21:43:36] Para responder /re 13
[2018/4/11 - 21:45:34] Para responder /re 8
[2018/4/11 - 21:47:29] Para responder /re 15
[2018/4/11 - 22:49:42] Para responder /re 1
[2018/4/11 - 22:54:6] Para responder /re 1
[2018/4/11 - 23:13:58] Para responder /re 3
[2018/4/11 - 23:25:29] Para responder /re 7
[2018/4/11 - 23:44:11] Para responder /re 6
[2018/4/11 - 23:52:10] Para responder /re 6
[2018/4/11 - 23:52:49] Para responder /re 8
[2018/4/11 - 23:55:18] Para responder /re 1
[2018/4/11 - 23:59:42] Para responder /re 1
[2018/4/12 - 0:7:51] Para responder /re 1
[2018/4/12 - 0:20:39] Para responder /re 1
[2018/4/12 - 0:25:49] Para responder /re 3
[2018/4/12 - 0:29:1] Para responder /re 3
[2018/4/12 - 0:49:38] Para responder /re 4
[2018/4/12 - 1:7:27] Para responder /re 3
[2018/4/12 - 1:17:0] Para responder /re 4
[2018/4/12 - 1:21:28] Para responder /re 7
[2018/4/12 - 1:21:46] Para responder /re 3
[2018/4/12 - 1:28:17] Para responder /re 10
[2018/4/12 - 1:31:0] Para responder /re 10
[2018/4/12 - 1:32:15] Para responder /re 4
[2018/4/12 - 1:42:14] Para responder /re 7
[2018/4/12 - 1:50:13] Para responder /re 9
[2018/4/12 - 2:0:5] Para responder /re 17
[2018/4/12 - 2:0:53] Para responder /re 13
[2018/4/12 - 2:3:38] Para responder /re 17
[2018/4/12 - 2:9:28] Para responder /re 13
[2018/4/12 - 2:13:6] Para responder /re 17
[2018/4/12 - 2:33:38] Para responder /re 9
[2018/4/12 - 2:48:21] Para responder /re 4
[2018/4/12 - 2:59:25] Para responder /re 4
[2018/4/12 - 3:4:19] Para responder /re 4
[2018/4/12 - 3:5:40] Para responder /re 5
[2018/4/12 - 3:17:43] Para responder /re 5
[2018/4/12 - 3:23:18] Para responder /re 7
[2018/4/12 - 3:25:54] Para responder /re 8
[2018/4/12 - 3:28:33] Para responder /re 4
[2018/4/12 - 3:47:59] Para responder /re 5
[2018/4/12 - 3:49:11] Para responder /re 7
[2018/4/12 - 4:29:32] Para responder /re 5
[2018/4/12 - 4:31:17] Para responder /re 5
[2018/4/12 - 15:17:37] Para responder /re 2
[2018/4/12 - 15:21:14] Para responder /re 2
[2018/4/12 - 15:30:21] Para responder /re 2
[2018/4/12 - 15:32:58] Para responder /re 2
[2018/4/12 - 15:58:40] Para responder /re 2
[2018/4/12 - 16:0:40] Para responder /re 2
[2018/4/12 - 16:2:10] Para responder /re 2
[2018/4/12 - 16:16:27] Para responder /re 2
[2018/4/12 - 16:20:50] Para responder /re 2
[2018/4/12 - 16:27:28] Para responder /re 2
[2018/4/12 - 16:33:27] Para responder /re 2
[2018/4/12 - 16:36:14] Para responder /re 2
[2018/4/12 - 17:52:52] Para responder /re 4
[2018/4/12 - 20:5:17] Para responder /re 4
[2018/4/12 - 20:15:11] Para responder /re 1
[2018/4/12 - 20:24:54] Para responder /re 1
[2018/4/12 - 20:28:10] Para responder /re 10
[2018/4/12 - 20:36:40] Para responder /re 1
[2018/4/12 - 20:48:2] Para responder /re 10
[2018/4/12 - 20:58:17] Para responder /re 3
[2018/4/12 - 21:5:43] Para responder /re 9
[2018/4/12 - 21:8:6] Para responder /re 9
[2018/4/12 - 21:11:18] Para responder /re 4
[2018/4/12 - 21:11:50] Para responder /re 9
[2018/4/12 - 21:13:37] Para responder /re 3
[2018/4/12 - 21:17:3] Para responder /re 1
[2018/4/12 - 21:17:52] Para responder /re 9
[2018/4/12 - 21:20:29] Para responder /re 9
[2018/4/12 - 21:20:54] Para responder /re 10
[2018/4/12 - 21:23:20] Para responder /re 13
[2018/4/12 - 21:23:24] Para responder /re 9
[2018/4/12 - 21:26:32] Para responder /re 10
[2018/4/12 - 21:27:32] Para responder /re 9
[2018/4/12 - 21:35:1] Para responder /re 15
[2018/4/12 - 21:35:2] Para responder /re 13
[2018/4/12 - 21:35:26] Para responder /re 14
[2018/4/12 - 21:37:2] Para responder /re 9
[2018/4/12 - 21:50:54] Para responder /re 15
[2018/4/12 - 21:53:6] Para responder /re 10
[2018/4/12 - 21:57:21] Para responder /re 14
[2018/4/12 - 22:10:39] Para responder /re 9
[2018/4/12 - 22:12:16] Para responder /re 9
[2018/4/12 - 22:16:15] Para responder /re 3
[2018/4/12 - 22:18:48] Para responder /re 3
[2018/4/12 - 22:23:18] Para responder /re 3
[2018/4/12 - 22:24:10] Para responder /re 1
[2018/4/12 - 22:29:32] Para responder /re 1
[2018/4/12 - 22:36:41] Para responder /re 1
[2018/4/12 - 22:38:16] Para responder /re 1
[2018/4/12 - 22:40:38] Para responder /re 1
[2018/4/12 - 22:47:10] Para responder /re 3
[2018/4/12 - 23:8:6] Para responder /re 1
[2018/4/12 - 23:11:2] Para responder /re 9
[2018/4/12 - 23:15:34] Para responder /re 4
[2018/4/12 - 23:15:43] Para responder /re 9
[2018/4/12 - 23:16:0] Para responder /re 1
[2018/4/12 - 23:16:20] Para responder /re 10
[2018/4/12 - 23:20:44] Para responder /re 14
[2018/4/12 - 23:27:44] Para responder /re 1
[2018/4/12 - 23:32:1] Para responder /re 4
[2018/4/12 - 23:32:11] Para responder /re 1
[2018/4/12 - 23:33:21] Para responder /re 11
[2018/4/12 - 23:33:33] Para responder /re 3
[2018/4/12 - 23:55:40] Para responder /re 10
[2018/4/13 - 0:6:56] Para responder /re 15
[2018/4/13 - 0:7:11] Para responder /re 3
[2018/4/13 - 0:19:41] Para responder /re 1
[2018/4/13 - 1:39:43] Para responder /re 3
[2018/4/13 - 1:46:23] Para responder /re 3
[2018/4/13 - 1:48:58] Para responder /re 6
[2018/4/13 - 2:48:22] Para responder /re 2
[2018/4/13 - 2:57:14] Para responder /re 2
[2018/4/13 - 3:2:34] Para responder /re 5
[2018/4/13 - 3:4:28] Para responder /re 5
[2018/4/13 - 3:12:44] Para responder /re 2
[2018/4/13 - 3:19:43] Para responder /re 2
[2018/4/13 - 3:21:12] Para responder /re 2
[2018/4/13 - 7:10:13] Para responder /re 0
[2018/4/13 - 13:38:24] Para responder /re 2
[2018/4/13 - 14:11:16] Para responder /re 2
[2018/4/13 - 14:58:55] Para responder /re 5
[2018/4/13 - 15:1:2] Para responder /re 5
[2018/4/13 - 17:34:17] Para responder /re 1
[2018/4/13 - 18:23:53] Para responder /re 2
[2018/4/13 - 20:0:39] Para responder /re 4
[2018/4/13 - 20:39:0] Para responder /re 6
[2018/4/13 - 20:51:30] Para responder /re 3
[2018/4/13 - 20:58:39] Para responder /re 7
[2018/4/13 - 21:21:17] Para responder /re 5
[2018/4/13 - 21:24:8] Para responder /re 7
[2018/4/13 - 21:36:35] Para responder /re 5
[2018/4/13 - 22:49:31] Para responder /re 4
[2018/4/13 - 23:9:52] Para responder /re 4
[2018/4/14 - 0:9:8] Para responder /re 1
[2018/4/14 - 0:14:33] Para responder /re 1
[2018/4/14 - 0:34:51] Para responder /re 7
[2018/4/14 - 0:39:56] Para responder /re 5
[2018/4/14 - 0:46:13] Para responder /re 5
[2018/4/14 - 0:47:53] Para responder /re 5
[2018/4/14 - 1:6:50] Para responder /re 4
[2018/4/14 - 1:9:4] Para responder /re 1
[2018/4/14 - 1:9:5] Para responder /re 0
[2018/4/14 - 1:9:9] Para responder /re 2
[2018/4/14 - 1:9:24] Para responder /re 6
[2018/4/14 - 1:10:58] Para responder /re 6
[2018/4/14 - 1:11:2] Para responder /re 0
[2018/4/14 - 1:11:2] Para responder /re 2
[2018/4/14 - 1:11:9] Para responder /re 1
[2018/4/14 - 1:19:31] Para responder /re 8
[2018/4/14 - 1:21:26] Para responder /re 6
[2018/4/14 - 1:30:34] Para responder /re 0
[2018/4/14 - 1:30:39] Para responder /re 1
[2018/4/14 - 1:30:42] Para responder /re 11
[2018/4/14 - 1:33:23] Para responder /re 11
[2018/4/14 - 1:34:49] Para responder /re 13
[2018/4/14 - 1:49:48] Para responder /re 11
[2018/4/14 - 1:54:51] Para responder /re 7
[2018/4/14 - 2:30:17] Para responder /re 8
[2018/4/14 - 2:32:25] Para responder /re 8
[2018/4/14 - 2:39:31] Para responder /re 8
[2018/4/14 - 2:41:9] Para responder /re 8
[2018/4/14 - 2:45:50] Para responder /re 2
[2018/4/14 - 3:9:0] Para responder /re 1
[2018/4/14 - 3:21:37] Para responder /re 6
[2018/4/14 - 3:23:26] Para responder /re 0
[2018/4/14 - 3:41:19] Para responder /re 2
[2018/4/14 - 3:41:45] Para responder /re 6
[2018/4/14 - 3:46:51] Para responder /re 6
[2018/4/14 - 3:59:40] Para responder /re 0
[2018/4/14 - 14:25:12] Para responder /re 2
[2018/4/14 - 14:43:47] Para responder /re 2
[2018/4/14 - 14:49:14] Para responder /re 6
[2018/4/14 - 15:9:25] Para responder /re 4
[2018/4/14 - 17:32:1] Para responder /re 4
[2018/4/14 - 17:46:27] Para responder /re 5
[2018/4/14 - 17:48:25] Para responder /re 5
[2018/4/14 - 19:23:12] Para responder /re 2
[2018/4/14 - 19:33:45] Para responder /re 2
[2018/4/14 - 20:10:22] Para responder /re 4
[2018/4/14 - 20:44:40] Para responder /re 6
[2018/4/14 - 21:0:58] Para responder /re 4
[2018/4/14 - 21:52:54] Para responder /re 2
[2018/4/14 - 22:18:6] Para responder /re 2
[2018/4/14 - 23:41:47] Para responder /re 6
[2018/4/14 - 23:59:25] Para responder /re 6
[2018/4/15 - 0:5:29] Para responder /re 3
[2018/4/15 - 0:6:40] Para responder /re 6
[2018/4/15 - 0:10:13] Para responder /re 1
[2018/4/15 - 0:14:10] Para responder /re 0
[2018/4/15 - 0:14:34] Para responder /re 1
[2018/4/15 - 0:37:24] Para responder /re 1
[2018/4/15 - 0:37:25] Para responder /re 6
[2018/4/15 - 0:44:57] Para responder /re 2
[2018/4/15 - 1:36:20] Para responder /re 6
[2018/4/15 - 1:59:34] Para responder /re 2
[2018/4/15 - 2:1:28] Para responder /re 2
[2018/4/15 - 2:28:5] Para responder /re 6
[2018/4/15 - 2:34:53] Para responder /re 0
[2018/4/15 - 2:47:29] Para responder /re 10
[2018/4/15 - 2:56:50] Para responder /re 10
[2018/4/15 - 3:15:26] Para responder /re 6
[2018/4/15 - 3:30:23] Para responder /re 1
[2018/4/15 - 3:33:18] Para responder /re 1
[2018/4/15 - 3:38:27] Para responder /re 9
[2018/4/15 - 3:43:50] Para responder /re 2
[2018/4/15 - 3:47:20] Para responder /re 1
[2018/4/15 - 3:49:29] Para responder /re 2
[2018/4/15 - 4:1:38] Para responder /re 2
[2018/4/15 - 4:3:0] Para responder /re 1
[2018/4/15 - 4:8:51] Para responder /re 2
[2018/4/15 - 4:32:19] Para responder /re 8
[2018/4/15 - 5:7:40] Para responder /re 0
[2018/4/15 - 11:31:26] Para responder /re 1
[2018/4/15 - 13:9:49] Para responder /re 0
[2018/4/15 - 15:2:24] Para responder /re 1
[2018/4/15 - 15:24:1] Para responder /re 1
[2018/4/15 - 15:24:43] Para responder /re 3
[2018/4/15 - 15:45:4] Para responder /re 8
[2018/4/15 - 16:47:20] Para responder /re 4
[2018/4/15 - 16:49:50] Para responder /re 4
[2018/4/15 - 16:51:20] Para responder /re 4
[2018/4/15 - 16:55:14] Para responder /re 5
[2018/4/15 - 17:10:18] Para responder /re 4
[2018/4/15 - 17:31:26] Para responder /re 4
[2018/4/15 - 17:40:2] Para responder /re 4
[2018/4/15 - 18:9:40] Para responder /re 4
[2018/4/15 - 18:33:47] Para responder /re 2
[2018/4/15 - 18:33:47] Para responder /re 4
[2018/4/15 - 18:36:43] Para responder /re 2
[2018/4/15 - 18:42:34] Para responder /re 5
[2018/4/15 - 18:49:57] Para responder /re 4
[2018/4/15 - 19:4:27] Para responder /re 4
[2018/4/15 - 21:42:10] Para responder /re 5
[2018/4/15 - 21:43:57] Para responder /re 5
[2018/4/15 - 22:40:59] Para responder /re 5
[2018/4/15 - 23:46:59] Para responder /re 0
[2018/4/15 - 23:51:23] Para responder /re 6
[2018/4/15 - 23:51:47] Para responder /re 2
[2018/4/15 - 23:52:33] Para responder /re 1
[2018/4/15 - 23:58:31] Para responder /re 2
[2018/4/16 - 0:13:59] Para responder /re 2
[2018/4/16 - 0:29:4] Para responder /re 3
[2018/4/16 - 0:44:10] Para responder /re 3
[2018/4/16 - 1:37:54] Para responder /re 5
[2018/4/16 - 1:49:54] Para responder /re 2
[2018/4/16 - 1:52:9] Para responder /re 2
[2018/4/16 - 1:59:29] Para responder /re 2
[2018/4/16 - 2:2:28] Para responder /re 2
[2018/4/16 - 2:3:54] Para responder /re 7
[2018/4/16 - 2:5:27] Para responder /re 7
[2018/4/16 - 2:6:29] Para responder /re 2
[2018/4/16 - 2:7:9] Para responder /re 7
[2018/4/16 - 2:11:52] Para responder /re 2
[2018/4/16 - 2:14:55] Para responder /re 7
[2018/4/16 - 2:15:15] Para responder /re 0
[2018/4/16 - 2:21:32] Para responder /re 2
[2018/4/16 - 2:58:12] Para responder /re 1
[2018/4/16 - 2:58:22] Para responder /re 5
[2018/4/16 - 2:58:32] Para responder /re 0
[2018/4/16 - 3:3:53] Para responder /re 0
[2018/4/16 - 3:7:12] Para responder /re 0
[2018/4/16 - 3:9:45] Para responder /re 0
[2018/4/16 - 3:11:5] Para responder /re 2
[2018/4/16 - 3:12:13] Para responder /re 7
[2018/4/16 - 3:12:28] Para responder /re 0
[2018/4/16 - 3:22:17] Para responder /re 7
[2018/4/16 - 3:28:21] Para responder /re 0
[2018/4/16 - 3:34:25] Para responder /re 6
[2018/4/16 - 3:40:0] Para responder /re 6
[2018/4/16 - 3:42:32] Para responder /re 0
[2018/4/16 - 3:44:14] Para responder /re 0
[2018/4/16 - 3:47:0] Para responder /re 6
[2018/4/16 - 3:47:31] Para responder /re 0
[2018/4/16 - 3:49:1] Para responder /re 6
[2018/4/16 - 3:49:27] Para responder /re 0
[2018/4/16 - 3:51:53] Para responder /re 0
[2018/4/16 - 4:1:3] Para responder /re 0
[2018/4/16 - 4:4:47] Para responder /re 0
[2018/4/16 - 17:45:21] Para responder /re 4
[2018/4/16 - 18:15:43] Para responder /re 3
[2018/4/16 - 18:16:3] Para responder /re 6
[2018/4/16 - 18:16:41] Para responder /re 5
[2018/4/16 - 18:39:8] Para responder /re 3
[2018/4/16 - 20:16:10] Para responder /re 2
[2018/4/16 - 20:21:1] Para responder /re 2
[2018/4/16 - 20:22:14] Para responder /re 7
[2018/4/16 - 20:29:16] Para responder /re 2
[2018/4/16 - 21:9:50] Para responder /re 3
[2018/4/16 - 21:37:44] Para responder /re 5
[2018/4/16 - 21:51:47] Para responder /re 8
[2018/4/16 - 21:58:37] Para responder /re 8
[2018/4/16 - 22:0:49] Para responder /re 0
[2018/4/16 - 22:12:43] Para responder /re 0
[2018/4/16 - 22:14:3] Para responder /re 7
[2018/4/16 - 22:19:28] Para responder /re 0
[2018/4/16 - 22:26:37] Para responder /re 0
[2018/4/16 - 22:28:44] Para responder /re 0
[2018/4/16 - 22:36:8] Para responder /re 0
[2018/4/16 - 22:54:15] Para responder /re 0
[2018/4/16 - 22:54:52] Para responder /re 7
[2018/4/16 - 22:56:29] Para responder /re 7
[2018/4/16 - 22:58:22] Para responder /re 7
[2018/4/16 - 23:5:31] Para responder /re 3
[2018/4/16 - 23:6:16] Para responder /re 0
[2018/4/16 - 23:7:48] Para responder /re 0
[2018/4/16 - 23:9:38] Para responder /re 0
[2018/4/16 - 23:11:26] Para responder /re 0
[2018/4/16 - 23:41:39] Para responder /re 0
[2018/4/16 - 23:47:7] Para responder /re 0
[2018/4/16 - 23:59:53] Para responder /re 3
[2018/4/17 - 0:8:0] Para responder /re 3
[2018/4/17 - 2:27:13] Para responder /re 3
[2018/4/17 - 2:41:5] Para responder /re 0
[2018/4/17 - 2:50:58] Para responder /re 0
[2018/4/17 - 4:52:46] Para responder /re 2
[2018/4/17 - 4:55:40] Para responder /re 2
[2018/4/17 - 5:10:32] Para responder /re 9
[2018/4/17 - 14:53:45] Para responder /re 3
[2018/4/17 - 16:23:50] Para responder /re 6
[2018/4/17 - 16:56:2] Para responder /re 11
[2018/4/17 - 17:5:57] Para responder /re 4
[2018/4/17 - 17:22:35] Para responder /re 4
[2018/4/17 - 17:59:0] Para responder /re 6
[2018/4/17 - 18:11:7] Para responder /re 6
[2018/4/17 - 18:43:14] Para responder /re 3
[2018/4/17 - 18:50:59] Para responder /re 6
[2018/4/17 - 18:51:16] Para responder /re 3
[2018/4/17 - 18:53:58] Para responder /re 9
[2018/4/17 - 19:14:17] Para responder /re 13
[2018/4/17 - 19:20:17] Para responder /re 10
[2018/4/17 - 19:23:13] Para responder /re 13
[2018/4/17 - 19:27:6] Para responder /re 13
[2018/4/17 - 19:44:59] Para responder /re 13
[2018/4/17 - 19:50:32] Para responder /re 13
[2018/4/17 - 19:53:19] Para responder /re 15
[2018/4/17 - 19:56:55] Para responder /re 13
[2018/4/17 - 20:7:44] Para responder /re 13
[2018/4/17 - 20:12:48] Para responder /re 13
[2018/4/17 - 20:14:44] Para responder /re 13
[2018/4/17 - 20:20:15] Para responder /re 10
[2018/4/17 - 20:29:31] Para responder /re 6
[2018/4/17 - 20:38:52] Para responder /re 12
[2018/4/17 - 20:54:7] Para responder /re 10
[2018/4/17 - 20:56:22] Para responder /re 9
[2018/4/17 - 20:58:51] Para responder /re 9
[2018/4/17 - 21:0:56] Para responder /re 10
[2018/4/17 - 21:9:43] Para responder /re 10
[2018/4/17 - 21:12:41] Para responder /re 10
[2018/4/17 - 21:21:4] Para responder /re 3
[2018/4/17 - 21:42:29] Para responder /re 11
[2018/4/17 - 21:48:51] Para responder /re 11
[2018/4/17 - 22:11:58] Para responder /re 10
[2018/4/17 - 22:38:4] Para responder /re 10
[2018/4/17 - 22:39:31] Para responder /re 6
[2018/4/17 - 22:41:3] Para responder /re 6
[2018/4/17 - 22:55:24] Para responder /re 3
[2018/4/17 - 22:56:59] Para responder /re 3
[2018/4/17 - 23:20:13] Para responder /re 8
[2018/4/18 - 0:0:46] Para responder /re 10
[2018/4/18 - 0:33:34] Para responder /re 1
[2018/4/18 - 0:45:24] Para responder /re 8
[2018/4/18 - 1:7:40] Para responder /re 11
[2018/4/18 - 1:11:3] Para responder /re 11
[2018/4/18 - 1:36:50] Para responder /re 8
[2018/4/18 - 1:41:19] Para responder /re 8
[2018/4/18 - 1:45:56] Para responder /re 10
[2018/4/18 - 1:48:17] Para responder /re 11
[2018/4/18 - 1:50:21] Para responder /re 11
[2018/4/18 - 1:54:25] Para responder /re 10
[2018/4/18 - 2:30:16] Para responder /re 8
[2018/4/18 - 2:32:57] Para responder /re 12
[2018/4/18 - 2:34:59] Para responder /re 11
[2018/4/18 - 2:38:2] Para responder /re 8
[2018/4/18 - 2:40:6] Para responder /re 8
[2018/4/18 - 3:3:50] Para responder /re 7
[2018/4/18 - 3:7:8] Para responder /re 7
[2018/4/18 - 3:9:44] Para responder /re 11
[2018/4/18 - 3:10:40] Para responder /re 7
[2018/4/18 - 3:13:34] Para responder /re 7
[2018/4/18 - 3:32:3] Para responder /re 3
[2018/4/18 - 3:33:41] Para responder /re 7
[2018/4/18 - 3:40:45] Para responder /re 3
[2018/4/18 - 3:56:12] Para responder /re 3
[2018/4/18 - 17:44:54] Para responder /re 7
[2018/4/18 - 17:57:23] Para responder /re 7
[2018/4/18 - 18:3:21] Para responder /re 7
[2018/4/18 - 18:5:13] Para responder /re 7
[2018/4/18 - 18:8:46] Para responder /re 7
[2018/4/18 - 18:16:33] Para responder /re 7
[2018/4/18 - 18:18:5] Para responder /re 7
[2018/4/18 - 18:23:11] Para responder /re 4
[2018/4/18 - 18:24:20] Para responder /re 7
[2018/4/18 - 18:56:22] Para responder /re 8
[2018/4/18 - 18:57:26] Para responder /re 10
[2018/4/18 - 19:2:17] Para responder /re 8
[2018/4/18 - 19:17:43] Para responder /re 8
[2018/4/18 - 19:33:4] Para responder /re 10
[2018/4/18 - 19:34:35] Para responder /re 10
[2018/4/18 - 19:36:16] Para responder /re 10
[2018/4/18 - 19:57:34] Para responder /re 10
[2018/4/18 - 19:57:57] Para responder /re 5
[2018/4/18 - 20:8:28] Para responder /re 10
[2018/4/18 - 20:25:45] Para responder /re 10
[2018/4/18 - 20:52:25] Para responder /re 4
[2018/4/18 - 20:54:43] Para responder /re 4
[2018/4/18 - 21:23:37] Para responder /re 14
[2018/4/18 - 21:36:49] Para responder /re 4
[2018/4/18 - 21:37:44] Para responder /re 3
[2018/4/18 - 21:39:41] Para responder /re 9
[2018/4/18 - 21:47:31] Para responder /re 12
[2018/4/18 - 21:58:3] Para responder /re 11
[2018/4/18 - 22:8:32] Para responder /re 3
[2018/4/18 - 22:8:32] Para responder /re 4
[2018/4/18 - 22:8:36] Para responder /re 12
[2018/4/18 - 22:8:44] Para responder /re 9
[2018/4/18 - 22:8:50] Para responder /re 8
[2018/4/18 - 22:8:55] Para responder /re 7
[2018/4/18 - 22:10:31] Para responder /re 4
[2018/4/18 - 22:16:43] Para responder /re 4
[2018/4/18 - 22:18:2] Para responder /re 7
[2018/4/18 - 22:18:3] Para responder /re 9
[2018/4/18 - 22:18:9] Para responder /re 3
[2018/4/18 - 22:18:18] Para responder /re 4
[2018/4/18 - 22:20:7] Para responder /re 4
[2018/4/18 - 22:26:52] Para responder /re 9
[2018/4/18 - 22:27:4] Para responder /re 5
[2018/4/18 - 22:28:23] Para responder /re 13
[2018/4/18 - 22:29:47] Para responder /re 9
[2018/4/18 - 22:32:27] Para responder /re 3
[2018/4/18 - 22:36:41] Para responder /re 3
[2018/4/18 - 22:43:52] Para responder /re 3
[2018/4/18 - 22:45:52] Para responder /re 13
[2018/4/18 - 22:48:33] Para responder /re 11
[2018/4/18 - 22:51:6] Para responder /re 11
[2018/4/18 - 22:53:18] Para responder /re 3
[2018/4/18 - 22:55:40] Para responder /re 16
[2018/4/18 - 22:55:59] Para responder /re 12
[2018/4/18 - 22:58:6] Para responder /re 13
[2018/4/18 - 22:58:24] Para responder /re 15
[2018/4/18 - 22:58:32] Para responder /re 11
[2018/4/18 - 22:59:17] Para responder /re 9
[2018/4/18 - 22:59:42] Para responder /re 13
[2018/4/18 - 23:11:48] Para responder /re 11
[2018/4/18 - 23:17:36] Para responder /re 11
[2018/4/18 - 23:18:41] Para responder /re 15
[2018/4/18 - 23:21:51] Para responder /re 15
[2018/4/18 - 23:40:55] Para responder /re 16
[2018/4/18 - 23:42:41] Para responder /re 16
[2018/4/18 - 23:48:36] Para responder /re 6
[2018/4/18 - 23:53:50] Para responder /re 6
[2018/4/18 - 23:55:55] Para responder /re 16
[2018/4/18 - 23:55:59] Para responder /re 4
[2018/4/18 - 23:57:36] Para responder /re 16
[2018/4/18 - 23:59:19] Para responder /re 16
[2018/4/19 - 0:28:44] Para responder /re 7
[2018/4/19 - 0:39:45] Para responder /re 12
[2018/4/19 - 0:44:9] Para responder /re 4
[2018/4/19 - 0:50:27] Para responder /re 3
[2018/4/19 - 1:9:9] Para responder /re 4
[2018/4/19 - 1:14:23] Para responder /re 3
[2018/4/19 - 1:31:36] Para responder /re 15
[2018/4/19 - 1:38:57] Para responder /re 9
[2018/4/19 - 1:40:31] Para responder /re 9
[2018/4/19 - 1:57:1] Para responder /re 15
[2018/4/19 - 1:57:5] Para responder /re 0
[2018/4/19 - 2:18:32] Para responder /re 0
[2018/4/19 - 2:23:55] Para responder /re 0
[2018/4/19 - 2:30:19] Para responder /re 4
[2018/4/19 - 2:46:53] Para responder /re 4
[2018/4/19 - 3:39:41] Para responder /re 4
[2018/4/19 - 14:51:53] Para responder /re 4
[2018/4/19 - 14:54:1] Para responder /re 4
[2018/4/19 - 14:57:5] Para responder /re 4
[2018/4/19 - 17:46:43] Para responder /re 8
[2018/4/19 - 19:34:37] Para responder /re 10
[2018/4/19 - 20:9:29] Para responder /re 0
[2018/4/19 - 20:9:41] Para responder /re 9
[2018/4/19 - 20:10:51] Para responder /re 11
[2018/4/19 - 20:15:5] Para responder /re 9
[2018/4/19 - 20:18:15] Para responder /re 0
[2018/4/19 - 20:20:55] Para responder /re 3
[2018/4/19 - 20:26:3] Para responder /re 0
[2018/4/19 - 21:55:9] Para responder /re 12
[2018/4/19 - 22:41:3] Para responder /re 3
[2018/4/19 - 22:43:31] Para responder /re 0
[2018/4/19 - 23:49:33] Para responder /re 4
[2018/4/20 - 0:21:20] Para responder /re 4
[2018/4/20 - 2:9:36] Para responder /re 5
[2018/4/20 - 2:15:12] Para responder /re 8
[2018/4/20 - 2:21:42] Para responder /re 8
[2018/4/20 - 2:41:2] Para responder /re 6
[2018/4/20 - 2:53:10] Para responder /re 6
[2018/4/20 - 3:23:27] Para responder /re 5
[2018/4/20 - 3:47:3] Para responder /re 8
[2018/4/20 - 4:3:56] Para responder /re 5
[2018/4/20 - 16:16:19] Para responder /re 4
[2018/4/20 - 16:16:43] Para responder /re 5
[2018/4/20 - 16:19:11] Para responder /re 5
[2018/4/20 - 17:15:14] Para responder /re 5
[2018/4/20 - 17:17:18] Para responder /re 5
[2018/4/20 - 18:34:5] Para responder /re 6
[2018/4/20 - 19:6:16] Para responder /re 9
[2018/4/20 - 19:7:18] Para responder /re 4
[2018/4/20 - 19:9:53] Para responder /re 6
[2018/4/20 - 19:11:1] Para responder /re 2
[2018/4/20 - 19:15:48] Para responder /re 2
[2018/4/20 - 19:26:31] Para responder /re 7
[2018/4/20 - 19:27:2] Para responder /re 12
[2018/4/20 - 20:54:51] Para responder /re 9
[2018/4/20 - 21:28:20] Para responder /re 3
[2018/4/20 - 22:3:44] Para responder /re 10
[2018/4/20 - 22:7:35] Para responder /re 3
[2018/4/20 - 22:18:26] Para responder /re 9
[2018/4/20 - 22:20:9] Para responder /re 9
[2018/4/20 - 22:35:47] Para responder /re 9
[2018/4/20 - 22:50:25] Para responder /re 9
[2018/4/20 - 22:54:1] Para responder /re 0
[2018/4/20 - 23:55:14] Para responder /re 2
[2018/4/21 - 0:9:59] Para responder /re 2
[2018/4/21 - 0:10:0] Para responder /re 3
[2018/4/21 - 0:16:17] Para responder /re 0
[2018/4/21 - 0:27:34] Para responder /re 0
[2018/4/21 - 2:4:32] Para responder /re 7
[2018/4/21 - 2:10:36] Para responder /re 0
[2018/4/21 - 2:21:43] Para responder /re 5
[2018/4/21 - 2:40:58] Para responder /re 0
[2018/4/21 - 2:49:52] Para responder /re 3
[2018/4/21 - 3:19:57] Para responder /re 0
[2018/4/21 - 13:40:57] Para responder /re 1
[2018/4/21 - 14:56:43] Para responder /re 2
[2018/4/21 - 16:18:42] Para responder /re 3
[2018/4/21 - 16:21:25] Para responder /re 3
[2018/4/21 - 16:23:18] Para responder /re 3
[2018/4/21 - 16:32:26] Para responder /re 2
[2018/4/21 - 16:47:40] Para responder /re 2
[2018/4/21 - 17:27:45] Para responder /re 7
[2018/4/21 - 17:29:57] Para responder /re 8
[2018/4/21 - 17:31:26] Para responder /re 2
[2018/4/21 - 17:31:45] Para responder /re 7
[2018/4/21 - 17:34:27] Para responder /re 13
[2018/4/21 - 17:40:43] Para responder /re 7
[2018/4/21 - 17:45:58] Para responder /re 7
[2018/4/21 - 17:48:37] Para responder /re 2
[2018/4/21 - 17:56:52] Para responder /re 7
[2018/4/21 - 18:6:23] Para responder /re 15
[2018/4/21 - 18:10:20] Para responder /re 7
[2018/4/21 - 18:15:6] Para responder /re 16
[2018/4/21 - 18:16:42] Para responder /re 16
[2018/4/21 - 18:20:40] Para responder /re 15
[2018/4/21 - 18:36:1] Para responder /re 15
[2018/4/21 - 18:36:17] Para responder /re 0
[2018/4/21 - 18:39:45] Para responder /re 7
[2018/4/21 - 19:0:38] Para responder /re 15
[2018/4/21 - 19:10:44] Para responder /re 0
[2018/4/21 - 19:20:4] Para responder /re 17
[2018/4/21 - 19:23:56] Para responder /re 14
[2018/4/21 - 19:27:32] Para responder /re 14
[2018/4/21 - 19:29:36] Para responder /re 3
[2018/4/21 - 19:31:0] Para responder /re 14
[2018/4/21 - 19:34:34] Para responder /re 3
[2018/4/21 - 19:34:34] Para responder /re 14
[2018/4/21 - 19:36:23] Para responder /re 17
[2018/4/21 - 19:43:49] Para responder /re 2
[2018/4/21 - 19:46:14] Para responder /re 2
[2018/4/21 - 19:52:1] Para responder /re 2
[2018/4/21 - 20:4:9] Para responder /re 12
[2018/4/21 - 20:12:20] Para responder /re 0
[2018/4/21 - 20:13:33] Para responder /re 9
[2018/4/21 - 20:15:59] Para responder /re 10
[2018/4/21 - 20:16:3] Para responder /re 0
[2018/4/21 - 20:16:5] Para responder /re 12
[2018/4/21 - 20:16:6] Para responder /re 15
[2018/4/21 - 20:16:25] Para responder /re 9
[2018/4/21 - 20:16:26] Para responder /re 3
[2018/4/21 - 20:19:40] Para responder /re 9
[2018/4/21 - 20:24:40] Para responder /re 9
[2018/4/21 - 20:24:49] Para responder /re 12
[2018/4/21 - 20:25:46] Para responder /re 15
[2018/4/21 - 20:26:39] Para responder /re 9
[2018/4/21 - 20:27:40] Para responder /re 17
[2018/4/21 - 20:32:22] Para responder /re 12
[2018/4/21 - 20:32:44] Para responder /re 15
[2018/4/21 - 20:34:48] Para responder /re 15
[2018/4/21 - 20:36:19] Para responder /re 15
[2018/4/21 - 20:37:17] Para responder /re 7
[2018/4/21 - 20:40:48] Para responder /re 17
[2018/4/21 - 20:50:32] Para responder /re 15
[2018/4/21 - 20:56:22] Para responder /re 17
[2018/4/21 - 20:57:56] Para responder /re 17
[2018/4/21 - 21:2:48] Para responder /re 15
[2018/4/21 - 21:15:47] Para responder /re 9
[2018/4/21 - 21:20:38] Para responder /re 7
[2018/4/21 - 21:23:54] Para responder /re 9
[2018/4/21 - 21:28:28] Para responder /re 9
[2018/4/21 - 21:47:17] Para responder /re 2
[2018/4/21 - 23:14:42] Para responder /re 2
[2018/4/22 - 1:48:36] Para responder /re 3
[2018/4/22 - 2:1:23] Para responder /re 8
[2018/4/22 - 2:3:5] Para responder /re 3
[2018/4/22 - 2:23:44] Para responder /re 4
[2018/4/22 - 2:23:54] Para responder /re 9
[2018/4/22 - 2:32:57] Para responder /re 9
[2018/4/22 - 2:34:30] Para responder /re 11
[2018/4/22 - 2:35:17] Para responder /re 6
[2018/4/22 - 2:37:0] Para responder /re 2
[2018/4/22 - 2:42:56] Para responder /re 4
[2018/4/22 - 2:55:54] Para responder /re 9
[2018/4/22 - 3:10:53] Para responder /re 14
[2018/4/22 - 3:18:27] Para responder /re 11
[2018/4/22 - 3:20:43] Para responder /re 11
[2018/4/22 - 3:23:58] Para responder /re 11
[2018/4/22 - 3:24:30] Para responder /re 0
[2018/4/22 - 3:29:24] Para responder /re 9
[2018/4/22 - 3:35:35] Para responder /re 11
[2018/4/22 - 3:44:37] Para responder /re 3
[2018/4/22 - 3:48:12] Para responder /re 0
[2018/4/22 - 4:30:57] Para responder /re 3
[2018/4/22 - 13:27:37] Para responder /re 1
[2018/4/22 - 13:30:7] Para responder /re 2
[2018/4/22 - 13:36:18] Para responder /re 2
[2018/4/22 - 13:50:12] Para responder /re 2
[2018/4/22 - 13:54:37] Para responder /re 1
[2018/4/22 - 14:1:40] Para responder /re 1
[2018/4/22 - 14:9:45] Para responder /re 2
[2018/4/22 - 14:18:11] Para responder /re 6
[2018/4/22 - 14:32:51] Para responder /re 5
[2018/4/22 - 14:50:48] Para responder /re 2
[2018/4/22 - 14:53:39] Para responder /re 2
[2018/4/22 - 14:56:4] Para responder /re 2
[2018/4/22 - 14:57:36] Para responder /re 2
[2018/4/22 - 15:2:38] Para responder /re 2
[2018/4/22 - 15:7:14] Para responder /re 1
[2018/4/22 - 15:18:14] Para responder /re 2
[2018/4/22 - 15:20:28] Para responder /re 2
[2018/4/22 - 15:22:0] Para responder /re 2
[2018/4/22 - 15:27:22] Para responder /re 2
[2018/4/22 - 15:38:47] Para responder /re 2
[2018/4/22 - 15:42:48] Para responder /re 2
[2018/4/22 - 15:49:26] Para responder /re 2
[2018/4/22 - 16:3:45] Para responder /re 2
[2018/4/22 - 16:5:11] Para responder /re 2
[2018/4/22 - 16:12:15] Para responder /re 2
[2018/4/22 - 16:21:31] Para responder /re 2
[2018/4/22 - 16:23:54] Para responder /re 11
[2018/4/22 - 16:26:18] Para responder /re 11
[2018/4/22 - 16:28:32] Para responder /re 2
[2018/4/22 - 16:49:43] Para responder /re 11
[2018/4/22 - 16:49:58] Para responder /re 6
[2018/4/22 - 16:56:21] Para responder /re 11
[2018/4/22 - 16:59:30] Para responder /re 11
[2018/4/22 - 17:10:50] Para responder /re 14
[2018/4/22 - 17:13:37] Para responder /re 9
[2018/4/22 - 17:26:34] Para responder /re 11
[2018/4/22 - 17:29:46] Para responder /re 11
[2018/4/22 - 17:32:21] Para responder /re 11
[2018/4/22 - 17:40:42] Para responder /re 11
[2018/4/22 - 17:51:8] Para responder /re 12
[2018/4/22 - 17:51:31] Para responder /re 9
[2018/4/22 - 17:52:46] Para responder /re 2
[2018/4/22 - 17:54:8] Para responder /re 8
[2018/4/22 - 17:54:29] Para responder /re 9
[2018/4/22 - 18:0:15] Para responder /re 9
[2018/4/22 - 18:3:34] Para responder /re 6
[2018/4/22 - 18:4:0] Para responder /re 2
[2018/4/22 - 18:4:3] Para responder /re 14
[2018/4/22 - 18:9:9] Para responder /re 14
[2018/4/22 - 18:11:0] Para responder /re 14
[2018/4/22 - 18:19:25] Para responder /re 17
[2018/4/22 - 18:21:16] Para responder /re 17
[2018/4/22 - 18:23:50] Para responder /re 17
[2018/4/22 - 18:34:34] Para responder /re 18
[2018/4/22 - 18:38:19] Para responder /re 18
[2018/4/22 - 18:39:49] Para responder /re 15
[2018/4/22 - 18:42:17] Para responder /re 18
[2018/4/22 - 18:55:41] Para responder /re 15
[2018/4/22 - 19:8:57] Para responder /re 2
[2018/4/22 - 19:8:58] Para responder /re 9
[2018/4/22 - 19:9:9] Para responder /re 0
[2018/4/22 - 19:9:14] Para responder /re 6
[2018/4/22 - 19:10:43] Para responder /re 0
[2018/4/22 - 19:10:59] Para responder /re 2
[2018/4/22 - 19:12:18] Para responder /re 0
[2018/4/22 - 19:16:11] Para responder /re 14
[2018/4/22 - 19:16:13] Para responder /re 12
[2018/4/22 - 19:16:19] Para responder /re 9
[2018/4/22 - 19:19:20] Para responder /re 14
[2018/4/22 - 19:20:52] Para responder /re 17
[2018/4/22 - 19:24:36] Para responder /re 6
[2018/4/22 - 19:47:43] Para responder /re 14
[2018/4/22 - 19:49:13] Para responder /re 14
[2018/4/22 - 19:52:18] Para responder /re 9
[2018/4/22 - 19:53:13] Para responder /re 2
[2018/4/22 - 19:53:44] Para responder /re 11
[2018/4/22 - 19:54:28] Para responder /re 1
[2018/4/22 - 19:55:27] Para responder /re 18
[2018/4/22 - 19:56:30] Para responder /re 1
[2018/4/22 - 19:56:35] Para responder /re 17
[2018/4/22 - 19:56:38] Para responder /re 11
[2018/4/22 - 19:56:51] Para responder /re 9
[2018/4/22 - 19:58:47] Para responder /re 9
[2018/4/22 - 19:59:24] Para responder /re 12
[2018/4/22 - 20:8:37] Para responder /re 14
[2018/4/22 - 20:9:4] Para responder /re 1
[2018/4/22 - 20:9:5] Para responder /re 17
[2018/4/22 - 20:9:42] Para responder /re 12
[2018/4/22 - 20:10:42] Para responder /re 17
[2018/4/22 - 20:11:14] Para responder /re 14
[2018/4/22 - 20:11:22] Para responder /re 11
[2018/4/22 - 20:12:51] Para responder /re 11
[2018/4/22 - 20:12:54] Para responder /re 9
[2018/4/22 - 20:18:45] Para responder /re 11
[2018/4/22 - 20:34:27] Para responder /re 0
[2018/4/22 - 20:39:8] Para responder /re 12
[2018/4/22 - 20:40:1] Para responder /re 10
[2018/4/22 - 20:42:7] Para responder /re 14
[2018/4/22 - 20:42:28] Para responder /re 13
[2018/4/22 - 20:45:1] Para responder /re 13
[2018/4/22 - 21:1:16] Para responder /re 16
[2018/4/22 - 21:23:1] Para responder /re 7
[2018/4/22 - 21:33:9] Para responder /re 1
[2018/4/22 - 21:38:39] Para responder /re 7
[2018/4/22 - 21:41:25] Para responder /re 1
[2018/4/22 - 21:42:34] Para responder /re 7
[2018/4/22 - 21:50:8] Para responder /re 7
[2018/4/22 - 21:52:10] Para responder /re 7
[2018/4/22 - 22:10:54] Para responder /re 4
[2018/4/22 - 22:20:23] Para responder /re 4
[2018/4/22 - 22:41:0] Para responder /re 7
[2018/4/22 - 22:52:5] Para responder /re 13
[2018/4/22 - 22:53:3] Para responder /re 12
[2018/4/22 - 22:59:32] Para responder /re 9
[2018/4/22 - 23:2:38] Para responder /re 11
[2018/4/22 - 23:5:36] Para responder /re 9
[2018/4/22 - 23:13:57] Para responder /re 16
[2018/4/22 - 23:23:15] Para responder /re 16
[2018/4/22 - 23:28:38] Para responder /re 7
[2018/4/22 - 23:33:33] Para responder /re 0
[2018/4/22 - 23:52:38] Para responder /re 11
[2018/4/22 - 23:52:38] Para responder /re 13
[2018/4/23 - 0:6:7] Para responder /re 13
[2018/4/23 - 0:7:42] Para responder /re 12
[2018/4/23 - 0:7:48] Para responder /re 4
[2018/4/23 - 0:14:8] Para responder /re 4
[2018/4/23 - 0:47:1] Para responder /re 4
[2018/4/23 - 0:59:36] Para responder /re 0
[2018/4/23 - 1:5:53] Para responder /re 10
[2018/4/23 - 1:15:53] Para responder /re 0
[2018/4/23 - 1:18:15] Para responder /re 0
[2018/4/23 - 1:20:1] Para responder /re 0
[2018/4/23 - 1:23:4] Para responder /re 0
[2018/4/23 - 1:29:28] Para responder /re 9
[2018/4/23 - 2:5:30] Para responder /re 8
[2018/4/23 - 2:21:59] Para responder /re 10
[2018/4/23 - 2:33:22] Para responder /re 6
[2018/4/23 - 3:6:27] Para responder /re 0
[2018/4/23 - 13:47:20] Para responder /re 1
[2018/4/23 - 13:51:5] Para responder /re 1
[2018/4/23 - 14:1:40] Para responder /re 1
[2018/4/23 - 14:18:24] Para responder /re 1
[2018/4/23 - 14:27:17] Para responder /re 1
[2018/4/23 - 17:35:8] Para responder /re 6
[2018/4/23 - 18:59:55] Para responder /re 8
[2018/4/23 - 19:11:58] Para responder /re 8
[2018/4/23 - 19:48:0] Para responder /re 7
[2018/4/23 - 20:8:35] Para responder /re 10
[2018/4/23 - 20:47:46] Para responder /re 11
[2018/4/23 - 20:53:10] Para responder /re 11
[2018/4/23 - 20:54:30] Para responder /re 12
[2018/4/23 - 21:7:42] Para responder /re 9
[2018/4/23 - 21:14:9] Para responder /re 9
[2018/4/23 - 21:15:41] Para responder /re 9
[2018/4/23 - 21:17:19] Para responder /re 10
[2018/4/23 - 21:17:25] Para responder /re 9
[2018/4/23 - 21:25:3] Para responder /re 9
[2018/4/23 - 21:34:22] Para responder /re 9
[2018/4/23 - 21:35:52] Para responder /re 9
[2018/4/23 - 21:39:49] Para responder /re 11
[2018/4/23 - 21:41:57] Para responder /re 11
[2018/4/23 - 21:47:14] Para responder /re 10
[2018/4/23 - 22:9:25] Para responder /re 7
[2018/4/23 - 22:21:44] Para responder /re 5
[2018/4/23 - 22:37:37] Para responder /re 1
[2018/4/23 - 22:53:46] Para responder /re 1
[2018/4/23 - 23:2:15] Para responder /re 1
[2018/4/23 - 23:3:59] Para responder /re 8
[2018/4/23 - 23:18:22] Para responder /re 9
[2018/4/23 - 23:18:51] Para responder /re 8
[2018/4/23 - 23:25:13] Para responder /re 8
[2018/4/23 - 23:26:5] Para responder /re 5
[2018/4/23 - 23:27:32] Para responder /re 7
[2018/4/23 - 23:44:32] Para responder /re 5
[2018/4/23 - 23:45:59] Para responder /re 9
[2018/4/23 - 23:47:30] Para responder /re 9
[2018/4/23 - 23:55:34] Para responder /re 5
[2018/4/23 - 23:59:16] Para responder /re 11
[2018/4/23 - 23:59:52] Para responder /re 9
[2018/4/24 - 0:11:15] Para responder /re 12
[2018/4/24 - 0:13:4] Para responder /re 9
[2018/4/24 - 0:13:10] Para responder /re 12
[2018/4/24 - 0:21:57] Para responder /re 9
[2018/4/24 - 0:25:28] Para responder /re 9
[2018/4/24 - 0:38:59] Para responder /re 12
[2018/4/24 - 0:42:3] Para responder /re 13
[2018/4/24 - 0:43:35] Para responder /re 13
[2018/4/24 - 0:47:22] Para responder /re 13
[2018/4/24 - 0:51:15] Para responder /re 13
[2018/4/24 - 1:4:29] Para responder /re 9
[2018/4/24 - 1:11:15] Para responder /re 1
[2018/4/24 - 1:11:57] Para responder /re 5
[2018/4/24 - 1:48:51] Para responder /re 5
[2018/4/24 - 1:51:52] Para responder /re 5
[2018/4/24 - 1:55:13] Para responder /re 7
[2018/4/24 - 2:19:4] Para responder /re 5
[2018/4/24 - 2:42:32] Para responder /re 0
[2018/4/24 - 3:0:7] Para responder /re 0
[2018/4/24 - 3:57:23] Para responder /re 3
[2018/4/24 - 14:8:41] Para responder /re 5
[2018/4/24 - 16:1:55] Para responder /re 1
[2018/4/24 - 16:1:58] Para responder /re 4
[2018/4/24 - 16:26:10] Para responder /re 8
[2018/4/24 - 16:35:28] Para responder /re 4
[2018/4/24 - 16:35:31] Para responder /re 5
[2018/4/24 - 16:35:55] Para responder /re 9
[2018/4/24 - 16:50:52] Para responder /re 0
[2018/4/24 - 16:58:43] Para responder /re 1
[2018/4/24 - 17:10:21] Para responder /re 5
[2018/4/24 - 17:19:5] Para responder /re 1
[2018/4/24 - 17:20:55] Para responder /re 1
[2018/4/24 - 17:30:1] Para responder /re 1
[2018/4/24 - 17:33:12] Para responder /re 1
[2018/4/24 - 17:35:4] Para responder /re 1
[2018/4/24 - 17:38:7] Para responder /re 1
[2018/4/24 - 17:45:3] Para responder /re 1
[2018/4/24 - 18:0:44] Para responder /re 1
[2018/4/24 - 18:5:22] Para responder /re 1
[2018/4/24 - 18:25:42] Para responder /re 1
[2018/4/24 - 18:59:38] Para responder /re 0
[2018/4/24 - 19:1:52] Para responder /re 3
[2018/4/24 - 19:1:53] Para responder /re 0
[2018/4/24 - 19:28:43] Para responder /re 6
[2018/4/24 - 19:34:35] Para responder /re 4
[2018/4/24 - 20:17:14] Para responder /re 3
[2018/4/24 - 21:53:25] Para responder /re 2
[2018/4/24 - 21:57:55] Para responder /re 2
[2018/4/24 - 23:26:44] Para responder /re 9
[2018/4/24 - 23:35:58] Para responder /re 5
[2018/4/25 - 0:7:18] Para responder /re 5
[2018/4/25 - 0:40:18] Para responder /re 2
[2018/4/25 - 0:42:46] Para responder /re 2
[2018/4/25 - 0:45:18] Para responder /re 2
[2018/4/25 - 0:54:40] Para responder /re 4
[2018/4/25 - 1:55:38] Para responder /re 2
[2018/4/25 - 2:0:2] Para responder /re 2
[2018/4/25 - 2:1:33] Para responder /re 2
[2018/4/25 - 3:22:52] Para responder /re 2
[2018/4/25 - 3:51:16] Para responder /re 2
[2018/4/25 - 15:18:27] Para responder /re 5
[2018/4/25 - 15:32:48] Para responder /re 7
[2018/4/25 - 15:35:43] Para responder /re 5
[2018/4/25 - 16:5:55] Para responder /re 5
[2018/4/25 - 16:50:14] Para responder /re 5
[2018/4/25 - 17:2:22] Para responder /re 8
[2018/4/25 - 17:18:23] Para responder /re 5
[2018/4/25 - 17:21:20] Para responder /re 7
[2018/4/25 - 17:50:36] Para responder /re 11
[2018/4/25 - 18:16:53] Para responder /re 7
[2018/4/25 - 18:26:5] Para responder /re 8
[2018/4/25 - 18:52:23] Para responder /re 8
[2018/4/25 - 19:2:51] Para responder /re 10
[2018/4/25 - 19:4:43] Para responder /re 10
[2018/4/25 - 19:12:37] Para responder /re 1
[2018/4/25 - 19:14:13] Para responder /re 1
[2018/4/25 - 19:43:45] Para responder /re 8
[2018/4/25 - 19:47:16] Para responder /re 3
[2018/4/25 - 19:51:2] Para responder /re 0
[2018/4/25 - 22:49:10] Para responder /re 4
[2018/4/25 - 23:0:46] Para responder /re 4
[2018/4/26 - 1:16:7] Para responder /re 4
[2018/4/26 - 1:29:0] Para responder /re 4
[2018/4/26 - 1:33:44] Para responder /re 4
[2018/4/26 - 15:4:38] Para responder /re 1
[2018/4/26 - 15:10:37] Para responder /re 1
[2018/4/26 - 19:26:49] Para responder /re 1
[2018/4/26 - 19:31:31] Para responder /re 0
[2018/4/26 - 19:38:1] Para responder /re 0
[2018/4/27 - 2:9:31] Para responder /re 3
[2018/4/27 - 2:23:35] Para responder /re 3
[2018/4/27 - 17:38:33] Para responder /re 4
[2018/4/27 - 17:52:16] Para responder /re 4
[2018/4/27 - 18:14:28] Para responder /re 4
[2018/4/27 - 18:22:37] Para responder /re 4
[2018/4/27 - 18:38:45] Para responder /re 4
[2018/4/27 - 18:43:8] Para responder /re 4
[2018/4/27 - 18:45:42] Para responder /re 4
[2018/4/27 - 18:47:46] Para responder /re 4
[2018/4/27 - 19:4:17] Para responder /re 4
[2018/4/27 - 19:4:52] Para responder /re 3
[2018/4/27 - 19:6:29] Para responder /re 4
[2018/4/27 - 19:36:42] Para responder /re 4
[2018/4/27 - 19:58:41] Para responder /re 4
[2018/4/27 - 20:23:24] Para responder /re 5
[2018/4/27 - 20:23:39] Para responder /re 4
[2018/4/27 - 20:30:10] Para responder /re 9
[2018/4/27 - 20:35:42] Para responder /re 4
[2018/4/27 - 20:40:3] Para responder /re 4
[2018/4/27 - 20:42:52] Para responder /re 10
[2018/4/27 - 20:44:28] Para responder /re 4
[2018/4/27 - 20:51:56] Para responder /re 4
[2018/4/27 - 20:54:6] Para responder /re 4
[2018/4/27 - 20:55:41] Para responder /re 4
[2018/4/27 - 20:58:47] Para responder /re 4
[2018/4/27 - 21:5:27] Para responder /re 4
[2018/4/27 - 21:38:41] Para responder /re 8
[2018/4/27 - 22:53:9] Para responder /re 0
[2018/4/27 - 23:54:36] Para responder /re 8
[2018/4/28 - 0:40:15] Para responder /re 7
[2018/4/28 - 0:43:42] Para responder /re 7
[2018/4/28 - 2:38:13] Para responder /re 9
[2018/4/28 - 2:41:39] Para responder /re 9
[2018/4/28 - 3:35:8] Para responder /re 1
[2018/4/28 - 3:36:39] Para responder /re 1
[2018/4/28 - 3:41:52] Para responder /re 1
[2018/4/28 - 13:59:45] Para responder /re 4
[2018/4/28 - 14:8:6] Para responder /re 4
[2018/4/28 - 15:59:59] Para responder /re 6
[2018/4/28 - 19:38:39] Para responder /re 0
[2018/4/28 - 20:46:18] Para responder /re 4
[2018/4/28 - 21:18:50] Para responder /re 6
[2018/4/28 - 21:36:34] Para responder /re 4
[2018/4/28 - 23:54:42] Para responder /re 1
[2018/4/29 - 0:6:7] Para responder /re 6
[2018/4/29 - 0:16:34] Para responder /re 4
[2018/4/29 - 1:0:41] Para responder /re 11
[2018/4/29 - 1:2:16] Para responder /re 11
[2018/4/29 - 1:2:16] Para responder /re 6
[2018/4/29 - 1:16:5] Para responder /re 11
[2018/4/29 - 1:17:47] Para responder /re 11
[2018/4/29 - 1:19:23] Para responder /re 11
[2018/4/29 - 1:50:58] Para responder /re 6
[2018/4/29 - 1:51:1] Para responder /re 10
[2018/4/29 - 1:51:3] Para responder /re 9
[2018/4/29 - 1:51:3] Para responder /re 1
[2018/4/29 - 1:51:10] Para responder /re 13
[2018/4/29 - 1:51:12] Para responder /re 12
[2018/4/29 - 1:51:14] Para responder /re 8
[2018/4/29 - 1:56:17] Para responder /re 10
[2018/4/29 - 2:32:59] Para responder /re 11
[2018/4/29 - 2:42:5] Para responder /re 10
[2018/4/29 - 3:4:0] Para responder /re 4
[2018/4/29 - 3:24:33] Para responder /re 4
[2018/4/29 - 4:39:42] Para responder /re 9
[2018/4/29 - 4:55:15] Para responder /re 7
[2018/4/29 - 5:6:34] Para responder /re 8
[2018/4/29 - 5:7:8] Para responder /re 9
[2018/4/29 - 5:20:10] Para responder /re 9
[2018/4/29 - 5:41:45] Para responder /re 9
[2018/4/29 - 5:57:26] Para responder /re 4
[2018/4/29 - 15:20:16] Para responder /re 2
[2018/4/29 - 15:22:0] Para responder /re 2
[2018/4/29 - 15:24:58] Para responder /re 2
[2018/4/29 - 15:25:44] Para responder /re 0
[2018/4/29 - 15:27:22] Para responder /re 0
[2018/4/29 - 15:28:7] Para responder /re 2
[2018/4/29 - 15:35:20] Para responder /re 2
[2018/4/29 - 16:28:3] Para responder /re 0
[2018/4/29 - 17:13:43] Para responder /re 9
[2018/4/29 - 17:21:9] Para responder /re 11
[2018/4/29 - 17:23:54] Para responder /re 11
[2018/4/29 - 17:49:58] Para responder /re 16
[2018/4/29 - 17:57:40] Para responder /re 11
[2018/4/29 - 18:5:24] Para responder /re 9
[2018/4/29 - 18:6:8] Para responder /re 16
[2018/4/29 - 18:6:9] Para responder /re 6
[2018/4/29 - 18:6:9] Para responder /re 15
[2018/4/29 - 18:6:11] Para responder /re 4
[2018/4/29 - 18:6:14] Para responder /re 8
[2018/4/29 - 18:6:20] Para responder /re 18
[2018/4/29 - 18:7:10] Para responder /re 9
[2018/4/29 - 18:8:49] Para responder /re 1
[2018/4/29 - 18:15:28] Para responder /re 9
[2018/4/29 - 18:15:48] Para responder /re 16
[2018/4/29 - 18:17:19] Para responder /re 1
[2018/4/29 - 18:20:40] Para responder /re 14
[2018/4/29 - 18:24:58] Para responder /re 14
[2018/4/29 - 18:25:33] Para responder /re 9
[2018/4/29 - 18:26:44] Para responder /re 16
[2018/4/29 - 18:26:55] Para responder /re 14
[2018/4/29 - 18:27:3] Para responder /re 9
[2018/4/29 - 18:28:13] Para responder /re 18
[2018/4/29 - 18:29:35] Para responder /re 9
[2018/4/29 - 18:29:46] Para responder /re 0
[2018/4/29 - 18:31:2] Para responder /re 15
[2018/4/29 - 18:31:6] Para responder /re 1
[2018/4/29 - 18:31:13] Para responder /re 9
[2018/4/29 - 18:31:18] Para responder /re 6
[2018/4/29 - 18:42:19] Para responder /re 0
[2018/4/29 - 18:44:6] Para responder /re 14
[2018/4/29 - 18:44:14] Para responder /re 0
[2018/4/29 - 18:45:18] Para responder /re 9
[2018/4/29 - 18:47:16] Para responder /re 9
[2018/4/29 - 18:50:14] Para responder /re 9
[2018/4/29 - 19:0:37] Para responder /re 10
[2018/4/29 - 19:20:59] Para responder /re 14
[2018/4/29 - 19:21:35] Para responder /re 6
[2018/4/29 - 19:25:57] Para responder /re 0
[2018/4/29 - 19:28:0] Para responder /re 6
[2018/4/29 - 19:55:34] Para responder /re 14
[2018/4/29 - 21:30:14] Para responder /re 0
[2018/4/29 - 21:54:35] Para responder /re 3
[2018/4/29 - 22:53:54] Para responder /re 6
[2018/4/29 - 22:59:3] Para responder /re 6
[2018/4/30 - 1:9:11] Para responder /re 2
[2018/4/30 - 1:14:23] Para responder /re 2
[2018/4/30 - 2:37:21] Para responder /re 2
[2018/4/30 - 2:40:52] Para responder /re 2
[2018/4/30 - 6:2:42] Para responder /re 0
[2018/4/30 - 14:40:7] Para responder /re 3
[2018/4/30 - 14:54:47] Para responder /re 1
[2018/4/30 - 16:48:44] Para responder /re 3
[2018/4/30 - 16:54:52] Para responder /re 0
[2018/4/30 - 17:9:2] Para responder /re 0
[2018/4/30 - 17:28:7] Para responder /re 4
[2018/4/30 - 17:32:31] Para responder /re 3
[2018/4/30 - 17:33:41] Para responder /re 0
[2018/4/30 - 17:34:20] Para responder /re 2
[2018/4/30 - 17:48:46] Para responder /re 7
[2018/4/30 - 17:55:18] Para responder /re 4
[2018/4/30 - 18:0:17] Para responder /re 2
[2018/4/30 - 18:41:8] Para responder /re 6
[2018/4/30 - 18:42:44] Para responder /re 4
[2018/4/30 - 18:44:57] Para responder /re 3
[2018/4/30 - 18:52:45] Para responder /re 2
[2018/4/30 - 19:0:0] Para responder /re 2
[2018/4/30 - 20:40:26] Para responder /re 0
[2018/5/1 - 0:33:50] Para responder /re 4
[2018/5/1 - 4:57:59] Para responder /re 1
[2018/5/1 - 10:13:20] Para responder /re 0
[2018/5/1 - 18:56:37] Para responder /re 3
[2018/5/1 - 18:58:17] Para responder /re 3
[2018/5/1 - 19:0:44] Para responder /re 3
[2018/5/1 - 19:1:35] Para responder /re 3
[2018/5/1 - 19:2:17] Para responder /re 3
[2018/5/1 - 19:3:44] Para responder /re 3
[2018/5/1 - 19:5:15] Para responder /re 3
[2018/5/1 - 19:14:44] Para responder /re 0
[2018/5/1 - 19:27:0] Para responder /re 5
[2018/5/1 - 19:27:12] Para responder /re 4
[2018/5/1 - 19:28:41] Para responder /re 4
[2018/5/1 - 19:57:34] Para responder /re 3
[2018/5/1 - 19:59:54] Para responder /re 5
[2018/5/1 - 20:7:5] Para responder /re 1
[2018/5/1 - 20:42:57] Para responder /re 1
[2018/5/1 - 20:44:26] Para responder /re 1
[2018/5/2 - 4:40:40] Para responder /re 1
[2018/5/2 - 4:42:49] Para responder /re 1
[2018/5/2 - 15:47:16] Para responder /re 1
[2018/5/2 - 15:50:4] Para responder /re 1
[2018/5/2 - 18:15:13] Para responder /re 2
[2018/5/2 - 22:52:37] Para responder /re 0
[2018/5/3 - 4:6:21] Para responder /re 3
[2018/5/3 - 4:6:26] Para responder /re 5
[2018/5/3 - 4:10:38] Para responder /re 5
[2018/5/3 - 18:12:56] Para responder /re 2
[2018/5/3 - 19:50:29] Para responder /re 0
[2018/5/3 - 23:17:12] Para responder /re 2
[2018/5/3 - 23:33:33] Para responder /re 2
[2018/5/3 - 23:44:56] Para responder /re 2
[2018/5/3 - 23:59:49] Para responder /re 4
[2018/5/4 - 0:29:38] Para responder /re 0
[2018/5/5 - 0:3:52] Para responder /re 1
[2018/5/5 - 0:24:28] Para responder /re 1
[2018/5/5 - 0:31:17] Para responder /re 1
[2018/5/5 - 0:34:31] Para responder /re 1
[2018/5/5 - 0:36:36] Para responder /re 1
[2018/5/5 - 0:37:6] Para responder /re 2
[2018/5/5 - 0:46:4] Para responder /re 1
[2018/5/5 - 0:47:44] Para responder /re 1
[2018/5/5 - 0:52:34] Para responder /re 1
[2018/5/5 - 0:54:8] Para responder /re 1
[2018/5/5 - 0:57:3] Para responder /re 1
[2018/5/5 - 0:58:36] Para responder /re 1
[2018/5/5 - 1:0:39] Para responder /re 1
[2018/5/5 - 1:2:11] Para responder /re 1
[2018/5/5 - 1:5:21] Para responder /re 1
[2018/5/5 - 1:22:41] Para responder /re 1
[2018/5/5 - 1:24:22] Para responder /re 1
[2018/5/5 - 1:27:35] Para responder /re 1
[2018/5/5 - 1:29:47] Para responder /re 1
[2018/5/5 - 1:39:40] Para responder /re 1
[2018/5/5 - 1:48:51] Para responder /re 3
[2018/5/5 - 1:57:39] Para responder /re 3
[2018/5/5 - 2:1:48] Para responder /re 1
[2018/5/5 - 2:3:29] Para responder /re 3
[2018/5/5 - 2:3:44] Para responder /re 1
[2018/5/5 - 2:5:18] Para responder /re 1
[2018/5/5 - 4:38:37] Para responder /re 1
[2018/5/5 - 22:6:36] Para responder /re 3
