[2012/8/29 - 17:45:47] OnPlayerDeath: John has killed Abdo using None.
[2012/10/8 - 1:54:6] OnPlayerDeath: Brian DeSousa has killed Roland using None.
[2012/10/8 - 16:48:56] OnPlayerDeath: Chad Brooks has killed Perverse using None.
[2012/10/8 - 19:35:17] OnPlayerDeath: Brian DeSousa has killed Jeffrey Loc using Combat Shotgun.
[2012/10/10 - 20:33:13] OnPlayerDeath: Andrew has killed Jeffrey Loc using Silenced Pistol.
[2012/10/10 - 21:13:49] OnPlayerDeath: Andrew has killed Timmy Leaf using Minigun.
[2012/10/10 - 21:33:1] OnPlayerDeath: Andrew has killed Timmy Leaf using Minigun.
[2012/10/10 - 21:55:46] OnPlayerDeath: Andrew has killed Timmy Leaf using Minigun.
[2012/10/10 - 22:5:37] OnPlayerDeath: Andrew has killed Timmy Leaf using Minigun.
[2012/10/10 - 22:13:49] OnPlayerDeath: Andrew has killed Timmy Leaf using Minigun.
[2012/10/10 - 23:10:37] OnPlayerDeath: Timmy Leaf has killed Roland using .
[2012/10/11 - 19:51:24] OnPlayerDeath: Superman has killed Timmy Leaf using Minigun.
[2012/10/11 - 20:21:38] OnPlayerDeath: Timmy Leaf has killed Roland using Shotgun.
[2012/10/11 - 20:53:27] OnPlayerDeath: SilverLeaf has killed Superman using Chainsaw.
[2012/10/11 - 20:54:27] OnPlayerDeath: SilverLeaf has killed Superman using Chainsaw.
[2012/10/11 - 20:55:53] OnPlayerDeath: Superman has killed SilverLeaf using Minigun.
[2012/10/11 - 20:56:6] OnPlayerDeath: Superman has killed SilverLeaf using Minigun.
[2012/10/11 - 20:56:16] OnPlayerDeath: Superman has killed SilverLeaf using Minigun.
[2012/10/11 - 20:57:5] OnPlayerDeath: Superman has killed SilverLeaf using Minigun.
[2012/10/13 - 0:59:51] OnPlayerDeath: William Martinez has killed gmodder110 using .
[2012/10/13 - 21:7:55] OnPlayerDeath: Roland has killed Brian DeSousa using TEC9.
[2012/10/13 - 21:12:44] OnPlayerDeath: gmodder110 has killed William Martinez using Minigun.
[2012/10/13 - 21:21:43] OnPlayerDeath: Andrew has killed gmodder110 using Minigun.
[2012/10/14 - 2:7:12] OnPlayerDeath: Silencer has killed Roland using Minigun.
[2012/10/14 - 16:32:10] OnPlayerDeath: Andrew has killed Silencer using Minigun.
[2012/10/14 - 17:50:53] OnPlayerDeath: NouieMan has killed SilverLeaf using .
[2012/10/14 - 17:52:47] OnPlayerDeath: Andrew has killed NouieMan using .
[2012/10/14 - 17:57:4] OnPlayerDeath: SilverLeaf has killed Andrew using Chainsaw.
[2012/10/14 - 18:4:17] OnPlayerDeath: SilverLeaf has killed Andrew using Chainsaw.
[2012/10/14 - 18:7:29] OnPlayerDeath: Andrew has killed SilverLeaf using Minigun.
[2012/10/14 - 18:7:59] OnPlayerDeath: Andrew has killed SilverLeaf using Minigun.
[2012/10/14 - 18:8:21] OnPlayerDeath: Andrew has killed SilverLeaf using Minigun.
[2012/11/18 - 16:59:59] OnPlayerDeath: Alek Yevtushenko has killed Josh Cave using Desert Eagle.
[2012/11/19 - 6:1:46] OnPlayerDeath: Ollie Williams has killed Adam West using .
[2012/11/25 - 19:7:59] OnPlayerDeath: Norman Jayden has killed Robbin Loyal using Nite Stick.
[2012/12/4 - 15:43:26] OnPlayerDeath: Casey Ryback has killed William Mary using Desert Eagle.
[2012/12/4 - 15:43:26] OnPlayerDeath: Casey Ryback has killed Katie Yevtushenko using Desert Eagle.
[2012/12/4 - 15:43:41] OnPlayerDeath: Casey Ryback has killed Josh Cave using Desert Eagle.
[2012/12/4 - 15:43:49] OnPlayerDeath: Sami Minor has killed Casey Ryback using Vehicle.
[2012/12/4 - 15:53:41] OnPlayerDeath: Josh Cave has killed Katie Yevtushenko using Sniper Rifle.
[2012/12/4 - 15:54:26] OnPlayerDeath: Katie Yevtushenko has killed Casey Ryback using Minigun.
[2012/12/4 - 15:55:0] OnPlayerDeath: Katie Yevtushenko has killed Josh Cave using Minigun.
[2012/12/4 - 15:56:18] OnPlayerDeath: Katie Yevtushenko has killed William Mary using Minigun.
[2012/12/4 - 15:56:44] OnPlayerDeath: Katie Yevtushenko has killed William Mary using Minigun.
[2012/12/4 - 15:57:3] OnPlayerDeath: Katie Yevtushenko has killed William Mary using Minigun.
[2012/12/4 - 15:57:32] OnPlayerDeath: William Mary has killed Josh Cave using None.
[2012/12/4 - 15:57:34] OnPlayerDeath: Katie Yevtushenko has killed Casey Ryback using Minigun.
[2012/12/4 - 15:57:39] OnPlayerDeath: Katie Yevtushenko has killed William Mary using Minigun.
[2012/12/4 - 15:58:14] OnPlayerDeath: William Mary has killed Katie Yevtushenko using None.
[2012/12/14 - 20:14:38] OnPlayerDeath: Josh Cave has killed Roberto CoreLeone using Sawn-off Shotgun.
[2012/12/14 - 20:15:21] OnPlayerDeath: Josh Cave has killed Roberto CoreLeone using Sawn-off Shotgun.
[2012/12/14 - 20:17:26] OnPlayerDeath: Josh Cave has killed Roberto CoreLeone using M4.
[2012/12/15 - 17:19:12] OnPlayerDeath: Frascuelo Navarette has killed Alvino Zavala using Sniper Rifle.
[2012/12/15 - 17:19:37] OnPlayerDeath: Frascuelo Navarette has killed Josh Cave using Desert Eagle.
[2012/12/15 - 17:22:3] OnPlayerDeath: Frascuelo Navarette has killed Josh Cave using M4.
[2012/12/15 - 17:22:35] OnPlayerDeath: Alvino Zavala has killed Andreas Constantinou using M4.
[2012/12/15 - 17:50:2] OnPlayerDeath: Alvino Zavala has killed Frascuelo Navarette using Desert Eagle.
[2012/12/15 - 18:2:11] OnPlayerDeath: Alvino Zavala has killed Frascuelo Navarette using Desert Eagle.
[2012/12/20 - 9:56:54] OnPlayerDeath: Alvino Zavala has killed Frascuelo Navarette using Minigun.
[2012/12/20 - 10:9:48] OnPlayerDeath: Alvino Zavala has killed Frascuelo Navarette using Silenced Pistol.
[2012/12/20 - 10:11:53] OnPlayerDeath: Frascuelo Navarette has killed Alvino Zavala using Desert Eagle.
[2012/12/20 - 10:21:26] OnPlayerDeath: Alvino Zavala has killed Frascuelo Navarette using Desert Eagle.
[2012/12/20 - 11:15:14] OnPlayerDeath: Alvino Zavala has killed Yiu Kin using Desert Eagle.
[2012/12/20 - 13:40:49] OnPlayerDeath: Alvino Zavala has killed Josh Cave using Minigun.
[2012/12/20 - 13:47:25] OnPlayerDeath: Alvino Zavala has killed Frascuelo Navarette using Desert Eagle.
[2012/12/20 - 13:50:9] OnPlayerDeath: Frascuelo Navarette has killed Josh Cave using Desert Eagle.
[2012/12/20 - 13:52:32] OnPlayerDeath: Alvino Zavala has killed Frascuelo Navarette using Desert Eagle.
[2012/12/20 - 13:55:39] OnPlayerDeath: Frascuelo Navarette has killed Alvino Zavala using .
[2012/12/20 - 14:13:13] OnPlayerDeath: Katie Cave has killed Josh Cave using Knife.
[2012/12/20 - 14:20:0] OnPlayerDeath: Alvino Zavala has killed Katie Cave using Desert Eagle.
[2012/12/20 - 14:21:7] OnPlayerDeath: Frascuelo Navarette has killed Alvino Zavala using Desert Eagle.
[2012/12/20 - 14:21:7] OnPlayerDeath: Alvino Zavala has killed Frascuelo Navarette using Desert Eagle.
[2012/12/20 - 14:24:52] OnPlayerDeath: Josh Cave has killed Katie Cave using Desert Eagle.
[2012/12/20 - 14:27:16] OnPlayerDeath: Frascuelo Navarette has killed Alvino Zavala using Desert Eagle.
[2012/12/20 - 16:38:21] OnPlayerDeath: Josh Cave has killed Natalie Severin using AK47.
[2012/12/20 - 16:41:44] OnPlayerDeath: Katie Castillo has killed Josh Cave using UZI.
[2012/12/21 - 4:4:12] OnPlayerDeath: Steven Colt has killed Alvino Zavala using Desert Eagle.
[2012/12/21 - 4:36:34] OnPlayerDeath: Frascuelo Navarette has killed Steven Colt using Desert Eagle.
[2012/12/21 - 4:37:42] OnPlayerDeath: Steven Colt has killed Alvino Zavala using Desert Eagle.
[2012/12/21 - 4:37:51] OnPlayerDeath: Frascuelo Navarette has killed Steven Colt using Desert Eagle.
[2012/12/21 - 4:39:25] OnPlayerDeath: Steven Colt has killed Frascuelo Navarette using Desert Eagle.
[2012/12/21 - 4:42:6] OnPlayerDeath: Alvino Zavala has killed Steven Colt using Desert Eagle.
[2012/12/21 - 4:44:3] OnPlayerDeath: Alvino Zavala has killed Frascuelo Navarette using Desert Eagle.
[2012/12/21 - 4:58:57] OnPlayerDeath: Frascuelo Navarette has killed Steven Colt using Desert Eagle.
[2012/12/21 - 5:0:27] OnPlayerDeath: Alvino Zavala has killed Frascuelo Navarette using Desert Eagle.
[2012/12/21 - 15:20:32] OnPlayerDeath: Felix Lee has killed Natalie Severin using None.
[2012/12/21 - 15:24:49] OnPlayerDeath: Josh Cave has killed Felix Lee using .
[2012/12/21 - 15:26:15] OnPlayerDeath: Josh Cave has killed Natalie Severin using Sniper Rifle.
[2012/12/21 - 15:29:0] OnPlayerDeath: Josh Cave has killed Natalie Severin using Sniper Rifle.
[2012/12/21 - 17:52:56] OnPlayerDeath: Alvino Zavala has killed Jorge Zavala using Desert Eagle.
[2012/12/21 - 18:25:22] OnPlayerDeath: Alvino Zavala has killed Dwayne HazeI using .
[2012/12/21 - 18:30:46] OnPlayerDeath: DeAndre Moore has killed Dwayne HazeI using Desert Eagle.
[2012/12/21 - 18:31:19] OnPlayerDeath: Alvino Zavala has killed DeAndre Moore using .
[2012/12/21 - 18:34:8] OnPlayerDeath: Dwayne HazeI has killed DeAndre Moore using .
[2012/12/21 - 23:25:37] OnPlayerDeath: Katie Castillo has killed Hugh Jackman using Minigun.
[2012/12/22 - 8:19:38] OnPlayerDeath: Alvino Zavala has killed Sergey Petrov using Desert Eagle.
[2012/12/22 - 8:21:24] OnPlayerDeath: Alvino Zavala has killed Sergey Petrov using Desert Eagle.
[2012/12/22 - 13:13:45] OnPlayerDeath: Josh Cave has killed DeAndre Moore using Sawn-off Shotgun.
[2012/12/22 - 19:27:38] OnPlayerDeath: Alvino Zavala has killed DeAndre Moore using Desert Eagle.
[2012/12/22 - 19:27:42] OnPlayerDeath: Natalie Severin has killed Alvino Zavala using Desert Eagle.
[2012/12/22 - 19:27:42] OnPlayerDeath: Natalie Severin has killed Katie Castillo using Desert Eagle.
[2012/12/22 - 19:54:6] OnPlayerDeath: Alvino Zavala has killed DeAndre Moore using AK47.
[2012/12/23 - 6:48:34] OnPlayerDeath: Josh Cave has killed Steven Colt using Sawn-off Shotgun.
[2012/12/23 - 7:35:53] OnPlayerDeath: Natalie Severin has killed Alvino Zavala using Sawn-off Shotgun.
[2012/12/23 - 11:47:13] OnPlayerDeath: Josh Cave has killed DeAndre Moore using Desert Eagle.
[2012/12/23 - 11:59:7] OnPlayerDeath: DeAndre Moore has killed Josh Cave using M4.
[2012/12/23 - 12:0:8] OnPlayerDeath: Josh Cave has killed DeAndre Moore using Sniper Rifle.
[2012/12/23 - 18:31:18] OnPlayerDeath: Katie Castillo has killed Steven Colt using Minigun.
[2012/12/23 - 18:31:28] OnPlayerDeath: Josh Cave has killed Steven Colt using M4.
[2012/12/23 - 18:32:1] OnPlayerDeath: Josh Cave has killed Steven Colt using M4.
[2012/12/24 - 11:47:58] OnPlayerDeath: Katie Castillo has killed Alvino Zavala using Minigun.
[2012/12/24 - 13:47:15] OnPlayerDeath: Josh Cave has killed Katie Castillo using Shotgun.
[2012/12/24 - 13:52:25] OnPlayerDeath: Josh Cave has killed Katie Castillo using Shotgun.
[2012/12/24 - 13:55:33] OnPlayerDeath: Josh Cave has killed Katie Castillo using Shotgun.
[2012/12/24 - 14:0:28] OnPlayerDeath: Josh Cave has killed Katie Castillo using UZI.
[2012/12/24 - 14:1:31] OnPlayerDeath: Katie Castillo has killed Micheal Thopmson using M4.
[2012/12/24 - 14:2:3] OnPlayerDeath: Josh Cave has killed DeAndre Moore using UZI.
[2012/12/24 - 14:2:36] OnPlayerDeath: Josh Cave has killed Katie Castillo using UZI.
[2012/12/24 - 14:3:12] OnPlayerDeath: Katie Castillo has killed DeAndre Moore using None.
[2012/12/24 - 14:4:8] OnPlayerDeath: Katie Castillo has killed Micheal Thopmson using Knife.
[2012/12/24 - 14:11:24] OnPlayerDeath: Katie Castillo has killed Micheal Thopmson using Minigun.
[2012/12/27 - 1:4:29] OnPlayerDeath: Sami Aniello has killed Katie Castillo using .
[2012/12/27 - 13:41:55] OnPlayerDeath: Alek Yevtushenko has killed Jake Mackenzie using MP5.
[2012/12/27 - 13:42:41] OnPlayerDeath: Alek Yevtushenko has killed Piotr Ivanovichh using Minigun.
[2012/12/27 - 13:43:45] OnPlayerDeath: Alek Yevtushenko has killed Jake Mackenzie using Desert Eagle.
[2012/12/27 - 13:59:7] OnPlayerDeath: Jake Mackenzie has killed Katya Yevtushenko using M4.
[2012/12/28 - 15:54:16] OnPlayerDeath: Katie Tabanov has killed Xander Knox using Shotgun.
[2012/12/28 - 16:2:33] OnPlayerDeath: Xander Knox has killed Alek Yevtushenko using Sniper Rifle.
[2012/12/28 - 16:6:36] OnPlayerDeath: Piotr Ivanovichh has killed Xander Knox using MP5.
[2012/12/28 - 16:20:18] OnPlayerDeath: Andy McQueeny has killed Jake Mackenzie using Desert Eagle.
[2012/12/28 - 16:24:44] OnPlayerDeath: Vassily Gribov has killed Sharnie Knox using MP5.
[2012/12/28 - 16:25:13] OnPlayerDeath: Vassily Gribov has killed Andy McQueeny using MP5.
[2012/12/28 - 16:25:53] OnPlayerDeath: Xander Knox has killed Vassily Gribov using MP5.
[2012/12/28 - 16:26:4] OnPlayerDeath: Piotr Ivanovichh has killed Xander Knox using MP5.
[2012/12/28 - 16:29:47] OnPlayerDeath: Piotr Ivanovichh has killed Vassily Gribov using MP5.
[2012/12/28 - 16:34:58] OnPlayerDeath: Micheal Thopmson has killed Roman Tabanov using .
[2012/12/28 - 16:35:14] OnPlayerDeath: Piotr Ivanovichh has killed Vassily Gribov using MP5.
[2012/12/28 - 17:7:56] OnPlayerDeath: Andy McQueeny has killed Steven Johnson using AK47.
[2012/12/28 - 17:8:38] OnPlayerDeath: Andy McQueeny has killed Antony Newton using AK47.
[2012/12/28 - 17:8:39] OnPlayerDeath: Andy McQueeny has killed Vassily Gribov using AK47.
[2012/12/28 - 17:20:39] OnPlayerDeath: Andy McQueeny has killed Vassily Gribov using AK47.
[2012/12/28 - 17:23:1] OnPlayerDeath: Robert Selby has killed Andy McQueeny using None.
[2012/12/28 - 17:28:17] OnPlayerDeath: Vassily Gribov has killed Antony Newton using Minigun.
[2012/12/29 - 1:19:25] OnPlayerDeath: Xander Knox has killed Alek Yevtushenko using .
[2012/12/29 - 13:32:31] OnPlayerDeath: SP Mackenzie has killed Katya Yevtushenko using MP5.
[2012/12/29 - 13:34:35] OnPlayerDeath: Piotr Ivanovichh has killed SP Mackenzie using None.
[2012/12/29 - 14:15:12] OnPlayerDeath: Vladislav Ikarnov has killed Micheal Thopmson using MP5.
[2012/12/29 - 14:16:58] OnPlayerDeath: Joseph Capone has killed SP Mackenzie using MP5.
[2012/12/29 - 14:17:19] OnPlayerDeath: Joseph Capone has killed Andy McQueeny using MP5.
[2012/12/29 - 20:42:35] OnPlayerDeath: Alexander Greco has killed Joseph Capone using Minigun.
[2012/12/29 - 20:43:41] OnPlayerDeath: Alexander Greco has killed Joseph Capone using Minigun.
[2012/12/30 - 14:40:2] OnPlayerDeath: Alexander Greco has killed Xander Knox using None.
[2012/12/30 - 14:55:21] OnPlayerDeath: Piotr Ivanovichh has killed SP Mackenzie using .
[2012/12/30 - 14:55:23] OnPlayerDeath: Piotr Ivanovichh has killed Vassily Gribov using M4.
[2012/12/30 - 14:56:46] OnPlayerDeath: Piotr Ivanovichh has killed Vassily Gribov using M4.
[2012/12/30 - 14:57:2] OnPlayerDeath: Alexander Greco has killed SP Mackenzie using Minigun.
[2012/12/30 - 14:59:14] OnPlayerDeath: Piotr Ivanovichh has killed Vassily Gribov using Desert Eagle.
[2012/12/30 - 15:9:32] OnPlayerDeath: SP Mackenzie has killed Vassily Gribov using Desert Eagle.
[2012/12/30 - 15:10:50] OnPlayerDeath: Piotr Ivanovichh has killed Vassily Gribov using Vehicle.
[2012/12/30 - 15:24:25] OnPlayerDeath: Joseph Capone has killed Andy McQueeny using AK47.
[2012/12/30 - 15:27:25] OnPlayerDeath: Piotr Ivanovichh has killed Vassily Gribov using .
[2012/12/30 - 15:30:35] OnPlayerDeath: Piotr Ivanovichh has killed Vassily Gribov using .
[2012/12/30 - 15:36:21] OnPlayerDeath: SP Mackenzie has killed Vassily Gribov using None.
[2012/12/30 - 15:40:25] OnPlayerDeath: Piotr Ivanovichh has killed Vassily Gribov using None.
[2012/12/30 - 15:43:21] OnPlayerDeath: Vassily Gribov has killed Xander Knox using Silenced Pistol.
[2012/12/30 - 15:43:31] OnPlayerDeath: Alexander Greco has killed Sharnie Knox using .
[2012/12/30 - 15:44:25] OnPlayerDeath: Alexander Greco has killed Andy McQueeny using .
[2012/12/30 - 15:44:28] OnPlayerDeath: Alexander Greco has killed Joseph Capone using .
[2012/12/30 - 15:46:37] OnPlayerDeath: SP Mackenzie has killed Vassily Gribov using Silenced Pistol.
[2012/12/30 - 15:54:58] OnPlayerDeath: Christopher Soprano has killed Xander Knox using Flowers.
[2012/12/30 - 15:56:24] OnPlayerDeath: Christopher Soprano has killed SP Mackenzie using Silenced Pistol.
[2012/12/30 - 15:57:28] OnPlayerDeath: Alexander Greco has killed Piotr Ivanovichh using Minigun.
[2012/12/30 - 15:57:34] OnPlayerDeath: Alexander Greco has killed Vassily Gribov using Minigun.
[2012/12/30 - 15:57:36] OnPlayerDeath: Alexander Greco has killed Steven Johnson using Minigun.
[2012/12/30 - 15:57:39] OnPlayerDeath: Alexander Greco has killed Joseph Capone using Minigun.
[2012/12/30 - 15:57:41] OnPlayerDeath: Alexander Greco has killed Natalie Severin using Minigun.
[2012/12/30 - 15:57:44] OnPlayerDeath: Alexander Greco has killed Piotr Ivanovichh using Minigun.
[2012/12/30 - 15:57:46] OnPlayerDeath: Alexander Greco has killed Christopher Soprano using Minigun.
[2012/12/30 - 15:58:32] OnPlayerDeath: Alexander Greco has killed Sharnie Knox using Minigun.
[2012/12/30 - 16:1:9] OnPlayerDeath: SP Mackenzie has killed Steven Johnson using None.
[2012/12/30 - 16:1:32] OnPlayerDeath: Joseph Capone has killed Xander Knox using None.
[2012/12/30 - 16:2:6] OnPlayerDeath: Christopher Soprano has killed Joseph Capone using None.
[2012/12/30 - 16:2:50] OnPlayerDeath: SP Mackenzie has killed Christopher Soprano using Flamethrower.
[2012/12/30 - 16:3:20] OnPlayerDeath: Piotr Ivanovichh has killed Joseph Capone using None.
[2012/12/30 - 16:6:27] OnPlayerDeath: Piotr Ivanovichh has killed Steven Johnson using None.
[2012/12/30 - 16:6:55] OnPlayerDeath: Piotr Ivanovichh has killed Christopher Soprano using None.
[2012/12/30 - 16:7:18] OnPlayerDeath: Piotr Ivanovichh has killed Sharnie Knox using None.
[2012/12/30 - 16:8:58] OnPlayerDeath: Joseph Capone has killed Christopher Soprano using .
[2012/12/30 - 16:9:1] OnPlayerDeath: Joseph Capone has killed Xander Knox using .
[2012/12/30 - 16:11:52] OnPlayerDeath: Piotr Ivanovichh has killed Christopher Soprano using .
[2012/12/30 - 16:11:56] OnPlayerDeath: Xander Knox has killed Andy McQueeny using Vehicle.
[2012/12/30 - 16:12:6] OnPlayerDeath: Piotr Ivanovichh has killed Steven Johnson using .
[2012/12/30 - 16:12:10] OnPlayerDeath: SP Mackenzie has killed Alexander Greco using .
[2012/12/30 - 16:12:16] OnPlayerDeath: SP Mackenzie has killed Sharnie Knox using .
[2012/12/30 - 16:12:51] OnPlayerDeath: SP Mackenzie has killed Andy McQueeny using .
[2012/12/30 - 16:12:57] OnPlayerDeath: SP Mackenzie has killed Xander Knox using .
[2012/12/30 - 16:12:57] OnPlayerDeath: SP Mackenzie has killed Steven Johnson using .
[2012/12/30 - 16:13:19] OnPlayerDeath: SP Mackenzie has killed Christopher Soprano using .
[2012/12/30 - 16:14:15] OnPlayerDeath: SP Mackenzie has killed Xander Knox using .
[2012/12/30 - 16:15:8] OnPlayerDeath: Xander Knox has killed Piotr Ivanovichh using .
[2012/12/30 - 16:15:13] OnPlayerDeath: Christopher Soprano has killed Steven Johnson using .
[2012/12/30 - 16:17:47] OnPlayerDeath: SP Mackenzie has killed Alexander Greco using .
[2012/12/30 - 16:18:10] OnPlayerDeath: SP Mackenzie has killed Joseph Capone using .
[2012/12/30 - 16:18:10] OnPlayerDeath: SP Mackenzie has killed Christopher Soprano using .
[2012/12/30 - 16:18:15] OnPlayerDeath: Piotr Ivanovichh has killed Alexander Greco using .
[2012/12/30 - 16:18:20] OnPlayerDeath: Piotr Ivanovichh has killed Micheal Thopmson using .
[2012/12/30 - 16:18:24] OnPlayerDeath: Piotr Ivanovichh has killed Joseph Capone using .
[2012/12/30 - 16:18:27] OnPlayerDeath: Piotr Ivanovichh has killed Sharnie Knox using .
[2012/12/30 - 16:18:55] OnPlayerDeath: SP Mackenzie has killed Micheal Thopmson using .
[2012/12/30 - 16:18:55] OnPlayerDeath: SP Mackenzie has killed Christopher Soprano using .
[2012/12/30 - 16:19:2] OnPlayerDeath: Piotr Ivanovichh has killed Alexander Greco using .
[2012/12/30 - 16:19:30] OnPlayerDeath: Piotr Ivanovichh has killed Micheal Thopmson using .
[2012/12/30 - 16:19:56] OnPlayerDeath: Piotr Ivanovichh has killed Xander Knox using .
[2012/12/30 - 16:20:1] OnPlayerDeath: Piotr Ivanovichh has killed Micheal Thopmson using .
[2012/12/30 - 16:20:1] OnPlayerDeath: Piotr Ivanovichh has killed Alexander Greco using .
[2012/12/30 - 16:20:4] OnPlayerDeath: Piotr Ivanovichh has killed Sharnie Knox using .
[2012/12/30 - 16:20:13] OnPlayerDeath: Alexander Greco has killed Micheal Thopmson using Minigun.
[2012/12/30 - 16:21:43] OnPlayerDeath: Piotr Ivanovichh has killed Andy McQueeny using .
[2012/12/30 - 16:21:46] OnPlayerDeath: Piotr Ivanovichh has killed Christopher Soprano using .
[2012/12/30 - 16:22:46] OnPlayerDeath: Sharnie Knox has killed Micheal Thopmson using .
[2012/12/30 - 16:23:9] OnPlayerDeath: Sharnie Knox has killed Micheal Thopmson using .
[2012/12/30 - 16:24:58] OnPlayerDeath: Sharnie Knox has killed Micheal Thopmson using .
[2012/12/30 - 16:25:9] OnPlayerDeath: Sharnie Knox has killed Joseph Capone using .
[2012/12/30 - 16:25:33] OnPlayerDeath: Sharnie Knox has killed Joseph Capone using .
[2012/12/30 - 16:27:50] OnPlayerDeath: Andy McQueeny has killed Piotr Ivanovichh using .
[2012/12/30 - 16:28:24] OnPlayerDeath: Piotr Ivanovichh has killed Sharnie Knox using .
[2012/12/30 - 16:29:23] OnPlayerDeath: Piotr Ivanovichh has killed Antony Newton using .
[2012/12/30 - 16:30:6] OnPlayerDeath: Piotr Ivanovichh has killed Steven Johnson using .
[2012/12/30 - 16:30:35] OnPlayerDeath: Piotr Ivanovichh has killed Joseph Capone using .
[2012/12/30 - 16:30:44] OnPlayerDeath: Piotr Ivanovichh has killed Christopher Soprano using .
[2012/12/30 - 16:30:59] OnPlayerDeath: Piotr Ivanovichh has killed Joseph Capone using .
[2012/12/30 - 16:31:12] OnPlayerDeath: Piotr Ivanovichh has killed Joseph Capone using .
[2012/12/30 - 16:31:18] OnPlayerDeath: Andy McQueeny has killed Alexander Greco using .
[2012/12/30 - 16:31:18] OnPlayerDeath: Andy McQueeny has killed Antony Newton using .
[2012/12/30 - 16:31:24] OnPlayerDeath: Piotr Ivanovichh has killed Joseph Capone using .
[2012/12/30 - 16:31:26] OnPlayerDeath: Piotr Ivanovichh has killed Alexander Greco using .
[2012/12/30 - 16:31:41] OnPlayerDeath: Piotr Ivanovichh has killed Joseph Capone using .
[2012/12/30 - 16:31:57] OnPlayerDeath: Piotr Ivanovichh has killed Steven Johnson using .
[2012/12/30 - 16:32:0] OnPlayerDeath: Piotr Ivanovichh has killed Joseph Capone using .
[2012/12/30 - 16:32:8] OnPlayerDeath: Piotr Ivanovichh has killed Antony Newton using .
[2012/12/30 - 16:32:16] OnPlayerDeath: Piotr Ivanovichh has killed Joseph Capone using .
[2012/12/30 - 16:33:27] OnPlayerDeath: Xander Knox has killed Antony Newton using .
[2012/12/30 - 16:33:42] OnPlayerDeath: Andy McQueeny has killed Xander Knox using M4.
[2012/12/30 - 16:34:32] OnPlayerDeath: Piotr Ivanovichh has killed Xander Knox using .
[2012/12/30 - 16:34:45] OnPlayerDeath: Piotr Ivanovichh has killed Andy McQueeny using .
[2012/12/30 - 16:40:38] OnPlayerDeath: Joseph Capone has killed Sharnie Knox using Minigun.
[2012/12/30 - 16:46:0] OnPlayerDeath: Steven Johnson has killed Xander Knox using .
[2012/12/30 - 16:47:21] OnPlayerDeath: Andy McQueeny has killed Xander Knox using Minigun.
[2012/12/30 - 17:0:10] OnPlayerDeath: Xander Knox has killed Steven Johnson using .
[2012/12/30 - 17:4:6] OnPlayerDeath: Xander Knox has killed Andy McQueeny using None.
[2012/12/31 - 5:35:16] OnPlayerDeath:  (Frostex EyE)  has killed Jx Rusl using None.
[2013/1/1 - 12:41:40] OnPlayerDeath: SP Mackenzie has killed Christopher Soprano using None.
[2013/1/1 - 12:48:18] OnPlayerDeath: Katya Yevtushenko has killed Christopher Soprano using MP5.
[2013/1/1 - 12:49:24] OnPlayerDeath: Piotr Ivanovichh has killed Vassily Gribov using None.
[2013/1/1 - 12:49:37] OnPlayerDeath: SP Mackenzie has killed Katya Yevtushenko using Combat Shotgun.
[2013/1/1 - 12:51:46] OnPlayerDeath: Katya Yevtushenko has killed Christopher Soprano using Desert Eagle.
[2013/1/1 - 12:53:36] OnPlayerDeath: Vassily Gribov has killed Christopher Soprano using MP5.
[2013/1/1 - 13:23:51] OnPlayerDeath: Piotr Ivanovichh has killed Vassily Gribov using MP5.
[2013/1/1 - 13:38:11] OnPlayerDeath: Piotr Ivanovichh has killed Vassily Gribov using MP5.
[2013/1/29 - 0:55:54] OnPlayerDeath: Alexander Greco has killed Steven Colt using MP5.
[2013/1/29 - 0:56:35] OnPlayerDeath: Alexander Greco has killed Steven Colt using M4.
[2013/1/29 - 17:36:13] OnPlayerDeath: Justin Case has killed Nikita Greco using .
[2013/1/29 - 17:36:23] OnPlayerDeath: Justin Case has killed Alexander Greco using .
[2013/1/29 - 17:38:31] OnPlayerDeath: Alexander Greco has killed Justin Case using .
[2013/1/30 - 12:46:22] OnPlayerDeath: Alexander Greco has killed Justin Case using Minigun.
[2013/1/30 - 12:50:43] OnPlayerDeath: Alexander Greco has killed Justin Case using Minigun.
[2013/2/1 - 14:18:42] OnPlayerDeath: Alexander Greco has killed Adam West using M4.
[2013/2/1 - 14:38:59] OnPlayerDeath: Alexander Greco has killed Milhouse Vhouten using M4.
[2013/2/1 - 14:48:55] OnPlayerDeath: Alexander Greco has killed Adam West using M4.
[2013/2/1 - 14:57:45] OnPlayerDeath: Nikita Greco has killed Justin Case using M4.
[2013/2/1 - 15:12:53] OnPlayerDeath: Alexander Greco has killed Milhouse vHouten using Minigun.
[2013/2/1 - 15:13:0] OnPlayerDeath: Alexander Greco has killed Adam West using Minigun.
[2013/2/1 - 15:13:46] OnPlayerDeath: Alexander Greco has killed Milhouse vHouten using Minigun.
[2013/2/1 - 15:33:19] OnPlayerDeath: Alexander Greco has killed Andrew Mando using Minigun.
[2013/2/1 - 15:33:21] OnPlayerDeath: Alexander Greco has killed Nikita Greco using Minigun.
[2013/2/1 - 15:37:2] OnPlayerDeath: Andrew Mando has killed Alexander Greco using None.
[2013/2/1 - 15:38:2] OnPlayerDeath: Alexander Greco has killed Andrew Mando using Minigun.
[2013/2/1 - 15:38:46] OnPlayerDeath: Alexander Greco has killed Andrew Mando using Minigun.
[2013/2/1 - 15:48:59] OnPlayerDeath: Andrew Mando has killed Alexander Greco using None.
[2013/2/1 - 16:5:22] OnPlayerDeath: Alexander Greco has killed Justin Case using None.
[2013/2/1 - 16:5:35] OnPlayerDeath: Andrew Mando has killed Alexander Greco using None.
[2013/2/11 - 11:15:11] OnPlayerDeath: Joey Galvaz has killed Riley Flynn using MP5.
[2013/2/16 - 0:25:50] OnPlayerDeath: Alexander Greco has killed Wayne Ross using Minigun.
[2013/2/19 - 9:49:12] OnPlayerDeath: Alexander Greco has killed Josh Cave using Minigun.
[2013/2/19 - 9:49:48] OnPlayerDeath: Alexander Greco has killed Josh Cave using Desert Eagle.
[2013/2/20 - 15:32:3] OnPlayerDeath: Harley Reid has killed Alexander Greco using .
[2013/2/20 - 16:0:6] OnPlayerDeath: Alexander Greco has killed Justin Case using MP5.
[2013/3/8 - 13:50:29] OnPlayerDeath: John Cormier has killed Harley Reid using .
[2013/3/9 - 18:45:54] OnPlayerDeath: Billy Gonzales has killed Raymond Redfield using Vehicle.
[2013/3/22 - 20:45:14] OnPlayerDeath: Sajjad Merkan has killed Nick Derlos using None.
[2013/3/23 - 14:11:34] OnPlayerDeath: Joao Paz has killed Billy Gonzales using Desert Eagle.
[2013/3/23 - 14:11:38] OnPlayerDeath: Joao Paz has killed Billy Gonzales using Desert Eagle.
[2013/3/23 - 15:53:58] OnPlayerDeath: Kenny Campbell has killed Tyler Brown using None.
