[2017/9/18 - 21:31:34] **[Radio]  Miguel Salvatore:{afafaf} ya me ubique, Cambio**
[2018/4/13 - 2:39:6] **[Radio]  Isaac Rufino:{afafaf} tendra turno mañana y noche, Cambio**
[2018/4/13 - 2:39:22] **[Radio]  Darwin Chacon:{afafaf} 24 horas al dia?, Cambio**
[2018/4/13 - 2:39:29] **[Radio]  Isaac Rufino:{afafaf} y si quiere este todo el dia, Cambio**
[2018/4/13 - 2:39:51] **[Radio]  Darwin Chacon:{afafaf} pues todo el dia, mis hijos nesesitan costarse temprano, Cambio**
[2018/4/13 - 2:39:54] **[Radio]  Isaac Rufino:{afafaf} le enseñare donde es el vestuario, Cambio**
[2018/4/13 - 2:39:59] **[Radio]  Darwin Chacon:{afafaf} ok, Cambio**
[2018/4/13 - 20:58:58] **[Radio]  Isaac Rufino:{afafaf} hola, Cambio**
[2018/4/13 - 20:59:7] **[Radio]  Darwin Chacon:{afafaf} hola, Cambio**
[2018/4/13 - 20:59:27] **[Radio]  Isaac Rufino:{afafaf} me pasas a buscar por el hospital el  central no  el otro, Cambio**
[2018/4/13 - 20:59:58] **[Radio]  Darwin Chacon:{afafaf} //espera que apareci en LV, Cambio**
[2018/4/13 - 21:2:19] **[Radio]  Darwin Chacon:{afafaf} gracias señor, Cambio**
[2018/4/13 - 21:2:27] **[Radio]  Isaac Rufino:{afafaf} denada, Cambio**
[2018/4/13 - 21:2:54] **[Radio]  Isaac Rufino:{afafaf} ahora usted me ayudara a contratar, Cambio**
[2018/4/13 - 21:3:8] **[Radio]  Darwin Chacon:{afafaf} ok jefe, Cambio**
[2018/4/13 - 21:8:11] **[Radio]  Isaac Rufino:{afafaf} darwin has una trasmision en vivo diciendo que estaremos contratando, Cambio**
[2018/4/13 - 21:8:29] **[Radio]  Darwin Chacon:{afafaf} con un auncio?, Cambio**
[2018/4/13 - 21:8:50] **[Radio]  Isaac Rufino:{afafaf} no con las camaras y luces microfono y eso, Cambio**
[2018/4/13 - 21:9:10] **[Radio]  Darwin Chacon:{afafaf} //solos los lideres de facciones pueden, Cambio**
[2018/4/13 - 21:9:20] **[Radio]  Isaac Rufino:{afafaf} eres uno , Cambio**
[2018/4/13 - 21:9:58] **[Radio]  Darwin Chacon:{afafaf} me dice //no eres lider de una faccion, Cambio**
[2018/4/13 - 21:10:20] **[Radio]  Isaac Rufino:{afafaf} te quieres cambiar de faccion, Cambio**
[2018/4/13 - 21:10:33] **[Radio]  Darwin Chacon:{afafaf} porque preguntas eso?, Cambio**
[2018/4/13 - 21:10:59] **[Radio]  Isaac Rufino:{afafaf} es muy aburrida esta, Cambio**
[2018/4/13 - 21:11:13] **[Radio]  Darwin Chacon:{afafaf} para ser sincero // si es aburrido, Cambio**
[2018/4/13 - 21:11:26] **[Radio]  Isaac Rufino:{afafaf} tiene razon te quieres cambiar, Cambio**
[2018/4/13 - 21:11:37] **[Radio]  Darwin Chacon:{afafaf} pues la verdad no se, Cambio**
[2018/4/13 - 21:11:48] **[Radio]  Isaac Rufino:{afafaf} si tu quieres nos unimos a fbi, Cambio**
[2018/4/13 - 21:11:56] **[Radio]  Isaac Rufino:{afafaf} les pregunto, Cambio**
[2018/4/13 - 21:12:2] **[Radio]  Darwin Chacon:{afafaf} no me gusta FBI, Cambio**
[2018/4/13 - 21:12:11] **[Radio]  Isaac Rufino:{afafaf} a cual te quieres unir, Cambio**
[2018/4/13 - 21:12:24] **[Radio]  Darwin Chacon:{afafaf} a nungina, Cambio**
[2018/4/13 - 21:12:34] **[Radio]  Isaac Rufino:{afafaf} yo a fbi, Cambio**
[2018/4/13 - 21:12:47] **[Radio]  Isaac Rufino:{afafaf} le preguntare, Cambio**
[2018/4/13 - 21:12:52] **[Radio]  Darwin Chacon:{afafaf} ok, Cambio**
[2018/4/13 - 21:15:59] **[Radio]  Isaac Rufino:{afafaf} donde estas, Cambio**
[2018/4/13 - 21:16:14] **[Radio]  Darwin Chacon:{afafaf} en la comisaria, Cambio**
[2018/4/13 - 21:16:20] **[Radio]  Isaac Rufino:{afafaf} haciendo, Cambio**
[2018/4/13 - 21:16:25] **[Radio]  Darwin Chacon:{afafaf} pasiando, Cambio**
[2018/4/14 - 23:14:28] **[Radio]  Matias Carlito:{afafaf} hola, Cambio**
[2018/4/18 - 17:39:29] **[Radio]  Darwin Chacon:{afafaf} papi, Cambio**
[2018/4/18 - 17:39:34] **[Radio]  Agustin Chacon:{afafaf} dime, Cambio**
[2018/4/18 - 17:39:45] **[Radio]  Darwin Chacon:{afafaf} //:v, Cambio**
[2018/4/18 - 17:52:56] **[Radio]  Darwin Chacon:{afafaf} esperame en el HP, Cambio**
[2018/4/18 - 17:53:15] **[Radio]  Agustin Chacon:{afafaf} es verdad que tenemos radio jajaja, Cambio**
[2018/4/18 - 17:53:42] **[Radio]  Darwin Chacon:{afafaf} men, esperame en el HP, Cambio**
[2018/4/18 - 17:53:58] **[Radio]  Agustin Chacon:{afafaf} si, Cambio**
[2018/4/18 - 17:58:50] **[Radio]  Darwin Chacon:{afafaf} dile lo msimo, Cambio**
[2018/4/18 - 18:1:50] **[Radio]  Agustin Chacon:{afafaf} //puta, Cambio**
[2018/4/18 - 18:1:56] **[Radio]  Agustin Chacon:{afafaf} //a no, Cambio**
[2018/4/18 - 18:2:0] **[Radio]  Agustin Chacon:{afafaf} //ya, Cambio**
[2018/4/18 - 18:2:23] **[Radio]  Darwin Chacon:{afafaf} si quieres pasea en helicoptero xd, Cambio**
[2018/4/18 - 18:2:33] **[Radio]  Agustin Chacon:{afafaf} vale, Cambio**
[2018/4/18 - 18:2:38] **[Radio]  Agustin Chacon:{afafaf} gracias jefe, Cambio**
[2018/4/18 - 18:3:6] **[Radio]  Agustin Chacon:{afafaf} a los 2 min que despego, Cambio**
[2018/4/18 - 18:3:12] **[Radio]  Agustin Chacon:{afafaf} mayday, Cambio**
[2018/4/18 - 18:3:14] **[Radio]  Agustin Chacon:{afafaf} mayday, Cambio**
[2018/4/18 - 18:3:19] **[Radio]  Darwin Chacon:{afafaf} :v que pajo, Cambio**
[2018/4/18 - 18:3:36] **[Radio]  Agustin Chacon:{afafaf} despegando, Cambio**
[2018/4/18 - 18:4:45] **[Radio]  Agustin Chacon:{afafaf} quieres venir al heli?, Cambio**
[2018/4/18 - 18:4:53] **[Radio]  Darwin Chacon:{afafaf} na, disfrutalo, Cambio**
[2018/4/18 - 18:5:15] **[Radio]  Agustin Chacon:{afafaf} mira esta maniobra, Cambio**
[2018/4/18 - 18:5:20] **[Radio]  Darwin Chacon:{afafaf} no aterrises el heli en carretera. se considera PG, Cambio**
[2018/4/18 - 18:5:21] **[Radio]  Agustin Chacon:{afafaf} ando marcha atras, Cambio**
[2018/4/18 - 18:5:43] **[Radio]  Darwin Chacon:{afafaf} ste men //:V, Cambio**
[2018/4/18 - 18:6:22] **[Radio]  Agustin Chacon:{afafaf} hay fuego?, Cambio**
[2018/4/18 - 18:6:30] **[Radio]  Darwin Chacon:{afafaf} no, Cambio**
[2018/4/18 - 18:8:24] **[Radio]  Agustin Chacon:{afafaf} donde te fuiste?, Cambio**
[2018/4/18 - 18:8:32] **[Radio]  Darwin Chacon:{afafaf} ando paseando, Cambio**
[2018/4/18 - 18:8:37] **[Radio]  Agustin Chacon:{afafaf} ah, Cambio**
[2018/4/18 - 18:8:46] **[Radio]  Agustin Chacon:{afafaf} te veo, Cambio**
[2018/4/18 - 18:9:55] **[Radio]  Agustin Chacon:{afafaf} permizo para aterrizar?, Cambio**
[2018/4/18 - 18:10:6] **[Radio]  Darwin Chacon:{afafaf} no aterrises en el suelo, Cambio**
[2018/4/18 - 18:10:11] **[Radio]  Agustin Chacon:{afafaf} no, Cambio**
[2018/4/18 - 18:10:15] **[Radio]  Darwin Chacon:{afafaf} en el techo, Cambio**
[2018/4/18 - 18:10:15] **[Radio]  Agustin Chacon:{afafaf} en el HP, Cambio**
[2018/4/18 - 18:18:46] **[Radio]  Darwin Chacon:{afafaf} voy a tener mi hora libres, Cambio**
[2018/4/18 - 18:22:25] **[Radio]  Agustin Chacon:{afafaf} aterrizo?, Cambio**
[2018/4/18 - 18:24:17] **[Radio]  Agustin Chacon:{afafaf} problema, Cambio**
[2018/4/18 - 18:24:35] **[Radio]  Darwin Chacon:{afafaf} ya me i cuenta, Cambio**
[2018/4/18 - 18:25:59] **[Radio]  Agustin Chacon:{afafaf} se la pones tu?, Cambio**
[2018/4/18 - 18:28:17] **[Radio]  Agustin Chacon:{afafaf} le digo que salga de la zona a la poli, Cambio**
[2018/4/18 - 18:35:4] **[Radio]  Agustin Chacon:{afafaf} //que mal, Cambio**
[2018/4/18 - 18:35:13] **[Radio]  Agustin Chacon:{afafaf} //q mal loago, Cambio**
[2018/4/18 - 18:38:49] **[Radio]  Agustin Chacon:{afafaf} que mal por dios, Cambio**
[2018/4/18 - 18:38:55] **[Radio]  Darwin Chacon:{afafaf} mal que, Cambio**
[2018/4/18 - 18:38:56] **[Radio]  Agustin Chacon:{afafaf} no sirvo para esto, Cambio**
[2018/4/18 - 18:39:6] **[Radio]  Darwin Chacon:{afafaf} si sirves, Cambio**
[2018/4/18 - 18:39:14] **[Radio]  Darwin Chacon:{afafaf} no te vi ningun error, Cambio**
[2018/4/18 - 18:39:15] **[Radio]  Agustin Chacon:{afafaf} si ya me cagaron a pedo, Cambio**
[2018/4/18 - 19:31:26] **[Radio]  Darwin Chacon:{afafaf} llego tu hora, Cambio**
[2018/4/18 - 19:31:35] **[Radio]  Agustin Chacon:{afafaf} sip, Cambio**
[2018/4/18 - 19:31:50] **[Radio]  Agustin Chacon:{afafaf} espera q llevo el camion, Cambio**
[2018/4/18 - 19:32:4] **[Radio]  Darwin Chacon:{afafaf} ve con el camion a bombero, Cambio**
[2018/4/18 - 19:32:15] **[Radio]  Darwin Chacon:{afafaf} o voy yo, Cambio**
[2018/4/18 - 19:32:22] **[Radio]  Agustin Chacon:{afafaf} los 2, Cambio**
[2018/4/18 - 19:32:26] **[Radio]  Darwin Chacon:{afafaf} weni, Cambio**
[2018/4/18 - 19:32:28] **[Radio]  Agustin Chacon:{afafaf} asi aprendo, Cambio**
[2018/4/18 - 19:32:53] **[Radio]  Agustin Chacon:{afafaf} ///nose q voy aser pero bue, Cambio**
[2018/4/18 - 19:33:2] **[Radio]  Agustin Chacon:{afafaf} me pongo de servicio, Cambio**
[2018/4/18 - 19:33:13] **[Radio]  Darwin Chacon:{afafaf} no es nesesario, Cambio**
[2018/4/18 - 19:33:23] **[Radio]  Agustin Chacon:{afafaf} pero queda mejor, Cambio**
[2018/4/18 - 19:33:43] **[Radio]  Agustin Chacon:{afafaf} //hay q rolear conectar la mangera etc etc?, Cambio**
[2018/4/18 - 19:33:54] **[Radio]  Darwin Chacon:{afafaf} nel, Cambio**
[2018/4/18 - 19:43:21] **[Radio]  Agustin Chacon:{afafaf} ??, Cambio**
[2018/4/18 - 19:49:31] **[Radio]  Darwin Chacon:{afafaf} traelo, Cambio**
[2018/4/18 - 19:51:21] **[Radio]  Agustin Chacon:{afafaf} //rolea bien, Cambio**
[2018/4/18 - 19:56:21] **[Radio]  Darwin Chacon:{afafaf} traelo :v, Cambio**
[2018/4/18 - 19:57:7] **[Radio]  Agustin Chacon:{afafaf} q elijio_, Cambio**
[2018/4/18 - 19:57:8] **[Radio]  Agustin Chacon:{afafaf} q elijio?, Cambio**
[2018/4/18 - 19:57:16] **[Radio]  Agustin Chacon:{afafaf} bombero o medico?, Cambio**
[2018/4/18 - 19:58:16] **[Radio]  Darwin Chacon:{afafaf} //  /ayudafac, Cambio**
[2018/4/18 - 19:59:58] **[Radio]  Yoel Kozlop:{afafaf} //Hey no le di en /aceptar faccion puedes mandar otra vez?, Cambio**
[2018/4/18 - 19:59:58] **[Radio]  Darwin Chacon:{afafaf} // /r, Cambio**
[2018/4/18 - 20:0:20] **[Radio]  Darwin Chacon:{afafaf} //ya estas en la faccion, Cambio**
[2018/4/18 - 20:10:12] **[Radio]  Agustin Chacon:{afafaf} puta, Cambio**
[2018/4/18 - 20:10:17] **[Radio]  Darwin Chacon:{afafaf} voy yo, Cambio**
[2018/4/18 - 20:10:26] **[Radio]  Agustin Chacon:{afafaf} esto enfrente, Cambio**
[2018/4/18 - 20:10:32] **[Radio]  Agustin Chacon:{afafaf} pero sin camion, Cambio**
[2018/4/18 - 20:17:45] **[Radio]  Agustin Chacon:{afafaf} darwin, Cambio**
[2018/4/18 - 20:20:0] **[Radio]  Agustin Chacon:{afafaf} quieres pilotar un rato el helicoptero?, Cambio**
[2018/4/18 - 20:20:11] **[Radio]  Yoel Kozlop:{afafaf} Si, claro, Cambio**
[2018/4/18 - 20:20:27] **[Radio]  Agustin Chacon:{afafaf} ya q somos 2, Cambio**
[2018/4/18 - 20:20:37] **[Radio]  Agustin Chacon:{afafaf} tu por ahora as de medico, Cambio**
[2018/4/18 - 20:20:56] **[Radio]  Agustin Chacon:{afafaf} sabes rolear lo de medico etc etc etc?, Cambio**
[2018/4/18 - 20:21:4] **[Radio]  Yoel Kozlop:{afafaf} Sip, Cambio**
[2018/4/18 - 20:21:17] **[Radio]  Agustin Chacon:{afafaf} ya q tu roleas mejor as tu de medico, Cambio**
[2018/4/18 - 20:21:41] **[Radio]  Yoel Kozlop:{afafaf} Ok, Cambio**
[2018/4/18 - 20:22:24] **[Radio]  Agustin Chacon:{afafaf} as de medico con el se;or darwin, Cambio**
[2018/4/18 - 20:23:57] **[Radio]  Agustin Chacon:{afafaf} jefe, Cambio**
[2018/4/18 - 20:24:38] **[Radio]  Agustin Chacon:{afafaf} jefe, Cambio**
[2018/4/18 - 20:24:44] **[Radio]  Darwin Chacon:{afafaf} dime, Cambio**
[2018/4/18 - 20:25:4] **[Radio]  Agustin Chacon:{afafaf} permiso para manejar el helicoptero con yoel?, Cambio**
[2018/4/18 - 20:25:18] **[Radio]  Darwin Chacon:{afafaf} si, pero antes y muy inportante, Cambio**
[2018/4/18 - 20:25:28] **[Radio]  Darwin Chacon:{afafaf} diviertanse, Cambio**
[2018/4/18 - 20:25:37] **[Radio]  Agustin Chacon:{afafaf} vale, Cambio**
[2018/4/18 - 20:27:10] **[Radio]  Yoel Kozlop:{afafaf} a donde? Cambio, Cambio**
[2018/4/18 - 20:27:15] **[Radio]  Agustin Chacon:{afafaf} a pasear, Cambio**
[2018/4/18 - 20:28:50] **[Radio]  Agustin Chacon:{afafaf} el sigiente servicio de insendio lo ase yoel, Cambio**
[2018/4/18 - 20:28:52] **[Radio]  Darwin Chacon:{afafaf} mio, Cambio**
[2018/4/18 - 20:28:55] **[Radio]  Agustin Chacon:{afafaf} incendio, Cambio**
[2018/4/18 - 20:29:4] **[Radio]  Agustin Chacon:{afafaf} a hospital ya, Cambio**
[2018/4/18 - 20:30:22] **[Radio]  Agustin Chacon:{afafaf} yoel, Cambio**
[2018/4/18 - 20:30:28] **[Radio]  Darwin Chacon:{afafaf} lo encontre, Cambio**
[2018/4/18 - 20:30:30] **[Radio]  Agustin Chacon:{afafaf} vamos rapido, Cambio**
[2018/4/18 - 20:30:34] **[Radio]  Darwin Chacon:{afafaf} lo encontre, Cambio**
[2018/4/18 - 20:30:38] **[Radio]  Agustin Chacon:{afafaf} espra darwin, Cambio**
[2018/4/18 - 20:30:45] **[Radio]  Darwin Chacon:{afafaf} si?, Cambio**
[2018/4/18 - 20:31:8] **[Radio]  Yoel Kozlop:{afafaf} hay heridos?, Cambio**
[2018/4/18 - 20:31:17] **[Radio]  Darwin Chacon:{afafaf} nel, Cambio**
[2018/4/18 - 20:31:27] **[Radio]  Agustin Chacon:{afafaf} yoel, Cambio**
[2018/4/18 - 20:31:27] **[Radio]  Darwin Chacon:{afafaf} apagalo agus, Cambio**
[2018/4/18 - 20:31:31] **[Radio]  Yoel Kozlop:{afafaf} procedan a apgar el  encendio, Cambio**
[2018/4/18 - 20:32:1] **[Radio]  Agustin Chacon:{afafaf} volvemos a base, Cambio**
[2018/4/18 - 20:32:56] **[Radio]  Agustin Chacon:{afafaf} y en el banco y enfrente del ayunta, Cambio**
[2018/4/18 - 20:34:30] **[Radio]  Agustin Chacon:{afafaf} cuando estemos los 3 en un icendio1 apaga, el otro saca a la gente de la zona y el otro mira
[2018/4/18 - 20:34:45] **[Radio]  Agustin Chacon:{afafaf} mira si hay heridos, Cambio**
[2018/4/18 - 20:35:31] **[Radio]  Yoel Kozlop:{afafaf} ok cage tranquilo, Cambio**
[2018/4/18 - 20:48:12] **[Radio]  Yoel Kozlop:{afafaf} llev oal ambulancia, Cambio**
[2018/4/18 - 20:49:25] **[Radio]  Agustin Chacon:{afafaf} buena chicos, Cambio**
[2018/4/18 - 20:49:25] **[Radio]  Yoel Kozlop:{afafaf} retirada, Cambio**
[2018/4/18 - 21:1:42] **[Radio]  Agustin Chacon:{afafaf} yoel?, Cambio**
[2018/4/18 - 21:3:29] **[Radio]  Agustin Chacon:{afafaf} darwin, Cambio**
[2018/4/18 - 21:3:37] **[Radio]  Darwin Chacon:{afafaf} dime, Cambio**
[2018/4/18 - 21:3:45] **[Radio]  Agustin Chacon:{afafaf} q ases?, Cambio**
[2018/4/18 - 21:5:22] **[Radio]  Agustin Chacon:{afafaf} voy, Cambio**
[2018/4/18 - 21:6:38] **[Radio]  Agustin Chacon:{afafaf} apagado, Cambio**
[2018/4/18 - 21:6:55] **[Radio]  Darwin Chacon:{afafaf} wena, Cambio**
[2018/4/18 - 21:7:9] **[Radio]  Darwin Chacon:{afafaf} si, Cambio**
[2018/4/18 - 21:7:23] **[Radio]  Agustin Chacon:{afafaf} como digo?, Cambio**
[2018/4/18 - 21:7:42] **[Radio]  Darwin Chacon:{afafaf} pues di, ya estan fuera de peligro, Cambio**
[2018/4/18 - 21:7:44] **[Radio]  Darwin Chacon:{afafaf} o, Cambio**
[2018/4/18 - 21:7:49] **[Radio]  Darwin Chacon:{afafaf} todo controlado, Cambio**
[2018/4/18 - 21:25:54] **[Radio]  Agustin Chacon:{afafaf} basta men, Cambio**
[2018/4/18 - 21:30:27] **[Radio]  Agustin Chacon:{afafaf} men ya fue, Cambio**
[2018/4/18 - 21:30:32] **[Radio]  Agustin Chacon:{afafaf} paren, Cambio**
[2018/4/18 - 21:31:51] **[Radio]  Agustin Chacon:{afafaf} q pajeros, Cambio**
[2018/4/18 - 21:32:0] **[Radio]  Agustin Chacon:{afafaf} donde estas?, Cambio**
[2018/4/18 - 21:32:9] **[Radio]  Darwin Chacon:{afafaf} ya voy, Cambio**
[2018/4/18 - 21:59:13] **[Radio]  Darwin Chacon:{afafaf} dejme este, Cambio**
[2018/4/18 - 22:2:17] **[Radio]  Agustin Chacon:{afafaf} darwin metele que tengo a la cana aca, Cambio**
[2018/4/18 - 22:2:29] **[Radio]  Darwin Chacon:{afafaf} que pso?, Cambio**
[2018/4/18 - 22:12:3] **[Radio]  Agustin Chacon:{afafaf} quiero q alla mas heridos, Cambio**
[2018/4/18 - 22:12:13] **[Radio]  Darwin Chacon:{afafaf} yo tambien, Cambio**
[2018/4/18 - 22:17:19] **[Radio]  Darwin Chacon:{afafaf} corre forest corre, Cambio**
[2018/4/18 - 22:31:7] **[Radio]  Agustin Chacon:{afafaf} donde estas?, Cambio**
[2018/4/18 - 22:32:58] **[Radio]  Agustin Chacon:{afafaf} donde estas?, Cambio**
[2018/4/18 - 23:17:39] **[Radio]  Agustin Chacon:{afafaf} si hay q aser traslado rapido subimos al herido al heli y lo llveamos a hp, Cambio**
[2018/4/19 - 16:52:12] **[Radio]  Agustin Chacon:{afafaf} buenas, Cambio**
[2018/4/19 - 16:52:17] **[Radio]  Darwin Chacon:{afafaf} buenas, Cambio**
[2018/4/19 - 16:52:21] **[Radio]  Darwin Chacon:{afafaf} donde estas, Cambio**
[2018/4/19 - 16:52:27] **[Radio]  Darwin Chacon:{afafaf} para mostrarte algo, Cambio**
[2018/4/19 - 16:52:30] **[Radio]  Agustin Chacon:{afafaf} HP, Cambio**
[2018/4/19 - 16:52:34] **[Radio]  Darwin Chacon:{afafaf} voy, Cambio**
[2018/4/19 - 16:52:59] **[Radio]  Agustin Chacon:{afafaf} tienes un heli?, Cambio**
[2018/4/19 - 16:53:5] **[Radio]  Darwin Chacon:{afafaf} no, Cambio**
[2018/4/19 - 17:6:43] **[Radio]  Agustin Chacon:{afafaf} naaaa, Cambio**
[2018/4/19 - 17:6:47] **[Radio]  Agustin Chacon:{afafaf} xd, Cambio**
[2018/4/19 - 17:52:9] **[Radio]  Agustin Chacon:{afafaf} esta tranquilo el dia, Cambio**
[2018/4/19 - 17:52:19] **[Radio]  Darwin Chacon:{afafaf} si, Cambio**
[2018/4/19 - 18:4:41] **[Radio]  Darwin Chacon:{afafaf} qu te hicite estupida, Cambio**
[2018/4/19 - 18:4:44] **[Radio]  Darwin Chacon:{afafaf} fai, Cambio**
[2018/4/19 - 18:4:46] **[Radio]  Darwin Chacon:{afafaf} fail :v, Cambio**
[2018/4/19 - 18:12:41] **[Radio]  Agustin Chacon:{afafaf} darwin, Cambio**
[2018/4/19 - 18:12:46] **[Radio]  Darwin Chacon:{afafaf} dime, Cambio**
[2018/4/19 - 18:12:55] **[Radio]  Agustin Chacon:{afafaf} me pasas a buscar por camionero, Cambio**
[2018/4/19 - 18:13:4] **[Radio]  Agustin Chacon:{afafaf} despues sigo trabajando, Cambio**
[2018/4/19 - 18:13:16] **[Radio]  Darwin Chacon:{afafaf} estoy con alejo, vamos a matar a esos pirobo, Cambio**
[2018/4/19 - 18:13:36] **[Radio]  Agustin Chacon:{afafaf} a pos sigo trabajando, Cambio**
[2018/4/19 - 18:13:45] **[Radio]  Darwin Chacon:{afafaf} weno, Cambio**
[2018/4/19 - 18:14:13] **[Radio]  Agustin Chacon:{afafaf} usa mis armas si quieres, Cambio**
[2018/4/19 - 18:14:21] **[Radio]  Darwin Chacon:{afafaf} ok, Cambio**
[2018/4/19 - 18:22:49] **[Radio]  Darwin Chacon:{afafaf} no mames, Cambio**
[2018/4/19 - 18:22:54] **[Radio]  Agustin Chacon:{afafaf} q, Cambio**
[2018/4/19 - 18:31:3] **[Radio]  Darwin Chacon:{afafaf} esperame en camionero, Cambio**
[2018/4/19 - 18:31:9] **[Radio]  Agustin Chacon:{afafaf} ok, Cambio**
[2018/4/19 - 18:33:40] **[Radio]  Darwin Chacon:{afafaf} ya llegue, Cambio**
[2018/4/19 - 18:33:45] **[Radio]  Agustin Chacon:{afafaf} espera, Cambio**
[2018/4/19 - 18:33:53] **[Radio]  Agustin Chacon:{afafaf} nos hablan, Cambio**
[2018/4/19 - 18:33:58] **[Radio]  Darwin Chacon:{afafaf} respondele, Cambio**
[2018/4/19 - 18:34:4] **[Radio]  Agustin Chacon:{afafaf} si?, Cambio**
[2018/4/19 - 18:34:8] **[Radio]  Agustin Chacon:{afafaf} le digo q si?, Cambio**
[2018/4/19 - 18:34:19] **[Radio]  Darwin Chacon:{afafaf} pos no che, Cambio**
[2018/4/19 - 18:34:24] **[Radio]  Darwin Chacon:{afafaf} dile que si, Cambio**
[2018/4/19 - 18:35:18] **[Radio]  Agustin Chacon:{afafaf} vamos a hp, Cambio**
[2018/4/19 - 18:35:22] **[Radio]  Agustin Chacon:{afafaf} ya llego, Cambio**
[2018/4/19 - 18:35:40] **[Radio]  Darwin Chacon:{afafaf} entonces te espero en el HP?, Cambio**
[2018/4/19 - 18:35:45] **[Radio]  Agustin Chacon:{afafaf} no, Cambio**
[2018/4/19 - 18:57:16] **[Radio]  Agustin Chacon:{afafaf} no vamos aseguir trabajando, Cambio**
[2018/4/19 - 18:57:26] **[Radio]  Darwin Chacon:{afafaf} para probarlo, Cambio**
[2018/4/19 - 18:57:30] **[Radio]  Agustin Chacon:{afafaf} ok, Cambio**
[2018/4/19 - 18:57:41] **[Radio]  Darwin Chacon:{afafaf} te espero ay, Cambio**
[2018/4/19 - 18:57:44] **[Radio]  Darwin Chacon:{afafaf} te espero aya, Cambio**
[2018/4/19 - 19:17:24] **[Radio]  Darwin Chacon:{afafaf} llegue wuapo, Cambio**
[2018/4/19 - 19:17:31] **[Radio]  Agustin Chacon:{afafaf} vale, Cambio**
[2018/4/19 - 19:20:21] **[Radio]  Agustin Chacon:{afafaf} sosmos los medicos millonarios, Cambio**
[2018/4/19 - 19:20:28] **[Radio]  Darwin Chacon:{afafaf} si , Cambio**
[2018/4/19 - 19:23:27] **[Radio]  Agustin Chacon:{afafaf} ven al hp, Cambio**
[2018/4/19 - 19:23:33] **[Radio]  Agustin Chacon:{afafaf} yo espero afuera, Cambio**
[2018/4/19 - 19:24:19] **[Radio]  Agustin Chacon:{afafaf} rapido al hp, Cambio**
[2018/4/19 - 19:29:49] **[Radio]  Agustin Chacon:{afafaf} ven rapido, Cambio**
[2018/4/19 - 19:29:55] **[Radio]  Agustin Chacon:{afafaf} arranquemos, Cambio**
[2018/4/19 - 19:31:44] **[Radio]  Agustin Chacon:{afafaf} deja al esposo, Cambio**
[2018/4/19 - 19:44:30] **[Radio]  Darwin Chacon:{afafaf} ya agus, Cambio**
[2018/4/19 - 19:51:49] **[Radio]  Agustin Chacon:{afafaf} no es a ya?, Cambio**
[2018/4/19 - 23:2:36] **[Radio]  Agustin Chacon:{afafaf} hello, Cambio**
[2018/4/19 - 23:2:53] **[Radio]  Darwin Chacon:{afafaf} hola, Cambio**
[2018/4/19 - 23:3:4] **[Radio]  Agustin Chacon:{afafaf} que haces?, Cambio**
[2018/4/19 - 23:3:8] **[Radio]  Darwin Chacon:{afafaf} men, Cambio**
[2018/4/19 - 23:3:13] **[Radio]  Agustin Chacon:{afafaf} ddime, Cambio**
[2018/4/19 - 23:3:16] **[Radio]  Darwin Chacon:{afafaf} todo lo que hice hoy, Cambio**
[2018/4/19 - 23:3:28] **[Radio]  Darwin Chacon:{afafaf} vino dos mujeres a parir, Cambio**
[2018/4/19 - 23:3:48] **[Radio]  Darwin Chacon:{afafaf} despues hubo un pelea que casi todos se matan, Cambio**
[2018/4/19 - 23:3:54] **[Radio]  Agustin Chacon:{afafaf} charlotte y elozabet?, Cambio**
[2018/4/19 - 23:4:6] **[Radio]  Darwin Chacon:{afafaf} unos menes ahy, Cambio**
[2018/4/19 - 23:4:35] **[Radio]  Agustin Chacon:{afafaf} y que haces ahora?, Cambio**
[2018/4/19 - 23:4:47] **[Radio]  Darwin Chacon:{afafaf} buscando incendios //:v, Cambio**
[2018/4/19 - 23:5:6] **[Radio]  Agustin Chacon:{afafaf} ok, Cambio**
[2018/4/19 - 23:9:13] **[Radio]  Agustin Chacon:{afafaf} vamos a la estacion de bomberos, Cambio**
[2018/4/19 - 23:9:30] **[Radio]  Darwin Chacon:{afafaf} tengo un helicoptero :v, Cambio**
[2018/4/19 - 23:9:58] **[Radio]  Agustin Chacon:{afafaf} si hay alguna mision q tengamos q ir de medico nos vestimos como medicos?, Cambio**
[2018/4/19 - 23:10:6] **[Radio]  Agustin Chacon:{afafaf} ej: una operacion, Cambio**
[2018/4/19 - 23:10:22] **[Radio]  Darwin Chacon:{afafaf} operacion si, lo que sea dentro del HP, Cambio**
[2018/4/19 - 23:10:28] **[Radio]  Agustin Chacon:{afafaf} ok, Cambio**
[2018/4/19 - 23:10:38] **[Radio]  Darwin Chacon:{afafaf} pero si es emergencia me voy hasta en calsones, Cambio**
[2018/4/19 - 23:11:7] **[Radio]  Agustin Chacon:{afafaf} voy, Cambio**
[2018/4/19 - 23:11:8] **[Radio]  Darwin Chacon:{afafaf} ve, Cambio**
[2018/4/19 - 23:14:4] **[Radio]  Agustin Chacon:{afafaf} estoy durmiendo en el apartamento de bomberos cualquier cosa salgo, Cambio**
[2018/4/19 - 23:25:49] **[Radio]  Agustin Chacon:{afafaf} etc, Cambio**
[2018/4/19 - 23:28:9] **[Radio]  Darwin Chacon:{afafaf} dale, Cambio**
[2018/4/19 - 23:28:12] **[Radio]  Agustin Chacon:{afafaf} o vamos_, Cambio**
[2018/4/19 - 23:28:14] **[Radio]  Agustin Chacon:{afafaf} o vamos?, Cambio**
[2018/4/19 - 23:28:20] **[Radio]  Darwin Chacon:{afafaf} ve tu, Cambio**
[2018/4/19 - 23:28:24] **[Radio]  Agustin Chacon:{afafaf} ok, Cambio**
[2018/4/19 - 23:30:27] **[Radio]  Darwin Chacon:{afafaf} me toca mi turno de medico, Cambio**
[2018/4/19 - 23:30:33] **[Radio]  Darwin Chacon:{afafaf} tu sigue de bomero, Cambio**
[2018/4/19 - 23:30:46] **[Radio]  Agustin Chacon:{afafaf} si hay muchos que atender te ayudo, Cambio**
[2018/4/19 - 23:30:57] **[Radio]  Darwin Chacon:{afafaf} atendi a dos al mismo tiempo, Cambio**
[2018/4/19 - 23:31:1] **[Radio]  Darwin Chacon:{afafaf} no nesesito ayuda, Cambio**
[2018/4/19 - 23:31:9] **[Radio]  Agustin Chacon:{afafaf} ok, Cambio**
[2018/4/19 - 23:32:27] **[Radio]  Agustin Chacon:{afafaf} si hay algun incendio podenis ir los 2, Cambio**
[2018/4/19 - 23:32:31] **[Radio]  Agustin Chacon:{afafaf} yo en camio, Cambio**
[2018/4/19 - 23:32:37] **[Radio]  Agustin Chacon:{afafaf} y tu en ambu, Cambio**
[2018/4/19 - 23:33:43] **[Radio]  Agustin Chacon:{afafaf} o si mira darwin en la tele, Cambio**
[2018/4/19 - 23:45:12] **[Radio]  Agustin Chacon:{afafaf} go, Cambio**
[2018/4/19 - 23:52:3] **[Radio]  Darwin Chacon:{afafaf} sigamos nuestra rutina, Cambio**
[2018/4/19 - 23:52:11] **[Radio]  Agustin Chacon:{afafaf} si, Cambio**
[2018/4/19 - 23:55:52] **[Radio]  Agustin Chacon:{afafaf} darwin, Cambio**
[2018/4/19 - 23:55:57] **[Radio]  Darwin Chacon:{afafaf} dime, Cambio**
[2018/4/19 - 23:56:2] **[Radio]  Agustin Chacon:{afafaf} vamos?, Cambio**
[2018/4/19 - 23:56:7] **[Radio]  Darwin Chacon:{afafaf} de que, Cambio**
[2018/4/19 - 23:56:30] **[Radio]  Agustin Chacon:{afafaf} los PD pidieron medicos en sus intalaciones, Cambio**
[2018/4/19 - 23:56:58] **[Radio]  Agustin Chacon:{afafaf} vas o no?, Cambio**
[2018/4/19 - 23:57:4] **[Radio]  Darwin Chacon:{afafaf} si, Cambio**
[2018/4/19 - 23:57:11] **[Radio]  Agustin Chacon:{afafaf} me aserco tambien, Cambio**
[2018/4/19 - 23:58:47] **[Radio]  Darwin Chacon:{afafaf} men, Cambio**
[2018/4/19 - 23:59:10] **[Radio]  Darwin Chacon:{afafaf} men, estos poquerias de policias no deja que entre usted, Cambio**
[2018/4/19 - 23:59:14] **[Radio]  Darwin Chacon:{afafaf} dile que te dejen entrar, Cambio**
[2018/4/19 - 23:59:25] **[Radio]  Agustin Chacon:{afafaf} espera, Cambio**
[2018/4/20 - 0:6:23] **[Radio]  Agustin Chacon:{afafaf} toca la bosina asi es como q vamos en servicio, Cambio**
[2018/4/20 - 0:43:19] **[Radio]  Agustin Chacon:{afafaf} voy, Cambio**
[2018/4/20 - 0:43:26] **[Radio]  Darwin Chacon:{afafaf} ok, Cambio**
[2018/4/20 - 0:45:53] **[Radio]  Agustin Chacon:{afafaf} voy a labar el cuartel de bomberos , Cambio**
[2018/4/20 - 0:47:1] **[Radio]  Agustin Chacon:{afafaf} te lavo tu coche?, Cambio**
[2018/4/20 - 0:47:8] **[Radio]  Darwin Chacon:{afafaf} pos chi, Cambio**
[2018/4/20 - 1:1:14] **[Radio]  Darwin Chacon:{afafaf} deame eso, Cambio**
[2018/4/20 - 1:1:18] **[Radio]  Darwin Chacon:{afafaf} dejame ese, Cambio**
[2018/4/20 - 1:21:34] **[Radio]  Darwin Chacon:{afafaf} dejamela, Cambio**
[2018/4/20 - 1:21:42] **[Radio]  Agustin Chacon:{afafaf} vamos, Cambio**
[2018/4/20 - 1:38:59] **[Radio]  Darwin Chacon:{afafaf} de una, Cambio**
[2018/4/20 - 1:45:46] **[Radio]  Darwin Chacon:{afafaf} adio, Cambio**
[2018/4/20 - 16:32:52] **[Radio]  Agustin Chacon:{afafaf} me meto de bombero, Cambio**
[2018/4/20 - 16:33:1] **[Radio]  Darwin Chacon:{afafaf} ok, Cambio**
[2018/4/20 - 16:40:10] **[Radio]  Agustin Chacon:{afafaf} espera, Cambio**
[2018/4/20 - 16:40:16] **[Radio]  Darwin Chacon:{afafaf} todo tuyo, Cambio**
[2018/4/20 - 16:46:15] **[Radio]  Agustin Chacon:{afafaf} permiso para despegar?, Cambio**
[2018/4/20 - 16:46:16] **[Radio]  Darwin Chacon:{afafaf} ve tu en el heli, Cambio**
[2018/4/20 - 16:46:24] **[Radio]  Darwin Chacon:{afafaf} si, consedido, Cambio**
[2018/4/20 - 16:46:55] **[Radio]  Agustin Chacon:{afafaf} aterrizando, Cambio**
[2018/4/20 - 16:57:12] **[Radio]  Agustin Chacon:{afafaf} maletero, Cambio**
[2018/4/20 - 17:31:24] **[Radio]  Darwin Chacon:{afafaf} ya vengo voy a meter esta plata al banvo, Cambio**
[2018/4/20 - 17:32:43] **[Radio]  Agustin Chacon:{afafaf} jefe, Cambio**
[2018/4/20 - 17:32:49] **[Radio]  Darwin Chacon:{afafaf} digame, Cambio**
[2018/4/20 - 17:32:50] **[Radio]  Agustin Chacon:{afafaf} mierda, Cambio**
[2018/4/20 - 17:33:1] **[Radio]  Agustin Chacon:{afafaf} es verdad q yo soy el otro jefe, Cambio**
[2018/4/20 - 17:33:10] **[Radio]  Agustin Chacon:{afafaf} despegando del HP, Cambio**
[2018/4/20 - 17:33:20] **[Radio]  Darwin Chacon:{afafaf} no es nesesario que me pidas permiso, Cambio**
[2018/4/20 - 17:33:27] **[Radio]  Darwin Chacon:{afafaf} ni me digas jefe, Cambio**
[2018/4/20 - 17:33:32] **[Radio]  Agustin Chacon:{afafaf} ok, Cambio**
[2018/4/20 - 17:33:33] **[Radio]  Darwin Chacon:{afafaf} tu tambien eres jefe, Cambio**
[2018/4/20 - 17:33:42] **[Radio]  Agustin Chacon:{afafaf} la costumbre, Cambio**
[2018/4/20 - 17:36:12] **[Radio]  Agustin Chacon:{afafaf} me ayudas a buscar un lugar de entrenamiento?, Cambio**
[2018/4/20 - 17:36:31] **[Radio]  Darwin Chacon:{afafaf} entrenamiento de que?, Cambio**
[2018/4/20 - 17:36:41] **[Radio]  Agustin Chacon:{afafaf} para la gente nueva que se meta, Cambio**
[2018/4/20 - 17:36:57] **[Radio]  Agustin Chacon:{afafaf} deja, Cambio**
[2018/4/20 - 17:37:1] **[Radio]  Darwin Chacon:{afafaf} que es eu en el aire?, Cambio**
[2018/4/20 - 17:37:4] **[Radio]  Darwin Chacon:{afafaf} un ave?, Cambio**
[2018/4/20 - 17:37:9] **[Radio]  Darwin Chacon:{afafaf} un perro?, Cambio**
[2018/4/20 - 17:37:15] **[Radio]  Darwin Chacon:{afafaf} no, es agustin, Cambio**
[2018/4/20 - 17:37:24] **[Radio]  Agustin Chacon:{afafaf} no un pendejo en heli arre, Cambio**
[2018/4/20 - 17:43:48] **[Radio]  Darwin Chacon:{afafaf} agus, un incendio en frente de PD, Cambio**
[2018/4/20 - 17:44:1] **[Radio]  Agustin Chacon:{afafaf} vale, Cambio**
[2018/4/20 - 18:2:19] **[Radio]  Darwin Chacon:{afafaf} voy a buscar mi autito, Cambio**
[2018/4/20 - 18:2:29] **[Radio]  Agustin Chacon:{afafaf} 10.4, Cambio**
[2018/4/20 - 18:2:37] **[Radio]  Darwin Chacon:{afafaf} que merga es eso, Cambio**
[2018/4/20 - 18:2:45] **[Radio]  Agustin Chacon:{afafaf} ok, Cambio**
[2018/4/20 - 19:18:42] **[Radio] Principiante [1] Brayan Osorio:{afafaf} Hola, Cambio**
[2018/4/20 - 19:18:53] **[Radio]  Agustin Chacon:{afafaf} Hola, Cambio**
[2018/4/20 - 19:31:39] **[Radio] Lider Medico [10] Darwin Chacon:{afafaf} ., Cambio**
[2018/4/20 - 20:7:25] **[Radio] Lider Bombero Agustin Chacon:{afafaf} voy, Cambio**
[2018/4/21 - 0:54:1] **[Radio] Lider-Medico/bombero Darwin Chacon:{afafaf} y de donde armas, Cambio**
[2018/4/21 - 0:54:11] **[Radio] Lider-Medico/bombero Darwin Chacon:{afafaf} tengo un plan, Cambio**
[2018/4/21 - 0:54:21] **[Radio] Lider-Medico/bombero Darwin Chacon:{afafaf} yo lo llamo y le digo que queremos armas, Cambio**
[2018/4/21 - 0:54:36] **[Radio] Lider-Medico/bombero Darwin Chacon:{afafaf} y cuando ya no las de, boom, lo matamos, Cambio**
[2018/4/21 - 14:44:33] **[Radio] Lider Bombero Agustin Chacon:{afafaf} ve al incendio, Cambio**
[2018/4/21 - 14:44:49] **[Radio] Lider-Medico/bombero Darwin Chacon:{afafaf} donde estas, Cambio**
[2018/4/21 - 14:44:57] **[Radio] Lider Bombero Agustin Chacon:{afafaf} me estan pagando, Cambio**
[2018/4/21 - 14:45:4] **[Radio] Lider-Medico/bombero Darwin Chacon:{afafaf} a weno, Cambio**
[2018/4/21 - 14:46:4] **[Radio] Lider Bombero Agustin Chacon:{afafaf} incendio enfrente de PD, Cambio**
[2018/4/21 - 14:46:13] **[Radio] Lider-Medico/bombero Darwin Chacon:{afafaf} ya se, ya voy, Cambio**
[2018/4/22 - 4:15:9] **[Radio] Lider-Medico/bombero Darwin Chacon:{afafaf} ,, Cambio**
