[2012/8/29 - 16:20:56] AdmWarn: Abdo has given Abdo Platinum VIP package for 1 days.
[2012/8/29 - 16:21:8] AdmWarn: Westen has given Abdo Platinum VIP package for 30 days.
[2012/8/29 - 16:21:12] AdmWarn: Westen has given Westen Platinum VIP package for 30 days.
[2012/8/29 - 16:21:46] AdmWarn: Westen has given Westen Platinum VIP package for 30 days.
[2012/8/29 - 16:21:48] AdmWarn: Westen has given Abdo Ahmed Platinum VIP package for 30 days.
[2012/8/29 - 17:53:46] AdmWarn: Westen has removed John's VIP package.
[2012/9/12 - 19:37:34] AdmWarn: James Westen's Platinum VIP package has expired.
[2012/9/12 - 19:37:42] AdmWarn: James Westen has given James Westen Platinum VIP package for 30 days.
[2012/9/12 - 19:37:56] AdmWarn: Jimmy has given Jimmy Platinum VIP package for 30 days.
[2012/9/28 - 12:6:32] AdmWarn: Jeffrey has given Jeffrey Platinum VIP package for 30 days.
[2012/10/7 - 20:34:59] AdmWarn: Jeffrey Loc has given William Martinez Platinum VIP package for 30 days.
[2012/10/7 - 20:40:17] AdmWarn: Jeffrey Loc has given William Martinez Bronze VIP package for 30 days.
[2012/10/7 - 20:40:46] AdmWarn: Jeffrey Loc has removed William Martinez's VIP package.
[2012/10/7 - 21:2:50] AdmWarn: Jeffrey Loc has given Jeffrey Loc Platinum VIP package for 30 days.
[2012/10/7 - 21:56:24] AdmWarn: Perverse has given Roland Mission Platinum VIP package for 30 days.
[2012/10/7 - 22:2:12] AdmWarn: Perverse has given Perverse Platinum VIP package for 30 days.
[2012/10/7 - 22:4:15] AdmWarn: Roland has given Jeffrey Loc Platinum VIP package for 30 days.
[2012/10/7 - 23:32:29] AdmWarn: Perverse has given Takeshi Tanaka Gold VIP package for 30 days.
[2012/10/8 - 2:4:34] AdmWarn: Roland Mission has given Brian DeSousa Bronze VIP package for 1 days.
[2012/10/8 - 2:8:55] AdmWarn: Roland Mission has removed Brian DeSousa's VIP package.
[2012/10/8 - 7:1:55] AdmWarn: Brian DeSousa's temporary Bronze VIP package has expired.
[2012/10/8 - 17:15:13] AdmWarn: Perverse has given Chad Brooks Gold VIP package for 30 days.
[2012/10/8 - 17:20:58] AdmWarn: Perverse has given Jay Jayson Silver VIP package for 30 days.
[2012/10/8 - 18:36:25] AdmWarn: Perverse has given John J. Donegan Gold VIP package for 30 days.
[2012/10/8 - 23:31:32] AdmWarn: Alan Diesel has given Alan Diesel Platinum VIP package for 30 days.
[2012/10/9 - 19:44:55] AdmWarn: Takeshi Tanaka has given Takeshi Tanaka Platinum VIP package for 30 days.
[2012/10/9 - 21:16:1] AdmWarn: Takeshi Tanaka has given Ben Johnston Gold VIP package for 30 days.
[2012/10/9 - 21:20:12] AdmWarn: Takeshi Tanaka has given Roland Mission Platinum VIP package for 30 days.
[2012/10/9 - 21:24:12] AdmWarn: gmodder110 has given gmodder110 Platinum VIP package for 30 days.
[2012/10/9 - 21:24:13] AdmWarn: Takeshi Tanaka has given gmodder110 Platinum VIP package for 30 days.
[2012/10/9 - 21:40:53] AdmWarn: Andrew has given Lawrence Woods Gold VIP package for 30 days.
[2012/10/9 - 21:40:58] AdmWarn: gmodder110 has given Lawrence Woods Platinum VIP package for 30 days.
[2012/10/10 - 19:41:46] AdmWarn: Andrew has given Timmy Leaf Platinum VIP package for 30 days.
[2012/10/10 - 19:42:21] AdmWarn: Andrew has given Austin Phil Platinum VIP package for 30 days.
[2012/10/10 - 22:32:45] AdmWarn: Roland has given Roland Platinum VIP package for 30 days.
[2012/10/10 - 22:32:58] AdmWarn: Roland has given SilverLeaf Platinum VIP package for 30 days.
[2012/10/10 - 22:35:30] AdmWarn: Clark Kent has given Clark Kent Platinum VIP package for 30 days.
[2012/10/10 - 23:19:19] AdmWarn: Clark Kent has given Djean Allwood Gold VIP package for 30 days.
[2012/10/13 - 0:2:53] AdmWarn: NouieMan has given NouieMan Platinum VIP package for 30 days.
[2012/10/13 - 0:3:6] AdmWarn: NouieMan has given Andrew Platinum VIP package for 30 days.
[2012/10/13 - 0:3:10] AdmWarn: Andrew has given Andrew Platinum VIP package for 30 days.
[2012/10/13 - 0:3:18] AdmWarn: Andrew has given gmodder110 Platinum VIP package for 30 days.
[2012/10/13 - 18:31:47] AdmWarn: gmodder110 has given William Martinez Platinum VIP package for 30 days.
[2012/10/13 - 21:22:2] AdmWarn: gmodder110 has removed Roland Mission's VIP package.
[2012/10/13 - 21:22:42] AdmWarn: Andrew has given Roland Mission Platinum VIP package for 30 days.
[2012/10/13 - 21:23:0] AdmWarn: Andrew has removed Roland Mission's VIP package.
[2012/10/13 - 21:23:31] AdmWarn: gmodder110 has given Roland Mission Platinum VIP package for 30 days.
[2012/10/14 - 16:0:42] AdmWarn: Andrew has given Andrew Platinum VIP package for 30 days.
[2012/11/16 - 23:19:18] AdmWarn: Josh has given Josh Platinum VIP package for 30 days.
[2012/11/17 - 9:17:43] AdmWarn: Josh has given Jacob Yeomans Platinum VIP package for 30 days.
[2012/11/17 - 9:18:8] AdmWarn: Josh has given Josh Platinum VIP package for 30 days.
[2012/11/17 - 9:31:14] RewardWarn: Jacob has been rewarded a Bronze VIP package for 24 hours for being active.
[2012/11/18 - 8:27:38] AdmWarn: Josh has given Santosh Cave Platinum VIP package for 30 days.
[2012/11/18 - 8:32:2] AdmWarn: Josh McArtin has given Josh McArtin Platinum VIP package for 30 days.
[2012/11/18 - 12:27:21] AdmWarn: Josh McArtin has given Josh McArtin Platinum VIP package for 30 days.
[2012/11/18 - 14:17:34] AdmWarn: Josh McArtin has given Jake Mackenzie Bronze VIP package for 30 days.
[2012/11/18 - 15:8:47] AdmWarn: Josh McArtin has given Santosh Cave Platinum VIP package for 30 days.
[2012/11/18 - 15:48:34] AdmWarn: Josh Cave has given Mike Edwrads Platinum VIP package for 10 days.
[2012/11/18 - 15:48:47] AdmWarn: Josh Cave has given Mike Edwrads Silver VIP package for 10 days.
[2012/11/18 - 14:49:40] AdmWarn: Josh Cave has given Alek Yevtushenko Platinum VIP package for 30 days.
[2012/11/18 - 14:52:59] AdmWarn: Josh Cave has given Adam West Silver VIP package for 30 days.
[2012/11/18 - 14:53:4] AdmWarn: Josh Cave has given Mike Edwrads Silver VIP package for 30 days.
[2012/11/18 - 21:4:2] AdmWarn: Alek Yevtushenko has given Chris Styles Platinum VIP package for 30 days.
[2012/11/19 - 12:6:40] AdmWarn: Josh Cave has given Roger Andrews Bronze VIP package for 10 days.
[2012/11/21 - 9:35:2] AdmWarn: Josh Cave has given Chris Styles Platinum VIP package for 20 days.
[2012/11/22 - 16:21:16] AdmWarn: Josh Cave has given Funden Burg Bronze VIP package for 7 days.
[2012/11/24 - 21:5:25] AdmWarn: Josh Cave has given Norman Jayden Silver VIP package for 10 days.
[2012/11/24 - 21:8:49] AdmWarn: Josh Cave has given Jim Corrigan Bronze VIP package for 10 days.
[2012/12/3 - 16:0:7] AdmWarn: Josh Cave has given Casey Ryback Platinum VIP package for 20 days.
[2012/12/3 - 16:37:23] AdmWarn: Josh Cave has given Ashley Esperto Gold VIP package for 10 days.
[2012/12/3 - 16:37:26] AdmWarn: Josh Cave has given William Mary Gold VIP package for 10 days.
[2012/12/3 - 16:50:59] AdmWarn: Josh Cave has given Mitchell Rutledge Silver VIP package for 10 days.
[2012/12/3 - 16:51:2] AdmWarn: Josh Cave has given Mitchell Rutledge Gold VIP package for 10 days.
[2012/12/3 - 17:5:39] AdmWarn: Josh Cave has given Nigel Mulcahy Gold VIP package for 10 days.
[2012/12/3 - 20:18:41] AdmWarn: Josh Cave has given Steven Colt Gold VIP package for 10 days.
[2012/12/4 - 20:0:10] AdmWarn: Josh Cave has given Dave Collins Gold VIP package for 10 days.
[2012/12/4 - 20:9:38] AdmWarn: Josh Cave has given Scott Addams Gold VIP package for 10 days.
[2012/12/4 - 20:45:54] AdmWarn: Josh Cave has given Scott Addams Platinum VIP package for 10 days.
[2012/12/4 - 20:46:45] AdmWarn: Josh Cave has given Dave Collins Platinum VIP package for 10 days.
[2012/12/14 - 1:52:37] AdmWarn: Steven Colt's Gold VIP package has expired.
[2012/12/14 - 19:49:11] AdmWarn: Josh Cave has given Dwayne Hazel Platinum VIP package for 30 days.
[2012/12/14 - 20:12:54] AdmWarn: Josh Cave has given Roberto CoreLeone Platinum VIP package for 10 days.
[2012/12/15 - 16:53:14] AdmWarn: Josh Cave has given Alvino Zavala Silver VIP package for 10 days.
[2012/12/18 - 16:59:47] AdmWarn: Josh Cave's Platinum VIP package has expired.
[2012/12/18 - 16:59:59] AdmWarn: Josh Cave has given Josh Cave Platinum VIP package for 30 days.
[2012/12/19 - 12:20:38] AdmWarn: Josh Cave has given Alvino Zavala Platinum VIP package for 30 days.
[2012/12/20 - 10:25:52] AdmWarn: Jake Mackenzie's Bronze VIP package has expired.
[2012/12/20 - 13:47:45] AdmWarn: Alvino Zavala has given Frascuelo Navarette Gold VIP package for 10 days.
[2012/12/20 - 14:2:19] AdmWarn: Alek Yevtushenko's Platinum VIP package has expired.
[2012/12/20 - 14:2:30] AdmWarn: Josh Cave has given Alek Yevtushenko Platinum VIP package for 30 days.
[2012/12/20 - 14:2:54] AdmWarn: Alvino Zavala has given Frascuelo Navarette Platinum VIP package for 10 days.
[2012/12/20 - 14:24:3] AdmWarn: Josh Cave has given Natalie Severin Platinum VIP package for 10 days.
[2012/12/20 - 18:26:50] AdmWarn: Samantha Castillo has given Sergey Petrov Silver VIP package for 5 days.
[2012/12/20 - 18:49:16] AdmWarn: Norman Jayden's Silver VIP package has expired.
[2012/12/20 - 18:49:50] AdmWarn: Katie Castillo has given Norman Jayden Gold VIP package for 5 days.
[2012/12/20 - 18:49:54] AdmWarn: Katie Castillo has given Norman Jayden Silver VIP package for 5 days.
[2012/12/20 - 19:19:59] AdmWarn: Josh Cave has given Micheal Thompson Silver VIP package for 10 days.
[2012/12/21 - 3:55:7] AdmWarn: Alvino Zavala has given John Aaron Silver VIP package for 10 days.
[2012/12/21 - 3:55:16] AdmWarn: Alvino Zavala has given Albert Collin Silver VIP package for 10 days.
[2012/12/21 - 4:6:32] AdmWarn: Alvino Zavala has given Steven Colt Gold VIP package for 10 days.
[2012/12/21 - 4:48:30] AdmWarn: Alvino Zavala has given Mark Fischer Silver VIP package for 10 days.
[2012/12/22 - 16:24:20] AdmWarn: DeAndre Moore's temporary Bronze VIP package has expired.
[2012/12/23 - 6:47:38] AdmWarn: Josh Cave has given Micheal Thopmson Platinum VIP package for 10 days.
[2012/12/23 - 12:35:35] AdmWarn: Josh Cave has given Micheal Thopmson Gold VIP package for 5 days.
[2012/12/23 - 18:37:14] AdmWarn: Katie Castillo has given Daniel Stanton Bronze VIP package for 3 days.
[2012/12/23 - 18:37:52] AdmWarn: Katie Castillo has given Daniel Stanton Silver VIP package for 3 days.
[2012/12/24 - 13:0:0] RewardWarn: DeAndre Moore has been rewarded a Bronze VIP package for 24 hours for being active.
[2012/12/24 - 13:18:40] AdmWarn: Josh Cave has given Micheal Thopmson Gold VIP package for 10 days.
[2012/12/24 - 13:40:35] AdmWarn: Josh Cave has given DeAndre Moore Gold VIP package for 5 days.
[2012/12/27 - 0:48:32] AdmWarn: Katie Castillo has given Sami Aniello Platinum VIP package for 5 days.
[2012/12/27 - 13:7:56] AdmWarn: Josh Cave has given Piotr Ivanovichh Silver VIP package for 10 days.
[2012/12/29 - 20:11:22] AdmWarn: Alexander Greco has given Joseph Capone Platinum VIP package for 5 days.
[2012/12/31 - 7:47:46] AdmWarn: Josh Cave has given Razzle Dazzle Platinum VIP package for 30 days.
[2012/12/31 - 8:36:10] AdmWarn: Josh Cave has removed Josh Cave's VIP package.
[2012/12/31 - 8:36:15] AdmWarn: Josh Cave has given Josh Cave Platinum VIP package for 30 days.
[2013/1/1 - 13:0:0] RewardWarn: Mike Saint has been rewarded a Bronze VIP package for 24 hours for being active.
[2013/1/26 - 19:4:5] AdmWarn: Josh Cave has given Drake Dawson Platinum VIP package for 10 days.
[2013/1/26 - 19:4:13] AdmWarn: Josh Cave has removed Drake Dawson's VIP package.
[2013/1/29 - 17:43:13] AdmWarn: Alexander Greco has given Nikita Greco Platinum VIP package for 30 days.
[2013/1/29 - 17:43:19] AdmWarn: Alexander Greco has given Justin Case Platinum VIP package for 30 days.
[2013/1/31 - 19:24:19] AdmWarn: Josh Cave has given DeAndre Moore Platinum VIP package for 10 days.
[2013/2/5 - 1:31:22] AdmWarn: Steven Colt has given Steven Colt Platinum VIP package for 30 days.
[2013/2/6 - 23:44:33] AdmWarn: Alexander Greco has given Steven Colt Platinum VIP package for 30 days.
[2013/2/7 - 15:12:17] AdmWarn: Josh Cave has given Osvaldo Daniel Bronze VIP package for 1 days.
[2013/2/11 - 9:17:1] AdmWarn: Josh Cave has given Riley Flynn Silver VIP package for 10 days.
[2013/2/11 - 9:38:11] AdmWarn: Osvaldo Daniel's Bronze VIP package has expired.
[2013/2/11 - 9:40:3] AdmWarn: Josh Cave has given Osvaldo Daniel Bronze VIP package for 10 days.
[2013/2/19 - 15:16:22] AdmWarn: Josh Cave has given Jamie Thornton Platinum VIP package for 10 days.
[2013/2/20 - 15:30:1] AdmWarn: Josh Cave has given Vinnie Yakuza Bronze VIP package for 1 days.
[2013/2/20 - 15:30:32] AdmWarn: Josh Cave has given Kiro Yakuza Bronze VIP package for 1 days.
[2013/2/20 - 16:28:31] AdmWarn: Victor Forenzo's temporary Bronze VIP package has expired.
[2013/2/21 - 17:45:28] AdmWarn: Harley Reid's Silver VIP package has expired.
[2013/2/21 - 17:49:53] AdmWarn: Harley Reid has given Harley Reid Platinum VIP package for 30 days.
[2013/3/9 - 18:21:5] AdmWarn: John Cormier has given Raymond Redfield Platinum VIP package for 30 days.
[2013/3/9 - 18:40:42] AdmWarn: John Cormier has given John Cormier Platinum VIP package for 10 days.
[2013/3/9 - 18:41:26] AdmWarn: Nev Smith has given Nev Smith Platinum VIP package for 20 days.
[2013/3/12 - 20:58:21] AdmWarn: John Cormier has given John Cormier Platinum VIP package for 10 days.
[2013/3/21 - 18:11:14] AdmWarn: John Cormier has given John Cormier Silver VIP package for 30 days.
[2013/3/22 - 20:42:10] AdmWarn: John Cormier has given John Cormier Platinum VIP package for 10 days.
[2013/3/22 - 20:42:13] AdmWarn: John Cormier has given John Cormier Platinum VIP package for 30 days.
[2013/3/22 - 22:37:57] AdmWarn: Billy Gonzales has given Billy Gonzales Platinum VIP package for 30 days.
[2013/3/23 - 10:58:9] AdmWarn: Billy Gonzales has given Billy Gonzales Platinum VIP package for 30 days.
[2013/3/23 - 10:58:12] AdmWarn: Billy Gonzales has given Billy Gonzales Platinum VIP package for 30 days.
[2013/3/23 - 13:31:3] AdmWarn: John Cormier has given John Cormier Platinum VIP package for 30 days.
[2013/3/23 - 13:33:42] AdmWarn: John Cormier has given Billy Gonzales Platinum VIP package for 30 days.
[2013/3/23 - 14:56:54] AdmWarn: Rasmus Jensen has given Rasmus Jensen Platinum VIP package for 30 days.
[2017/6/22 - 16:38:26] AdmWarn: Giovanni Salvatore has given Giovanni Salvatore Silver VIP package for 1 days.
[2017/6/22 - 16:38:29] AdmWarn: Giovanni Salvatore has given Giovanni Salvatore Bronze VIP package for 1 days.
[2017/6/22 - 16:38:32] AdmWarn: Giovanni Salvatore has removed Giovanni Salvatore's VIP package.
[2017/6/22 - 16:38:36] AdmWarn: Giovanni Salvatore has given Giovanni Salvatore Gold VIP package for 1 days.
[2017/6/22 - 16:38:38] AdmWarn: Giovanni Salvatore has given Giovanni Salvatore Platinum VIP package for 1 days.
[2017/6/23 - 0:50:40] AdmWarn: Giovanni Salvatore le ha dado un paquete VIP a Giovanni Salvatore Bronze por 1 dias.
[2017/6/23 - 0:50:56] AdmWarn: Giovanni Salvatore le ha dado un paquete VIP a Giovanni Salvatore Platinum por 1 dias.
[2017/6/23 - 0:51:2] AdmWarn: Giovanni Salvatore le ha dado un paquete VIP a Giovanni Salvatore Platinum por 60 dias.
[2017/6/23 - 0:51:28] AdmWarn: Giovanni Salvatore le ha dado un paquete VIP a Giovanni Salvatore Platinum por 59 dias.
[2017/6/26 - 1:14:46] AdmWarn: Giovanni Salvatore le ha dado un paquete VIP a Sofia Robles Platinum por 60 dias.
[2017/7/7 - 23:45:2] AdmWarn: Giovanni Salvatore le ha dado un paquete VIP a Oscar Pinto Platinum por 60 dias.
[2017/7/8 - 23:55:42] AdmWarn: Oscar Pinto le ha dado un paquete VIP a Oscar Pinto Platinum por 60 dias.
[2017/7/8 - 23:55:46] AdmWarn: Oscar Pinto le ha dado un paquete VIP a Oscar Pinto Platinum por 60 dias.
[2017/7/12 - 15:28:10] AdmWarn: Oscar Pinto le ha dado un paquete VIP a Gio Marica Platinum por 60 dias.
[2017/7/12 - 15:34:6] AdmWarn: Oscar Pinto le ha dado un paquete VIP a Gio Marica Bronze por 60 dias.
[2017/7/12 - 15:34:11] AdmWarn: Oscar Pinto ha removido el paquete VIP de Gio Marica's.
[2017/7/12 - 15:34:24] AdmWarn: Oscar Pinto ha removido el paquete VIP de Gio Marica's.
[2017/7/12 - 15:34:29] AdmWarn: Oscar Pinto ha removido el paquete VIP de Gio Marica's.
[2017/7/12 - 15:34:36] AdmWarn: Oscar Pinto le ha dado un paquete VIP a Gio Marica Bronze por 60 dias.
[2017/7/12 - 15:34:41] AdmWarn: Oscar Pinto ha removido el paquete VIP de Gio Marica's.
[2017/7/12 - 15:34:48] AdmWarn: Oscar Pinto ha removido el paquete VIP de Oscar Pinto's.
[2017/7/12 - 15:34:52] AdmWarn: Oscar Pinto le ha dado un paquete VIP a Oscar Pinto Bronze por 60 dias.
[2017/7/12 - 15:35:45] AdmWarn: Oscar Pinto le ha dado un paquete VIP a Oscar Pinto Platinum por 60 dias.
[2017/7/12 - 18:26:16] AdmWarn: Oscar Pinto ha removido el paquete VIP de Oscar Pinto's.
[2017/7/12 - 18:26:38] AdmWarn: Oscar Pinto ha removido el paquete VIP de Oscar Pinto's.
[2017/7/12 - 18:29:10] AdmWarn: Oscar Pinto ha removido el paquete VIP de Oscar Pinto's.
[2017/7/12 - 18:37:5] AdmWarn: Oscar Pinto ha removido el paquete VIP de Oscar Pinto's.
[2017/7/12 - 18:37:22] AdmWarn: Oscar Pinto le ha dado un paquete VIP a Oscar Pinto Platinum por 60 dias.
[2017/7/13 - 11:1:59] AdmWarn: Giovanni Salvatore ha removido el paquete VIP de Giovanni Salvatore's.
[2017/7/13 - 11:2:42] AdmWarn: Giovanni Salvatore ha removido el paquete VIP de Giovanni Salvatore's.
[2017/7/13 - 11:8:8] AdmWarn: Oscar Pinto le ha dado un paquete VIP a Giovanni Salvatore Platinum por 60 dias.
[2017/7/14 - 0:59:46] AdmWarn: Oscar Pinto ha removido el paquete VIP de Oscar Pinto's.
[2017/7/14 - 1:1:19] AdmWarn: Oscar Pinto ha removido el paquete VIP de Victoria Robles's.
[2017/7/14 - 1:1:36] AdmWarn: Oscar Pinto ha removido el paquete VIP de Bot Admin's.
[2017/7/14 - 1:1:48] AdmWarn: Oscar Pinto le ha dado un paquete VIP a Bot Admin Bronze por 60 dias.
[2017/7/14 - 1:1:58] AdmWarn: Oscar Pinto le ha dado un paquete VIP a Oscar Pinto Bronze por 60 dias.
[2017/7/14 - 1:2:4] AdmWarn: Oscar Pinto le ha dado un paquete VIP a Oscar Pinto Platinum por 60 dias.
[2017/7/14 - 1:4:53] AdmWarn: Bot Admin le ha dado un paquete VIP a Victoria Robles Platinum por 60 dias.
[2017/7/16 - 20:19:26] AdmWarn: Oscar Pinto ha removido el paquete VIP de Oscar Pinto's.
[2017/7/20 - 21:58:51] AdmWarn: Oscar Pinto ha removido el paquete VIP de Giovanni Salvatore's.
[2017/7/21 - 22:10:35] AdmWarn: Oscar Pinto ha removido el paquete VIP de Oscar Pinto's.
[2017/7/21 - 22:14:35] AdmWarn: Oscar Pinto le ha dado un paquete VIP a Oscar Pinto Platinum por 60 dias.
[2017/7/23 - 2:0:52] AdmWarn: Oscar Pinto le ha dado un paquete VIP a Oscar Pinto Bronze por 60 dias.
[2017/7/23 - 2:1:2] AdmWarn: Oscar Pinto le ha dado un paquete VIP a Oscar Pinto Silver por 60 dias.
[2017/7/31 - 10:6:11] AdmWarn: Oscar Pinto le ha dado un paquete VIP a Oscar Pinto Bronze por 1 dias.
[2017/7/31 - 10:8:38] AdmWarn: Oscar Pinto le ha dado un paquete VIP a Oscar Pinto Silver por 1 dias.
[2017/7/31 - 10:15:5] AdmWarn: Oscar Pinto le ha dado un paquete VIP a Oscar Pinto Gold por 1 dias.
[2017/8/1 - 0:30:32] AdmWarn: Francis Drake le ha dado un paquete VIP a Francis Drake Platinum por 30 dias.
[2017/8/1 - 20:54:27] AdmWarn: Giovanni Salvatore le ha dado un paquete VIP a Giovanni Salvatore Platinum por 60 dias.
[2017/8/1 - 21:5:2] AdmWarn: El Estado le ha dado un paquete VIP a El Estado Platinum por 60 dias.
[2017/8/2 - 2:30:16] AdmWarn: Oscar Pinto le ha dado un paquete VIP a Oscar Pinto Bronze por 60 dias.
[2017/8/2 - 2:31:7] AdmWarn: Oscar Pinto le ha dado un paquete VIP a Oscar Pinto Silver por 1 dias.
[2017/8/2 - 3:3:17] AdmWarn: Oscar Pinto le ha dado un paquete VIP a Oscar Pinto Platinum por 1 dias.
[2017/8/2 - 3:10:11] AdmWarn: Oscar Pinto ha removido el paquete VIP de Miguel Rodriguez's.
[2017/8/2 - 3:10:39] AdmWarn: Oscar Pinto le ha dado un paquete VIP a Miguel Rodriguez Bronze por 2 dias.
[2017/8/3 - 18:2:27] AdmWarn: Oscar Pinto's Platinum VIP package has expired.
[2017/8/5 - 14:5:19] AdmWarn: Jhon Mustang le ha dado un paquete VIP a Jhon Mustang Platinum por 60 dias.
[2017/8/5 - 16:40:47] AdmWarn: El Estado le ha dado un paquete VIP a El Estado Platinum por 60 dias.
[2017/8/5 - 17:23:39] AdmWarn: Jhon Mustang le ha dado un paquete VIP a Edwin Chairez Silver por 1 dias.
[2017/8/6 - 14:39:3] AdmWarn: Miguel Rodriguez's Bronze VIP package has expired.
[2017/8/7 - 2:58:6] AdmWarn: Giovanni Salvatore le ha dado un paquete VIP a Miguel Rodriguez Platinum por 60 dias.
[2017/9/2 - 19:55:29] Administración: Miguel Salvatore le ha dado un paquete VIP a Miguel Salvatore Platinum por 60 dias.
[2017/9/24 - 9:4:6] Administración: Miguel Salvatore ha removido el paquete VIP de Miguel Salvatore's.
[2017/9/27 - 0:27:56] Administración: Miguel Salvatore le ha dado un paquete VIP a Miguel Salvatore Platinum por 10 dias.
[2017/10/3 - 18:34:28] Administración: Miguel Salvatore ha removido el paquete VIP de Miguel Salvatore's.
[2017/10/13 - 14:41:1] Administración: Miguel Salvatore le ha dado un paquete VIP a Miguel Salvatore Platinum por 10 dias.
[2017/10/13 - 14:44:53] Administración: Miguel Salvatore ha removido el paquete VIP de Miguel Salvatore's.
[2017/10/13 - 15:6:57] Administración: Miguel Salvatore le ha dado un paquete VIP a Miguel Salvatore Bronze por 1 dias.
[2017/10/13 - 15:7:1] Administración: Miguel Salvatore le ha dado un paquete VIP a Miguel Salvatore Platinum por 1 dias.
[2017/10/14 - 15:4:58] Administración: Miguel Salvatore Platinum El paquete VIP ha caducado.
[2017/10/14 - 15:27:54] Administración: Miguel Salvatore le ha dado un paquete VIP a Miguel Salvatore Platinum por 9 dias.
[2017/10/14 - 15:32:34] Administración: Miguel Salvatore ha removido el paquete VIP de Miguel Salvatore's.
[2017/10/14 - 15:36:3] Administración: Miguel Salvatore le ha dado un paquete VIP a Miguel Salvatore Platinum por 1 dias.
[2017/10/28 - 18:25:22] Administración: Miguel Salvatore Platinum El paquete VIP ha caducado.
[2017/10/31 - 13:1:9] Administración: Miguel Salvatore le ha dado un paquete VIP a Miguel Salvatore Platinum por 60 dias.
[2018/4/5 - 18:54:48] Administración: Oscar Pinto le ha dado un paquete VIP a Oscar Pinto Platinum por 30 dias.
[2018/4/7 - 5:1:53] Administración: Miguel Salvatore le ha dado un paquete VIP a Miguel Salvatore Platinum por 60 dias.
[2018/4/7 - 18:9:35] Administración: Oscar Pinto le ha dado un paquete VIP a Alsakarim Khalid Silver por 7 dias.
[2018/4/7 - 23:35:8] Administración: Oscar Pinto le ha dado un paquete VIP a Brayan Osorio Platinum por 30 dias.
[2018/4/8 - 21:15:55] Administración: Oscar Pinto ha removido el paquete VIP de Darwin Chacon's.
[2018/4/10 - 1:50:18] Administración: Oscar Pinto ha removido el paquete VIP de Kevin Chacon's.
[2018/4/11 - 18:12:28] Administración: Oscar Pinto ha removido el paquete VIP de Darwin Chacon's.
[2018/4/12 - 15:56:6] Administración: Miguel Salvatore le ha dado un paquete VIP a Frenddys Martinez Silver por 31 dias.
[2018/4/12 - 21:46:53] Administración: Agustin Chacon el paquete temporal VIP Bronce ha caducado.
[2018/4/13 - 16:0:2] Administración: Darwin Chacon el paquete temporal VIP Bronce ha caducado.
[2018/4/14 - 1:46:4] Administración: Santiago Martin el paquete temporal VIP Bronce ha caducado.
[2018/4/14 - 2:22:34] Administración: Alsakarim Khalid Silver El paquete VIP ha caducado.
[2018/4/14 - 3:38:36] Administración: Ali Mohammed el paquete temporal VIP Bronce ha caducado.
[2018/4/14 - 19:7:47] Administración: Ali Mohammed el paquete temporal VIP Bronce ha caducado.
[2018/4/14 - 23:22:12] Administración: Matias Carlito el paquete temporal VIP Bronce ha caducado.
[2018/4/15 - 1:26:54] Administración: Stefano Priciani el paquete temporal VIP Bronce ha caducado.
[2018/4/15 - 3:4:53] Administración: Stefano Priciani el paquete temporal VIP Bronce ha caducado.
[2018/4/15 - 3:44:51] Administración: Nicolas Jackson el paquete temporal VIP Bronce ha caducado.
[2018/4/15 - 15:18:39] Administración: Igor Spopovich el paquete temporal VIP Bronce ha caducado.
[2018/4/15 - 22:10:14] Administración: Elias Chacon el paquete temporal VIP Bronce ha caducado.
[2018/4/17 - 2:45:58] Administración: Darwin Chacon el paquete temporal VIP Bronce ha caducado.
[2018/4/18 - 3:17:8] Administración: Oscar Pinto le ha dado un paquete VIP a Darwin Chacon Silver por 14 dias.
[2018/4/19 - 18:56:0] Administración: Isaac Rufino el paquete temporal VIP Bronce ha caducado.
[2018/4/20 - 1:24:6] Administración: Rodrigo Mzienski el paquete temporal VIP Bronce ha caducado.
[2018/4/22 - 2:41:17] Administración: Shady Adel el paquete temporal VIP Bronce ha caducado.
[2018/4/22 - 2:43:14] Administración: Jack Sumgrace el paquete temporal VIP Bronce ha caducado.
[2018/4/25 - 17:5:17] Administración: Asaff Khatab el paquete temporal VIP Bronce ha caducado.
[2018/4/25 - 19:8:29] Administración: Elizabeth Spopovich el paquete temporal VIP Bronce ha caducado.
[2018/4/26 - 1:17:13] Administración: Oscar Pinto le ha dado un paquete VIP a Brayan Osorio Platinum por 60 dias.
[2018/4/27 - 21:41:50] Administración: Mohamed Alhadabi el paquete temporal VIP Bronce ha caducado.
[2018/4/29 - 15:27:11] Administración: Miguel Salvatore le ha dado un paquete VIP a Brayan Osorio Platinum por 31 dias.
[2018/4/29 - 15:27:24] Administración: Miguel Salvatore le ha dado un paquete VIP a Brayan Osorio Platinum por 60 dias.
[2018/5/2 - 2:50:32] Administración: Ferney Ramos el paquete temporal VIP Bronce ha caducado.
[2018/5/5 - 19:35:54] Administración: Oscar Pinto Platinum El paquete VIP ha caducado.
