[2012/9/14 - 22:58:39] ** [NA] (6) Network Producer Jimmy: yo
[2012/10/9 - 19:34:29] ** [NA] (6)  Jax Rivera: test))
[2012/10/13 - 0:52:12] ** [NA] (6) Network Producer William Martinez: Testing
[2012/10/13 - 0:53:10] ** [NA] (6) Network Producer William Martinez: This is NA
[2012/10/13 - 0:54:9] ** [NA] (6) Network Producer William Martinez: G DFGUHBXN CVKJDX
[2012/10/13 - 0:54:20] ** [NA] (6) Network Producer William Martinez: If you can see this say so on TS3
[2012/10/13 - 0:54:31] ** [NA] (6) Network Producer William Martinez: If you cant dont
[2012/12/23 - 20:26:2] ** [NA] (6) Network Producer Katie Castillo: Hi
[2017/7/13 - 12:47:38] **  Oscar Pinto: asda
[2017/9/21 - 18:30:43] **  Miguel Salvatore: a
[2017/10/31 - 17:59:50] **  Miguel Salvatore: es verdad?
[2017/10/31 - 18:0:8] **  Miguel Salvatore: es verdad? x2
[2018/4/6 - 22:25:19] **  Igor Spopovich: .
[2018/4/6 - 23:37:57] **  Igor Spopovich: Se Avisa que hay unos Sujetos con Rehenes en el 24-7 De Vinewood y Tienen una bomba
[2018/4/6 - 23:38:41] **  Igor Spopovich: El Ejercito y la Policia estan tratando de Controlar las Cosas y mantener afuera los Civiles
[2018/4/6 - 23:39:0] **  Igor Spopovich: Nadie Sabe como acabara este enfrentamiento
[2018/4/6 - 23:42:24] **  Igor Spopovich: Se Dice que los Terroristas van a Negociar con la policia
[2018/4/8 - 16:34:7] **  Igor Spopovich: .
[2018/4/9 - 4:5:11] **  Oscar Pinto: *Escuchas en un radio cercano*
[2018/4/20 - 16:58:19] ** Dueño Brayan Osorio: Buenas  tardes
[2018/4/29 - 17:6:21] ** Dueño Charlotte Spopovich: [Iniciando Transmición]
[2018/4/29 - 17:6:55] ** Dueño Charlotte Spopovich: [Camaras ON] [Microfonos ON] [Anti Hack 8.3]
[2018/4/29 - 17:7:7] ** Dueño Charlotte Spopovich: Buenas Señores de Los Santos
[2018/4/29 - 17:7:18] ** Dueño Charlotte Spopovich: Soy Charlotte Spopovich Reportando..
[2018/4/29 - 17:7:32] ** Dueño Charlotte Spopovich: Un Anciano Pelea Con Su hija -Susurra- O lo que sea
[2018/4/29 - 17:8:29] ** Dueño Charlotte Spopovich: Bueno... Como les digo [Sonarian Gemidos A Todo Volumen]
[2018/4/29 - 17:8:33] ** Dueño Charlotte Spopovich: MARK APAGA ESO MARK!!
[2018/4/29 - 17:8:40] ** Dueño Charlotte Spopovich: Problemas tecnicos...
[2018/4/29 - 17:8:53] ** Dueño Charlotte Spopovich: [Apareceria Unas letras que dirian "Ya Volvemos"
[2018/4/29 - 17:9:20] ** Dueño Charlotte Spopovich: [Volveria la Transmición]
[2018/4/29 - 17:9:42] ** Dueño Charlotte Spopovich: Noticias de ultimo momento :
[2018/4/29 - 17:9:49] ** Dueño Charlotte Spopovich: El Mundo se va a la Basura
[2018/4/29 - 17:9:54] ** Dueño Charlotte Spopovich: En otras Noticias el Agua moja
[2018/5/5 - 20:21:28] ** Dueño Brayan Osorio: .
[2018/5/5 - 22:3:51] ** Dueño Brayan Osorio: .
[2018/5/5 - 22:16:31] ** Dueño Brayan Osorio: [Camras-ON] [micrófonos-ON] [Antihack-8.9] [Transmicion encendida
[2018/5/5 - 22:17:22] ** Dueño Brayan Osorio: Buenas tardes mi gente de Los Santos , hoy vengo a decirles que el CNN , está revisiendo personal
[2018/5/5 - 22:17:41] ** Dueño Brayan Osorio: Para todo aquel que quiera entrar
[2018/5/5 - 22:18:4] ** Dueño Brayan Osorio: [Microfonos-OFF] [Camaras-OFF] [Transmicion Apagada]
