[2012/8/29 - 17:56:30] ** Owner Abdo: test
[2012/8/29 - 17:56:45] ** Owner Westen: test.!
[2012/8/29 - 17:56:47] ** Head Helper John: test
[2012/9/28 - 11:56:5] ** Newbie Joy Freed: Ya 3ars /tog adminooc
[2012/10/8 - 0:21:28] ** Server Owner Roland Mission: Testing.
[2012/10/8 - 2:23:13] ** Newbie Blake Roberts: Not To shabby, How about you?
[2012/10/8 - 2:24:34] ** Newbie Blake Roberts: Can you turn on g-ooc Roland?
[2012/10/8 - 17:18:49] ** Gold VIP Chad Brooks: REFUND :@
[2012/10/8 - 17:19:2] ** Server Owner Perverse: You're Refunded. -.-'
[2012/10/8 - 17:19:34] ** Gold VIP Chad Brooks: LIES
[2012/10/8 - 17:22:34] ** Gold VIP Chad Brooks: ME
[2012/10/8 - 17:25:39] ** Gold VIP Chad Brooks: a Monkey's talking to me O:
[2012/10/8 - 17:25:49] ** Server Owner Jeffrey Loc: Stop it, chad?
[2012/10/8 - 17:25:59] ** Server Owner Jeffrey Loc: CHAD STOP FUCKING /REPORTBUG!
[2012/10/8 - 17:27:53] ** Gold VIP Chad Brooks: ID 3 hacks
[2012/10/8 - 17:28:3] ** Server Owner Jeffrey Loc: I'll check it later.
[2012/10/8 - 21:12:42] ** Gold VIP Ronaldinho Moreira: how to get internet on a smartphone?!
[2012/10/8 - 22:1:2] ** Junior Helper Takeshi Tanaka: k
[2012/10/8 - 22:1:4] ** Junior Helper Takeshi Tanaka: Test
[2012/10/9 - 19:31:8] ** Gold VIP Ronaldinho Moreira: how to get a  Business?
[2012/10/9 - 21:23:35] ** Gold VIP Ben Johnston: /togooc ?
[2012/10/10 - 22:25:1] ** Junior Admin Timmy Leaf: hey
[2012/10/10 - 22:57:33] ** Junior Admin Timmy Leaf: Hey noobs
[2012/10/12 - 23:31:33] ** Junior Helper Ramon Gonzalez: Test
[2012/10/12 - 23:33:22] ** Junior Helper Ramon Gonzalez: Test.))
[2012/10/12 - 23:34:0] ** Junior Helper Ramon Gonzalez: Test.))
[2012/10/13 - 21:37:39] ** Server Owner NouieMan: tets
[2012/10/13 - 21:38:20] ** Server Owner Andrew: jdf
[2012/10/13 - 21:38:37] ** Server Owner gmodder110: negro pastrey
[2012/11/18 - 14:15:8] ** Server Owner Josh McArtin: he
[2012/11/18 - 14:58:0] ** Trial Admin Mike Edwrads: lol
[2012/11/18 - 17:2:44] ** Server Owner Josh Cave: I can do that now
[2012/11/18 - 17:2:50] ** Server Owner Alek Yevtushenko: do it
[2012/11/18 - 19:52:42] ** Newbie Kali Yevtushenko: 25-80?
[2012/11/18 - 19:53:4] ** Server Owner Alek Yevtushenko: ?
[2012/11/18 - 19:53:36] ** Newbie Kali Yevtushenko: ages 25-80
[2012/11/18 - 19:55:1] ** Newbie Kali Yevtushenko: Somone turn on ooc
[2012/11/18 - 19:56:30] ** Newbie Kali Yevtushenko: Ima get back on hbg
[2012/11/19 - 7:34:42] ** Newbie Breyhend Prolo: Sorry
[2012/11/19 - 7:58:36] ** Newbie Mustafa Yilmaz: Who is the owner of the Server?
[2012/11/19 - 7:58:55] ** Newbie Breyhend Prolo: No idea
[2012/11/19 - 8:2:38] ** Newbie Mustafa Yilmaz: I can't join a job?
[2012/11/19 - 8:2:56] ** Newbie Breyhend Prolo: Mustafa - Maybe its bugged, admins will fixed that.
[2012/11/21 - 10:14:8] ** Newbie Micheal Bob: Hello sir.
[2012/11/21 - 10:14:16] ** General Admin Chris Styles: How are you?
[2012/11/22 - 16:19:57] ** Newbie Funden Burg: Josh.
[2012/11/22 - 16:20:9] ** Server Owner Josh Cave: Yes?
[2012/11/23 - 1:55:1] ** Trial Admin Mike Edwrads: h
[2012/11/24 - 21:54:55] ** Newbie Will Vincentw: Any admins on?
[2012/11/24 - 21:55:11] ** Asst. Head Helper Norman Jayden: Imma helper...
[2012/11/24 - 21:55:39] ** Newbie Will Vincentw: What does it mean Hiring?
[2012/11/24 - 21:55:50] ** Asst. Head Helper Norman Jayden: what do you need? I got the sherrif right here...
[2012/11/24 - 21:55:58] ** Asst. Head Helper Norman Jayden: ohh
[2012/11/24 - 21:56:15] ** Asst. Head Helper Norman Jayden: that means we are hiring admins and faction/family leaders
[2012/11/24 - 21:56:25] ** Newbie Will Vincentw: Your Admin?
[2012/11/24 - 21:56:30] ** Asst. Head Helper Norman Jayden: nope
[2012/11/24 - 21:56:35] ** Asst. Head Helper Norman Jayden: just a helper
[2012/11/24 - 21:56:44] ** Asst. Head Helper Norman Jayden: use /o
[2012/11/24 - 22:7:47] ** Newbie Samantha Parker: Where do you get a skin?
[2012/11/24 - 22:8:49] ** Newbie Danny Loh: chat go to the clothes shop
[2012/11/24 - 22:19:47] ** Newbie Danny Loh: wheres 24/7?
[2012/12/3 - 16:22:59] ** Newbie Ashley Esperto: Hello, Are you admin?
[2012/12/3 - 16:54:21] ** Gold VIP Mitchell Rutledge: Test.
[2012/12/3 - 17:16:6] ** Newbie Joe Beverly: jOSJH
[2012/12/3 - 17:16:51] ** Junior Admin Casey Ryback: can I help you?
[2012/12/3 - 17:17:1] ** Newbie Joe Beverly: Josh, coming in TS?
[2012/12/3 - 17:17:18] ** Junior Admin Casey Ryback: He's paused at the moment
[2012/12/3 - 17:17:43] ** Newbie Joe Beverly: When he gets back, tell him Joe and Mark are waiting for him in Teamspeak.
[2012/12/3 - 17:18:33] ** Junior Admin Casey Ryback: I think he's coming now, otherwise I'll tell him to :)
[2012/12/3 - 17:18:56] ** Gold VIP Nigel Mulcahy: We have a teamspeak?
[2012/12/3 - 17:24:57] ** Bronze VIP Joe Beverly: Nigel, you dare ban me?
[2012/12/3 - 17:25:14] ** Server Owner Josh Cave: Don't worry about it ;)
[2012/12/3 - 17:25:20] ** Trial Admin Nigel Mulcahy: 1. Don't use /n and two, pm me.
[2012/12/3 - 17:26:8] ** Bronze VIP Joe Beverly: Do you know who I am?
[2012/12/3 - 17:26:22] ** Junior Admin Casey Ryback: Relax Joe
[2012/12/3 - 17:45:28] ** Junior Admin Casey Ryback: Welcome to Project Day Roleplay
[2012/12/3 - 17:45:44] ** Junior Admin Casey Ryback: If you need any help, just ask!
[2012/12/3 - 17:46:12] ** Junior Admin Nigel Mulcahy: Welcome!
[2012/12/3 - 17:47:29] ** Newbie Steven Colt: Hoi
[2012/12/3 - 17:51:21] ** Newbie Steven Colt: Wait, What the hell happen to LSPD ?
[2012/12/3 - 17:51:31] ** Junior Admin Casey Ryback: I'm sorry?
[2012/12/3 - 17:53:43] ** Newbie Steven Colt: Help I'm stuck
[2012/12/3 - 18:21:14] ** Junior Admin Casey Ryback: I have to go guys, I'll be online tomorrow! 
[2012/12/3 - 18:21:23] ** Newbie Steven Colt: Okay :D
[2012/12/3 - 18:22:1] ** Junior Admin Casey Ryback: Be nice to eachother, help eachother out :)
[2012/12/3 - 18:22:11] ** Newbie Steven Colt: Change my skin please ?
[2012/12/3 - 18:22:16] ** Junior Admin Casey Ryback: And invite your friends for some epic roleplaying
[2012/12/3 - 18:22:29] ** Junior Admin Casey Ryback: Steven, you can change it yourself at the locker :)
[2012/12/3 - 18:23:11] ** Newbie Steven Colt: Thanks Casey
[2012/12/3 - 18:23:14] ** Junior Admin Casey Ryback: Alright, take care!
[2012/12/3 - 18:24:17] ** Newbie Steven Colt: Nigel
[2012/12/3 - 18:28:58] ** Junior Admin Nigel Mulcahy: Back.
[2012/12/3 - 18:29:17] ** Newbie Steven Colt: Nigel whats the command for this gate ?
[2012/12/3 - 18:30:53] ** Junior Admin Nigel Mulcahy: Be aware, we
[2012/12/3 - 18:31:7] ** Junior Admin Nigel Mulcahy: we're currently hiring administrators, apply via our forums.
[2012/12/3 - 18:51:1] ** Junior Admin Nigel Mulcahy: Brb.
[2012/12/3 - 20:30:1] ** Newbie Drake Tanaka: Hello
[2012/12/3 - 20:30:16] ** Trial Admin Steven Colt: Hello and Welcome to Project Day Roleplay
[2012/12/3 - 20:30:46] ** Newbie Drake Tanaka: Lol, I don't need a welcome, thanks anyways.
[2012/12/3 - 20:31:22] ** Trial Admin Steven Colt: If you go questions , please PM us (admins) or ask from /n
[2012/12/3 - 20:31:28] ** Trial Admin Steven Colt: Got *
[2012/12/3 - 20:31:28] ** Newbie Drake Tanaka: When's Josh going to be on?
[2012/12/3 - 20:31:37] ** Trial Admin Steven Colt: He was here just now 
[2012/12/3 - 20:31:47] ** Trial Admin Steven Colt: I just got the trial
[2012/12/3 - 20:32:24] ** Newbie Drake Tanaka: Have you ever been in any of his other servers?
[2012/12/3 - 20:32:39] ** Trial Admin Steven Colt: No
[2012/12/3 - 20:33:6] ** Newbie Drake Tanaka: Sexy mapping, who did this?
[2012/12/3 - 20:33:18] ** Trial Admin Steven Colt: Josh I guess
[2012/12/3 - 20:33:47] ** Newbie Drake Tanaka: He can't map for shit, it was someone else. Lol.
[2012/12/3 - 20:37:46] ** Newbie Drake Tanaka: Problem?
[2012/12/3 - 20:39:41] ** Newbie Drake Tanaka: Lets have an admin test, okay?
[2012/12/3 - 20:40:3] ** Trial Admin Steven Colt: What test ?
[2012/12/3 - 20:40:24] ** Newbie Drake Tanaka: First of all, that was asspull.... Anyways... What do you do if you see someone say an IP
[2012/12/3 - 20:40:50] ** Trial Admin Steven Colt: Asspull ? I didn't 
[2012/12/3 - 20:41:34] ** Trial Admin Steven Colt: First of all , if the IP exist (the server) then I'll ban them first
[2012/12/3 - 20:41:50] ** Trial Admin Steven Colt: And Inform the server owner
[2012/12/3 - 20:41:51] ** Newbie Drake Tanaka: Okay, what I will do right now, don't ban me. this is a test, but this is a 100 pct real server
[2012/12/3 - 20:42:2] ** Trial Admin Steven Colt: Yes
[2012/12/3 - 20:43:36] ** Newbie Drake Tanaka: Hmm, Josh has a sexy anti-server ad.
[2012/12/4 - 4:58:59] ** Newbie Jake Hawk: What factions can I lead?
[2012/12/4 - 15:55:46] ** Junior Admin Casey Ryback: If there's anyway I can help you out, just say so! 
[2012/12/4 - 15:55:52] ** Server Owner Josh Cave: Alright
[2012/12/4 - 15:55:59] ** Junior Admin Casey Ryback: Not you, Josh
[2012/12/4 - 15:56:0] ** Server Owner Josh Cave: Brandon
[2012/12/4 - 15:56:3] ** Server Owner Josh Cave: I understand.
[2012/12/4 - 15:59:30] ** Newbie Brandon Mihailov: Im A nab
[2012/12/4 - 15:59:34] ** Server Scripter Sami Minor: Hi nab.
[2012/12/4 - 21:43:56] ** Newbie Jebadiah Oznud: Looking for staff?
[2012/12/4 - 21:44:22] ** Trial Admin Scott Addams: Higher Admins are offline
[2012/12/4 - 21:44:48] ** Newbie Jebadiah Oznud: Mappings are lagging the server up lol
[2012/12/4 - 21:45:45] ** Newbie Jebadiah Oznud: what script is this based of
[2012/12/5 - 3:28:59] ** Trial Admin Steven Colt: Welcome to Project Day
[2012/12/5 - 3:33:21] ** Trial Admin Steven Colt: Welcome to Project Day Roleplay
[2012/12/7 - 22:12:59] ** Newbie Peter Webber: I'd like to have a list of commands and OOC Chat command.
[2012/12/9 - 18:22:45] ** Trial Admin Steven Colt: Damn
[2012/12/15 - 13:19:18] ** Newbie Micheal Thompson: hi
[2012/12/15 - 17:17:5] ** Junior Admin Alvino Zavala: l
[2012/12/15 - 18:24:44] ** General Admin Alvino Zavala: THIS SUX!
[2012/12/17 - 16:2:23] ** Server Owner Alek Yevtushenko: hi
[2012/12/20 - 10:33:40] ** Head Administrator Alvino Zavala: test))
[2012/12/20 - 11:2:19] ** Newbie Jolly Sage: You need help? If you have question use /n but Dont Abuse it, Or use /requesthelp for more info
[2012/12/20 - 19:20:6] ** Silver VIP Micheal Thompson: thankyou
[2012/12/20 - 19:21:28] ** Silver VIP Sergey Petrov: is this script from scratch?
[2012/12/20 - 19:21:44] ** Server Owner Josh Cave: It was made like 15# then I picked it up and finished it
[2012/12/20 - 19:21:50] ** Server Owner Josh Cave: I spent about 5 months on it.
[2012/12/20 - 19:24:46] ** Silver VIP Micheal Thompson: RP you're in the middle seat
[2012/12/20 - 19:31:37] ** Newbie Krispy Kreme: How to play this server?
[2012/12/21 - 1:47:26] ** Trial Admin Steven Colt: Test
[2012/12/21 - 2:28:54] ** Trial Admin Steven Colt: Welcome to Project Day Roleplay
[2012/12/21 - 2:29:31] ** Trial Admin Steven Colt: Use /n for the newbie chat
[2012/12/21 - 2:32:18] ** Trial Admin Steven Colt: Welcome to Project Day Roleplay, use /n if you need any help
[2012/12/21 - 2:33:10] ** Trial Admin Steven Colt: Hacking ?
[2012/12/21 - 2:33:15] ** Silver VIP Sergey Petrov: no?
[2012/12/21 - 2:33:25] ** Trial Admin Steven Colt: I can spectating you
[2012/12/21 - 2:33:51] ** Trial Admin Steven Colt: Alright
[2012/12/21 - 2:44:48] ** Trial Admin Steven Colt: Aaron
[2012/12/21 - 3:18:49] ** Trial Admin Steven Colt: Welcome To Project Day Roleplay
[2012/12/21 - 3:23:3] ** Trial Admin Steven Colt: Welcome to Project Day Roleplay John Luca
[2012/12/21 - 3:24:30] ** Trial Admin Steven Colt: For newbies, if you want a job, use /location
[2012/12/21 - 3:24:42] ** Trial Admin Steven Colt: I mean /search
[2012/12/21 - 3:28:10] ** Trial Admin Steven Colt: Albert please don't use /report to ask questions
[2012/12/21 - 3:28:24] ** Trial Admin Steven Colt: If you need help use , /helpme
[2012/12/21 - 3:29:54] ** Trial Admin Steven Colt: DMV is the place where you just spawn and get a driving license
[2012/12/21 - 3:32:22] ** Newbie John Luca: Why is there an annoying christmas tree in my screen?..
[2012/12/21 - 3:32:36] ** Trial Admin Steven Colt: Is a textdraw
[2012/12/21 - 3:33:12] ** Trial Admin Steven Colt: It cannot be remove it from the screen. Wait after Christmas is over
[2012/12/21 - 3:33:36] ** Newbie John Luca: Really? I'm a jew, why am i being forced to look at the christmas three..
[2012/12/21 - 3:38:44] ** Newbie Albert Collin: hi?
[2012/12/21 - 3:38:54] ** Trial Admin Steven Colt: Hello there Albert
[2012/12/21 - 3:39:31] ** Newbie Albert Collin: oh how interesting chat system :D
[2012/12/21 - 3:40:25] ** Trial Admin Steven Colt: I'm not the server owner, I'm just a trial admin
[2012/12/21 - 3:40:39] ** Newbie Albert Collin: okay, i know it
[2012/12/21 - 3:41:20] ** Newbie Albert Collin: i just love the speed of infernus
[2012/12/21 - 3:46:29] ** Trial Admin Steven Colt: Welcome to Project Day Roleplay Alvino Zavala
[2012/12/21 - 4:5:32] ** Silver VIP Albert Collin: how to deposit and withdraw from bank?
[2012/12/21 - 4:5:56] ** Server Co-Owner Alvino Zavala: /withdraw and /deposit
[2012/12/21 - 4:6:38] ** Silver VIP Albert Collin: can i get a job list from here?
[2012/12/21 - 4:6:52] ** Server Co-Owner Alvino Zavala: From the bank?
[2012/12/21 - 4:9:45] ** Server Co-Owner Alvino Zavala: These jobs: Mechanic - Lawyer - Trucker - Weapon Dealer - Weapon Smuggler - Drugs Dealer
[2012/12/21 - 4:9:51] ** Server Co-Owner Alvino Zavala: Drugs Smuggler.
[2012/12/21 - 4:9:56] ** Server Co-Owner Alvino Zavala: And boxer.
[2012/12/21 - 4:10:12] ** Silver VIP Albert Collin: cool, thanks, btw, what Mechanic do?
[2012/12/21 - 4:10:26] ** Server Co-Owner Alvino Zavala: Repair people's cars.
[2012/12/21 - 4:33:44] ** Silver VIP Albert Collin: what is faction?
[2012/12/21 - 4:34:4] ** Junior Admin Steven Colt: Group
[2012/12/21 - 4:34:6] ** Server Co-Owner Alvino Zavala: Like PD, FBI etc etc.
[2012/12/21 - 4:34:42] ** Junior Admin Steven Colt: Military Faction, Mafia, PD, FBI, Gangsters etc
[2012/12/21 - 4:35:1] ** Server Co-Owner Alvino Zavala: Nah, gangs and mafias are families /families
[2012/12/21 - 4:36:8] ** Junior Admin Steven Colt: Offical Factions are SAPD, Elite Trucking
[2012/12/21 - 4:47:31] ** Junior Admin Steven Colt: Welcome to Project Day Roleplay
[2012/12/21 - 4:48:30] ** Junior Admin Steven Colt: Use /helpme if you need help
[2012/12/21 - 13:31:19] ** General Admin Natalie Severin: Testing
[2012/12/21 - 17:25:42] ** Newbie Pat Marks: WHat are my cmds?
[2012/12/21 - 17:25:49] ** Server Owner Josh Cave: /help
[2012/12/21 - 17:25:51] ** Server Co-Owner Alvino Zavala: /help
[2012/12/21 - 17:26:24] ** Newbie Pat Marks: I do /factionhelp and it shows a news thing
[2012/12/21 - 17:49:41] ** Newbie DeAndre Moore: Where is the weapons dealer job?
[2012/12/21 - 17:57:31] ** Newbie Jorge Zavala: hey whats a good job
[2012/12/21 - 17:57:38] ** Server Co-Owner Alvino Zavala: Trucking.
[2012/12/21 - 17:58:33] ** Newbie Jorge Zavala: thanks zavala homie
[2012/12/21 - 17:58:40] ** Server Co-Owner Alvino Zavala: :/
[2012/12/21 - 17:59:48] ** Newbie Jorge Rodriguez: turn that sad face the other way :)
[2012/12/21 - 18:2:3] ** Newbie Jorge Rodriguez: Josh.
[2012/12/21 - 18:6:55] ** Newbie Jorge Zavala: LOL OKAY?
[2012/12/21 - 20:57:44] ** Silver VIP Sergey Petrov: where can i find a house. Cant find any and searching for enough time
[2012/12/23 - 6:3:9] ** Silver VIP Albert Collin: yo!
[2012/12/23 - 6:3:18] ** Junior Admin Steven Colt: Welcome Back Albert
[2012/12/23 - 6:4:27] ** Silver VIP Albert Collin: OOC Chat disabled? why i cannot /o? and BTW what is /b?
[2012/12/23 - 6:4:52] ** Junior Admin Steven Colt: /b is for OOC for nearby players
[2012/12/23 - 6:5:9] ** Silver VIP Albert Collin: i see, but /o is disabled :(
[2012/12/23 - 6:5:32] ** Junior Admin Steven Colt: I think Josh disable it, I can't do anything
[2012/12/23 - 6:6:2] ** Silver VIP Albert Collin: aww, we can just use /n for conversation T.T, how to go to the News Agency faction?
[2012/12/23 - 6:7:13] ** Junior Admin Steven Colt: I don't know, cause I don't know how many factions are there in this server
[2012/12/23 - 6:7:30] ** Silver VIP Albert Collin: WTF? the car area is locked? i don't have car to drive LOL
[2012/12/23 - 6:8:12] ** Junior Admin Steven Colt: Hope I'm the server mapper and scripter
[2012/12/23 - 6:8:28] ** Silver VIP Albert Collin: aww dang.... i will come back when it is solved, study :D
[2012/12/23 - 6:8:49] ** Junior Admin Steven Colt: OKay GL with your studies
[2012/12/23 - 6:24:45] ** Junior Admin Steven Colt: Welcome Back Micheal]
[2012/12/23 - 12:29:15] ** Server Owner Josh Cave: If you donate it, you'll get platinum VIP.
[2012/12/23 - 18:10:51] ** Junior Admin Steven Colt: Welcome to Project Day Roleplay Robert Lawson
[2012/12/23 - 18:11:13] ** Junior Admin Steven Colt: This is a newbie chat, use /n to chat
[2012/12/23 - 18:11:20] ** Newbie Robert Lawson: ok
[2012/12/23 - 18:15:11] ** Newbie Robert Lawson: hey
[2012/12/23 - 18:15:16] ** Senior Helper DeAndre Moore: Yes?
[2012/12/23 - 18:15:22] ** Junior Admin Steven Colt: Yes ?
[2012/12/23 - 18:16:12] ** Newbie Robert Lawson: what should I do now?
[2012/12/23 - 18:16:52] ** Junior Admin Steven Colt: Roleplay
[2012/12/23 - 18:28:12] ** Newbie Robert Lawson: escuse me admins?
[2012/12/23 - 18:28:17] ** Server Owner Josh Cave: Yes?
[2012/12/23 - 18:28:27] ** Trial Admin Steven Colt: Yes ?
[2012/12/23 - 18:28:56] ** Newbie Robert Lawson: i tried to get into bank and game glitched
[2012/12/23 - 18:29:0] ** Server Owner Josh Cave: One sec
[2012/12/23 - 18:33:43] ** Trial Admin Steven Colt: Welcome to Project Day Roleplay Daniel Stanton
[2012/12/23 - 18:33:58] ** Trial Admin Steven Colt: This is the newbie chat, use /n to chat
[2012/12/23 - 18:34:8] ** Newbie Daniel Stanton: I know, Thanks.
[2012/12/24 - 11:46:55] ** Newbie Alvino Zavala: HAHAHAHAHAAHAH
[2012/12/24 - 11:47:7] ** Server Owner Katie Castillo: ?
[2012/12/24 - 11:47:17] ** Senior Helper DeAndre Moore: He's a comedian now?
[2012/12/24 - 11:47:17] ** Server Owner Katie Castillo: Nice facebook breh
[2012/12/24 - 11:48:13] ** Newbie Alvino Zavala: HAHAHAHAHAAHAH MICHAEL IS STILL BANNED, NAAAW!
[2012/12/24 - 11:48:35] ** Senior Helper DeAndre Moore: @Alvino Please refrain from abusing /n.
[2012/12/28 - 4:38:54] ** Newbie Xander Knox: Alek on this server?
[2012/12/28 - 4:39:2] ** Trial Admin Katya Yevtushenko: It's not online
[2012/12/28 - 4:39:3] ** Trial Admin Steven Colt: Sorry No 
[2012/12/28 - 4:46:0] ** Newbie Xander Knox: Badman's spawn me a harrier :D
[2012/12/28 - 4:53:20] ** Newbie Xander Knox: Dancing like a boss.
[2012/12/28 - 4:53:35] ** Trial Admin Katya Yevtushenko: Stop abouse we wanna RP :P
[2012/12/28 - 4:54:17] ** Newbie Xander Knox: Aboose, you said you were on admin duty, when I RP'ly wanted to have sex with you lol
[2012/12/28 - 4:54:29] ** Trial Admin Steven Colt: Dafuq ?
[2012/12/28 - 4:54:42] ** Trial Admin Katya Yevtushenko: And I said that I'm on duty lol
[2012/12/28 - 4:55:2] ** Newbie Xander Knox: PFFTTT>.. 25 seconds I can't sttannnnddd dis.
[2012/12/28 - 4:55:49] ** Newbie Xander Knox: /me farts; taking a big wiff of his ordor. Passing out, and closing his eyes. /do Dies of his own fart.
[2012/12/28 - 5:17:4] ** Newbie Kreyg Jamal: Hello, do you need some staff?
[2012/12/28 - 5:17:46] ** Newbie Kreyg Jamal: Who is a admin?
[2012/12/28 - 5:18:4] ** Trial Admin Steven Colt: Me
[2012/12/28 - 5:18:5] ** Trial Admin Jake Mackenzie: I am
[2012/12/28 - 5:18:30] ** Newbie Kreyg Jamal: I am not admin if we all are..
[2012/12/28 - 5:19:26] ** Trial Admin Steven Colt: I'm not the server owner Kreyg
[2012/12/28 - 5:19:37] ** Newbie Kreyg Jamal: Who is, is she/he in irc or something?
[2012/12/28 - 5:19:50] ** Trial Admin Steven Colt: ???
[2012/12/28 - 14:39:15] ** Newbie Ryder Wilson: ,
[2012/12/28 - 14:39:26] ** Server Owner Josh Cave: Hello, how may I help you?
[2012/12/28 - 14:56:14] ** Newbie Ryder Wilson: bay bay i must go zzzz :D
[2012/12/28 - 15:15:53] ** Newbie Xander Knox: I haz luv dis serva
[2012/12/28 - 15:15:59] ** Newbie Vassily Gribov: i liek turtles
[2012/12/28 - 15:16:11] ** Newbie Vladislav Ikarnov: No abusing n please.
[2012/12/28 - 15:16:35] ** Newbie Xander Knox: I got people coming; wait for influx of people :D
[2012/12/28 - 15:17:57] ** Newbie Andy McQueeny: OOC Nice server
[2012/12/28 - 15:18:14] ** Newbie Xander Knox: Sorry but don't aboose /n chat.
[2012/12/28 - 15:19:24] ** Server Owner Katie Tabanov: brb
[2012/12/28 - 15:20:9] ** Newbie Xander Knox: Aye, where is vehicles to be rented?
[2012/12/28 - 15:20:17] ** Newbie Sharnie Knox: Skin change?
[2012/12/28 - 15:21:5] ** Newbie Andy McQueeny: Nice mapping
[2012/12/28 - 15:22:9] ** Newbie Xander Knox: Man Idlewood gas looks fucking dope
[2012/12/28 - 15:22:52] ** Newbie Xander Knox: The cop cars look tits up. I love those cruisers, why HBG no haz this
[2012/12/28 - 15:23:2] ** Newbie Vassily Gribov: exactly
[2012/12/28 - 15:23:35] ** Newbie Xander Knox: We cops on HBG, and Alek loves me. Make us cops.
[2012/12/28 - 15:25:20] ** Newbie Andy McQueeny: Where do I buy a GPS??
[2012/12/28 - 15:25:56] ** Newbie Xander Knox: Oh there lights bugged out infront of the prison
[2012/12/28 - 15:26:23] ** Newbie Andy McQueeny: AA Square is fucking amazing
[2012/12/28 - 15:26:42] ** Newbie Xander Knox: JiZZ JIZZ JIZZ. GIVE US TOUR OF PD PLOX
[2012/12/28 - 15:27:6] ** Newbie Andy McQueeny: I agree and that Timer is fucking amazing
[2012/12/28 - 15:27:23] ** Trial Admin Mike Saint: Don't abuse /n, use it only for server related questions. Thank you
[2012/12/28 - 15:27:40] ** Newbie Antony Newton: How RP?
[2012/12/28 - 15:27:51] ** Newbie Andy McQueeny: xD
[2012/12/28 - 15:27:55] ** Newbie Xander Knox: Can I stick my dick into peoples asses?
[2012/12/28 - 15:28:59] ** Trial Admin Mike Saint: You can RP by using /me and /do. Check our forum for further info.
[2012/12/28 - 15:29:14] ** Newbie Antony Newton: Can i RP French?
[2012/12/28 - 15:29:33] ** Newbie Xander Knox: Rofl, I am not stupid. Just joking, Alek Yevtuskento invited me to this server. So chill, I even brought
[2012/12/28 - 15:29:38] ** Newbie Vladislav Ikarnov: Very funny, Otis..
[2012/12/28 - 15:29:39] ** Newbie Roman Tabanov: Otis :(
[2012/12/28 - 15:29:57] ** Newbie Antony Newton: You know who i am :( :O
[2012/12/28 - 15:30:22] ** Trial Admin Mike Saint: Don't abuse /n. Use it only for server related questions.
[2012/12/28 - 15:31:57] ** Trial Admin Jake Mackenzie: Cause /o is disables, RP please guys, many thanks
[2012/12/28 - 15:33:1] ** Newbie Antony Newton: What's this servers version of /atalk?
[2012/12/28 - 15:33:56] ** Trial Admin Piotr Ivanovichh: Just pm one of us
[2012/12/28 - 15:34:11] ** Newbie Roman Tabanov: /helpme is like /atalk
[2012/12/28 - 15:35:28] ** Newbie Antony Newton: Whoever did the mapping on this server needs a medal
[2012/12/28 - 15:35:57] ** Newbie Vassily Gribov: Cop radio could be something other than blue, i get it mixed with /n lol
[2012/12/28 - 15:37:7] ** Trial Admin Mike Saint: @Vassily, You could post a suggestion at our forum.
[2012/12/28 - 15:40:4] ** Newbie Antony Newton: Can you train guns on this server?
[2012/12/28 - 15:42:48] ** Newbie Xander Knox: Is there going to be a /weapontrain function on the server?
[2012/12/28 - 15:43:1] ** Trial Admin Jake Mackenzie: More than likely
[2012/12/28 - 15:44:20] ** Newbie Antony Newton: Any offical factions?
[2012/12/28 - 15:44:35] ** Newbie Roman Tabanov: /families
[2012/12/28 - 15:45:11] ** Trial Admin Piotr Ivanovichh: I don't think we got anything offical yet, but there will be
[2012/12/28 - 15:45:24] ** Newbie Roman Tabanov: We are official
[2012/12/28 - 15:45:52] ** Trial Admin Jake Mackenzie: LSPD Is official faction
[2012/12/28 - 15:46:28] ** Newbie Antony Newton: Homemade script might i ask? Cause it looks new.
[2012/12/28 - 15:47:43] ** Newbie Andy McQueeny: Will there be NG on this server?
[2012/12/28 - 15:48:8] ** Trial Admin Piotr Ivanovichh: Not too sure, if we need them, maybe
[2012/12/28 - 15:48:31] ** Trial Admin Mike Saint: @Antony I have seen it before I guess, not sure though.
[2012/12/28 - 15:50:45] ** Newbie Xander Knox: When will this server be completed?
[2012/12/28 - 15:50:54] ** Trial Admin Piotr Ivanovichh: Too soon to say
[2012/12/28 - 15:51:28] ** Newbie Antony Newton: So whos the staff team then?
[2012/12/28 - 15:51:47] ** Trial Admin Piotr Ivanovichh: /admins then a few more
[2012/12/28 - 15:52:59] ** Newbie Xander Knox: CRUISE CONTROL. OMGAGGAGAG I LOVE THIS
[2012/12/28 - 15:53:6] ** Newbie Vassily Gribov: what?
[2012/12/28 - 15:54:25] ** Newbie Antony Newton: I am fucking loving this mapping
[2012/12/28 - 15:54:40] ** Trial Admin Jake Mackenzie: It is awesome
[2012/12/28 - 15:54:51] ** Newbie Xander Knox: I love it, can't wait until more stuff gets added in.
[2012/12/28 - 15:54:52] ** Server Owner Katie Tabanov: it sucks i need to remap the new sqaure well atleast one part
[2012/12/28 - 15:55:3] ** Server Owner Katie Tabanov: What the fuck i made my name alek
[2012/12/28 - 15:55:14] ** Newbie Andy McQueeny: I fell through city hall stairs
[2012/12/28 - 16:3:57] ** Newbie Xander Knox: COPY
[2012/12/28 - 16:13:40] ** Newbie Vassily Gribov: airport west side
[2012/12/28 - 16:37:40] ** Newbie Xander Knox: How do you open the Prison gates?
[2012/12/28 - 16:38:3] ** Junior Admin Micheal Thopmson: i am SSA not PD
[2012/12/28 - 16:38:23] ** Newbie Xander Knox: What SSA?
[2012/12/28 - 16:38:35] ** Junior Admin Micheal Thopmson: secret service agency
[2012/12/28 - 17:13:2] ** Newbie Vassily Gribov: why did i lose 20k ? o.o
[2012/12/28 - 17:13:10] ** Newbie Xander Knox: WE ROBBED THE BANK
[2012/12/28 - 17:13:10] ** Newbie Andy McQueeny: LOL
[2012/12/28 - 17:13:50] ** Newbie Vassily Gribov: thats gay D: "You have received your cut from the saved money (-20000)
[2012/12/28 - 17:14:13] ** Newbie Xander Knox: Me and Andy got 10k each :D
[2012/12/28 - 17:14:32] ** Trial Admin Mike Saint: Don't use /n as a chatbox. /PM
[2012/12/28 - 17:35:53] ** Junior Admin Micheal Thopmson: im gonna catch you and kill you
[2012/12/28 - 18:2:42] ** Junior Admin Micheal Thopmson: nice RP
[2012/12/29 - 0:41:56] ** Newbie Xander Knox: Alek likes big donkey penis.
[2012/12/29 - 6:32:51] ** Newbie Andy McQueeny: Mike can you set my health please
[2012/12/29 - 13:43:58] ** Trial Admin Piotr Ivanovichh: OP OP OP OP, OPPA GANGNAM STYLE
[2012/12/29 - 13:44:7] ** Trial Admin Piotr Ivanovichh: oops
[2012/12/29 - 13:44:11] ** Trial Admin Piotr Ivanovichh: WC
[2012/12/29 - 13:59:45] ** Newbie Andy McQueeny: How do I open the gate for cops again
[2012/12/29 - 13:59:52] ** Trial Admin SP Mackenzie: /door
[2012/12/29 - 13:59:53] ** Junior Admin Micheal Thopmson: /gate
[2012/12/29 - 13:59:59] ** Junior Admin Micheal Thopmson: /door i mean
[2012/12/29 - 20:27:23] ** Platinum VIP Joseph Capone: Hi
[2012/12/30 - 14:39:59] ** Newbie Christopher Soprano: GJ BOSS
[2012/12/30 - 14:40:10] ** Platinum VIP Joseph Capone: This is for script questions only
[2012/12/30 - 14:40:51] ** Newbie Vassily Gribov: Skin ID for a cop one? <.<
[2013/1/1 - 12:37:47] ** Newbie Vassily Gribov: any cmd to change my walkstyle?
[2013/1/1 - 12:40:15] ** Helping Hand Katya Yevtushenko: How much cost a gate?
[2013/1/1 - 13:14:29] ** Helping Hand Katya Greco: How to put the sirens on the FBI cars?
[2013/1/1 - 13:14:43] ** Platinum VIP Joseph Capone: press the hornkey
[2013/1/1 - 13:15:12] ** Helping Hand Katya Greco: On sultan? -.-
[2013/1/1 - 13:15:26] ** Platinum VIP Joseph Capone: THe sound on the sultan doesnt work
[2013/1/1 - 13:15:50] ** Helping Hand Katya Greco: It's a car outside (sultan) with sirens
[2013/1/1 - 13:16:12] ** Helping Hand Katya Greco: OH /siren
[2013/1/1 - 13:26:3] ** Platinum VIP Joseph Capone: /undrag
[2013/1/28 - 19:45:3] ** Newbie Cody Schouten: Do I have to wait for a buisness to restock by a player or does it auto restock
[2013/1/29 - 16:56:11] ** Newbie Nikita Zhukov: Help xD
[2013/1/29 - 16:56:14] ** Newbie Roman Tabanov: Hello!
[2013/1/31 - 19:40:0] ** Server Owner Alexander Greco: you get one?
[2013/2/1 - 13:39:4] ** Newbie Andrew Mando: Umm So, what's the best job to start with to make some Cash?
[2013/2/1 - 15:7:16] ** Newbie Milhouse vHouten: help
[2013/2/1 - 15:37:18] ** Newbie Andrew Mando: man Alex i'm blasting you
[2013/2/1 - 15:37:37] ** Moderator Ryan McClure: Andrew, please don't abuse /n(ewbie). :D
[2013/2/1 - 15:38:1] ** Newbie Andrew Mando: Enable /o then duh i want to rage on alex plz.
[2013/2/1 - 15:38:6] ** Server Owner Alexander Greco: BLASTED
[2013/2/1 - 15:38:10] ** Moderator Ryan McClure: :D
[2013/2/1 - 16:14:55] ** Administrator Justin Case: !
[2013/2/3 - 6:8:38] ** Newbie Sonny Allington: whats the cmd for the license test?
[2013/2/3 - 16:23:13] ** Newbie Nuno Ancelotti: hey
[2013/2/3 - 16:24:30] ** Newbie Nuno Ancelotti: Are you afk ?
[2013/2/9 - 9:41:46] ** Newbie Barry Butter: WILLY
[2013/2/11 - 11:8:36] ** Newbie Joey Galvaz: this sucks, test
[2013/2/19 - 6:21:1] ** Newbie Preet Singh: tp to me
[2013/2/19 - 6:21:43] ** Newbie Preet Singh: and please enable ooc
[2013/2/19 - 6:23:18] ** General Administrator Riley Flynn: button 2 shoot rockets?
[2013/2/19 - 6:23:40] ** Newbie Preet Singh: enable ooc + may jet is damaged :p
[2013/2/19 - 16:41:42] ** Platinum VIP Jamie Thornton: Test
[2013/2/20 - 15:57:51] ** Bronze VIP Vinnie Yakuza: Where can I change my name?
[2013/2/20 - 16:13:18] ** Bronze VIP Milan Black: Where do I refuel my bike?
[2013/2/23 - 14:15:35] ** Gold VIP Micheal Thopmson: testing
[2013/3/8 - 13:38:7] ** Newbie Harley Reid: Niggas
[2013/3/8 - 13:38:52] ** Newbie Harley Reid: Boats & Hoe's ma' nigga.
[2013/3/8 - 13:39:38] ** Newbie Harley Reid: Joshie Peww
[2013/3/12 - 20:39:11] ** Newbie John Cormier: Help
[2013/3/23 - 10:29:38] ** Newbie Moley Lazzati: YOLO
[2013/3/23 - 10:29:58] ** Silver VIP Nick Derlos: Hello
[2013/3/23 - 15:32:1] ** Silver VIP Tyler Brown: How can i open the gates at the trucker job?
[2013/3/23 - 15:32:56] ** Silver VIP Nick Derlos: /gate maybe?
[2013/3/23 - 15:33:32] ** Community Helper John Apollon: /gate to open or close a gate.
[2013/3/23 - 18:35:58] ** Newbie Callum MacPherson: are you an admin?
[2013/3/23 - 18:36:49] ** Newbie Callum MacPherson: Lucky_Luciano
[2013/3/23 - 18:41:43] ** Silver VIP Callum MacPherson: Rifanza
[2013/3/23 - 18:49:41] ** Silver VIP Nick Derlos: Hello
[2013/3/23 - 19:0:52] ** Silver VIP Nick Derlos: Hello
[2017/6/22 - 1:32:30] ** Developer Giovanni Salvatore: a
[2017/6/22 - 23:39:27] ** Developer Giovanni Salvatore: a
[2017/6/23 - 1:4:59] ** Developer Giovanni Salvatore: a
