[2012/8/29 - 18:4:24] ** [News] Westen: test
[2012/10/9 - 19:37:0] ** [News] Jax Rivera: *Coughs* .. Hello Los Santon, my name is Jax Rivera, im the new Network Producer for San News
[2012/10/9 - 19:37:24] ** [News] Jax Rivera: Tips are we all glad to have! Peace. *coughs
[2012/10/9 - 19:43:20] ** [News] Jax Rivera: Jax Rivera here, bringing you the Weather report
[2012/10/9 - 19:44:2] ** [News] Jax Rivera: We have heard it will be sun the entire week with up to 30 degrees! So dont forget to buy sunscreen
[2012/10/13 - 0:52:20] ** [News] William Martinez: Testing
[2012/10/13 - 0:53:21] ** [News] William Martinez: This is /news
[2012/10/13 - 0:55:37] ** [News] William Martinez: **The CNN Jingle slowly fades in**
[2012/10/13 - 0:56:3] ** [News] William Martinez: Hello Los Satnos, Its another perfect day in the city of dreams!
[2012/10/13 - 0:56:9] ** [News] William Martinez: Santos*
[2012/10/13 - 0:56:43] ** [News] William Martinez: A recent break-in at the publicly known mall has shocked bewildered by-standers
[2012/10/13 - 0:57:19] ** [News] William Martinez: An unknown group riding on vehicles known as "Freeways" were spotted feeling from the scene
[2012/10/13 - 0:57:50] ** [News] William Martinez: Mutliple witnesses claim the bikers had the badges belonging to the the fearful--
[2012/10/13 - 0:58:0] ** [News] William Martinez: Angels of  Death
[2012/10/13 - 0:58:8] ** [News] William Martinez: More Follows
[2012/10/13 - 0:58:19] ** [News] William Martinez: **The CNN Jingle slowly fades out**
[2012/10/13 - 17:31:8] ** [News] William Martinez: Weather Update: Sunny!
[2012/12/23 - 20:28:17] ** [News] Katie Castillo: Hi
[2017/7/13 - 12:48:28] ** [News] Oscar Pinto: asdasd
[2017/7/13 - 12:48:30] ** [News] Oscar Pinto: asdasd
[2017/7/13 - 12:48:31] ** [News] Oscar Pinto: asdasd
[2018/4/6 - 22:3:35] ** [Noticias] Igor Spopovich: [Empezaria a escuchar el Himno nacional y seguidamente Saldria el Logo de CNN]
[2018/4/6 - 22:4:1] ** [Noticias] Igor Spopovich: [Se Aclararia la Pantalla y seguidamente se Observaria a 2 Sujetos en un estudio]
[2018/4/6 - 22:4:48] ** [Noticias] Igor Spopovich: Buenas Noches a todos los que nos estan mirando
[2018/4/6 - 22:5:17] ** [Noticias] Igor Spopovich: Hoy entrevistare al Señor Brayan Osorio Dueño del Taller Mecanico de Los Santos
[2018/4/6 - 22:5:50] ** [Noticias] Igor Spopovich: Bien Buenas Noches señor Osorio ¿Como esta este Lindo día?
[2018/4/6 - 22:6:53] ** [Noticias] Igor Spopovich: Es Verdad estos Climas Cambian mas rapido que el Humor de mi Ex-esposa -rie levemente-
[2018/4/6 - 22:7:27] ** [Noticias] Igor Spopovich: ¿Enserio? ¿En donde?
[2018/4/6 - 22:8:3] ** [Noticias] Igor Spopovich: Hablando de Taller...¿No ha tenido problemas en el taller?
[2018/4/6 - 22:9:10] ** [Noticias] Igor Spopovich: ¿Enserio? ¿Que le sucedio a esas casas? 
[2018/4/6 - 22:10:29] ** [Noticias] Igor Spopovich: Me alegro ¿Y no ha tenido Problemas Graves? Me refiero a Amenazas y Robos
[2018/4/6 - 22:11:50] ** [Noticias] Igor Spopovich: Tenga Cuidado que las calles andan Peligrosas por las noches
[2018/4/6 - 22:12:8] ** [Noticias] Igor Spopovich: ¿Es Casado? 
[2018/4/6 - 22:12:54] ** [Noticias] Igor Spopovich: Hay un sujeto extraño afuera...Da miedo
[2018/4/6 - 22:13:44] ** [Noticias] Igor Spopovich: ¿Que mierda? Ese sujeto que esta Sacando un arma? o Soy yo
[2018/4/6 - 22:14:21] ** [Noticias] Igor Spopovich: Oh mierda....Nos esta Apuntando
[2018/4/6 - 22:14:42] ** [Noticias] Igor Spopovich: [Se Escucharian unos Balazos y la señal se Cortaria]
[2018/4/6 - 23:2:4] ** [Noticias] Igor Spopovich: [Empezaria el Himno Nacional y seguidamente Aparece el Logo de CNN en pantalla]
[2018/4/6 - 23:2:35] ** [Noticias] Igor Spopovich: [Se Observarian 2 Sujetos en el Estudio]
[2018/4/6 - 23:2:46] ** [Noticias] Igor Spopovich: Buenas Noches a todos los que nos ven 
[2018/4/6 - 23:2:58] ** [Noticias] Igor Spopovich: Hoy entrevistare a un sujeto Llamado Mohammed
[2018/4/6 - 23:3:13] ** [Noticias] Igor Spopovich: Presentate Mohammed
[2018/4/6 - 23:4:34] ** [Noticias] Igor Spopovich: Bien señor Mohammed ¿Que opina sobre el Reciente Atentado?
[2018/4/6 - 23:5:20] ** [Noticias] Igor Spopovich: [Se Observaria al Reportero haciendo Señas Abajo de su Silla] ¿Cree que son listos?
[2018/4/6 - 23:5:53] ** [Noticias] Igor Spopovich: ¿Cree que haran mas atentados? [Diria entre cortado y Sudoroso]
[2018/4/6 - 23:6:58] ** [Noticias] Igor Spopovich: [Se observaria a un sujeto entrando en el estudio y sacaria un arma y le apuntaria a la cabeza de
[2018/4/6 - 23:7:41] ** [Noticias] Igor Spopovich: ¿Cu-Cuando? Haran El-El Proximo ataque
[2018/4/6 - 23:8:17] ** [Noticias] Igor Spopovich: ¿Muy pronto? [Se moveria su Cuello]
[2018/4/6 - 23:8:47] ** [Noticias] Igor Spopovich: [Haria señales que significaria Ayuda] ¿Que les dira a los policias?
[2018/4/6 - 23:9:23] ** [Noticias] Igor Spopovich: Me duele un poco la mano [Se escucharia unas Risas nerviosas]
[2018/4/6 - 23:9:44] ** [Noticias] Igor Spopovich: ¿Por que tanto odio al Gobierno?
[2018/4/6 - 23:10:8] ** [Noticias] Igor Spopovich: Vaya son las 9:11 Que Tarde [Se observaria al Reportero Tragando saliva]
[2018/4/6 - 23:10:26] ** [Noticias] Igor Spopovich: ¿Po-Por Que Dice eso?
[2018/4/6 - 23:10:53] ** [Noticias] Igor Spopovich: ¿Por que tanto odio al Gobierno?
[2018/4/6 - 23:11:4] ** [Noticias] Igor Spopovich: O lo otro?
[2018/4/6 - 23:11:40] ** [Noticias] Igor Spopovich: Pues creo que la Policia esta esperando al Proximo ataque en la comisaria
[2018/4/6 - 23:11:59] ** [Noticias] Igor Spopovich: Sentados Tomando su Cafe y Comiendo su Rosquillas
[2018/4/6 - 23:12:27] ** [Noticias] Igor Spopovich: Usted que piensa de eso?
[2018/4/6 - 23:13:3] ** [Noticias] Igor Spopovich: ¿Que hace?
[2018/4/6 - 23:13:27] ** [Noticias] Igor Spopovich: [Se Cortaria la Transmision y Solo estaria el Fondo en Blanco y Negro]
[2018/4/9 - 3:42:40] ** [Noticias] Oscar Pinto: *Escuchas en un radio cercano*
[2018/4/9 - 3:42:48] ** [Noticias] Oscar Pinto: *Música de noticias*
[2018/4/9 - 3:43:1] ** [Noticias] Oscar Pinto: *Buenas noches queridos habitantes de Los Santos*
[2018/4/9 - 3:43:38] ** [Noticias] Oscar Pinto: *En esta edición de noticias de la noche les traemos información importante*
[2018/4/9 - 3:44:16] ** [Noticias] Oscar Pinto: ultimamente se ha visto mucha actividad terrorista en la ciudad
[2018/4/9 - 3:44:35] ** [Noticias] Oscar Pinto: el gobierno ha puesto empeño y uso de nuestros recursos en defendernos
[2018/4/9 - 3:44:48] ** [Noticias] Oscar Pinto: pero la amenaza sigue al acecho
[2018/4/9 - 3:44:57] ** [Noticias] Oscar Pinto: esperemos que el conflicto acabe pronto
[2018/4/9 - 3:45:19] ** [Noticias] Oscar Pinto: en otras noticias Nuestro cuerpo de policías frustró un ataque al banco nacional 
[2018/4/9 - 3:45:24] ** [Noticias] Oscar Pinto: el día de hoy
[2018/4/9 - 3:45:54] ** [Noticias] Oscar Pinto: los 3 asaltantes recibieron disparos
[2018/4/9 - 3:46:3] ** [Noticias] Oscar Pinto: que fuero fatales
[2018/4/9 - 3:46:17] ** [Noticias] Oscar Pinto: en otras noticias
[2018/4/9 - 3:46:36] ** [Noticias] Oscar Pinto: se demostró que la Actriz Avril Lavinge Fue reemplazada tras su muerte
[2018/4/9 - 3:46:46] ** [Noticias] Oscar Pinto: por el Manager de su disquiera
[2018/4/9 - 3:46:59] ** [Noticias] Oscar Pinto: se está investigando y proximamente habrá juicio
[2018/4/9 - 3:47:6] ** [Noticias] Oscar Pinto: nos despedimos por el día de hoy
[2018/4/9 - 3:47:41] ** [Noticias] Oscar Pinto: *suena la música de las noticias y se desvanece*
[2018/4/11 - 16:9:37] ** [Noticias] Oscar Pinto: *Escuchas en una radio cercana*
[2018/4/11 - 16:9:47] ** [Noticias] Oscar Pinto: Aviso de último momento
[2018/4/11 - 16:10:3] ** [Noticias] Oscar Pinto: se ha realizado un alza en los imuestos al 25#
[2018/4/11 - 16:10:24] ** [Noticias] Oscar Pinto: sobre el salario de cada persona en el pais
[2018/4/11 - 16:10:49] ** [Noticias] Oscar Pinto: Dicen que serán usados para la elaboración de mejor infraestructura en el país
[2018/4/11 - 16:10:57] ** [Noticias] Oscar Pinto: esperamos que sea así
[2018/4/11 - 16:11:14] ** [Noticias] Oscar Pinto: *se desvanece el sonido conforme te alejas del radio*
[2018/4/29 - 2:1:6] ** [Noticias] Brayan Osorio: .
[2018/4/29 - 3:19:8] ** [Noticias] Brayan Osorio: [Transmiciones Cortadas] [Antihack.8-5] [Camaras-ON] [Microfonos-ON]
[2018/4/29 - 3:20:8] ** [Noticias] Brayan Osorio: Señores ciudadanos
[2018/4/29 - 3:20:52] ** [Noticias] Brayan Osorio: Hoy quiero decirles sobre todas las masacres que se estan v
[2018/4/29 - 3:21:14] ** [Noticias] Brayan Osorio: [Viviendo... ] En la ciudad
[2018/4/29 - 3:21:48] ** [Noticias] Brayan Osorio: Esto ha sido de mucho conocimiento duro
[2018/4/29 - 3:22:6] ** [Noticias] Brayan Osorio: Justamente se acava de ver uno en Vinewood , estoy estacionado
[2018/4/29 - 3:22:28] ** [Noticias] Brayan Osorio: Esto es algo muy doloroso
[2018/4/29 - 3:22:46] ** [Noticias] Brayan Osorio: Algo que deve pararse , que esta sucediendo???
[2018/4/29 - 3:23:12] ** [Noticias] Brayan Osorio: Estó es lo que los politicos [a candidatos] ¿Quieren?
[2018/4/29 - 3:23:37] ** [Noticias] Brayan Osorio: Que es esto señores , esto no puede seguir asi.
[2018/4/29 - 3:24:15] ** [Noticias] Brayan Osorio: Esto es todo , señores hasta el momento sigan en sus cosas , y gracias por su atencion
[2018/4/29 - 3:24:56] ** [Noticias] Brayan Osorio: [Camaras-OFF] [Microfonos-OFF] [Transmiciones vuelven ala normnalidad]
[2018/5/5 - 20:26:14] ** [Noticias] Brayan Osorio: Buenas tardes , señores de los Santos
[2018/5/5 - 20:26:34] ** [Noticias] Brayan Osorio: Aca empiesando el Reporte del dia.
[2018/5/5 - 21:55:32] ** [Noticias] Ali Mohammed: [Camaras-On]  [Microfono-On]    
[2018/5/5 - 21:56:5] ** [Noticias] Ali Mohammed: [Apuntaria la camara hacia Ali]  
[2018/5/5 - 21:56:21] ** [Noticias] Ali Mohammed: Hola gente de San andreas
[2018/5/5 - 21:56:56] ** [Noticias] Ali Mohammed: Me informan que hay muchos inmigrantes
[2018/5/5 - 21:57:38] ** [Noticias] Ali Mohammed: No sabemos de donde vienen, ni aque vienen
[2018/5/5 - 21:58:2] ** [Noticias] Ali Mohammed: Asi que, tengan cuidado
[2018/5/5 - 21:58:23] ** [Noticias] Ali Mohammed: Cuando tenga mas informacion se las contare
[2018/5/5 - 21:58:50] ** [Noticias] Ali Mohammed: Soy Ali y me despido
[2018/5/5 - 21:59:11] ** [Noticias] Ali Mohammed: [Camaras-Off]  [Microfonos-Off]  
[2018/5/5 - 21:59:51] ** [Noticias] Ali Mohammed: [Se corta la transmicion]  [Seguirian con la transmicion normal]  
[2018/5/5 - 22:7:1] ** [Noticias] Ali Mohammed: [CAmara-On]   [Microfono-On]   
[2018/5/5 - 22:7:23] ** [Noticias] Ali Mohammed: [La camara apuntaria a Ali] 
[2018/5/5 - 22:7:31] ** [Noticias] Ali Mohammed: Hola gente
[2018/5/5 - 22:7:57] ** [Noticias] Ali Mohammed: Estaba manejando,como siempre por las calles de nustra hermosa ciudad
[2018/5/5 - 22:8:27] ** [Noticias] Ali Mohammed: Señores y Señoras tengan cuidado acaba de explotar algo!
[2018/5/5 - 22:8:51] ** [Noticias] Ali Mohammed: Manden los niños a la cama
[2018/5/5 - 22:9:10] ** [Noticias] Ali Mohammed: No se sabe quien fue o que fue lo que produjo la explocion
[2018/5/5 - 22:9:36] ** [Noticias] Ali Mohammed: Ah,volvamos a lo que estabamos
[2018/5/5 - 22:10:4] ** [Noticias] Ali Mohammed: Bueno yo andaba en mi auto y tatata,ya saben la historia
[2018/5/5 - 22:10:29] ** [Noticias] Ali Mohammed: Fue testigo de un asesinato a sangre fria
[2018/5/5 - 22:10:58] ** [Noticias] Ali Mohammed: Un/a individuo iba en su coche 
[2018/5/5 - 22:11:19] ** [Noticias] Ali Mohammed: Y un supongo por su vestimenta sera un pandillero
[2018/5/5 - 22:11:49] ** [Noticias] Ali Mohammed: Se hizo pasar por un policia 
[2018/5/5 - 22:12:16] ** [Noticias] Ali Mohammed: Y la persona teniendo confianza baja y el pandillero la mata
[2018/5/5 - 22:12:33] ** [Noticias] Ali Mohammed: Buenas noticias!
[2018/5/5 - 22:13:1] ** [Noticias] Ali Mohammed: Me informan que el supuesto policia esta en aislamiento
[2018/5/5 - 22:13:37] ** [Noticias] Ali Mohammed: Gracias por escucharme,Soy Ali y me despido
[2018/5/5 - 22:14:9] ** [Noticias] Ali Mohammed: [Camara-Off]  [Microfono-Off] 
