[2012/10/8 - 18:43:46] John J. Donegan has given Brian DeSousa $500.
[2012/10/8 - 18:48:14] Brian DeSousa has given John J. Donegan $10000.
[2012/10/8 - 20:20:7] Brian DeSousa has given Ronaldinho Moreira $500.
[2012/10/8 - 21:17:17] Perverse has given Ronaldinho Moreira $10000.
[2012/10/8 - 21:17:40] Ronaldinho Moreira has given Perverse $9800.
[2012/10/8 - 21:17:44] Perverse has given Ronaldinho Moreira $10000.
[2012/10/9 - 21:47:52] Roland Mission has given Lawrence Woods $500000.
[2012/10/10 - 20:3:26] Andrew has given Timmy Leaf $1000000.
[2012/10/10 - 20:3:28] Andrew has given Timmy Leaf $1000000.
[2012/10/10 - 20:3:28] Andrew has given Timmy Leaf $1000000.
[2012/10/10 - 20:3:29] Andrew has given Timmy Leaf $1000000.
[2012/10/10 - 20:3:29] Andrew has given Timmy Leaf $1000000.
[2012/10/10 - 20:3:30] Andrew has given Timmy Leaf $1000000.
[2012/10/10 - 20:3:30] Andrew has given Timmy Leaf $1000000.
[2012/10/10 - 20:3:30] Andrew has given Timmy Leaf $1000000.
[2012/10/10 - 20:3:31] Andrew has given Timmy Leaf $1000000.
[2012/10/10 - 20:3:31] Andrew has given Timmy Leaf $1000000.
[2012/10/10 - 20:4:28] Andrew has given Luch Ashford $1000000.
[2012/10/10 - 22:6:8] Andrew has given Timmy Leaf $200000000.
[2012/10/10 - 22:6:28] Andrew has given Timmy Leaf $200000000.
[2012/10/10 - 22:6:28] Andrew has given Timmy Leaf $200000000.
[2012/10/14 - 17:12:6] Andrew has given Silencer $100000000.
[2012/10/14 - 17:12:6] Andrew has given Silencer $100000000.
[2012/10/14 - 17:12:7] Andrew has given Silencer $100000000.
[2012/10/14 - 17:12:7] Andrew has given Silencer $100000000.
[2012/10/14 - 17:12:7] Andrew has given Silencer $100000000.
[2012/10/14 - 17:12:8] Andrew has given Silencer $100000000.
[2012/10/14 - 17:12:8] Andrew has given Silencer $100000000.
[2012/10/14 - 17:12:8] Andrew has given Silencer $100000000.
[2012/10/14 - 17:12:9] Andrew has given Silencer $100000000.
[2012/10/14 - 17:12:9] Andrew has given Silencer $100000000.
[2012/10/14 - 17:12:9] Andrew has given Silencer $100000000.
[2012/10/14 - 17:12:10] Andrew has given Silencer $100000000.
[2012/10/14 - 17:13:45] Silencer has given Takeshi Tanaka $10000000.
[2012/10/14 - 17:13:46] Silencer has given Takeshi Tanaka $10000000.
[2012/10/14 - 17:13:46] Silencer has given Takeshi Tanaka $10000000.
[2012/10/14 - 17:13:46] Silencer has given Takeshi Tanaka $10000000.
[2012/10/14 - 17:13:46] Silencer has given Takeshi Tanaka $10000000.
[2012/10/14 - 17:13:47] Silencer has given Takeshi Tanaka $10000000.
[2012/10/14 - 17:13:47] Silencer has given Takeshi Tanaka $10000000.
[2012/10/14 - 17:13:47] Silencer has given Takeshi Tanaka $10000000.
[2012/10/14 - 17:13:47] Silencer has given Takeshi Tanaka $10000000.
[2012/10/14 - 17:13:47] Silencer has given Takeshi Tanaka $10000000.
[2012/10/14 - 17:13:48] Silencer has given Takeshi Tanaka $10000000.
[2012/10/14 - 17:13:48] Silencer has given Takeshi Tanaka $10000000.
[2012/10/14 - 17:13:48] Silencer has given Takeshi Tanaka $10000000.
[2012/10/14 - 17:13:48] Silencer has given Takeshi Tanaka $10000000.
[2012/10/14 - 17:13:48] Silencer has given Takeshi Tanaka $10000000.
[2012/10/14 - 17:13:49] Silencer has given Takeshi Tanaka $10000000.
[2012/10/14 - 17:13:49] Silencer has given Takeshi Tanaka $10000000.
[2012/10/14 - 17:13:49] Silencer has given Takeshi Tanaka $10000000.
[2012/10/14 - 17:13:49] Silencer has given Takeshi Tanaka $10000000.
[2012/10/14 - 17:13:49] Silencer has given Takeshi Tanaka $10000000.
[2012/10/14 - 17:13:50] Silencer has given Takeshi Tanaka $10000000.
[2012/10/14 - 17:13:50] Silencer has given Takeshi Tanaka $10000000.
[2012/10/14 - 17:13:50] Silencer has given Takeshi Tanaka $10000000.
[2012/10/14 - 17:13:50] Silencer has given Takeshi Tanaka $10000000.
[2012/10/14 - 17:13:51] Silencer has given Takeshi Tanaka $10000000.
[2012/10/14 - 17:13:51] Silencer has given Takeshi Tanaka $10000000.
[2012/10/14 - 17:13:51] Silencer has given Takeshi Tanaka $10000000.
[2012/10/14 - 17:13:51] Silencer has given Takeshi Tanaka $10000000.
[2012/10/14 - 17:13:51] Silencer has given Takeshi Tanaka $10000000.
[2012/10/14 - 17:13:52] Silencer has given Takeshi Tanaka $10000000.
[2012/10/14 - 17:13:52] Silencer has given Takeshi Tanaka $10000000.
[2012/10/14 - 17:13:52] Silencer has given Takeshi Tanaka $10000000.
[2012/10/14 - 17:13:52] Silencer has given Takeshi Tanaka $10000000.
[2012/10/14 - 17:13:53] Silencer has given Takeshi Tanaka $10000000.
[2012/10/14 - 17:13:53] Silencer has given Takeshi Tanaka $10000000.
[2012/10/14 - 17:13:53] Silencer has given Takeshi Tanaka $10000000.
[2012/10/14 - 17:13:53] Silencer has given Takeshi Tanaka $10000000.
[2012/10/14 - 17:13:53] Silencer has given Takeshi Tanaka $10000000.
[2012/10/14 - 17:13:54] Silencer has given Takeshi Tanaka $10000000.
[2012/10/14 - 17:13:54] Silencer has given Takeshi Tanaka $10000000.
[2012/10/14 - 17:13:54] Silencer has given Takeshi Tanaka $10000000.
[2012/10/14 - 17:13:54] Silencer has given Takeshi Tanaka $10000000.
[2012/10/14 - 17:13:54] Silencer has given Takeshi Tanaka $10000000.
[2012/10/14 - 17:13:54] Silencer has given Takeshi Tanaka $10000000.
[2012/10/14 - 17:13:55] Silencer has given Takeshi Tanaka $10000000.
[2012/10/14 - 17:13:55] Silencer has given Takeshi Tanaka $10000000.
[2012/10/14 - 17:13:55] Silencer has given Takeshi Tanaka $10000000.
[2012/10/14 - 17:13:55] Silencer has given Takeshi Tanaka $10000000.
[2012/10/14 - 17:13:56] Silencer has given Takeshi Tanaka $10000000.
[2012/10/14 - 17:13:56] Silencer has given Takeshi Tanaka $10000000.
[2012/10/14 - 17:13:56] Silencer has given Takeshi Tanaka $10000000.
[2012/10/14 - 17:13:56] Silencer has given Takeshi Tanaka $10000000.
[2012/10/14 - 17:13:56] Silencer has given Takeshi Tanaka $10000000.
[2012/10/14 - 17:13:57] Silencer has given Takeshi Tanaka $10000000.
[2012/10/14 - 17:13:57] Silencer has given Takeshi Tanaka $10000000.
[2012/10/14 - 17:13:57] Silencer has given Takeshi Tanaka $10000000.
[2012/10/14 - 17:13:57] Silencer has given Takeshi Tanaka $10000000.
[2012/10/14 - 17:13:57] Silencer has given Takeshi Tanaka $10000000.
[2012/10/14 - 17:13:58] Silencer has given Takeshi Tanaka $10000000.
[2012/10/14 - 17:13:58] Silencer has given Takeshi Tanaka $10000000.
[2012/10/14 - 17:13:58] Silencer has given Takeshi Tanaka $10000000.
[2012/10/14 - 17:13:58] Silencer has given Takeshi Tanaka $10000000.
[2012/10/14 - 17:13:58] Silencer has given Takeshi Tanaka $10000000.
[2012/10/14 - 17:13:59] Silencer has given Takeshi Tanaka $10000000.
[2012/10/14 - 17:13:59] Silencer has given Takeshi Tanaka $10000000.
[2012/10/14 - 17:13:59] Silencer has given Takeshi Tanaka $10000000.
[2012/10/14 - 17:13:59] Silencer has given Takeshi Tanaka $10000000.
[2012/10/14 - 17:14:0] Silencer has given Takeshi Tanaka $10000000.
[2012/10/14 - 17:14:0] Silencer has given Takeshi Tanaka $10000000.
[2012/10/14 - 17:14:0] Silencer has given Takeshi Tanaka $10000000.
[2012/10/14 - 17:14:0] Silencer has given Takeshi Tanaka $10000000.
[2012/10/14 - 17:14:1] Silencer has given Takeshi Tanaka $10000000.
[2012/10/14 - 17:14:1] Silencer has given Takeshi Tanaka $10000000.
[2012/10/14 - 17:14:1] Silencer has given Takeshi Tanaka $10000000.
[2012/10/14 - 17:14:1] Silencer has given Takeshi Tanaka $10000000.
[2012/10/14 - 17:14:1] Silencer has given Takeshi Tanaka $10000000.
[2012/10/14 - 17:14:2] Silencer has given Takeshi Tanaka $10000000.
[2012/10/14 - 17:14:2] Silencer has given Takeshi Tanaka $10000000.
[2012/10/14 - 17:14:2] Silencer has given Takeshi Tanaka $10000000.
[2012/10/14 - 17:14:2] Silencer has given Takeshi Tanaka $10000000.
[2012/10/14 - 17:14:3] Silencer has given Takeshi Tanaka $10000000.
[2012/10/14 - 17:14:3] Silencer has given Takeshi Tanaka $10000000.
[2012/10/14 - 17:14:3] Silencer has given Takeshi Tanaka $10000000.
[2012/10/14 - 17:14:3] Silencer has given Takeshi Tanaka $10000000.
[2012/10/14 - 17:14:4] Silencer has given Takeshi Tanaka $10000000.
[2012/10/14 - 17:14:4] Silencer has given Takeshi Tanaka $10000000.
[2012/10/14 - 17:14:4] Silencer has given Takeshi Tanaka $10000000.
[2012/10/14 - 17:14:5] Silencer has given Takeshi Tanaka $10000000.
[2012/10/14 - 17:14:5] Silencer has given Takeshi Tanaka $10000000.
[2012/10/14 - 17:14:5] Silencer has given Takeshi Tanaka $10000000.
[2012/10/14 - 17:14:5] Silencer has given Takeshi Tanaka $10000000.
[2012/10/14 - 17:14:5] Silencer has given Takeshi Tanaka $10000000.
[2012/10/14 - 17:14:6] Silencer has given Takeshi Tanaka $10000000.
[2012/10/14 - 17:14:6] Silencer has given Takeshi Tanaka $10000000.
[2012/10/14 - 17:14:6] Silencer has given Takeshi Tanaka $10000000.
[2012/10/14 - 17:14:6] Silencer has given Takeshi Tanaka $10000000.
[2012/10/14 - 17:14:7] Silencer has given Takeshi Tanaka $10000000.
[2012/10/14 - 17:14:7] Silencer has given Takeshi Tanaka $10000000.
[2012/10/14 - 17:14:7] Silencer has given Takeshi Tanaka $10000000.
[2012/10/14 - 17:14:7] Silencer has given Takeshi Tanaka $10000000.
[2012/10/14 - 17:14:8] Silencer has given Takeshi Tanaka $10000000.
[2012/10/14 - 17:14:8] Silencer has given Takeshi Tanaka $10000000.
[2012/10/14 - 17:14:8] Silencer has given Takeshi Tanaka $10000000.
[2012/10/14 - 17:14:8] Silencer has given Takeshi Tanaka $10000000.
[2012/10/14 - 17:14:8] Silencer has given Takeshi Tanaka $10000000.
[2012/10/14 - 17:14:9] Silencer has given Takeshi Tanaka $10000000.
[2012/10/14 - 17:14:9] Silencer has given Takeshi Tanaka $10000000.
[2012/10/14 - 17:14:9] Silencer has given Takeshi Tanaka $10000000.
[2012/10/14 - 17:14:9] Silencer has given Takeshi Tanaka $10000000.
[2012/10/14 - 17:14:10] Silencer has given Takeshi Tanaka $10000000.
[2012/10/14 - 17:14:10] Silencer has given Takeshi Tanaka $10000000.
[2012/10/14 - 17:14:10] Silencer has given Takeshi Tanaka $10000000.
[2012/10/14 - 17:14:10] Silencer has given Takeshi Tanaka $10000000.
[2012/10/14 - 17:14:10] Silencer has given Takeshi Tanaka $10000000.
[2012/10/14 - 17:14:11] Silencer has given Takeshi Tanaka $10000000.
[2012/10/14 - 17:14:11] Silencer has given Takeshi Tanaka $10000000.
[2012/10/14 - 17:14:11] Silencer has given Takeshi Tanaka $10000000.
[2012/10/14 - 17:14:11] Silencer has given Takeshi Tanaka $10000000.
[2012/10/14 - 17:14:12] Silencer has given Takeshi Tanaka $10000000.
[2012/10/14 - 17:14:12] Silencer has given Takeshi Tanaka $10000000.
[2012/11/18 - 15:8:1] Mike Edwrads has given Adam West $10000.
[2012/11/18 - 15:8:11] Mike Edwrads has given Ollie Williams $10000.
[2012/11/18 - 15:41:34] Mike Edwrads has given Adam West $10000.
[2012/11/24 - 22:7:15] Norman Jayden has given Jim Corrigan $100000.
[2012/11/25 - 19:13:43] Norman Jayden has given Jim Corrigan $10000.
[2012/12/3 - 17:54:40] Casey Ryback has given Nigel Mulcahy $100.
[2012/12/20 - 18:57:40] Norman Jayden has given Sergey Petrov $90000.
[2012/12/20 - 18:58:55] Norman Jayden has given Sergey Petrov $100000.
[2012/12/21 - 4:18:50] Alvino Zavala has given Albert Collin $500.
[2012/12/21 - 17:29:5] Josh Cave has given Sergey Petrov $100.
[2012/12/21 - 17:49:4] Josh Cave has given Dwayne HazeI $1000.
[2012/12/22 - 15:53:38] Katie Castillo has given DeAndre Moore $50000.
[2012/12/22 - 16:2:47] Katie Castillo has given DeAndre Moore $100000.
[2012/12/22 - 18:6:18] DeAndre Moore has given Micheal Thompson $60.
[2012/12/22 - 19:35:59] Katie Castillo has given Alvino Zavala $500.
[2012/12/23 - 7:17:10] Josh Cave has wired Micheal Thopmson $100000
[2012/12/23 - 7:24:55] Alvino Zavala has wired Josh Cave $1
[2012/12/23 - 7:25:0] Josh Cave has wired Alvino Zavala $1
[2012/12/23 - 11:59:43] Josh Cave has given DeAndre Moore $1000.
[2012/12/23 - 13:14:35] Natalie Severin has given Frodo Baggins $1000.
[2012/12/23 - 19:29:52] Steven Colt has given Robert Selby $10000.
[2012/12/28 - 5:29:37] Steven Colt has given Kreyg Jamal $800.
[2012/12/28 - 5:29:56] Steven Colt has given Kreyg Jamal $200.
[2012/12/28 - 14:13:54] Alek Yevtushenko has given Roman Tabanov $50000.
[2012/12/29 - 13:8:53] Alek Yevtushenko has given Katya Yevtushenko $100000.
[2012/12/29 - 13:9:23] Alek Yevtushenko has given Piotr Ivanovichh $100000.
[2012/12/29 - 13:10:32] Alek Yevtushenko has given Katya Yevtushenko $100000.
[2012/12/31 - 8:30:58] Natalie Severin has given Razzle Dazzle $500.
[2013/2/20 - 15:30:6] Josh Cave has given Vinnie Yakuza $1000.
[2013/2/20 - 15:30:35] Josh Cave has given Kiro Yakuza $1000.
[2013/2/20 - 16:18:59] Justin Case has given Victor Forenzo $50.
[2013/3/23 - 11:43:13] Billy Gonzales has given John Apollon $100000.
[2017/8/6 - 17:48:42] Tomas Calle le pago $69 a ô.
[2017/8/7 - 4:13:22] Emiliano Juarez le pago $77 a , Emiliano Juarez te pago $300..
[2017/8/7 - 4:14:27] Miguel Rodriguez le pago $69 a , Miguel Rodriguez te pago $300..
[2017/8/7 - 4:15:0] Miguel Rodriguez le pago $69 a , Miguel Rodriguez te pago $300..
[2018/4/5 - 23:27:32] Darwin Chacon le pago $57000 a Kevin Chacon.
[2018/4/6 - 17:35:10] Kevin Chacon le pago $10000 a Brayan Osorio.
[2018/4/6 - 21:52:48] Stefano Priciani le pago $10000 a Brayan Osorio.
[2018/4/7 - 15:18:28] Darwin Chacon le pago $5000 a Brayan Osorio.
[2018/4/7 - 15:21:58] Kevin Chacon le pago $50000 a Agustin Chacon.
[2018/4/7 - 15:32:54] Darwin Chacon le pago $17000 a Agustin Chacon.
[2018/4/7 - 15:48:9] Agustin Chacon le pago $5000 a Brayan Osorio.
[2018/4/7 - 15:57:24] Alsakarim Khalid le pago $1 a Darwin Chacon.
[2018/4/7 - 16:26:57] Alsakarim Khalid le pago $7000 a Brayan Osorio.
[2018/4/7 - 19:2:2] Agustin Chacon le pago $20000 a Alsakarim Khalid.
[2018/4/7 - 19:43:31] Nicolas Jackson le pago $1000 a Brayan Osorio.
[2018/4/7 - 22:1:28] Alsakarim Khalid le pago $1 a Nicolas Jackson.
[2018/4/8 - 0:15:26] Diego Milan le pago $500 a Alsakarim Khalid.
[2018/4/8 - 0:16:40] Diego Milan le pago $10000 a Alsakarim Khalid.
[2018/4/8 - 0:19:49] Diego Milan le pago $10000 a Alsakarim Khalid.
[2018/4/8 - 2:28:24] Alsakarim Khalid le pago $2500 a Ali Mohammed.
[2018/4/8 - 2:28:47] Brayan Osorio le pago $3000 a Bruno Crespo.
[2018/4/8 - 2:28:49] Ali Mohammed le pago $1 a Alsakarim Khalid.
[2018/4/8 - 14:29:20] Alsakarim Khalid le pago $4500 a Elias Chacon.
[2018/4/8 - 17:24:56] Victoria Robles le pago $100000 a Alsakarim Khalid.
[2018/4/8 - 17:34:3] Alsakarim Khalid le pago $50000 a Igor Spopovich.
[2018/4/8 - 17:38:52] Victoria Robles le pago $42000 a Alsakarim Khalid.
[2018/4/8 - 17:52:29] Alsakarim Khalid le pago $500000 a Igor Spopovich.
[2018/4/8 - 18:48:9] Alsakarim Khalid le pago $20000 a Igor Spopovich.
[2018/4/8 - 21:25:25] Frenddys Martinez le pago $200 a Elias Chacon.
[2018/4/8 - 21:35:25] Elias Chacon le pago $151 a Alsakarim Khalid.
[2018/4/8 - 21:35:54] Elias Chacon le pago $20000 a Alsakarim Khalid.
[2018/4/8 - 21:56:13] Miguel Salvatore le pago $100000 a Frenddys Martinez.
[2018/4/9 - 3:1:18] Brayan Osorio le pago $10000 a Matias Carlito.
[2018/4/9 - 4:19:30] Darwin Chacon le pago $5000 a Matias Carlito.
[2018/4/9 - 15:52:7] Santiago Martin le pago $1000 a Gabriel Diazr.
[2018/4/9 - 20:52:1] Kevin Chacon le pago $500 a Andres Lindao.
[2018/4/9 - 23:20:22] Agustin Chacon le pago $10000 a Miguel Salvatore.
[2018/4/9 - 23:50:38] Diego Milan le pago $1000 a Kevin Chacon.
[2018/4/9 - 23:51:14] Kevin Chacon le pago $500 a Agustin Chacon.
[2018/4/10 - 1:20:27] Santiago Martin le pago $15000 a Matias Carlito.
[2018/4/10 - 1:27:10] Darwin Chacon le pago $2000 a Matias Carlito.
[2018/4/10 - 1:47:33] Victoria Robles le pago $10000 a Brayan Osorio.
[2018/4/10 - 1:47:52] Victoria Robles le pago $1000 a Brayan Osorio.
[2018/4/10 - 1:49:10] Victoria Robles le pago $5000 a Brayan Osorio.
[2018/4/10 - 1:59:2] Brayan Osorio le pago $100000 a Matias Carlito.
[2018/4/10 - 2:11:59] Brayan Osorio le pago $20000 a Matias Carlito.
[2018/4/10 - 2:37:52] Gonzalo Rivera le pago $1 a Victoria Robles.
[2018/4/10 - 2:59:37] Frenddys Martinez le pago $15000 a Rabi Khalid.
[2018/4/10 - 4:23:58] Santiago Martin le pago $1000 a Manolo Perez.
[2018/4/10 - 5:6:2] Manolo Perez le pago $2000 a Santiago Martin.
[2018/4/10 - 15:17:46] Matias Carlito le pago $8000 a Santiago Martin.
[2018/4/10 - 16:47:25] Agustin Chacon le pago $1000 a Gabriel Diazr.
[2018/4/11 - 0:22:14] Darwin Chacon le pago $5000 a Matias Carlito.
[2018/4/11 - 1:45:1] Santiago Martin le pago $20000 a Oscar Pinto.
[2018/4/11 - 3:12:57] Manolo Perez le pago $1000 a Matias Carlito.
[2018/4/11 - 3:35:58] Manolo Perez le pago $25 a Santiago Martin.
[2018/4/11 - 4:3:20] Alfonso hoegaarden le pago $500 a Santiago Martin.
[2018/4/11 - 4:10:1] Matias Carlito le pago $300 a Manolo Perez.
[2018/4/11 - 4:22:43] Igor Spopovich le pago $20000 a Gabriel Scaletta.
[2018/4/11 - 4:25:52] Igor Spopovich le pago $20000 a Santiago Martin.
[2018/4/11 - 4:28:10] Igor Spopovich le pago $20000 a Santiago Martin.
[2018/4/11 - 4:35:43] Igor Spopovich le pago $20000 a Ricky Hainz.
[2018/4/11 - 15:47:15] Santiago Martin le pago $2000 a Annie Loher.
[2018/4/11 - 16:26:47] Matias Carlito le pago $200 a Brayan Osorio.
[2018/4/11 - 17:48:9] Darwin Chacon le pago $5000 a Brayan Osorio.
[2018/4/11 - 18:13:34] Elias Chacon le pago $1000 a Brayan Osorio.
[2018/4/11 - 18:14:2] Elias Chacon le pago $528 a Brayan Osorio.
[2018/4/11 - 18:32:28] Igor Spopovich le pago $15000 a Shady Adel.
[2018/4/11 - 18:32:42] Igor Spopovich le pago $20000 a James Glabe.
[2018/4/11 - 19:52:32] Igor Spopovich le pago $30000 a Darwin Chacon.
[2018/4/12 - 0:15:34] Manolo Perez le pago $25 a Leo Scaletta.
[2018/4/12 - 0:17:23] Leo Scaletta le pago $25 a Manolo Perez.
[2018/4/12 - 0:35:38] Darwin Chacon le pago $1000 a Gabriel Diazr.
[2018/4/12 - 0:38:22] Gabriel Medrano le pago $10800 a Miguel Salvatore.
[2018/4/12 - 1:0:57] Miguel Salvatore ha transferido a Frenddys Martinez $50000
[2018/4/12 - 1:53:57] Lucas Scaletta le pago $4000 a Vittorio Scaletta.
[2018/4/12 - 1:54:50] Vittorio Scaletta le pago $4000 a Lucas Scaletta.
[2018/4/12 - 1:56:48] Leo Scaletta le pago $777 a Lucas Scaletta.
[2018/4/12 - 2:25:15] Santiago Martin le pago $5000 a Annie Loher.
[2018/4/12 - 2:26:51] Santiago Martin le pago $5000 a Matias Carlito.
[2018/4/12 - 2:58:58] Alsakarim Khalid le pago $100 a Henry Scaletta.
[2018/4/12 - 2:59:3] Alsakarim Khalid le pago $100 a Vittorio Scaletta.
[2018/4/12 - 22:51:39] Isaac Rufino le pago $5000 a Nicolas Jackson.
[2018/4/13 - 0:1:33] Nicolas Jackson le pago $7000 a Samuel Huffman.
[2018/4/13 - 0:34:4] Nicolas Jackson le pago $13000 a Samuel Huffman.
[2018/4/13 - 0:42:51] Nicolas Jackson le pago $3000 a Samuel Huffman.
[2018/4/13 - 0:46:1] Manolo Perez le pago $50 a Alfonso Hoegaarden.
[2018/4/13 - 14:7:49] Alsakarim Khalid le pago $2000 a Brayan Osorio.
[2018/4/13 - 15:3:39] Alsakarim Khalid le pago $5000 a Caribian Joke.
[2018/4/13 - 15:26:17] Caribian Joke le pago $20000 a Alsakarim Khalid.
[2018/4/13 - 15:27:51] Caribian Joke le pago $10000 a Alsakarim Khalid.
[2018/4/13 - 16:19:55] Darwin Chacon le pago $5000 a Matias Carlito.
[2018/4/13 - 21:4:56] Darwin Chacon le pago $1000 a David Price.
[2018/4/14 - 0:51:20] Brayan Osorio le pago $1000 a Ali Mohammed.
[2018/4/14 - 3:20:46] Brayan Osorio le pago $40000 a Nicolas Jackson.
[2018/4/14 - 3:28:29] Nicolas Jackson le pago $1 a Alsakarim Khalid.
[2018/4/14 - 3:50:58] Brayan Osorio le pago $40000 a Ali Mohammed.
[2018/4/14 - 3:51:14] Brayan Osorio le pago $20000 a Matias Carlito.
[2018/4/14 - 3:52:16] Brayan Osorio le pago $30000 a Jack Sumgrace.
[2018/4/14 - 4:3:47] Brayan Osorio le pago $10000 a Darwin Chacon.
[2018/4/14 - 4:7:52] Darwin Chacon le pago $10000 a Brayan Osorio.
[2018/4/14 - 4:18:56] Nicolas Jackson le pago $40000 a Rodrigo Mzienski.
[2018/4/14 - 21:7:6] Brayan Osorio le pago $1800 a Igor Spopovich.
[2018/4/14 - 21:17:7] Ali Mohammed le pago $20000 a Alsakarim Khalid.
[2018/4/14 - 21:27:32] Jack Sumgrace le pago $1 a Alsakarim Khalid.
[2018/4/14 - 21:27:58] Jack Sumgrace le pago $20000 a Alsakarim Khalid.
[2018/4/15 - 0:36:15] Brayan Osorio le pago $30000 a Darwin Chacon.
[2018/4/15 - 0:48:14] Brayan Osorio le pago $30000 a Darwin Chacon.
[2018/4/15 - 0:49:2] Brayan Osorio le pago $30000 a Rodrigo Mzienski.
[2018/4/15 - 3:10:57] Kevin Chacon le pago $1000 a Rodrigo Mzienski.
[2018/4/15 - 4:1:3] Darwin Chacon le pago $30000 a Rodrigo Mzienski.
[2018/4/15 - 6:3:2] Brayan Osorio le pago $2000 a Igor Spopovich.
[2018/4/15 - 15:30:46] Brayan Osorio le pago $2000 a Santiago Capone.
[2018/4/15 - 17:1:46] Alsakarim Khalid le pago $10 a Igor Spopovich.
[2018/4/15 - 17:1:53] Alsakarim Khalid le pago $10000 a Igor Spopovich.
[2018/4/15 - 18:46:44] Brayan Osorio le pago $20000 a Agustin Chacon.
[2018/4/15 - 19:25:1] Nicolas Jackson le pago $1000 a Ali Mohammed.
[2018/4/15 - 19:44:52] Brayan Osorio le pago $200 a Stefano Priciani.
[2018/4/15 - 19:45:10] Brayan Osorio le pago $200 a Ali Mohammed.
[2018/4/15 - 19:45:17] Brayan Osorio le pago $200 a Nicolas Jackson.
[2018/4/15 - 19:45:43] Brayan Osorio le pago $1800 a Stefano Priciani.
[2018/4/15 - 19:45:49] Brayan Osorio le pago $1800 a Ali Mohammed.
[2018/4/15 - 19:45:55] Brayan Osorio le pago $1800 a Nicolas Jackson.
[2018/4/15 - 22:17:4] Alsakarim Khalid le pago $10000 a Darwin Chacon.
[2018/4/15 - 22:28:17] Brayan Osorio le pago $3000 a Igor Spopovich.
[2018/4/15 - 22:28:46] Diego Milan le pago $35000 a Alsakarim Khalid.
[2018/4/15 - 23:13:7] Igor Spopovich ha transferido a Brayan Osorio $1
[2018/4/15 - 23:18:20] Igor Spopovich ha transferido a Alsakarim Khalid $20000
[2018/4/15 - 23:48:48] Brayan Osorio le pago $900 a Darwin Chacon.
[2018/4/16 - 0:4:26] Santiago Capone le pago $5000 a Igor Spopovich.
[2018/4/16 - 0:5:8] Alsakarim Khalid le pago $4813 a Igor Spopovich.
[2018/4/16 - 0:5:23] Igor Spopovich le pago $4813 a Alsakarim Khalid.
[2018/4/16 - 0:5:45] Igor Spopovich le pago $5000 a Santiago Capone.
[2018/4/16 - 1:1:26] Brayan Osorio le pago $4000 a Stefano Priciani.
[2018/4/16 - 1:1:43] Brayan Osorio le pago $500 a Foxy Salazar.
[2018/4/16 - 1:56:15] Agustin Chacon le pago $5000 a Oscar Pinto.
[2018/4/16 - 2:4:58] Agustin Chacon le pago $60000 a Kevin Chacon.
[2018/4/16 - 2:47:15] Brayan Osorio le pago $20000 a Foxy Salazar.
[2018/4/16 - 2:47:23] Brayan Osorio le pago $20000 a Maria Carl.
[2018/4/16 - 3:0:8] Agustin Chacon le pago $1000 a Darwin Chacon.
[2018/4/16 - 3:13:2] Darwin Chacon le pago $20000 a Agustin Chacon.
[2018/4/16 - 3:35:13] Foxy Salazar le pago $60000 a Brayan Osorio.
[2018/4/16 - 3:36:23] Brayan Osorio le pago $50000 a Foxy Salazar.
[2018/4/16 - 3:37:11] Brayan Osorio le pago $10000 a Foxy Salazar.
[2018/4/16 - 5:27:29] Brayan Osorio le pago $1000 a Zergio Drugs.
[2018/4/16 - 19:39:56] Agustin Chacon le pago $59999 a Darwin Chacon.
[2018/4/16 - 19:42:21] Agustin Chacon le pago $1000 a Darwin Chacon.
[2018/4/16 - 21:44:26] Alsakarim Khalid le pago $4000 a Elizabeth Spopovich.
[2018/4/16 - 22:48:30] Darwin Chacon le pago $5000 a Miguel Salvatore.
[2018/4/17 - 5:41:6] Brayan Osorio le pago $300 a Axel Delvalle.
[2018/4/17 - 17:17:59] Brayan Osorio le pago $20000 a Gabriel Medrano.
[2018/4/17 - 19:17:35] Darwin Chacon le pago $1500 a Rodrigo Mzienski.
[2018/4/17 - 19:18:15] Darwin Chacon le pago $500 a Rodrigo Mzienski.
[2018/4/17 - 19:20:12] Darwin Chacon le pago $1000 a Rodrigo Mzienski.
[2018/4/17 - 20:31:57] Brayan Osorio le pago $40000 a Axel Delvalle.
[2018/4/17 - 21:17:7] Rodrigo Mzienski le pago $7000 a Alessandro Mzienski.
[2018/4/17 - 21:18:6] Rodrigo Mzienski le pago $3000 a Alessandro Mzienski.
[2018/4/17 - 21:29:47] Stefano Priciani le pago $70000 a Alessandro Mzienski.
[2018/4/18 - 0:6:0] Agustin Chacon le pago $24000 a Darwin Chacon.
[2018/4/18 - 1:29:6] Darwin Chacon le pago $13000 a Asaff Khatab.
[2018/4/18 - 1:35:15] Brayan Osorio le pago $5000 a Asaff Khatab.
[2018/4/18 - 1:46:49] Paula Castro le pago $4000 a Darell Castro.
[2018/4/18 - 3:28:19] Axel Delvalle le pago $10000 a Foxy Salazar.
[2018/4/18 - 4:41:22] Brayan Osorio le pago $20000 a Axel Delvalle.
[2018/4/18 - 14:52:12] Charlotte Spopovich le pago $5000 a Darwin Chacon.
[2018/4/18 - 17:34:23] Agustin Chacon le pago $60000 a Darwin Chacon.
[2018/4/18 - 17:34:34] Darwin Chacon le pago $6000 a Agustin Chacon.
[2018/4/18 - 20:7:10] Brayan Osorio le pago $40000 a Yoel Kozlop.
[2018/4/18 - 21:12:24] Brayan Osorio le pago $50000 a Nicolas Jackson.
[2018/4/18 - 22:38:50] Charlotte Spopovich le pago $10000 a Nicolas Jackson.
[2018/4/18 - 22:39:46] Charlotte Spopovich le pago $10000 a Diego Milan.
[2018/4/18 - 22:40:26] Charlotte Spopovich le pago $5000 a Elizabeth Spopovich.
[2018/4/18 - 22:41:39] Charlotte Spopovich le pago $10 a Nicolas Jackson.
[2018/4/18 - 22:43:38] Elizabeth Spopovich le pago $5 a Nicolas Jackson.
[2018/4/19 - 0:33:3] Alessandro Mzienski le pago $8012 a Stefano Priciani.
[2018/4/19 - 0:36:8] Alessandro Mzienski le pago $120834 a Stefano Priciani.
[2018/4/19 - 3:41:18] Brayan Osorio le pago $5000 a Darwin Chacon.
[2018/4/19 - 4:1:33] Brayan Osorio le pago $7000 a Axel Delvalle.
[2018/4/19 - 4:40:26] Brayan Osorio le pago $100000 a Axel Delvalle.
[2018/4/19 - 17:47:21] Darwin Chacon le pago $2000 a Gabriel Medrano.
[2018/4/19 - 18:52:44] Darwin Chacon le pago $40000 a Agustin Chacon.
[2018/4/19 - 18:53:0] Agustin Chacon le pago $10000 a Darwin Chacon.
[2018/4/19 - 20:2:10] Isaac Rufino le pago $500 a Asaff Khatab.
[2018/4/19 - 22:31:43] Shady Adel le pago $2000 a Darwin Chacon.
[2018/4/20 - 0:4:32] Gonzalo Alvarez le pago $10000 a Charlotte Spopovich.
[2018/4/20 - 0:5:8] Charlotte Spopovich le pago $10000 a Gonzalo Alvarez.
[2018/4/20 - 0:57:17] Darwin Chacon le pago $100 a Agustin Chacon.
[2018/4/20 - 3:52:27] Foxy Salazar le pago $301 a Axel Delvalle.
[2018/4/20 - 19:42:21] Charlotte Spopovich le pago $100 a Isaac Rufino.
[2018/4/20 - 23:8:9] Atilio Viikernes le pago $2000 a Alex Vikernes.
[2018/4/20 - 23:20:22] Shady Adel le pago $6000 a Alex Vikernes.
[2018/4/20 - 23:26:12] Alex Vikernes le pago $6000 a Shady Adel.
[2018/4/21 - 0:38:35] Rodrigo Mzienski le pago $9900 a Foxy Salazar.
[2018/4/21 - 1:21:42] Foxy Salazar le pago $100 a Rodrigo Mzienski.
[2018/4/21 - 1:21:42] Nicolas Jackson le pago $5000 a Rodrigo Mzienski.
[2018/4/21 - 2:40:2] Rodrigo Mzienski le pago $7000 a Gonzalo Alvarez.
[2018/4/21 - 2:40:20] Rodrigo Mzienski le pago $7000 a Asaff Khatab.
[2018/4/21 - 2:43:39] Rodrigo Mzienski le pago $7000 a Foxy Salazar.
[2018/4/21 - 3:29:47] Brayan Osorio le pago $25000 a Agustin Acuna.
[2018/4/21 - 3:32:16] Brayan Osorio le pago $30000 a Nicolas Jackson.
[2018/4/21 - 3:36:9] Brayan Osorio le pago $40000 a Darwin Chacon.
[2018/4/21 - 3:40:9] Brayan Osorio le pago $30000 a Foxy Salazar.
[2018/4/21 - 3:43:27] Brayan Osorio le pago $35000 a Loder Latter.
[2018/4/21 - 3:46:19] Brayan Osorio le pago $32000 a Gonzalo Alvarez.
[2018/4/21 - 14:44:58] Brayan Osorio le pago $35000 a Agustin Chacon.
[2018/4/21 - 19:10:20] Rodrigo Mzienski le pago $4000 a Gonzalo Alvarez.
[2018/4/21 - 19:19:48] Oscar Pinto le pago $5000 a Ferney Ramos.
[2018/4/21 - 19:19:53] Oscar Pinto le pago $5000 a Foxy Salazar.
[2018/4/21 - 19:51:55] Foxy Salazar le pago $3000 a Ferney Ramos.
[2018/4/21 - 20:47:37] Jack Sumgrace le pago $40000 a Shady Adel.
[2018/4/21 - 20:48:10] Jack Sumgrace le pago $10000 a Shady Adel.
[2018/4/22 - 2:33:39] Rodrigo Mzienski le pago $2000 a Gonzalo Alvarez.
[2018/4/22 - 21:1:31] Elias Chacon le pago $10000 a Shady Adel.
[2018/4/22 - 21:10:32] Shady Adel ha transferido a Elizabeth Spopovich $28000
[2018/4/22 - 21:33:29] Salomondo Chacon le pago $500 a Axel Delvalle.
[2018/4/22 - 21:48:41] Rodrigo Mzienski le pago $2000 a Axel Delvalle.
[2018/4/22 - 22:10:14] Rodrigo Mzienski le pago $4000 a Gonzalo Alvarez.
[2018/4/22 - 22:14:40] Elias Chacon le pago $500 a Axel Delvalle.
[2018/4/22 - 22:16:20] Elias Chacon le pago $6000 a Axel Delvalle.
[2018/4/22 - 23:34:55] Foxy Salazar le pago $1200 a Axel Delvalle.
[2018/4/23 - 1:11:31] Elias Chacon le pago $50000 a Elizabeth Spopovich.
[2018/4/23 - 1:22:12] Elizabeth Spopovich ha transferido a Charlotte Spopovich $25000
[2018/4/23 - 1:29:15] Martin Tapia le pago $10000 a Asaff Khatab.
[2018/4/23 - 3:19:46] Axel Delvalle le pago $1 a Brayan Osorio.
[2018/4/23 - 18:22:35] Agustin Chacon le pago $100000 a Isaac Rufino.
[2018/4/23 - 19:5:39] Martin Tapia le pago $5000 a Brayan Osorio.
[2018/4/23 - 19:20:57] Martin Tapia le pago $5000 a Asaff Khatab.
[2018/4/23 - 19:39:32] Martin Tapia le pago $10000 a Isaac Rufino.
[2018/4/23 - 20:50:49] Darwin Chacon le pago $10000 a Elizabeth Spopovich.
[2018/4/23 - 20:50:51] Agustin Chacon le pago $10000 a Elizabeth Spopovich.
[2018/4/23 - 20:51:18] Elias Chacon le pago $10000 a Elizabeth Spopovich.
[2018/4/23 - 21:36:26] Gonzalo Alvarez le pago $15000 a Shady Adel.
[2018/4/23 - 21:36:57] Shady Adel le pago $150 a Gonzalo Alvarez.
[2018/4/23 - 21:41:33] Elizabeth Spopovich le pago $5000 a Walther Quero.
[2018/4/23 - 22:58:48] Agustin Chacon le pago $5000 a Salomondo Chacon.
[2018/4/23 - 22:58:51] Darwin Chacon le pago $1000 a Salomondo Chacon.
[2018/4/23 - 23:7:21] Nicolas Jackson le pago $327551 a Elizabeth Spopovich.
[2018/4/23 - 23:56:49] Darwin Chacon le pago $2000 a Salomondo Chacon.
[2018/4/24 - 0:30:33] Darwin Chacon le pago $3000 a Martin Tapia.
[2018/4/24 - 2:25:52] Darwin Chacon le pago $2000 a Agustin Acuna.
[2018/4/24 - 2:31:59] Rodrigo Mzienski le pago $3000 a Gonzalo Alvarez.
[2018/4/24 - 2:47:28] Agustin Chacon le pago $10 a Charlotte Spopovich.
[2018/4/24 - 2:56:15] Agustin Chacon le pago $1000 a Agustin Acuna.
[2018/4/24 - 16:49:48] Darwin Chacon le pago $30000 a Jack Sumgrace.
[2018/4/24 - 19:24:15] Agustin Chacon le pago $2000 a Darwin Chacon.
[2018/4/24 - 19:25:47] Brayan Osorio le pago $500 a Mohamed Alhadabi.
[2018/4/24 - 19:27:36] Mohamed Alhadabi le pago $200 a Brayan Osorio.
[2018/4/25 - 23:12:27] Charlotte Spopovich le pago $5 a Elizabeth Spopovich.
[2018/4/25 - 23:12:29] Charlotte Spopovich le pago $50 a Elizabeth Spopovich.
[2018/4/25 - 23:12:30] Charlotte Spopovich le pago $500 a Elizabeth Spopovich.
[2018/4/26 - 13:53:43] Miguel Colmenares le pago $4500 a Mohamed Alhadabi.
[2018/4/26 - 14:4:10] Miguel Colmenares le pago $500 a Mohamed Alhadabi.
[2018/4/26 - 14:8:8] Miguel Colmenares le pago $1000 a Mohamed Alhadabi.
[2018/4/26 - 14:14:0] Miguel Colmenares le pago $2000 a Mohamed Alhadabi.
[2018/4/26 - 14:27:2] Miguel Colmenares le pago $500 a Mohamed Alhadabi.
[2018/4/26 - 17:8:45] Joaco Ramos ha transferido a Alana Powers $1
[2018/4/26 - 17:8:48] Joaco Ramos ha transferido a Alana Powers $1
[2018/4/26 - 19:18:19] Brayan Osorio le pago $100 a Isaac Rufino.
[2018/4/26 - 19:49:35] Miguel Colmenares le pago $4500 a Mohamed Alhadabi.
[2018/4/26 - 19:49:42] Mohamed Alhadabi le pago $4500 a Miguel Colmenares.
[2018/4/26 - 19:49:48] Miguel Colmenares le pago $4500 a Mohamed Alhadabi.
[2018/4/26 - 19:50:17] Mohamed Alhadabi le pago $4500 a Miguel Colmenares.
[2018/4/27 - 19:0:9] Brayan Osorio le pago $200000 a Mohamed Alhadabi.
[2018/4/27 - 19:2:56] Mohamed Alhadabi le pago $10000 a Miguel Colmenares.
[2018/4/27 - 21:1:21] Frenddys Martinez le pago $25000 a Mohamed Alhadabi.
[2018/4/27 - 21:3:49] Ali Mohammed le pago $4000 a Maximo Lanz.
[2018/4/27 - 21:13:18] Mohamed Alhadabi le pago $800 a Maximo Lanz.
[2018/4/27 - 22:15:1] Mohamed Alhadabi le pago $10000 a Miguel Colmenares.
[2018/4/27 - 22:15:12] Mohamed Alhadabi le pago $10000 a Maximo Lanz.
[2018/4/27 - 22:15:17] Mohamed Alhadabi le pago $10000 a John Stark.
[2018/4/28 - 0:30:21] Joaco Ramos le pago $1 a Brayan Osorio.
[2018/4/28 - 0:30:22] Joaco Ramos le pago $1 a Brayan Osorio.
[2018/4/28 - 0:30:38] Joaco Ramos le pago $2068 a Brayan Osorio.
[2018/4/28 - 1:16:58] Ali Mohammed le pago $1 a Mohamed Alhadabi.
[2018/4/28 - 1:18:3] Ali Mohammed le pago $35000 a Mohamed Alhadabi.
[2018/4/28 - 2:12:55] Mohamed Alhadabi le pago $15000 a Patrick Freeman.
[2018/4/28 - 2:48:33] Mohamed Alhadabi le pago $20000 a Gabriel Medrano.
[2018/4/28 - 2:48:46] Mohamed Alhadabi le pago $12000 a Patrick Freeman.
[2018/4/28 - 4:38:28] Ali Mohammed le pago $1800 a Diego Mavarez.
[2018/4/28 - 4:44:52] Ali Mohammed le pago $3200 a Diego Mavarez.
[2018/4/28 - 15:42:0] Brayan Osorio le pago $300000 a Charlotte Spopovich.
[2018/4/28 - 15:42:9] Brayan Osorio le pago $300000 a Elizabeth Spopovich.
[2018/4/28 - 15:46:52] Brayan Osorio le pago $1 a Charlotte Spopovich.
[2018/4/28 - 16:33:42] Brayan Osorio le pago $300000 a Charlotte Spopovich.
[2018/4/29 - 2:31:55] Johan Garzon le pago $36000 a Mohamed Alhadabi.
[2018/4/29 - 2:32:0] Mohamed Alhadabi le pago $6000 a Rodger Collyns.
[2018/4/29 - 3:17:35] Charlotte Spopovich le pago $100000 a Frank Viikernes.
[2018/4/29 - 13:10:7] Joaco Ramos ha transferido a Ferney Ramos $111152
[2018/4/29 - 13:10:16] Joaco Ramos ha transferido a Ferney Ramos $20670
[2018/4/29 - 13:35:55] Joaco Ramos ha transferido a Ferney Ramos $20169
[2018/4/29 - 18:28:30] Brayan Osorio le pago $200000 a Salomondo Chacon.
[2018/4/29 - 20:43:34] Ali Mohammed le pago $2000 a Johan Garzon.
[2018/4/29 - 21:39:46] Brayan Osorio le pago $1000000 a Ali Mohammed.
[2018/4/30 - 1:54:23] Brayan Osorio le pago $100000 a Atilio Viikernes.
[2018/4/30 - 4:33:18] Brayan Osorio ha transferido a Miguel Salvatore $500000
[2018/4/30 - 4:35:22] Brayan Osorio le pago $42000 a Miguel Salvatore.
[2018/4/30 - 4:42:32] Brayan Osorio ha transferido a Miguel Salvatore $1000000
[2018/5/1 - 1:41:1] Williams Dinasso le pago $10000 a Ferney Ramos.
[2018/5/1 - 19:56:33] Frenddys Martinez le pago $250000 a Asaff Khatab.
[2018/5/1 - 20:41:5] Brayan Osorio le pago $100000 a Frenddys Martinez.
[2018/5/3 - 0:14:42] Ferney Ramos le pago $812250 a Ali Mohammed.
[2018/5/3 - 0:51:19] Ferney Ramos le pago $200000 a Ali Mohammed.
[2018/5/3 - 0:54:55] Ferney Ramos le pago $50000 a Brayan Osorio.
[2018/5/3 - 0:57:1] Ali Mohammed le pago $1 a Brayan Osorio.
[2018/5/3 - 0:57:39] Ali Mohammed le pago $49999 a Brayan Osorio.
[2018/5/3 - 1:27:13] Brayan Osorio le pago $10000 a Ali Mohammed.
[2018/5/3 - 1:29:35] Brayan Osorio le pago $5000 a Ali Mohammed.
[2018/5/3 - 17:51:56] Brayan Osorio le pago $30000 a Viss Kabarton.
[2018/5/4 - 17:4:12] Brayan Osorio le pago $10000 a Ferney Ramos.
[2018/5/4 - 20:8:59] Ali Mohammed le pago $10000 a Mohamed Alhadabi.
[2018/5/4 - 20:23:37] Ali Mohammed le pago $4000 a Mohamed Alhadabi.
[2018/5/6 - 2:58:20] Ali Mohammed le pago $3000 a Brayan Osorio.
