[2018/4/16 - 1:48:23] Whisper de Oscar Pinto a Elias Chacon: explícate mejor
[2018/4/16 - 1:48:41] Whisper de Elias Chacon a Oscar Pinto: Osea vamos a decir que Agustin Chacon tiene armas
[2018/4/16 - 1:48:44] Whisper de Agustin Chacon a Brayan Osorio: me puedes pintar el auto?
[2018/4/16 - 1:48:51] Whisper de Elias Chacon a Oscar Pinto: Lo tendre que arrestar aunque me duela
[2018/4/16 - 1:49:4] Whisper de Elias Chacon a Oscar Pinto: Lo tengo que hacer por que es mi trabajo no'
[2018/4/16 - 1:49:6] Whisper de Elias Chacon a Oscar Pinto: Lo tengo que hacer por que es mi trabajo no?
[2018/4/16 - 1:50:52] Whisper de Oscar Pinto a Elias Chacon: pues sal como ellos como civil
[2018/4/16 - 1:51:16] Whisper de Oscar Pinto a Elias Chacon: no en servioco
[2018/4/16 - 1:51:25] Whisper de Elias Chacon a Oscar Pinto: Entendido.
[2018/4/16 - 1:51:30] Whisper de Elias Chacon a Oscar Pinto: Gracias :3
[2018/4/16 - 1:51:50] Whisper de Jeferson Blondell a Oscar Pinto: oscar
[2018/4/16 - 1:51:55] Whisper de Agustin Chacon a Oscar Pinto: hay alguien q me pueda pintar el auto?
[2018/4/16 - 1:52:13] Whisper de Jeferson Blondell a Oscar Pinto: eres oscar
[2018/4/16 - 1:52:24] Whisper de Oscar Pinto a Jeferson Blondell: si señor
[2018/4/16 - 1:52:27] Whisper de Oscar Pinto a Agustin Chacon: yo
[2018/4/16 - 1:52:38] Whisper de Jeferson Blondell a Oscar Pinto: eres Brayan
[2018/4/16 - 1:52:44] Whisper de Oscar Pinto a Jeferson Blondell: no, soy Oscar
[2018/4/16 - 1:52:44] Whisper de Jeferson Blondell a Oscar Pinto: eres Brayan alexnader
[2018/4/16 - 1:52:45] Whisper de Brayan Osorio a Oscar Pinto: OScar que si vas a venir
[2018/4/16 - 1:52:53] Whisper de Oscar Pinto a Brayan Osorio: a dond?
[2018/4/16 - 1:52:56] Whisper de Jeferson Blondell a Oscar Pinto: usted es el creador
[2018/4/16 - 1:52:58] Whisper de Brayan Osorio a Oscar Pinto: Id 6
[2018/4/16 - 1:53:1] Whisper de Oscar Pinto a Jeferson Blondell: si señor
[2018/4/16 - 1:53:11] Whisper de Jeferson Blondell a Oscar Pinto: te puedo ayudar en el staff
[2018/4/16 - 1:53:23] Whisper de Jeferson Blondell a Oscar Pinto: bron
[2018/4/16 - 1:53:24] Whisper de Oscar Pinto a Jeferson Blondell: puedes postular en foro estamos buscando publicista
[2018/4/16 - 1:53:32] Whisper de Brayan Osorio a Oscar Pinto: a la licenciatura
[2018/4/16 - 1:53:49] Whisper de Jeferson Blondell a Oscar Pinto: gracias pero un chaval me invito que me iba a dar mod global y yo iba a publicar
[2018/4/16 - 1:53:55] Whisper de Jeferson Blondell a Oscar Pinto: por taringas
[2018/4/16 - 1:55:9] Whisper de Brayan Osorio a Oscar Pinto: Disque para rango
[2018/4/16 - 1:55:18] Whisper de Brayan Osorio a Oscar Pinto: le digo postulaciones via foro
[2018/4/16 - 1:55:25] Whisper de Oscar Pinto a Brayan Osorio: si
[2018/4/16 - 1:56:11] Whisper de Brayan Osorio a Jeferson Blondell: Gracias.
[2018/4/16 - 1:56:43] Whisper de Jeferson Blondell a Brayan Osorio: chaoo bron
[2018/4/16 - 1:56:47] Whisper de Brayan Osorio a Jeferson Blondell: bye
[2018/4/16 - 1:57:4] Whisper de Brayan Osorio a Foxy Salazar: tu eres del GOV
[2018/4/16 - 1:57:12] Whisper de Jeferson Blondell a Brayan Osorio: chaoooooo
[2018/4/16 - 1:57:22] Whisper de Brayan Osorio a Jeferson Blondell: que tengas un buen dia
[2018/4/16 - 1:57:28] Whisper de Jeferson Blondell a Brayan Osorio: igual señor
[2018/4/16 - 1:57:48] Whisper de Jeferson Blondell a Oscar Pinto: no me voy voy a conoce el serve
[2018/4/16 - 1:58:31] Whisper de Oscar Pinto a Jeferson Blondell: me agrade mucho eso
[2018/4/16 - 1:58:38] Whisper de Oscar Pinto a Jeferson Blondell: bienvenido muchisisimas gracias
[2018/4/16 - 1:58:47] Whisper de Oscar Pinto a Jeferson Blondell: espero te sientas a gusto
[2018/4/16 - 1:59:19] Whisper de Jeferson Blondell a Oscar Pinto: quiero hablar con usted
[2018/4/16 - 1:59:47] Whisper de Jeferson Blondell a Brayan Osorio: venir bron
[2018/4/16 - 2:0:50] Whisper de Brayan Osorio a Oscar Pinto: Quieres que te ayude con kevin?
[2018/4/16 - 2:0:56] Whisper de Oscar Pinto a Brayan Osorio: como así?
[2018/4/16 - 2:1:6] Whisper de Brayan Osorio a Oscar Pinto: Estar Pendiente o algo?
[2018/4/16 - 2:1:16] Whisper de Brayan Osorio a Oscar Pinto: aun que el trabaja bien
[2018/4/16 - 2:1:27] Whisper de Brayan Osorio a Oscar Pinto: lo he visto estar trabajando bien
[2018/4/16 - 2:1:31] Whisper de Oscar Pinto a Brayan Osorio: dale
[2018/4/16 - 2:1:36] Whisper de Brayan Osorio a Oscar Pinto: y se conecta al sv
[2018/4/16 - 2:3:3] Whisper de Oscar Pinto a Foxy Salazar: recuerda usar /estacionar
[2018/4/16 - 2:7:50] Whisper de Maria Carl a Oscar Pinto: ¿Cómo me postulo por el /Foro?, es necesario y depués de eso me hacen la prueba Dp?
[2018/4/16 - 2:8:25] Whisper de Oscar Pinto a Maria Carl: /info ahí está el foro que skin quieres?
[2018/4/16 - 2:9:24] Whisper de Maria Carl a Oscar Pinto: ¿Es necesario hacer el post en el /foro?
[2018/4/16 - 2:14:58] Whisper de Darwin Chacon a Oscar Pinto: autos
[2018/4/16 - 2:15:2] Whisper de Elias Chacon a Oscar Pinto: Autos
[2018/4/16 - 2:15:29] Whisper de Elias Chacon a Oscar Pinto: Osas
[2018/4/16 - 2:15:33] Whisper de Elias Chacon a Oscar Pinto: Oscar
[2018/4/16 - 2:15:37] Whisper de Oscar Pinto a Elias Chacon: dime
[2018/4/16 - 2:15:41] Whisper de Elias Chacon a Oscar Pinto: No veo ningun mapeo
[2018/4/16 - 2:15:45] Whisper de Elias Chacon a Oscar Pinto: Ando bug
[2018/4/16 - 2:16:2] Whisper de Oscar Pinto a Elias Chacon: relogea
[2018/4/16 - 2:16:4] Whisper de Elias Chacon a Oscar Pinto: Te veo a ti
[2018/4/16 - 2:18:28] Whisper de Brayan Osorio a Maria Carl: si sigues conectandote , seguramente lo convenceras
[2018/4/16 - 2:18:47] Whisper de Maria Carl a Brayan Osorio: Lo convenso de que?
[2018/4/16 - 2:19:12] Whisper de Brayan Osorio a Maria Carl: pa que te ganes tu rango
[2018/4/16 - 2:19:31] Whisper de Maria Carl a Brayan Osorio: Soy muy activa, solo tengo que aprender un poco más sobre el sv.
[2018/4/16 - 2:19:39] Whisper de Brayan Osorio a Maria Carl: Ok
[2018/4/16 - 2:20:2] Whisper de Maria Carl a Brayan Osorio: No hay ningún SAPD?
[2018/4/16 - 2:20:11] Whisper de Agustin Chacon a Oscar Pinto: oscar
[2018/4/16 - 2:20:18] Whisper de Brayan Osorio a Maria Carl: no , esta limpia
[2018/4/16 - 2:20:34] Whisper de Maria Carl a Oscar Pinto: ¿No hay ningún LSPD?
[2018/4/16 - 2:20:46] Whisper de Maria Carl a Brayan Osorio: Ah aquí es LSPD*
[2018/4/16 - 2:20:55] Whisper de Brayan Osorio a Maria Carl: Donde estabamos si
[2018/4/16 - 2:21:8] Whisper de Oscar Pinto a Maria Carl: se acaba de limpiar la facc
[2018/4/16 - 2:21:12] Whisper de Maria Carl a Brayan Osorio: Lo sé
[2018/4/16 - 2:24:20] Whisper de Maria Carl a Oscar Pinto: ¿Aquí no hay /y ni /p?
[2018/4/16 - 2:24:48] Whisper de Oscar Pinto a Maria Carl: que son esos?
[2018/4/16 - 2:25:0] Whisper de Maria Carl a Brayan Osorio: /y - /p Comandos para rolear.
[2018/4/16 - 2:25:10] Whisper de Oscar Pinto a Maria Carl: /me y /do
[2018/4/16 - 2:33:20] Whisper de Agustin Chacon a Oscar Pinto: oscar puedes venir al aeropuerto ls y repararnos los vehiculos
[2018/4/16 - 2:33:37] Whisper de Agustin Chacon a Oscar Pinto: mucha carrera y autos rotos
[2018/4/16 - 2:34:22] Whisper de Oscar Pinto a Agustin Chacon: se repararán con el reinicio
[2018/4/16 - 2:34:29] Whisper de Agustin Chacon a Oscar Pinto: dale
[2018/4/16 - 2:35:52] Whisper de Elias Chacon a Oscar Pinto: :V
[2018/4/22 - 19:44:34] Whisper de Darwin Chacon a Victoria Robles: porque ya no enciende con la Y?
[2018/4/22 - 19:45:5] Whisper de Mia Marchetti a Elizabeth Spopovich: secuestremolo?
[2018/4/22 - 19:48:20] Whisper de Elizabeth Spopovich a Shady Adel: /uevento
[2018/4/22 - 19:48:38] Whisper de Shady Adel a Elizabeth Spopovich: ño :C
[2018/4/22 - 19:48:43] Whisper de Shady Adel a Elizabeth Spopovich: No me gustan los eventos :c
[2018/4/22 - 19:48:48] Whisper de Elizabeth Spopovich a Shady Adel: :c Bien
[2018/4/22 - 19:48:50] Whisper de Shady Adel a Oscar Pinto: Oscar nojoda!
[2018/4/22 - 19:48:53] Whisper de Elizabeth Spopovich a Shady Adel: Entonces ven a la HQ
[2018/4/22 - 19:48:56] Whisper de Mia Marchetti a Elizabeth Spopovich: dile al agustin que me saque las estrellas
[2018/4/22 - 19:49:1] Whisper de Shady Adel a Elizabeth Spopovich: Que hq? XD
[2018/4/22 - 19:49:7] Whisper de Elizabeth Spopovich a Shady Adel: Cuando termine el evento seguiremos el rol de secuestrar a un policia
[2018/4/22 - 19:49:12] Whisper de Elizabeth Spopovich a Shady Adel: la de la Familia
[2018/4/22 - 19:49:17] Whisper de Shady Adel a Elizabeth Spopovich: La mafia rusa?
[2018/4/22 - 19:49:21] Whisper de Elizabeth Spopovich a Shady Adel: Se
[2018/4/22 - 19:49:29] Whisper de Shady Adel a Elizabeth Spopovich: Ok ahí voy.
[2018/4/22 - 19:49:35] Whisper de Elizabeth Spopovich a Agustin Acuna: Quitale las estrellas a Mia
[2018/4/22 - 19:49:44] Whisper de Shady Adel a Oscar Pinto: Oscar.
[2018/4/22 - 19:50:13] Whisper de Shady Adel a Oscar Pinto: Ah ok, cuando termine el evento me avisas, necesito un favor rey.
[2018/4/22 - 19:50:18] Whisper de Shady Adel a Oscar Pinto: Ya traje a 5 amigos :3
[2018/4/22 - 19:50:51] Whisper de Elias Chacon a Brayan Osorio: Tpe
[2018/4/22 - 19:50:51] Whisper de Elias Chacon a Brayan Osorio: Tpe
[2018/4/22 - 19:51:6] Whisper de Elias Chacon a Brayan Osorio: Tengo el arma
[2018/4/22 - 19:51:6] Whisper de Elias Chacon a Brayan Osorio: Tengo el arma
[2018/4/22 - 19:51:10] Whisper de Elias Chacon a Brayan Osorio: TPEEE
[2018/4/22 - 19:51:54] Whisper de Darwin Chacon a Oscar Pinto: el ferney tiene aimbot no mames
[2018/4/22 - 19:52:36] Whisper de Darwin Chacon a Oscar Pinto: dos jugadores y pasamos el limite de user, que emocion
[2018/4/22 - 19:52:39] Whisper de Elias Chacon a Brayan Osorio: Tengo las armas :V
[2018/4/22 - 19:52:45] Whisper de Elias Chacon a Brayan Osorio: Soy el unico que queda
[2018/4/22 - 19:52:50] Whisper de Elias Chacon a Brayan Osorio: TPEAMEE
[2018/4/22 - 19:52:54] Whisper de Elias Chacon a Brayan Osorio: estoy en el evento
[2018/4/22 - 19:53:0] Whisper de Elias Chacon a Brayan Osorio: tengo tec9, dk y rifle
[2018/4/22 - 19:54:0] Whisper de Elias Chacon a Brayan Osorio: Pero tio
[2018/4/22 - 19:54:4] Whisper de Elias Chacon a Brayan Osorio: Joder macho
[2018/4/22 - 19:54:5] Whisper de Elias Chacon a Brayan Osorio: Joder macho
[2018/4/22 - 19:54:11] Whisper de Elias Chacon a Brayan Osorio: Asi no se puedeeee
[2018/4/22 - 19:54:20] Whisper de Elias Chacon a Brayan Osorio: Te dije 138718763812 veces que tengo las armas >:v
[2018/4/22 - 19:54:21] Whisper de Darwin Chacon a Oscar Pinto: pues gano, tiene aimbot el puto
[2018/4/22 - 19:54:31] Whisper de Ferney Ramos a Oscar Pinto: Gracias :P si puedes hacer mas seria nice :3
[2018/4/22 - 19:54:41] Whisper de Martin Tapia a Oscar Pinto: no me carga nada
[2018/4/22 - 19:55:12] Whisper de Brayan Osorio a Elias Chacon: pero acaso que hise?
[2018/4/22 - 19:55:24] Whisper de Elias Chacon a Brayan Osorio: Joderme del evento
[2018/4/22 - 19:55:27] Whisper de Brayan Osorio a Elias Chacon: No entendia que pasaba
[2018/4/22 - 19:55:33] Whisper de Shady Adel a Oscar Pinto: Oscar.
[2018/4/22 - 19:55:34] Whisper de Elias Chacon a Brayan Osorio: Si claro
[2018/4/22 - 19:55:34] Whisper de Brayan Osorio a Elias Chacon: No era yo
[2018/4/22 - 19:55:39] Whisper de Martin Tapia a Brayan Osorio: ayuda no veo nada nose donde estoy
[2018/4/22 - 19:55:40] Whisper de Shady Adel a Oscar Pinto: Me puedes hacer el favor?
[2018/4/22 - 19:56:15] Whisper de Ali Mohammed a Brayan Osorio: no me dejaw
[2018/4/22 - 19:56:28] Whisper de Ferney Ramos a Brayan Osorio: Siiii
[2018/4/22 - 19:56:37] Whisper de Darwin Chacon a Oscar Pinto: siiiiiiiiiiiiiiiiiiiiiiiiiiiiiiiiiiiiiiiiiiiiiii, pero sin el cheto
[2018/4/22 - 19:56:41] Whisper de Ali Mohammed a Brayan Osorio: new
[2018/4/22 - 19:57:40] Whisper de Darwin Chacon a Brayan Osorio: siiiiiiiiiiiiiiiiiiiiiiiiiiiiiiiiiiiiiiiiiiiiiii, pero sin el cheto
[2018/4/22 - 19:57:49] Whisper de Shady Adel a Elizabeth Spopovich: Ponte Offduty baby.
[2018/4/22 - 19:57:52] Whisper de Shady Adel a Elizabeth Spopovich: Estás en rol.
[2018/4/22 - 19:57:57] Whisper de Darwin Chacon a Brayan Osorio: men, ve bien al ferney, ese puto tiene aimbot
[2018/4/22 - 19:58:0] Whisper de Elizabeth Spopovich a Shady Adel: Mala mia se me olvido
[2018/4/22 - 19:58:5] Whisper de Shady Adel a Elizabeth Spopovich: Tranquila :3
[2018/4/22 - 19:58:34] Whisper de Ali Mohammed a Brayan Osorio: oye estas en alguna familia?
[2018/4/22 - 19:58:44] Whisper de Brayan Osorio a Ali Mohammed: No
[2018/4/22 - 19:58:44] Whisper de Shady Adel a Oscar Pinto: Oscar verga, estás en evento aún?
[2018/4/22 - 19:59:12] Whisper de Ali Mohammed a Brayan Osorio: para estar en una tienes que ser ilegal?
[2018/4/22 - 19:59:20] Whisper de Brayan Osorio a Ali Mohammed: si
[2018/4/22 - 19:59:33] Whisper de Ali Mohammed a Brayan Osorio: aah ok
[2018/4/22 - 19:59:37] Whisper de Martin Tapia a Oscar Pinto: Usted podria ponerle precio a una casa?
[2018/4/22 - 20:0:11] Whisper de Elias Chacon a Elizabeth Spopovich: Me das 40k? :VVVVVVVVVVVVVVVVVVVVVVVVVVVV
[2018/4/22 - 20:0:25] Whisper de Ali Mohammed a Brayan Osorio: oye este viernes no cobre m sueldo
[2018/4/22 - 20:0:26] Whisper de Salomondo Chacon a Brayan Osorio: me das pd? nu c que paso y no me lo dio solo por que reloguie :v
[2018/4/22 - 20:0:32] Whisper de Ali Mohammed a Brayan Osorio: :3
[2018/4/22 - 20:0:37] Whisper de Salomondo Chacon a Brayan Osorio: y vos sabes que estuve todo el dia aca :v
[2018/4/22 - 20:0:41] Whisper de Martin Tapia a Brayan Osorio: Brayan puedes mapear casas?
[2018/4/22 - 20:2:26] Whisper de Shady Adel a Elizabeth Spopovich: Njda que cagada.
[2018/4/22 - 20:2:30] Whisper de Elizabeth Spopovich a Shady Adel: tranks
[2018/4/22 - 20:3:32] Whisper de Foxy Salazar a Brayan Osorio: no va aver evento?
[2018/4/22 - 20:3:35] Whisper de Darwin Chacon a Brayan Osorio: echale ojo al ferney, ese puto tiene aimbot
[2018/4/22 - 20:4:0] Whisper de Mia Marchetti a Elizabeth Spopovich: tpeame
[2018/4/22 - 20:4:5] Whisper de Ali Mohammed a Brayan Osorio: oye mi anuncio nos e publica
[2018/4/22 - 20:5:35] Whisper de Shady Adel a Oscar Pinto: Oscar.
[2018/4/22 - 20:5:51] Whisper de Darwin Chacon a Brayan Osorio: PORQUE BLOCKISATE
[2018/4/22 - 20:6:6] Whisper de Darwin Chacon a Brayan Osorio: abre otra ve
[2018/4/22 - 20:6:55] Whisper de Darwin Chacon a Brayan Osorio: hay no men, fui a apagar el incendio >:(
[2018/4/22 - 20:7:45] Whisper de Shady Adel a Elizabeth Spopovich: Porque aparezco acá?
[2018/4/22 - 20:7:49] Whisper de Ferney Ramos a Brayan Osorio: brayan
[2018/4/22 - 20:7:50] Whisper de Elizabeth Spopovich a Shady Adel: seperate
[2018/4/22 - 20:8:28] Whisper de Shady Adel a Oscar Pinto: Brayan
[2018/4/22 - 20:8:33] Whisper de Shady Adel a Brayan Osorio: Brayan
[2018/4/22 - 20:8:35] Whisper de Elias Chacon a Brayan Osorio: NO HABIA UZIIIIIIIIIIIIIIIIII
[2018/4/22 - 20:8:35] Whisper de Elias Chacon a Brayan Osorio: NO HABIA UZIIIIIIIIIIIIIIIIII
[2018/4/22 - 20:8:36] Whisper de Elias Chacon a Brayan Osorio: NO HABIA UZIIIIIIIIIIIIIIIIII
[2018/4/22 - 20:8:44] Whisper de Shady Adel a Brayan Osorio: Morí y aparecí lejos sin nada.
[2018/4/22 - 20:9:3] Whisper de Mia Marchetti a Elizabeth Spopovich: moriste?
[2018/4/22 - 20:9:3] Whisper de Ferney Ramos a Brayan Osorio: quitale la uzi a ali, no la dieron pal evento
[2018/4/22 - 20:9:6] Whisper de Elias Chacon a Brayan Osorio: Men así no da gusto
[2018/4/22 - 20:9:16] Whisper de Mia Marchetti a Elizabeth Spopovich: ps tp
[2018/4/22 - 20:9:18] Whisper de Shady Adel a Elizabeth Spopovich: Ven :c
[2018/4/22 - 20:9:20] Whisper de Elizabeth Spopovich a Mia Marchetti: esperate
[2018/4/22 - 20:9:25] Whisper de Elias Chacon a Brayan Osorio: Estamos con 9mm y me mata uno con uzi si ni siquiera habia
[2018/4/22 - 20:9:27] Whisper de Shady Adel a Elizabeth Spopovich: Me quedé acá.
[2018/4/22 - 20:9:35] Whisper de Brayan Osorio a Ali Mohammed: esta en las casas
[2018/4/22 - 20:9:42] Whisper de Brayan Osorio a Ali Mohammed: vee pilas
[2018/4/22 - 20:9:59] Whisper de Francis Drake a Victoria Robles: Hola
[2018/4/22 - 20:10:5] Whisper de Shady Adel a Brayan Osorio: Brayan :c
[2018/4/22 - 20:10:12] Whisper de Brayan Osorio a Shady Adel: dime
[2018/4/22 - 20:10:31] Whisper de Shady Adel a Elizabeth Spopovich: Reconecto.
[2018/4/22 - 20:10:36] Whisper de Ali Mohammed a Brayan Osorio: falta alfuien?
[2018/4/22 - 20:10:52] Whisper de Ali Mohammed a Brayan Osorio: falta alguien?
[2018/4/22 - 20:11:3] Whisper de Elias Chacon a Brayan Osorio: ASCO DE PERSONA EL ALI
[2018/4/22 - 20:11:11] Whisper de Shady Adel a Elizabeth Spopovich: Teleportame
[2018/4/22 - 20:11:17] Whisper de Agustin Acuna a Elizabeth Spopovich: si
[2018/4/22 - 20:11:19] Whisper de Shady Adel a Elizabeth Spopovich: Mi chalequito :c
[2018/4/22 - 20:11:20] Whisper de Elias Chacon a Brayan Osorio: ASCO DE PERSONA EL ALI
[2018/4/22 - 20:11:20] Whisper de Agustin Acuna a Elizabeth Spopovich: si gracias
[2018/4/22 - 20:11:21] Whisper de Elias Chacon a Brayan Osorio: ASCO DE PERSONA EL ALI
[2018/4/22 - 20:11:45] Whisper de Santi Clutch a Brayan Osorio: hola me deslogue y mi auto desaprecio y estaba estacionado
[2018/4/22 - 20:11:48] Whisper de Ferney Ramos a Brayan Osorio: puedes venir hacia mi rapido?
[2018/4/22 - 20:12:46] Whisper de Ferney Ramos a Brayan Osorio: eso, el id 18 llegó full chaleco y con uzi, eso no vale
[2018/4/22 - 20:12:55] Whisper de Shady Adel a Brayan Osorio: PARA CON ESA MIERDA
[2018/4/22 - 20:13:6] Whisper de Shady Adel a Brayan Osorio: Ya me han cagado 3 veces el rol por el puto evento
[2018/4/22 - 20:13:18] Whisper de Brayan Osorio a Shady Adel: pues no aceptes evento
[2018/4/22 - 20:13:31] Whisper de Shady Adel a Brayan Osorio: Los que están roleando conmigo sí lo aceptan -.-
[2018/4/22 - 20:13:35] Whisper de Santi Clutch a Brayan Osorio: hola me deslogue y mi auto desaprecio y estaba estacionado
[2018/4/22 - 20:13:37] Whisper de Brayan Osorio a Shady Adel: cuando te salga en anuncio no aceptes
[2018/4/22 - 20:13:46] Whisper de Shady Adel a Brayan Osorio: Los que están roleando conmigo sí lo aceptan -.-
[2018/4/22 - 20:13:58] Whisper de Brayan Osorio a Shady Adel: Hay , si no sé.
[2018/4/22 - 20:14:52] Whisper de Oscar Pinto a Martin Tapia: está donde lo estacionaste
[2018/4/22 - 20:15:1] Whisper de Oscar Pinto a Martin Tapia: en LSPD
[2018/4/22 - 20:16:4] Whisper de Elizabeth Spopovich a Rodrigo Mzienski: Shady quitate la m4 en mano
[2018/4/22 - 20:16:18] Whisper de Rodrigo Mzienski a Elizabeth Spopovich: ok
[2018/4/22 - 20:16:21] Whisper de Shady Adel a Oscar Pinto: Que haces!
[2018/4/22 - 20:16:23] Whisper de Oscar Pinto a Shady Adel: que fue eso?
[2018/4/22 - 20:16:26] Whisper de Ali Mohammed a Brayan Osorio: necesito hablar
[2018/4/22 - 20:16:35] Whisper de Oscar Pinto a Shady Adel: saltó hack de armas
[2018/4/22 - 20:16:35] Whisper de Brayan Osorio a Ali Mohammed: Dime
[2018/4/22 - 20:16:41] Whisper de Shady Adel a Oscar Pinto: No es hack de armas.
[2018/4/22 - 20:16:45] Whisper de Ali Mohammed a Brayan Osorio: sobre mi pj
[2018/4/22 - 20:16:45] Whisper de Shady Adel a Oscar Pinto: El ID 0 me dió la m4
[2018/4/22 - 20:16:55] Whisper de Shady Adel a Oscar Pinto: Joder, me quitaste la deagle y el m4 :(
[2018/4/22 - 20:18:27] Whisper de Shady Adel a Oscar Pinto: Oscar.
[2018/4/22 - 20:18:32] Whisper de Shady Adel a Oscar Pinto: Y la m4.
[2018/4/22 - 20:18:45] Whisper de Shady Adel a Oscar Pinto: Y porfa respóndeme cuando te enví
[2018/4/22 - 20:18:53] Whisper de Shady Adel a Oscar Pinto: Necesito saber sí puedes mover mi negocio.
[2018/4/22 - 20:19:0] Whisper de Shady Adel a Oscar Pinto: Que está muy escondido.
[2018/4/22 - 20:19:6] Whisper de Shady Adel a Oscar Pinto: -.- COÑO!
[2018/4/22 - 20:19:10] Whisper de Shady Adel a Oscar Pinto: Mrk respondeme antes.
[2018/4/22 - 20:20:5] Whisper de Santi Clutch a Brayan Osorio: me desaparecio mi auto y esta vez si estb estciondo
[2018/4/22 - 20:20:9] Whisper de Ali Mohammed a Oscar Pinto: pon que llamen al numero
[2018/4/22 - 20:20:18] Whisper de Ali Mohammed a Brayan Osorio: es un mini rol
[2018/4/22 - 20:20:34] Whisper de Ali Mohammed a Brayan Osorio: por fa!
[2018/4/22 - 20:21:19] Whisper de Brayan Osorio a Ali Mohammed: que necesitas?
[2018/4/22 - 20:23:16] Whisper de Ali Mohammed a Brayan Osorio: as que contesten el suicidio
[2018/4/22 - 20:23:36] Whisper de Ali Mohammed a Brayan Osorio: as que contesten el suicidio
[2018/4/22 - 20:23:51] Whisper de Brayan Osorio a Ali Mohammed: Eso es con Darwin
[2018/4/22 - 20:23:57] Whisper de Brayan Osorio a Ali Mohammed: en donde?
