[2012/8/29 - 16:17:39] Report from [1] Abdo Ahmed: Admin lvl 1338
[2012/8/29 - 16:19:14] Report from [1] Abdo Ahmed: i know
[2012/9/12 - 19:40:21] Report from [1] Vladimir Dlc: tp me
[2012/9/28 - 11:55:36] Report from [0] Joy Freed: /noooc
[2012/10/8 - 16:56:5] Report from [2] Drew Malino: Wish to speak to the owner.
[2012/10/8 - 17:13:7] Report from [0] Chad Brooks: REFUND ME RIGHT NOW :@
[2012/10/8 - 17:13:37] Report from [3] Jay Jayson: Perverse TP to me :D
[2012/10/8 - 17:15:59] Report from [0] Chad Brooks: Jay is gay for you
[2012/10/8 - 17:20:33] Report from [0] Chad Brooks: Perverse you got a car ? If so, where's it parked at ?
[2012/10/8 - 17:20:58] Report from [3] Jay Jayson: What does the CMD = /ha do?
[2012/10/8 - 17:21:6] Report from [0] Chad Brooks: I dont understand, My mom doesnt have a house in the server O.o
[2012/10/8 - 17:21:53] Report from [0] Chad Brooks: Can I Get 3k cash ?
[2012/10/8 - 17:22:23] Report from [0] Chad Brooks: Perverse set yo lvl to 3 for a sec
[2012/10/8 - 17:22:39] Report from [3] Jay Jayson: Me! But when we get more players I will have Hitman k?
[2012/10/8 - 17:23:8] Report from [3] Jay Jayson: PT :d
[2012/10/8 - 17:23:36] Report from [3] Jay Jayson: TP me to you and lets RP - getting me in the gang-.
[2012/10/8 - 17:24:10] Report from [3] Jay Jayson: But Perverse if someone ask for Hitman tell them its taken, just to yeah you know.
[2012/10/8 - 17:24:44] Report from [3] Jay Jayson: Perverse I go AFK need to eat.
[2012/10/8 - 17:26:0] Report from [0] Chad Brooks: HELP
[2012/10/8 - 17:28:16] Report from [0] Chad Brooks: Check it later then I'll invite you later
[2012/10/8 - 17:38:31] Report from [3] Jay Jayson: Turn OOC on
[2012/10/8 - 18:32:59] Report from [3] Jay Jayson: "shockning rewards"  If I invite 5 - 10 players what is the reward?
[2012/10/8 - 18:39:29] Report from [4] John J. Donegan: Nahaaa! you set my cash to $6 in hand
[2012/10/8 - 18:48:57] Report from [4] John J. Donegan: Prison n unprisêon me, bugged
[2012/10/8 - 18:49:46] Report from [4] John J. Donegan: Prison n unprisêon me, bugged
[2012/10/8 - 19:58:3] Report from [2] Brian DeSousa: Can I get an un-freeze?
[2012/10/8 - 21:14:8] Report from [0] Ronaldinho Moreira: How do i get the smartphone internet service running?
[2012/10/8 - 21:21:37] Report from [0] Ronaldinho Moreira: Nigguh nigguh nigguh nigguh pl0x?
[2012/10/8 - 21:24:19] Report from [0] Ronaldinho Moreira: How can i get a business(biz)
[2012/10/9 - 19:25:47] Report from [5] Jax Rivera: Any faction still need Leader? :)
[2012/10/9 - 19:26:20] Report from [5] Jax Rivera: Wich?
[2012/10/9 - 20:4:54] Report from [1] Jeffrey Loc: Demoted my self Already.
[2012/10/9 - 20:5:9] Report from [4] Kyle Evans: Hiring ? Im A Exp Admin :D
[2012/10/9 - 20:5:46] Report from [4] Kyle Evans: Hiring Exp Admins ?
[2012/10/9 - 21:21:46] Report from [1] Roland Mission: Can the global ooc chat enbaled?
[2012/10/12 - 13:45:19] Report from [1] Jay Jayson: Admins available?
[2012/10/12 - 13:45:47] Report from [1] Jay Jayson: Can you turn on OOC.
[2012/10/12 - 13:51:46] Report from [1] Jay Jayson: Can you TP me to NG HQ?
[2012/10/12 - 13:52:47] Report from [1] Jay Jayson: Superman... Can I Get Tleeport to NG
[2012/10/12 - 13:54:13] Report from [1] Jay Jayson: I know where it is.. Can I get a Plane or something?
[2012/10/12 - 13:58:56] Report from [1] Jay Jayson: Do FBI and theese stuffs dont have a blue name?
[2012/10/12 - 13:59:31] Report from [1] Jay Jayson: I cant get deagle why?
[2012/10/12 - 14:14:20] Report from [1] Jay Jayson: Are u kidding me... I cnat use /siren.. It says that I am not "on duty"
[2012/10/12 - 14:16:34] Report from [1] Jay Jayson: DId it say I hacked
[2012/10/12 - 14:17:56] Report from [1] Jay Jayson: I am coming soon,m need to playt some LoL
[2012/11/21 - 10:14:31] Report from [1] Micheal Bob: Enable out of charcter chat please.
[2012/11/22 - 17:33:22] Report from [2] Moe Lester: your mothers tits?
[2012/11/24 - 21:14:24] Report from [1] Josh Cave: blach
[2012/11/24 - 22:6:45] Report from [3] Samantha Parker: Mind giving me my skin?
[2012/12/1 - 12:5:44] Report from [0] Katti Kimberly: any admin there?
[2012/12/3 - 16:22:36] Report from [1] Ashley Esperto: Can i be admin and lead a faction?
[2012/12/3 - 16:37:17] Report from [1] Ashley Esperto: Me!
[2012/12/3 - 16:38:49] Report from [1] Ashley Esperto: Is there a fbi faction?
[2012/12/3 - 16:56:9] Report from [5] Chicken Lickin: can i lead a factionp
[2012/12/3 - 17:6:24] Report from [1] Nigel Mulcahy: I think the forums are down.
[2012/12/3 - 18:10:47] Report from [4] Craig Durant: Hiring Exp Admins ?
[2012/12/3 - 20:23:33] Report from [1] Will Vincent: Can you make me an admin now?
[2012/12/3 - 20:41:1] Report from [1] Drake Tanaka: Answer the question, lol.
[2012/12/4 - 4:57:59] Report from [1] Jake Hawk: what factions can I lead!
[2012/12/4 - 15:45:58] Report from [0] Sami Minor: 2 Hacking
[2012/12/4 - 15:46:46] Report from [0] Sami Minor: Thank you admins!
[2012/12/4 - 15:47:13] Report from [0] Sami Minor: Josh is a corrupt admin, he unjailed himself :(
[2012/12/4 - 20:5:23] Report from [2] Scott Addams: Hello there?
[2012/12/4 - 20:11:42] Report from [2] Scott Addams: yo josh,is there an available faction?
[2012/12/4 - 20:24:7] Report from [2] Scott Addams: help,im stucked
[2012/12/5 - 3:28:56] Report from [1] Don McKenly: WHo's the owner?
[2012/12/5 - 3:29:24] Report from [1] Don McKenly: Josh what?
[2012/12/15 - 18:4:13] Report from [1] Alvino Zavala: I need assistance.
[2012/12/16 - 4:25:48] Report from [2] Pow Chavez: Are u the owner
[2012/12/16 - 4:26:26] Report from [2] Pow Chavez: Who is the owner?
[2012/12/20 - 10:55:48] Report from [2] Jolly Sage: Admin Can you make me a FBI?
[2012/12/20 - 11:12:45] Report from [2] Yiu Kin: Any admin?
[2012/12/20 - 15:14:48] Report from [2] Josh Cave: test
[2012/12/20 - 15:35:42] Report from [0] Luke Summers: Hello - Can I talk to admin
[2012/12/20 - 19:24:20] Report from [2] Sergey Petrov: lol look where i am
[2012/12/20 - 19:27:46] Report from [2] Sergey Petrov: id 5 you can just crash and continue? non rp
[2012/12/20 - 19:37:40] Report from [2] Sergey Petrov: where the hell is my car.
[2012/12/20 - 19:46:2] Report from [3] Tifanny Ramsey: Katie
[2012/12/20 - 19:46:29] Report from [3] Tifanny Ramsey: Tele here
[2012/12/20 - 19:46:59] Report from [3] Tifanny Ramsey: Tele here
[2012/12/20 - 19:51:20] Report from [2] Sergey Petrov: no /take license? i need it.
[2012/12/20 - 19:51:56] Report from [2] Sergey Petrov: -.- no /cophelp i need /take license nothing in /factionhelp
[2012/12/21 - 4:43:37] Report from [0] Steven Colt: bug
[2012/12/21 - 17:22:22] Report from [7] Sergey Petrov: question /suggestion why is there no first aid kit in lspd lockers
[2012/12/21 - 17:31:59] Report from [7] Sergey Petrov: i have a suggestion, but i need to show you what it is.. 
[2012/12/21 - 17:45:54] Report from [7] Sergey Petrov: why
[2012/12/21 - 18:7:36] Report from [6] Jorge Zavala: obviously you guys avent heard about tab out
[2012/12/21 - 20:46:58] Report from [3] Sergey Petrov: why did you ban me when i was away?
[2012/12/21 - 20:54:36] Report from [3] Sergey Petrov: please tp, im in a bugged int. cant get out
[2012/12/21 - 21:6:4] Report from [3] Sergey Petrov: and i blew up
[2012/12/22 - 10:18:25] Report from [2] Yiu Xih: I wanna be admin, please.
[2012/12/23 - 12:36:28] Report from [2] Katie Castillo: Josh_Cave, Saying he loves me without OOC permission.
[2012/12/24 - 13:52:35] Report from [2] Katie Castillo: Josh is using hax's
[2012/12/25 - 9:28:25] Report from [0] Micheal Thopmson: 0
[2012/12/27 - 13:41:35] Report from [2] Piotr Ivanovichh: 1 being a homo 
[2012/12/27 - 13:42:52] Report from [2] Piotr Ivanovichh: 0 DMDMDMDMDMDMDM
[2012/12/28 - 3:58:14] Report from [0] Katya Yevtushenko: Shit
[2012/12/28 - 3:58:41] Report from [0] Katya Yevtushenko: Shit
[2012/12/28 - 14:16:6] Report from [4] Vladislav Ikarnov: 1 cheat!
[2012/12/28 - 16:11:55] Report from [2] Alek Yevtushenko: xander tp hacking
[2012/12/28 - 17:10:57] Report from [8] Joseph Capone: 7 bunnyjump
[2012/12/29 - 6:33:32] Report from [0] Andy McQueeny: Can My health be set?
[2012/12/29 - 6:56:19] Report from [0] Andy McQueeny: Mike tp me please
[2012/12/29 - 13:33:37] Report from [4] Joseph Capone: I am stuck under the ground, can I get some assistance please.
[2012/12/29 - 13:52:24] Report from [7] Andy McQueeny: I am still stuck in this house yo.
[2012/12/29 - 14:28:32] Report from [4] Joseph Capone: I got stuck under the ground, help please.
[2013/1/30 - 13:2:17] Report from [2] Jason Wye: make me mod xD
[2013/2/3 - 20:22:37] Report from [2] Andrew Mando: Change walking styles damn it
[2013/2/7 - 15:24:4] Report from [3] Osvaldo Daniel: I want to a bank robbery
[2013/2/7 - 15:27:1] Report from [3] Osvaldo Daniel: When?
[2013/2/7 - 15:32:11] Report from [3] Osvaldo Daniel: sorry i don't have phine :D sorry
[2013/2/7 - 18:58:28] Report from [1] Danny Kovalchuk: hep
[2013/2/7 - 18:58:29] Report from [0] Alexander Greco: danny DMING FIGGIT
[2013/2/10 - 8:35:32] Report from [1] Micheal Thopmson: I am a moderator and it keeps calling me a trial admin
[2013/2/11 - 8:57:56] Report from [2] Riley Flynn: It's Dwayne.
[2013/2/11 - 9:52:40] Report from [2] Osvaldo Daniel: Riley okay
[2013/2/11 - 9:53:10] Report from [2] Osvaldo Daniel: here wait.. 
[2013/2/11 - 9:55:24] Report from [2] Osvaldo Daniel: Riley, you here?
[2013/2/18 - 11:9:59] Report from [1] Anas Ahmed: hi.
[2013/2/19 - 6:19:14] Report from [0] Preet Singh: come to ls airport
[2013/2/19 - 16:32:35] Report from [0] Jamie Thornton: Test
[2013/2/20 - 15:55:59] Report from [3] Vinnie Yakuza: I want a namechange. Sorry,if I can change it somewhere else. Just didn't know.
[2013/2/20 - 16:1:47] Report from [3] Vinnie Yakuza: May I get a namechange? :)
[2013/2/20 - 16:2:16] Report from [3] Vinnie Yakuza: Milan_Black,I guess.
[2013/2/20 - 16:27:50] Report from [4] Kiro Yakuza: im falling from sky can u tp me fast
[2013/2/20 - 16:29:22] Report from [2] Kiro Yakuza: im still in sky can i get tp??
[2013/2/20 - 16:34:41] Report from [2] Kiro Yakuza: im stuck in my position and cant move?
[2013/2/20 - 16:34:52] Report from [4] Loleex Lani: justin case goto me please
[2013/2/22 - 19:39:8] Report from [2] Frank Gambino: can i be admin ?
[2013/2/23 - 13:44:28] Report from [4] Logan Oliver: are you hiring for staff
[2013/2/23 - 13:45:44] Report from [4] Logan Oliver: does this need factions leader?
[2013/2/23 - 16:21:2] Report from [0] Justin Case: test
[2013/3/8 - 13:40:33] Report from [1] Harley Reid: niggers
[2013/3/9 - 18:25:46] Report from [3] Nev Smith: Ey' Skip my tutorial.
[2013/3/22 - 21:8:41] Report from [4] Jono Luck: billy?
[2013/3/23 - 7:23:40] 
[2013/3/23 - 7:23:45] 
[2013/3/23 - 12:15:50] Report from [2] Jack Mahone: HI
[2013/3/23 - 12:44:54] Report from [2] Henrik Tucker: Eject me out of the tut.
[2013/3/23 - 12:52:18] Report from [4] Josh McArtin: Eject me bish's
[2013/3/23 - 14:40:47] Report from [0] Jack Cromsby: Owner or a admin come to me
[2013/3/23 - 14:41:16] Report from [0] Jack Cromsby: Owner or a admin come to me
[2013/3/23 - 15:49:36] Report from [6] Salvatore Furino: Why is John Apollon teleporting me around
[2013/3/23 - 18:3:13] Report from [2] Vince Johnson: force tut me?
[2013/3/23 - 19:32:58] Report from [5] Jamie Sanchez: give me VIp
[2013/3/23 - 19:33:58] Report from [5] Jamie Sanchez: can l workd LSPD or MEDIC plese
[2013/3/23 - 19:34:46] Report from [5] Jamie Sanchez: can l workd LSPD or MEDIC plese
[2013/3/23 - 19:35:47] Report from [5] Jamie Sanchez: l can invite in the server tomorow many people
[2013/3/23 - 19:36:14] Report from [4] Steve Sanchez: VIp pls
[2013/3/23 - 19:36:33] Report from [0] Joey Pinkman: can you make me this biz sir
[2013/3/23 - 19:46:15] Report from [4] Steve Sanchez: Can do a house ?
[2017/6/22 - 16:32:14] 
[2017/6/22 - 16:32:17] 
[2017/6/22 - 16:32:19] 
[2017/6/22 - 16:32:23] 
[2017/6/23 - 0:9:2] Report from [0] Giovanni Salvatore: 0 1
[2017/6/23 - 1:46:52] 
[2017/6/25 - 20:26:52] Reporte de [0] Giovanni Salvatore: 0 a
[2017/7/9 - 0:1:44] Reporte de [0] Oscar Pinto: sdf
[2017/7/11 - 23:54:40] 
[2017/7/12 - 19:15:37] 
[2017/7/12 - 19:15:42] Reporte de [0] Oscar Pinto: asdad
[2017/7/13 - 18:17:57] Reporte de [0] Oscar Pinto: Reporte de {FF6347}[0] {FFFF91}Oscar Pinto a [79]{FFFF91}ad: 
[2017/7/13 - 18:24:40] Reporte de [1] Benito Mussolini: Reporte de {FF6347}[1] {FFFF91}Benito Mussolini a [0]{FFFF91}Oscar Pinto: afasf
[2017/7/13 - 18:25:23] Reporte de [0] Oscar Pinto: Reporte de {FF6347}[0] {FFFF91}Oscar Pinto a [1]{FFFF91}Benito Mussolini: 1 1
[2017/7/13 - 18:25:51] Reporte de [0] Oscar Pinto: Reporte de {FF6347}[0] {FFFF91}Oscar Pinto a [1]{FFFF91}Benito Mussolini: 1 1
[2017/7/13 - 18:29:8] Reporte de [0] Oscar Pinto: Reporte de {FF6347}[0] {FFFF91}Oscar Pinto a {FF6347}[0]{FFFF91}Oscar Pinto: {FFFFFF}asda
[2017/7/13 - 18:29:25] Reporte de [1] Benito Mussolini: Reporte de {FF6347}[1] {FFFF91}Benito Mussolini a {FF6347}[0]{FFFF91}Oscar Pinto: {FFFFFF}asdasd
[2017/7/13 - 18:29:54] Reporte de [0] Oscar Pinto: Reporte de {FF6347}[0] {FFFF91}Oscar Pinto a {FF6347}[1]{FFFF91}Benito Mussolini: {FFFFFF}dsf
[2017/7/14 - 0:29:20] Reporte de [2] Oscar Pinto: Reporte de {FF6347}[2] {FFFF91}Oscar Pinto a {FF6347}[0]{FFFF91}Bot Admin: {FFFFFF}falso dios
[2017/7/16 - 20:16:40] Reporte de [0] Oscar Pinto: Reporte de {FF6347}[0] {FFFF91}Oscar Pinto a {FF6347}[0]{FFFF91}Oscar Pinto: {FFFFFF}PG
[2017/7/20 - 22:10:31] Reporte de [2] Oscar Pinto: Reporte de {FF6347}[2] {FFFF91}Oscar Pinto a {FF6347}[0]{FFFF91}Victoria Robles: {FFFFFF}muy sexy
[2017/8/5 - 17:10:5] 
[2017/8/6 - 0:9:27] Reporte de [1] Dami Salman: Reporte de {FF6347}[1] {FFFF91}Dami Salman a {FF6347}[1]{FFFF91}Dami Salman: {FFFFFF}Un Admin Podria Venir [2017/8/6 - 0:11:14] Reporte de [1] Dami Salman: Reporte de {FF6347}[1] {FFFF91}Dami Salman a {FF6347}[1]{FFFF91}Dami Salman: {FFFFFF}Un Administrador
[2017/8/6 - 17:50:9] Reporte de [3] Tomas Calle: Reporte de {FF6347}[3] {FFFF91}Tomas Calle a {FF6347}[2]{FFFF91}Vinnie Paz: {FFFFFF}No rol de choque (se m[2017/8/7 - 4:25:30] Reporte de [2] Ramiro Ance: Reporte de {FF6347}[2] {FFFF91}Ramiro Ance a {FF6347}[2]{FFFF91}Ramiro Ance: {FFFFFF}oye soy del face
[2017/8/7 - 4:28:43] Reporte de [2] Ramiro Ance: Reporte de {FF6347}[2] {FFFF91}Ramiro Ance a {FF6347}[2]{FFFF91}Ramiro Ance: {FFFFFF}osca tpeate
[2018/4/5 - 19:58:19] Reporte de [0] Oscar Pinto: Reporte de {FF6347}[0] {FFFF91}Oscar Pinto a {FF6347}[0]{FFFF91}Oscar Pinto: {FFFFFF}responde este report[2018/4/6 - 1:25:52] Reporte de [5] Jack Sumgrace: Reporte de {FF6347}[5] {FFFF91}Jack Sumgrace a {FF6347}[5]{FFFF91}Jack Sumgrace: {FFFFFF}Vengan
[2018/4/7 - 17:29:2] Reporte de [6] Diego Milan: Reporte de {FF6347}[6] {FFFF91}Diego Milan a {FF6347}[6]{FFFF91}Diego Milan: {FFFFFF}puedes venir a mi poc[2018/4/7 - 17:34:2] Reporte de [6] Diego Milan: Reporte de {FF6347}[6] {FFFF91}Diego Milan a {FF6347}[5]{FFFF91}Miguel Salvatore: {FFFFFF}esta volando
[2018/4/7 - 17:56:10] Reporte de [0] Brayan Osorio: Reporte de {FF6347}[0] {FFFF91}Brayan Osorio a {FF6347}[9]{FFFF91}Alsakarim Khalid: {FFFFFF}NRC
[2018/4/7 - 19:53:57] Reporte de [1] Jack Sumgrace: Reporte de {FF6347}[1] {FFFF91}Jack Sumgrace a {FF6347}[1]{FFFF91}Jack Sumgrace: {FFFFFF}Oscar ven
[2018/4/8 - 0:19:25] Reporte de [3] Diego Milan: Reporte de {FF6347}[3] {FFFF91}Diego Milan a {FF6347}[2]{FFFF91}Alsakarim Khalid: {FFFFFF}no rolea el robo[2018/4/8 - 1:40:5] Reporte de [5] Brayan Osorio: Reporte de {FF6347}[5] {FFFF91}Brayan Osorio a {FF6347}[65535]{FFFF91}: {FFFFFF}pregunta por alguien cana[2018/4/8 - 1:42:19] Reporte de [7] Jack Sumgrace: Reporte de {FF6347}[7] {FFFF91}Jack Sumgrace a {FF6347}[3]{FFFF91}Alsakarim Khalid: {FFFFFF}MG
[2018/4/8 - 2:6:16] Reporte de [1] Alsakarim Khalid: Reporte de {FF6347}[1] {FFFF91}Alsakarim Khalid a {FF6347}[9]{FFFF91}Kevin Chacon: {FFFFFF}CJ 
[2018/4/8 - 5:3:16] Reporte de [0] Nicole Bennet: Reporte de {FF6347}[0] {FFFF91}Nicole Bennet a {FF6347}[0]{FFFF91}Nicole Bennet: {FFFFFF}Hay algun sub fu[2018/4/8 - 5:39:24] Reporte de [2] Oscar Pinto: Reporte de {FF6347}[2] {FFFF91}Oscar Pinto a {FF6347}[2]{FFFF91}Oscar Pinto: {FFFFFF}respondeme Kevin
[2018/4/8 - 5:42:43] Reporte de [2] Oscar Pinto: Reporte de {FF6347}[2] {FFFF91}Oscar Pinto a {FF6347}[2]{FFFF91}Oscar Pinto: {FFFFFF}/astats
[2018/4/8 - 19:6:42] Reporte de [0] Alsakarim Khalid: Reporte de {FF6347}[0] {FFFF91}Alsakarim Khalid a {FF6347}[0]{FFFF91}Alsakarim Khalid: {FFFFFF}Un Aut[2018/4/8 - 21:34:34] Reporte de [9] Alsakarim Khalid: Reporte de {FF6347}[9] {FFFF91}Alsakarim Khalid a {FF6347}[4]{FFFF91}Elias Chacon: {FFFFFF}PG2 PG
[2018/4/8 - 22:2:16] Reporte de [9] Alsakarim Khalid: Reporte de {FF6347}[9] {FFFF91}Alsakarim Khalid a {FF6347}[10]{FFFF91}Diego Milan: {FFFFFF}Usar Spac [2018/4/8 - 22:3:54] Reporte de [9] Alsakarim Khalid: Reporte de {FF6347}[9] {FFFF91}Alsakarim Khalid a {FF6347}[6]{FFFF91}Miguel Salvatore: {FFFFFF}Siempr[2018/4/8 - 23:7:20] Reporte de [4] Diego Milan: Reporte de {FF6347}[4] {FFFF91}Diego Milan a {FF6347}[4]{FFFF91}Diego Milan: {FFFFFF}no puedo salir de la [2018/4/9 - 0:10:23] Reporte de [11] Jack Sumgrace: Reporte de {FF6347}[11] {FFFF91}Jack Sumgrace a {FF6347}[10]{FFFF91}Nick Vasquez: {FFFFFF}dm
[2018/4/9 - 1:27:54] Reporte de [2] Elias Hoffman: Reporte de {FF6347}[2] {FFFF91}Elias Hoffman a {FF6347}[2]{FFFF91}Elias Hoffman: {FFFFFF}Me bugié salien[2018/4/9 - 1:49:37] Reporte de [11] Jack Sumgrace: Reporte de {FF6347}[11] {FFFF91}Jack Sumgrace a {FF6347}[13]{FFFF91}Franco Ramirez: {FFFFFF}ER
[2018/4/9 - 1:49:48] Reporte de [13] Franco Ramirez: Reporte de {FF6347}[13] {FFFF91}Franco Ramirez a {FF6347}[13]{FFFF91}Franco Ramirez: {FFFFFF}me bugee [2018/4/9 - 2:21:58] Reporte de [2] Elias Hoffman: Reporte de {FF6347}[2] {FFFF91}Elias Hoffman a {FF6347}[1]{FFFF91}Elias Chacon: {FFFFFF}MG
[2018/4/9 - 2:24:7] Reporte de [2] Elias Hoffman: Reporte de {FF6347}[2] {FFFF91}Elias Hoffman a {FF6347}[11]{FFFF91}Jack Sumgrace: {FFFFFF}y ID 1; No rol [2018/4/9 - 2:43:0] Reporte de [2] Elias Hoffman: Reporte de {FF6347}[2] {FFFF91}Elias Hoffman a {FF6347}[12]{FFFF91}Darwin Chacon: {FFFFFF}No rol de revis[2018/4/9 - 3:2:22] Reporte de [1] Nicole Bennett: Reporte de {FF6347}[1] {FFFF91}Nicole Bennett a {FF6347}[3]{FFFF91}Jefferson Porras: {FFFFFF}Oscar podri[2018/4/9 - 15:29:36] Reporte de [1] Shady Adel: Reporte de {FF6347}[1] {FFFF91}Shady Adel a {FF6347}[6]{FFFF91}Nick Vasquez: {FFFFFF}PG y DM.
[2018/4/9 - 20:29:2] Reporte de [4] Santiago Martin: Reporte de {FF6347}[4] {FFFF91}Santiago Martin a {FF6347}[3]{FFFF91}andres paul: {FFFFFF}mal nombrte n[2018/4/9 - 22:18:7] Reporte de [6] Misael Ronquillo: Reporte de {FF6347}[6] {FFFF91}Misael Ronquillo a {FF6347}[6]{FFFF91}Misael Ronquillo: {FFFFFF}Por qu[2018/4/10 - 0:48:39] Reporte de [15] Gabriel Diazr: Reporte de {FF6347}[15] {FFFF91}Gabriel Diazr a {FF6347}[0]{FFFF91}Kevin Chacon: {FFFFFF}En rol de per[2018/4/10 - 1:14:8] Reporte de [19] Hector Tabelli: Reporte de {FF6347}[19] {FFFF91}Hector Tabelli a {FF6347}[19]{FFFF91}Hector Tabelli: {FFFFFF}Soy de la[2018/4/10 - 2:22:9] Reporte de [7] Rabi Khalid: Reporte de {FF6347}[7] {FFFF91}Rabi Khalid a {FF6347}[65535]{FFFF91}: {FFFFFF}dirijo a la comisaria jefe
[2018/4/10 - 2:37:27] Reporte de [6] Alsakarim Khalid: Reporte de {FF6347}[6] {FFFF91}Alsakarim Khalid a {FF6347}[7]{FFFF91}Rabi Khalid: {FFFFFF}IOOC
[2018/4/10 - 2:58:48] Reporte de [7] Rabi Khalid: Reporte de {FF6347}[7] {FFFF91}Rabi Khalid a {FF6347}[6]{FFFF91}Alsakarim Khalid: {FFFFFF}IHQ
[2018/4/10 - 2:59:13] Reporte de [4] Frenddys Martinez: Reporte de {FF6347}[4] {FFFF91}Frenddys Martinez a {FF6347}[6]{FFFF91}Alsakarim Khalid: {FFFFFF}HIQ[2018/4/10 - 3:5:38] Reporte de [18] Gonzalo Rivera: Reporte de {FF6347}[18] {FFFF91}Gonzalo Rivera a {FF6347}[4]{FFFF91}Anderson Abreu: {FFFFFF}PG, PG2 y [2018/4/10 - 16:22:15] Reporte de [7] Alsakarim Khalid: Reporte de {FF6347}[7] {FFFF91}Alsakarim Khalid a {FF6347}[6]{FFFF91}Matias Carlito: {FFFFFF}NRH
[2018/4/10 - 20:4:16] Reporte de [7] Gonzalo Rivera: Reporte de {FF6347}[7] {FFFF91}Gonzalo Rivera a {FF6347}[65535]{FFFF91}: {FFFFFF}admin me manda a LS p[2018/4/11 - 3:22:19] Reporte de [8] Ricky Hainz: Reporte de {FF6347}[8] {FFFF91}Ricky Hainz a {FF6347}[8]{FFFF91}Ricky Hainz: {FFFFFF}¿Algún administrador[2018/4/11 - 3:23:2] Reporte de [2] Matias Carlito: Reporte de {FF6347}[2] {FFFF91}Matias Carlito a {FF6347}[3]{FFFF91}Joseph Maquera: {FFFFFF}hack de atra[2018/4/11 - 3:23:52] Reporte de [8] Ricky Hainz: Reporte de {FF6347}[8] {FFFF91}Ricky Hainz a {FF6347}[8]{FFFF91}Ricky Hainz: {FFFFFF}¿Existe algúna maner[2018/4/11 - 4:12:10] Reporte de [13] Gabriel Diazr: Reporte de {FF6347}[13] {FFFF91}Gabriel Diazr a {FF6347}[16]{FFFF91}Frenddys Martinez: {FFFFFF}Se desc[2018/4/11 - 5:3:53] Reporte de [2] Gonzalo Rivera: Reporte de {FF6347}[2] {FFFF91}Gonzalo Rivera a {FF6347}[14]{FFFF91}Victoria Robles: {FFFFFF}AA
[2018/4/11 - 13:37:49] Reporte de [2] Christian Korsakov: Reporte de {FF6347}[2] {FFFF91}Christian Korsakov a {FF6347}[2]{FFFF91}Christian Korsakov: {FFFFF[2018/4/11 - 16:57:51] Reporte de [11] Shady Adel: Reporte de {FF6347}[11] {FFFF91}Shady Adel a {FF6347}[0]{FFFF91}Brayan Osorio: {FFFFFF}BD
[2018/4/11 - 17:7:36] Reporte de [0] Brayan Osorio: Reporte de {FF6347}[0] {FFFF91}Brayan Osorio a {FF6347}[6]{FFFF91}Miguel Salvatore: {FFFFFF}MA
[2018/4/11 - 19:37:13] Reporte de [7] Frenddys Martinez: Reporte de {FF6347}[7] {FFFF91}Frenddys Martinez a {FF6347}[1]{FFFF91}Shady Adel: {FFFFFF}NO ROL D[2018/4/11 - 20:25:12] Reporte de [8] Annie Loher: Reporte de {FF6347}[8] {FFFF91}Annie Loher a {FF6347}[13]{FFFF91}David Price: {FFFFFF}LA2
[2018/4/12 - 1:9:28] Reporte de [11] Santiago Martin: Reporte de {FF6347}[11] {FFFF91}Santiago Martin a {FF6347}[5]{FFFF91}Gonzalo Rivera: {FFFFFF}RK
[2018/4/12 - 1:11:13] Reporte de [11] Santiago Martin: Reporte de {FF6347}[11] {FFFF91}Santiago Martin a {FF6347}[3]{FFFF91}Gabriel Diazr: {FFFFFF}RK
[2018/4/12 - 2:3:55] Reporte de [14] Oscar Pinto: Reporte de {FF6347}[14] {FFFF91}Oscar Pinto a {FF6347}[14]{FFFF91}Oscar Pinto: {FFFFFF}TEst
[2018/4/12 - 2:29:49] Reporte de [7] Alsakarim Khalid: Reporte de {FF6347}[7] {FFFF91}Alsakarim Khalid a {FF6347}[3]{FFFF91}Frenddys Martinez: {FFFFFF}CJ
[2018/4/12 - 3:9:30] Reporte de [12] Henry Scaletta: Reporte de {FF6347}[12] {FFFF91}Henry Scaletta a {FF6347}[8]{FFFF91}Santiago Martin: {FFFFFF}Aimbot
[2018/4/12 - 3:10:51] Reporte de [11] Alsakarim Khalid: Reporte de {FF6347}[11] {FFFF91}Alsakarim Khalid a {FF6347}[8]{FFFF91}Santiago Martin: {FFFFFF}MG -[2018/4/12 - 3:16:6] Reporte de [8] Santiago Martin: Reporte de {FF6347}[8] {FFFF91}Santiago Martin a {FF6347}[10]{FFFF91}Gabriel Medrano: {FFFFFF}NRH
[2018/4/12 - 20:40:15] Reporte de [6] Shady Adel: Reporte de {FF6347}[6] {FFFF91}Shady Adel a {FF6347}[4]{FFFF91}David Price: {FFFFFF}CK.
[2018/4/12 - 21:9:10] Reporte de [3] Anfel Lorenzo: Reporte de {FF6347}[3] {FFFF91}Anfel Lorenzo a {FF6347}[6]{FFFF91}Diego Milan: {FFFFFF}NRA+NRE
[2018/4/12 - 21:19:54] Reporte de [9] Isaac Rufino: Reporte de {FF6347}[9] {FFFF91}Isaac Rufino a {FF6347}[9]{FFFF91}Isaac Rufino: {FFFFFF}le pueden poner [2018/4/12 - 21:21:50] Reporte de [1] Samuel Dybala: Reporte de {FF6347}[1] {FFFF91}Samuel Dybala a {FF6347}[65535]{FFFF91}: {FFFFFF}NRA NRE IHQ TK PG
[2018/4/12 - 21:54:41] Reporte de [4] David Price: Reporte de {FF6347}[4] {FFFF91}David Price a {FF6347}[2]{FFFF91}Darwin Chacon: {FFFFFF}PG lo tazee y se [2018/4/12 - 21:56:7] Reporte de [16] Shady Adel: Reporte de {FF6347}[16] {FFFF91}Shady Adel a {FF6347}[10]{FFFF91}Jhon Lock: {FFFFFF}Vigilar a dicho usuar[2018/4/12 - 22:56:25] Reporte de [6] Rodrigo Mzienski: Reporte de {FF6347}[6] {FFFF91}Rodrigo Mzienski a {FF6347}[16]{FFFF91}Shady Adel: {FFFFFF}Robar veh[2018/4/13 - 0:8:31] Reporte de [15] Rodrigo Mzienski: Reporte de {FF6347}[15] {FFFF91}Rodrigo Mzienski a {FF6347}[9]{FFFF91}Alfonso Hoegaarden: {FFFFFF}PG[2018/4/13 - 0:14:29] Reporte de [15] Rodrigo Mzienski: Reporte de {FF6347}[15] {FFFF91}Rodrigo Mzienski a {FF6347}[4]{FFFF91}Matias Carlito: {FFFFFF}NRH
[2018/4/13 - 0:15:29] Reporte de [10] Rodrigo Mzienski: Reporte de {FF6347}[10] {FFFF91}Rodrigo Mzienski a {FF6347}[4]{FFFF91}Matias Carlito: {FFFFFF}NRH
[2018/4/13 - 0:21:35] Reporte de [10] Rodrigo Mzienski: Reporte de {FF6347}[10] {FFFF91}Rodrigo Mzienski a {FF6347}[4]{FFFF91}Matias Carlito: {FFFFFF}NRH
[2018/4/13 - 13:44:41] Reporte de [2] Alsakarim Khalid: Reporte de {FF6347}[2] {FFFF91}Alsakarim Khalid a {FF6347}[0]{FFFF91}Brayan Osorio: {FFFFFF}MG PG M[2018/4/13 - 14:10:22] Reporte de [0] Brayan Osorio: Reporte de {FF6347}[0] {FFFF91}Brayan Osorio a {FF6347}[2]{FFFF91}Alsakarim Khalid: {FFFFFF}MA
[2018/4/13 - 14:56:46] Reporte de [5] Marck Winchester: Reporte de {FF6347}[5] {FFFF91}Marck Winchester a {FF6347}[4]{FFFF91}Alsakarim Khalid: {FFFFFF}veni[2018/4/14 - 18:24:56] Reporte de [2] Juan Vargas: Reporte de {FF6347}[2] {FFFF91}Juan Vargas a {FF6347}[1]{FFFF91}Brayan Osorio: {FFFFFF}no puedo subir a [2018/4/15 - 3:32:13] Reporte de [2] Esteban Milano: Reporte de {FF6347}[2] {FFFF91}Esteban Milano a {FF6347}[2]{FFFF91}Esteban Milano: {FFFFFF}me dijieron[2018/4/15 - 4:12:34] Reporte de [6] Kevin Chacon: Reporte de {FF6347}[6] {FFFF91}Kevin Chacon a {FF6347}[2]{FFFF91}Esteban Milano: {FFFFFF}Teleport
[2018/4/15 - 21:43:5] Reporte de [5] Diego Milan: Reporte de {FF6347}[5] {FFFF91}Diego Milan a {FF6347}[5]{FFFF91}Diego Milan: {FFFFFF}llevame al evento
[2018/4/15 - 21:46:21] Reporte de [5] Diego Milan: Reporte de {FF6347}[5] {FFFF91}Diego Milan a {FF6347}[5]{FFFF91}Diego Milan: {FFFFFF}llevame donde estan[2018/4/16 - 0:13:49] Reporte de [6] Santiago Capone: Reporte de {FF6347}[6] {FFFF91}Santiago Capone a {FF6347}[2]{FFFF91}Alsakarim Khalid: {FFFFFF}TK
[2018/4/16 - 1:44:46] Reporte de [6] Jeferson Blondell: Reporte de {FF6347}[6] {FFFF91}Jeferson Blondell a {FF6347}[0]{FFFF91}Brayan Osorio: {FFFFFF}Brayan[2018/4/16 - 1:51:46] Reporte de [6] Jeferson Blondell: Reporte de {FF6347}[6] {FFFF91}Jeferson Blondell a {FF6347}[8]{FFFF91}Oscar Pinto: {FFFFFF}oscar ve[2018/4/16 - 2:2:21] Reporte de [6] Jeferson Blondell: Reporte de {FF6347}[6] {FFFF91}Jeferson Blondell a {FF6347}[0]{FFFF91}Brayan Osorio: {FFFFFF}venir
[2018/4/16 - 2:50:18] Reporte de [9] Jeferson Blondell: Reporte de {FF6347}[9] {FFFF91}Jeferson Blondell a {FF6347}[1]{FFFF91}Brayan Osorio: {FFFFFF}venir[2018/4/16 - 18:14:31] Reporte de [6] Isaac Rufino: Reporte de {FF6347}[6] {FFFF91}Isaac Rufino a {FF6347}[6]{FFFF91}Isaac Rufino: {FFFFFF}estoy buggg
[2018/4/16 - 21:43:50] Reporte de [0] Diego Milan: Reporte de {FF6347}[0] {FFFF91}Diego Milan a {FF6347}[0]{FFFF91}Diego Milan: {FFFFFF}me bugie
[2018/4/16 - 21:53:31] Reporte de [8] Stefano Priciani: Reporte de {FF6347}[8] {FFFF91}Stefano Priciani a {FF6347}[0]{FFFF91}Diego Milan: {FFFFFF}dm
[2018/4/16 - 22:8:23] Reporte de [0] Diego Milan: Reporte de {FF6347}[0] {FFFF91}Diego Milan a {FF6347}[3]{FFFF91}Isaac Rufino: {FFFFFF}me hace preguntas q[2018/4/16 - 22:17:14] Reporte de [0] Esteban Milano: Reporte de {FF6347}[0] {FFFF91}Esteban Milano a {FF6347}[1]{FFFF91}Darius Wolff: {FFFFFF}no rolea
[2018/4/16 - 22:56:0] Reporte de [1] Alsakarim Khalid: Reporte de {FF6347}[1] {FFFF91}Alsakarim Khalid a {FF6347}[3]{FFFF91}Mia Marchetti: {FFFFFF}Denle su[2018/4/17 - 19:35:57] Reporte de [13] Santiago Motta: Reporte de {FF6347}[13] {FFFF91}Santiago Motta a {FF6347}[13]{FFFF91}Santiago Motta: {FFFFFF}No me d[2018/4/17 - 20:12:10] Reporte de [9] Diego Milan: Reporte de {FF6347}[9] {FFFF91}Diego Milan a {FF6347}[3]{FFFF91}Darwin Chacon: {FFFFFF}no quiere salir d[2018/4/17 - 20:55:41] Reporte de [4] Elizabeth Spopovich: Reporte de {FF6347}[4] {FFFF91}Elizabeth Spopovich a {FF6347}[12]{FFFF91}Rodrigo Mzienski: {FFFF[2018/4/17 - 20:55:41] Reporte de [15] Diego Guaraz: Reporte de {FF6347}[15] {FFFF91}Diego Guaraz a {FF6347}[12]{FFFF91}Rodrigo Mzienski: {FFFFFF}IOOC
[2018/4/17 - 21:14:25] Reporte de [4] Elizabeth Spopovich: Reporte de {FF6347}[4] {FFFF91}Elizabeth Spopovich a {FF6347}[3]{FFFF91}Darwin Chacon: {FFFFFF}P[2018/4/17 - 21:14:45] Reporte de [14] Charlotte Spopovich: Reporte de {FF6347}[14] {FFFF91}Charlotte Spopovich a {FF6347}[3]{FFFF91}Darwin Chacon: {FFFFFF[2018/4/17 - 21:47:45] Reporte de [11] Alessandro Mzienski: Reporte de {FF6347}[11] {FFFF91}Alessandro Mzienski a {FF6347}[14]{FFFF91}Charlotte Spopovich: [2018/4/17 - 22:47:29] Reporte de [8] Spencer Padilla: Reporte de {FF6347}[8] {FFFF91}Spencer Padilla a {FF6347}[8]{FFFF91}Spencer Padilla: {FFFFFF}¿Buscan[2018/4/18 - 1:33:51] Reporte de [15] Rodrigo Mzienski: Reporte de {FF6347}[15] {FFFF91}Rodrigo Mzienski a {FF6347}[17]{FFFF91}Annie Loher: {FFFFFF}Ping ex[2018/4/18 - 1:49:54] Reporte de [8] Charlotte Spopovich: Reporte de {FF6347}[8] {FFFF91}Charlotte Spopovich a {FF6347}[14]{FFFF91}Darell Castro: {FFFFFF}D[2018/4/18 - 19:2:9] Reporte de [3] Andrew Villegas: Reporte de {FF6347}[3] {FFFF91}Andrew Villegas a {FF6347}[3]{FFFF91}Andrew Villegas: {FFFFFF}me mandan[2018/4/18 - 23:4:48] Reporte de [11] Diego Milan: Reporte de {FF6347}[11] {FFFF91}Diego Milan a {FF6347}[14]{FFFF91}Isaac Rufino: {FFFFFF}NRC
[2018/4/18 - 23:55:1] Reporte de [6] Diego Milan: Reporte de {FF6347}[6] {FFFF91}Diego Milan a {FF6347}[6]{FFFF91}Diego Milan: {FFFFFF}asme los conceptos d[2018/4/19 - 1:54:9] Reporte de [7] Diego Guaraz: Reporte de {FF6347}[7] {FFFF91}Diego Guaraz a {FF6347}[65535]{FFFF91}: {FFFFFF}C-BUG Jail
[2018/4/19 - 19:37:37] Reporte de [10] Loder Latter: Reporte de {FF6347}[10] {FFFF91}Loder Latter a {FF6347}[10]{FFFF91}Loder Latter: {FFFFFF}me bug caigo [2018/4/19 - 21:2:21] Reporte de [4] Charlotte Spopovich: Reporte de {FF6347}[4] {FFFF91}Charlotte Spopovich a {FF6347}[8]{FFFF91}Brayan Osorio: {FFFFFF}MG[2018/4/19 - 21:11:17] Reporte de [4] Charlotte Spopovich: Reporte de {FF6347}[4] {FFFF91}Charlotte Spopovich a {FF6347}[9]{FFFF91}Darwin Chacon: {FFFFFF}M[2018/4/19 - 22:20:56] Reporte de [12] Larry King: Reporte de {FF6347}[12] {FFFF91}Larry King a {FF6347}[10]{FFFF91}Loder Latter: {FFFFFF}PG,NRH
[2018/4/20 - 1:56:56] Reporte de [5] Stefano Priciani: Reporte de {FF6347}[5] {FFFF91}Stefano Priciani a {FF6347}[10]{FFFF91}Darwin Chacon: {FFFFFF}Correr [2018/4/20 - 2:5:29] Reporte de [0] Rodrigo Mzienski: Reporte de {FF6347}[0] {FFFF91}Rodrigo Mzienski a {FF6347}[10]{FFFF91}Darwin Chacon: {FFFFFF}MG
[2018/4/20 - 2:53:43] Reporte de [6] Esteban Milano: Reporte de {FF6347}[6] {FFFF91}Esteban Milano a {FF6347}[6]{FFFF91}Esteban Milano: {FFFFFF}si soy un g[2018/4/20 - 3:10:3] Reporte de [0] Rodrigo Mzienski: Reporte de {FF6347}[0] {FFFF91}Rodrigo Mzienski a {FF6347}[7]{FFFF91}Darwin Chacon: {FFFFFF}evade rol[2018/4/20 - 3:11:39] Reporte de [5] Stefano Priciani: Reporte de {FF6347}[5] {FFFF91}Stefano Priciani a {FF6347}[3]{FFFF91}Brayan Osorio: {FFFFFF}nrh
[2018/4/20 - 16:15:45] Reporte de [4] Charlotte Spopovich: Reporte de {FF6347}[4] {FFFF91}Charlotte Spopovich a {FF6347}[1]{FFFF91}Jack Korsakoff: {FFFFFF}[2018/4/20 - 16:17:14] Reporte de [3] Elizabeth Spopovich: Reporte de {FF6347}[3] {FFFF91}Elizabeth Spopovich a {FF6347}[4]{FFFF91}Charlotte Spopovich: {FF[2018/4/20 - 19:2:34] Reporte de [6] Erinyel Marquez: Reporte de {FF6347}[6] {FFFF91}Erinyel Marquez a {FF6347}[6]{FFFF91}Erinyel Marquez: {FFFFFF}venga ad[2018/4/20 - 20:23:49] Reporte de [5] Shady Adel: Reporte de {FF6347}[5] {FFFF91}Shady Adel a {FF6347}[2]{FFFF91}Isaac Rufino: {FFFFFF}No le baja el chalec[2018/4/20 - 22:24:23] Reporte de [10] Rodrigo Mzienski: Reporte de {FF6347}[10] {FFFF91}Rodrigo Mzienski a {FF6347}[5]{FFFF91}Shady Adel: {FFFFFF}Captura [2018/4/21 - 18:9:59] Reporte de [15] Diego Milan: Reporte de {FF6347}[15] {FFFF91}Diego Milan a {FF6347}[2]{FFFF91}Ferney Ramos: {FFFFFF}es cadete y va a [2018/4/21 - 18:22:40] Reporte de [8] Brandon Hoyos: Reporte de {FF6347}[8] {FFFF91}Brandon Hoyos a {FF6347}[65535]{FFFF91}: {FFFFFF}asd
[2018/4/21 - 18:52:47] Reporte de [8] Brandon Hoyos: Reporte de {FF6347}[8] {FFFF91}Brandon Hoyos a {FF6347}[3]{FFFF91}Frenddys Martinez: {FFFFFF}Se tiro m[2018/4/21 - 19:25:34] Reporte de [7] Frenddys Martinez: Reporte de {FF6347}[7] {FFFF91}Frenddys Martinez a {FF6347}[2]{FFFF91}Ferney Ramos: {FFFFFF}IHQ
[2018/4/21 - 20:24:38] Reporte de [15] Diego Milan: Reporte de {FF6347}[15] {FFFF91}Diego Milan a {FF6347}[15]{FFFF91}Diego Milan: {FFFFFF}estoy bug
[2018/4/21 - 20:26:52] Reporte de [15] Diego Milan: Reporte de {FF6347}[15] {FFFF91}Diego Milan a {FF6347}[15]{FFFF91}Diego Milan: {FFFFFF}ME DESCONJELAS?[2018/4/21 - 20:55:19] Reporte de [15] Diego Milan: Reporte de {FF6347}[15] {FFFF91}Diego Milan a {FF6347}[15]{FFFF91}Diego Milan: {FFFFFF}ME MATARON Y SIG[2018/4/21 - 21:14:31] Reporte de [14] Stefano Priciani: Reporte de {FF6347}[14] {FFFF91}Stefano Priciani a {FF6347}[2]{FFFF91}Ferney Ramos: {FFFFFF}Poner [2018/4/21 - 21:17:19] Reporte de [14] Stefano Priciani: Reporte de {FF6347}[14] {FFFF91}Stefano Priciani a {FF6347}[17]{FFFF91}Shady Adel: {FFFFFF}Ihq
[2018/4/22 - 0:50:50] Reporte de [0] Shady Adel: Reporte de {FF6347}[0] {FFFF91}Shady Adel a {FF6347}[1]{FFFF91}caps dias: {FFFFFF}Nombre.
[2018/4/22 - 2:23:56] Reporte de [4] Shady Adel: Reporte de {FF6347}[4] {FFFF91}Shady Adel a {FF6347}[11]{FFFF91}Salomondo Chacon: {FFFFFF}Y ese nombre?
[2018/4/22 - 2:31:3] Reporte de [4] Shady Adel: Reporte de {FF6347}[4] {FFFF91}Shady Adel a {FF6347}[9]{FFFF91}Jack Sumgrace: {FFFFFF}Militar parándome, y [2018/4/22 - 2:34:13] Reporte de [4] Shady Adel: Reporte de {FF6347}[4] {FFFF91}Shady Adel a {FF6347}[5]{FFFF91}Agustin Acuna: {FFFFFF}Mira.
[2018/4/22 - 3:2:10] Reporte de [9] Jack Sumgrace: Reporte de {FF6347}[9] {FFFF91}Jack Sumgrace a {FF6347}[12]{FFFF91}Frenddys Martinez: {FFFFFF}NRA
[2018/4/22 - 3:2:18] Reporte de [7] Charlotte Spopovich: Reporte de {FF6347}[7] {FFFF91}Charlotte Spopovich a {FF6347}[12]{FFFF91}Frenddys Martinez: {FFFFF[2018/4/22 - 14:39:40] Reporte de [2] Salomondo Chacon: Reporte de {FF6347}[2] {FFFF91}Salomondo Chacon a {FF6347}[6]{FFFF91}Charlotte Spopovich: {FFFFFF}P[2018/4/22 - 16:25:5] Reporte de [9] Ferney Ramos: Reporte de {FF6347}[9] {FFFF91}Ferney Ramos a {FF6347}[11]{FFFF91}Mia Marchetti: {FFFFFF}cheto
[2018/4/22 - 18:1:7] Reporte de [9] Salomondo Chacon: Reporte de {FF6347}[9] {FFFF91}Salomondo Chacon a {FF6347}[5]{FFFF91}Isaac Rufino: {FFFFFF}quede atra[2018/4/22 - 18:17:30] Reporte de [14] Walther Quero: Reporte de {FF6347}[14] {FFFF91}Walther Quero a {FF6347}[0]{FFFF91}Santi Clutch: {FFFFFF}anti rol
[2018/4/22 - 19:5:13] Reporte de [12] Mia Marchetti: Reporte de {FF6347}[12] {FFFF91}Mia Marchetti a {FF6347}[65535]{FFFF91}: {FFFFFF}Poner cargos sin sabe[2018/4/22 - 19:14:19] Reporte de [11] Shady Adel: Reporte de {FF6347}[11] {FFFF91}Shady Adel a {FF6347}[17]{FFFF91}Foxy Salazar: {FFFFFF}Acabo de reconect[2018/4/22 - 19:53:19] Reporte de [14] Walther Quero: Reporte de {FF6347}[14] {FFFF91}Walther Quero a {FF6347}[2]{FFFF91}Elias Chacon: {FFFFFF}no roleo la [2018/4/22 - 19:56:36] Reporte de [20] Brandon Hoyos: Reporte de {FF6347}[20] {FFFF91}Brandon Hoyos a {FF6347}[20]{FFFF91}Brandon Hoyos: {FFFFFF}se
[2018/4/22 - 20:3:49] Reporte de [12] Salomondo Chacon: Reporte de {FF6347}[12] {FFFF91}Salomondo Chacon a {FF6347}[2]{FFFF91}Elias Chacon: {FFFFFF}anda po[2018/4/22 - 22:43:3] Reporte de [12] Frenddys Martinez: Reporte de {FF6347}[12] {FFFF91}Frenddys Martinez a {FF6347}[7]{FFFF91}Ali Mohammed: {FFFFFF}ihq
[2018/4/22 - 22:49:47] Reporte de [4] Brayan Ramirez: Reporte de {FF6347}[4] {FFFF91}Brayan Ramirez a {FF6347}[4]{FFFF91}Brayan Ramirez: {FFFFFF}Ven a mi i[2018/4/22 - 22:51:22] Reporte de [4] Brayan Ramirez: Reporte de {FF6347}[4] {FFFF91}Brayan Ramirez a {FF6347}[4]{FFFF91}Brayan Ramirez: {FFFFFF}Brayan ven[2018/4/22 - 23:1:44] Reporte de [14] Brayan Ramirez: Reporte de {FF6347}[14] {FFFF91}Brayan Ramirez a {FF6347}[4]{FFFF91}Mia Marchetti: {FFFFFF}Brayan ven[2018/4/22 - 23:3:21] Reporte de [9] Jack Sumgrace: Reporte de {FF6347}[9] {FFFF91}Jack Sumgrace a {FF6347}[14]{FFFF91}Brayan Ramirez: {FFFFFF}PG2
[2018/4/22 - 23:44:40] Reporte de [7] Brayan Ramirez: Reporte de {FF6347}[7] {FFFF91}Brayan Ramirez a {FF6347}[4]{FFFF91}Mia Marchetti: {FFFFFF}No se que p[2018/4/23 - 15:30:9] Reporte de [0] Charlotte Spopovich: Reporte de {FF6347}[0] {FFFF91}Charlotte Spopovich a {FF6347}[2]{FFFF91}Elizabeth Spopovich: {FFF[2018/4/23 - 23:18:45] Reporte de [9] Salomondo Chacon: Reporte de {FF6347}[9] {FFFF91}Salomondo Chacon a {FF6347}[5]{FFFF91}Agustin Acuna: {FFFFFF}ayudaaa[2018/4/24 - 2:1:28] Reporte de [0] Rodrigo Mzienski: Reporte de {FF6347}[0] {FFFF91}Rodrigo Mzienski a {FF6347}[8]{FFFF91}Darwin Chacon: {FFFFFF}saca arma[2018/4/24 - 17:6:27] Reporte de [8] Gabriel Medrano: Reporte de {FF6347}[8] {FFFF91}Gabriel Medrano a {FF6347}[7]{FFFF91}Agustin Chacon: {FFFFFF}iooc
[2018/4/24 - 23:21:53] Reporte de [9] Shady Adel: Reporte de {FF6347}[9] {FFFF91}Shady Adel a {FF6347}[2]{FFFF91}Martin Tapia: {FFFFFF}NRH
[2018/4/25 - 18:1:1] Reporte de [10] Omar West: Reporte de {FF6347}[10] {FFFF91}Omar West a {FF6347}[3]{FFFF91}Mohamed Alhadabi: {FFFFFF}PG2, me hace subir[2018/4/25 - 18:19:29] Reporte de [3] Mohamed Alhadabi: Reporte de {FF6347}[3] {FFFF91}Mohamed Alhadabi a {FF6347}[9]{FFFF91}Omar West: {FFFFFF}Le apunte p[2018/4/25 - 18:40:18] Reporte de [11] Isaac Rufino: Reporte de {FF6347}[11] {FFFF91}Isaac Rufino a {FF6347}[11]{FFFF91}Isaac Rufino: {FFFFFF}ayuda estoy b[2018/4/25 - 18:52:27] Reporte de [11] Isaac Rufino: Reporte de {FF6347}[11] {FFFF91}Isaac Rufino a {FF6347}[0]{FFFF91}Salomondo Chacon: {FFFFFF}robo el 24[2018/4/25 - 19:32:10] Reporte de [0] Salomondo Chacon: Reporte de {FF6347}[0] {FFFF91}Salomondo Chacon a {FF6347}[11]{FFFF91}Isaac Rufino: {FFFFFF}ANTIROL[2018/4/25 - 19:36:57] Reporte de [0] Salomondo Chacon: Reporte de {FF6347}[0] {FFFF91}Salomondo Chacon a {FF6347}[3]{FFFF91}Mohamed Alhadabi: {FFFFFF}ANTI[2018/4/25 - 22:48:21] Reporte de [4] Diego Milan: Reporte de {FF6347}[4] {FFFF91}Diego Milan a {FF6347}[4]{FFFF91}Diego Milan: {FFFFFF}me llevas al edific[2018/4/27 - 20:35:1] Reporte de [7] John Stark: Reporte de {FF6347}[7] {FFFF91}John Stark a {FF6347}[7]{FFFF91}John Stark: {FFFFFF}¡Me gustaría pedir SAEM[2018/4/27 - 20:43:50] Reporte de [10] Moises Moya: Reporte de {FF6347}[10] {FFFF91}Moises Moya a {FF6347}[10]{FFFF91}Moises Moya: {FFFFFF}Me bugie en el a[2018/4/29 - 6:11:2] Reporte de [10] Jack Sumgrace: Reporte de {FF6347}[10] {FFFF91}Jack Sumgrace a {FF6347}[5]{FFFF91}Brayan Osorio: {FFFFFF}Vio El Anti-R[2018/4/29 - 6:11:58] Reporte de [9] Shady Adel: Reporte de {FF6347}[9] {FFFF91}Shady Adel a {FF6347}[1]{FFFF91}Bot Admin: {FFFFFF}Ah?
[2018/4/29 - 16:45:13] Reporte de [6] Charlotte Spopovich: Reporte de {FF6347}[6] {FFFF91}Charlotte Spopovich a {FF6347}[5]{FFFF91}Bot Admin: {FFFFFF}LVL 9[2018/4/29 - 16:45:42] Reporte de [3] Brayan Osorio: Reporte de {FF6347}[3] {FFFF91}Brayan Osorio a {FF6347}[6]{FFFF91}Charlotte Spopovich: {FFFFFF}Me sorb[2018/4/29 - 16:58:15] Reporte de [6] Charlotte Spopovich: Reporte de {FF6347}[6] {FFFF91}Charlotte Spopovich a {FF6347}[3]{FFFF91}Brayan Osorio: {FFFFFF}A[2018/4/29 - 18:20:38] Reporte de [9] Salomondo Chacon: Reporte de {FF6347}[9] {FFFF91}Salomondo Chacon a {FF6347}[4]{FFFF91}Mohamed Alhadabi: {FFFFFF}AR
[2018/4/29 - 18:25:30] Reporte de [15] Charlotte Spopovich: Reporte de {FF6347}[15] {FFFF91}Charlotte Spopovich a {FF6347}[0]{FFFF91}Srbislav Troksar: {FFF[2018/4/29 - 18:46:14] Reporte de [10] Eduar Santa: Reporte de {FF6347}[10] {FFFF91}Eduar Santa a {FF6347}[10]{FFFF91}Eduar Santa: {FFFFFF}sali en red coun[2018/4/29 - 18:49:17] Reporte de [10] Eduar Santa: Reporte de {FF6347}[10] {FFFF91}Eduar Santa a {FF6347}[17]{FFFF91}Miguel Colmenares: {FFFFFF}no hace ro[2018/4/29 - 19:7:18] Reporte de [14] Srbislav Troksar: Reporte de {FF6347}[14] {FFFF91}Srbislav Troksar a {FF6347}[6]{FFFF91}Jack Sumgrace: {FFFFFF}Nos hi[2018/4/29 - 23:31:42] Reporte de [2] Greicherd Brown: Reporte de {FF6347}[2] {FFFF91}Greicherd Brown a {FF6347}[2]{FFFF91}Greicherd Brown: {FFFFFF}ven ami[2018/4/30 - 1:53:13] Reporte de [3] Greicherd Brown: Reporte de {FF6347}[3] {FFFF91}Greicherd Brown a {FF6347}[3]{FFFF91}Greicherd Brown: {FFFFFF}ven ami [2018/4/30 - 4:0:49] Reporte de [3] Frenddys Martinez: Reporte de {FF6347}[3] {FFFF91}Frenddys Martinez a {FF6347}[2]{FFFF91}Johan Garzon: {FFFFFF}IHQ
[2018/4/30 - 14:42:34] Reporte de [1] Ferney Ramos: Reporte de {FF6347}[1] {FFFF91}Ferney Ramos a {FF6347}[1]{FFFF91}Ferney Ramos: {FFFFFF}bug
[2018/4/30 - 17:16:57] Reporte de [3] Ferney Ramos: Reporte de {FF6347}[3] {FFFF91}Ferney Ramos a {FF6347}[0]{FFFF91}Stefano Priciani: {FFFFFF}NRC
[2018/5/1 - 3:18:35] Reporte de [4] Isaac Rufino: Reporte de {FF6347}[4] {FFFF91}Isaac Rufino a {FF6347}[2]{FFFF91}Ali Mohammed: {FFFFFF}me estaba pegando [2018/5/1 - 20:16:42] Reporte de [5] Mohamed Alhadabi: Reporte de {FF6347}[5] {FFFF91}Mohamed Alhadabi a {FF6347}[0]{FFFF91}Frenddys Martinez: {FFFFFF}NRA [2018/5/1 - 20:31:29] Reporte de [3] Ferney Ramos: Reporte de {FF6347}[3] {FFFF91}Ferney Ramos a {FF6347}[6]{FFFF91}Charlotte Spopovich: {FFFFFF}nre
[2018/5/3 - 18:30:36] Reporte de [3] Ferney Ramos: Reporte de {FF6347}[3] {FFFF91}Ferney Ramos a {FF6347}[0]{FFFF91}Frenddys Martinez: {FFFFFF}zz
