[2012/9/13 - 21:12:51] AdmWarn: Jimmy has set Jimmy's money to $99999999.
[2012/10/7 - 22:3:2] AdmWarn: Perverse has set Roland's money to $1000000.
[2012/10/8 - 0:4:3] AdmWarn: Perverse has set Brian DeSousa's money to $100000.
[2012/10/8 - 0:15:6] AdmWarn: Perverse has set Roland Mission's money to $9999999.
[2012/10/8 - 17:22:5] AdmWarn: Perverse has set Chad Brooks's money to $10000.
[2012/10/8 - 18:36:51] AdmWarn: Perverse has set John J. Donegan's money to $50000.
[2012/10/8 - 18:37:5] AdmWarn: Perverse has set John J. Donegan's money to $6.
[2012/10/8 - 18:39:46] AdmWarn: Perverse has set John J. Donegan's money to $50000.
[2012/10/8 - 19:4:24] AdmWarn: Perverse has set Perverse's money to $999999.
[2012/10/9 - 19:56:43] AdmWarn: Andrew bitches has set Andrew bitches's money to $1410065408.
[2012/10/9 - 19:56:46] AdmWarn: Andrew bitches has set Andrew bitches's money to $1410065408.
[2012/10/9 - 19:56:46] AdmWarn: Andrew bitches has set Andrew bitches's money to $1410065408.
[2012/10/9 - 19:56:47] AdmWarn: Andrew bitches has set Andrew bitches's money to $1410065408.
[2012/10/9 - 19:56:47] AdmWarn: Andrew bitches has set Andrew bitches's money to $1410065408.
[2012/10/9 - 19:56:47] AdmWarn: Andrew bitches has set Andrew bitches's money to $1410065408.
[2012/10/9 - 19:56:48] AdmWarn: Andrew bitches has set Andrew bitches's money to $1410065408.
[2012/10/9 - 19:56:48] AdmWarn: Andrew bitches has set Andrew bitches's money to $1410065408.
[2012/10/9 - 19:56:48] AdmWarn: Andrew bitches has set Andrew bitches's money to $1410065408.
[2012/10/9 - 19:56:49] AdmWarn: Andrew bitches has set Andrew bitches's money to $1410065408.
[2012/10/9 - 19:56:49] AdmWarn: Andrew bitches has set Andrew bitches's money to $1410065408.
[2012/10/9 - 22:14:50] AdmWarn: Andrew has set Andrew's money to $1410065408.
[2012/10/9 - 22:14:52] AdmWarn: Andrew has set Andrew's money to $1000000000.
[2012/10/9 - 22:14:55] AdmWarn: Andrew has set Andrew's money to $1410065408.
[2012/10/9 - 22:14:55] AdmWarn: Andrew has set Andrew's money to $1410065408.
[2012/10/9 - 22:14:56] AdmWarn: Andrew has set Andrew's money to $1410065408.
[2012/10/9 - 22:14:56] AdmWarn: Andrew has set Andrew's money to $1410065408.
[2012/10/9 - 22:14:56] AdmWarn: Andrew has set Andrew's money to $1410065408.
[2012/10/9 - 22:14:57] AdmWarn: Andrew has set Andrew's money to $1410065408.
[2012/10/9 - 22:14:57] AdmWarn: Andrew has set Andrew's money to $1410065408.
[2012/10/9 - 22:14:57] AdmWarn: Andrew has set Andrew's money to $1410065408.
[2012/10/9 - 22:14:58] AdmWarn: Andrew has set Andrew's money to $1410065408.
[2012/10/9 - 22:14:58] AdmWarn: Andrew has set Andrew's money to $1410065408.
[2012/10/9 - 22:14:58] AdmWarn: Andrew has set Andrew's money to $1410065408.
[2012/10/9 - 22:14:59] AdmWarn: Andrew has set Andrew's money to $1410065408.
[2012/10/9 - 22:14:59] AdmWarn: Andrew has set Andrew's money to $1410065408.
[2012/10/9 - 22:47:57] AdmWarn: Andrew has set gmodder110's money to $1000000000.
[2012/10/9 - 22:47:58] AdmWarn: Andrew has set gmodder110's money to $1000000000.
[2012/10/9 - 22:47:58] AdmWarn: Andrew has set gmodder110's money to $1000000000.
[2012/10/9 - 22:47:58] AdmWarn: Andrew has set gmodder110's money to $1000000000.
[2012/10/9 - 22:47:59] AdmWarn: Andrew has set gmodder110's money to $1000000000.
[2012/10/9 - 22:47:59] AdmWarn: Andrew has set gmodder110's money to $1000000000.
[2012/10/9 - 22:47:59] AdmWarn: Andrew has set gmodder110's money to $1000000000.
[2012/10/10 - 22:19:20] AdmWarn: Clark Kent has set Clark Kent's money to $1000000000.
[2012/10/10 - 22:19:21] AdmWarn: Clark Kent has set Clark Kent's money to $1000000000.
[2012/10/10 - 22:19:22] AdmWarn: Clark Kent has set Clark Kent's money to $1000000000.
[2012/10/10 - 22:19:22] AdmWarn: Clark Kent has set Clark Kent's money to $1000000000.
[2012/10/10 - 22:19:22] AdmWarn: Clark Kent has set Clark Kent's money to $1000000000.
[2012/10/10 - 22:19:25] AdmWarn: Clark Kent has set Clark Kent's money to $1215752192.
[2012/10/10 - 22:19:27] AdmWarn: Clark Kent has set Clark Kent's money to $-727379968.
[2012/10/10 - 22:19:28] AdmWarn: Clark Kent has set Clark Kent's money to $1215752192.
[2012/10/10 - 22:19:29] AdmWarn: Clark Kent has set Clark Kent's money to $1215752192.
[2012/10/10 - 22:19:30] AdmWarn: Clark Kent has set Clark Kent's money to $1215752192.
[2012/10/10 - 22:19:30] AdmWarn: Clark Kent has set Clark Kent's money to $1215752192.
[2012/10/10 - 22:19:31] AdmWarn: Clark Kent has set Clark Kent's money to $1215752192.
[2012/10/10 - 22:19:31] AdmWarn: Clark Kent has set Clark Kent's money to $1215752192.
[2012/10/10 - 22:19:31] AdmWarn: Clark Kent has set Clark Kent's money to $1215752192.
[2012/10/10 - 22:19:32] AdmWarn: Clark Kent has set Clark Kent's money to $1215752192.
[2012/10/10 - 22:19:32] AdmWarn: Clark Kent has set Clark Kent's money to $1215752192.
[2012/10/10 - 22:19:32] AdmWarn: Clark Kent has set Clark Kent's money to $1215752192.
[2012/10/10 - 22:19:33] AdmWarn: Clark Kent has set Clark Kent's money to $1215752192.
[2012/10/10 - 22:19:33] AdmWarn: Clark Kent has set Clark Kent's money to $1215752192.
[2012/10/10 - 22:19:34] AdmWarn: Clark Kent has set Clark Kent's money to $1215752192.
[2012/10/10 - 22:19:34] AdmWarn: Clark Kent has set Clark Kent's money to $1215752192.
[2012/10/10 - 22:19:34] AdmWarn: Clark Kent has set Clark Kent's money to $1215752192.
[2012/10/10 - 22:19:35] AdmWarn: Clark Kent has set Clark Kent's money to $1215752192.
[2012/10/10 - 22:19:36] AdmWarn: Clark Kent has set Clark Kent's money to $1215752192.
[2012/10/10 - 22:19:36] AdmWarn: Clark Kent has set Clark Kent's money to $1215752192.
[2012/10/10 - 22:19:36] AdmWarn: Clark Kent has set Clark Kent's money to $1215752192.
[2012/10/10 - 22:19:39] AdmWarn: Clark Kent has set Clark Kent's money to $1215752192.
[2012/10/10 - 22:35:57] AdmWarn: Clark Kent has set Clark Kent's money to $1410065408.
[2012/10/10 - 22:35:59] AdmWarn: Clark Kent has set Clark Kent's money to $1410065408.
[2012/10/10 - 22:35:59] AdmWarn: Clark Kent has set Clark Kent's money to $1410065408.
[2012/10/10 - 22:35:59] AdmWarn: Clark Kent has set Clark Kent's money to $1410065408.
[2012/10/10 - 22:36:0] AdmWarn: Clark Kent has set Clark Kent's money to $1410065408.
[2012/10/10 - 22:36:0] AdmWarn: Clark Kent has set Clark Kent's money to $1410065408.
[2012/10/10 - 22:36:0] AdmWarn: Clark Kent has set Clark Kent's money to $1410065408.
[2012/10/10 - 22:36:1] AdmWarn: Clark Kent has set Clark Kent's money to $1410065408.
[2012/10/10 - 22:36:1] AdmWarn: Clark Kent has set Clark Kent's money to $1410065408.
[2012/10/10 - 22:36:2] AdmWarn: Clark Kent has set Clark Kent's money to $1410065408.
[2012/10/10 - 22:36:2] AdmWarn: Clark Kent has set Clark Kent's money to $1410065408.
[2012/10/11 - 20:22:47] AdmWarn: Superman has set Superman's money to $10000000.
[2012/10/11 - 20:22:49] AdmWarn: Superman has set Superman's money to $1410065408.
[2012/10/11 - 20:22:50] AdmWarn: Superman has set Superman's money to $1410065408.
[2012/10/11 - 20:22:51] AdmWarn: Superman has set Superman's money to $1410065408.
[2012/10/11 - 20:22:51] AdmWarn: Superman has set Superman's money to $1410065408.
[2012/10/12 - 17:41:2] AdmWarn: Andrew has set Andrew's money to $-727379968.
[2012/10/12 - 17:41:3] AdmWarn: Andrew has set Andrew's money to $1215752192.
[2012/10/12 - 17:41:5] AdmWarn: Andrew has set Andrew's money to $1215752192.
[2012/10/12 - 17:41:5] AdmWarn: Andrew has set Andrew's money to $1215752192.
[2012/10/12 - 17:41:6] AdmWarn: Andrew has set Andrew's money to $1215752192.
[2012/10/12 - 17:41:6] AdmWarn: Andrew has set Andrew's money to $1215752192.
[2012/10/12 - 17:41:6] AdmWarn: Andrew has set Andrew's money to $1215752192.
[2012/10/12 - 17:41:7] AdmWarn: Andrew has set Andrew's money to $1215752192.
[2012/10/12 - 17:41:7] AdmWarn: Andrew has set Andrew's money to $1215752192.
[2012/10/12 - 17:41:7] AdmWarn: Andrew has set Andrew's money to $1215752192.
[2012/10/12 - 17:41:8] AdmWarn: Andrew has set Andrew's money to $1215752192.
[2012/10/12 - 17:41:8] AdmWarn: Andrew has set Andrew's money to $1215752192.
[2012/10/12 - 17:41:8] AdmWarn: Andrew has set Andrew's money to $1215752192.
[2012/10/12 - 17:41:9] AdmWarn: Andrew has set Andrew's money to $1215752192.
[2012/10/12 - 17:41:9] AdmWarn: Andrew has set Andrew's money to $1215752192.
[2012/10/12 - 17:41:9] AdmWarn: Andrew has set Andrew's money to $1215752192.
[2012/10/12 - 17:41:10] AdmWarn: Andrew has set Andrew's money to $1215752192.
[2012/10/12 - 17:41:10] AdmWarn: Andrew has set Andrew's money to $1215752192.
[2012/10/12 - 17:41:10] AdmWarn: Andrew has set Andrew's money to $1215752192.
[2012/10/12 - 17:41:11] AdmWarn: Andrew has set Andrew's money to $1215752192.
[2012/10/12 - 17:41:11] AdmWarn: Andrew has set Andrew's money to $1215752192.
[2012/10/12 - 17:41:11] AdmWarn: Andrew has set Andrew's money to $1215752192.
[2012/10/12 - 17:41:12] AdmWarn: Andrew has set Andrew's money to $1215752192.
[2012/10/12 - 17:41:12] AdmWarn: Andrew has set Andrew's money to $1215752192.
[2012/10/12 - 17:41:13] AdmWarn: Andrew has set Andrew's money to $1215752192.
[2012/10/12 - 17:41:13] AdmWarn: Andrew has set Andrew's money to $1215752192.
[2012/10/12 - 17:41:13] AdmWarn: Andrew has set Andrew's money to $1215752192.
[2012/10/12 - 17:41:14] AdmWarn: Andrew has set Andrew's money to $1215752192.
[2012/10/12 - 17:41:14] AdmWarn: Andrew has set Andrew's money to $1215752192.
[2012/10/12 - 17:41:14] AdmWarn: Andrew has set Andrew's money to $1215752192.
[2012/10/12 - 17:41:15] AdmWarn: Andrew has set Andrew's money to $1215752192.
[2012/10/12 - 17:41:15] AdmWarn: Andrew has set Andrew's money to $1215752192.
[2012/10/12 - 17:41:15] AdmWarn: Andrew has set Andrew's money to $1215752192.
[2012/10/12 - 17:41:16] AdmWarn: Andrew has set Andrew's money to $1215752192.
[2012/10/12 - 17:41:18] AdmWarn: Andrew has set Andrew's money to $1215752192.
[2012/10/12 - 17:41:19] AdmWarn: Andrew has set Andrew's money to $1215752192.
[2012/10/12 - 17:41:19] AdmWarn: Andrew has set Andrew's money to $1215752192.
[2012/10/12 - 17:41:19] AdmWarn: Andrew has set Andrew's money to $1215752192.
[2012/10/13 - 22:21:38] AdmWarn: Superman has set Superman's money to $1410065408.
[2012/10/14 - 17:1:3] AdmWarn: Andrew has set Andrew's money to $1215752192.
[2012/11/16 - 23:19:49] AdmWarn: Josh has set Josh's money to $1000000000.
[2012/11/16 - 23:23:31] AdmWarn: Josh has set Josh's money to $10000.
[2012/11/17 - 9:27:58] AdmWarn: Jacob has set Jacob's money to $150000.
[2012/11/18 - 12:27:40] AdmWarn: Josh McArtin has set Josh McArtin's money to $100000.
[2012/11/18 - 14:7:21] AdmWarn: Josh McArtin has set Josh McArtin's money to $100000000.
[2012/11/18 - 15:8:42] AdmWarn: Josh McArtin has set Santosh Cave's money to $100000.
[2012/11/18 - 15:51:11] AdmWarn: Josh Cave has set Mike Edwrads's money to $100000.
[2012/11/18 - 16:5:13] AdmWarn: Josh Cave has set Adam West's money to $1000000.
[2012/11/18 - 17:22:8] AdmWarn: Josh Cave has set Alek Yevtushenko's money to $100000.
[2012/11/24 - 20:45:25] AdmWarn: Josh Cave has set Norman Jayden's money to $1000000.
[2012/12/3 - 16:38:2] AdmWarn: Josh Cave has set William Mary's money to $100000.
[2012/12/3 - 16:38:6] AdmWarn: Josh Cave has set Ashley Esperto's money to $100000.
[2012/12/3 - 16:38:10] AdmWarn: Josh Cave has set Casey Ryback's money to $100000.
[2012/12/3 - 16:51:39] AdmWarn: Josh Cave has set Mitchell Rutledge's money to $100000.
[2012/12/3 - 20:21:2] AdmWarn: Josh Cave has set Steven Colt's money to $100000.
[2012/12/15 - 16:58:47] AdmWarn: Josh Cave has set Alvino Zavala's money to $1000000.
[2012/12/15 - 17:14:18] AdmWarn: Josh Cave has set Andreas Constantinou's money to $1000000.
[2012/12/15 - 17:37:15] AdmWarn: Josh Cave has set Joseph Rivera's money to $10000.
[2012/12/20 - 10:0:40] AdmWarn: Alvino Zavala has set Frascuelo Navarette's money to $1000000.
[2012/12/20 - 10:22:33] AdmWarn: Alvino Zavala has set Natalie Severin's money to $1000000.
[2012/12/20 - 10:58:8] AdmWarn: Alvino Zavala has set Jolly Sage's money to $500000.
[2012/12/20 - 10:58:59] AdmWarn: Alvino Zavala has set Jake Mackenzie's money to $1000000.
[2012/12/20 - 18:20:24] AdmWarn: Samantha Castillo has set Samantha Castillo's money to $100000.
[2012/12/21 - 20:43:54] AdmWarn: Alvino Zavala has set DeAndre Moore's money to $52400.
[2012/12/23 - 6:48:41] AdmWarn: Josh Cave has set Micheal Thopmson's money to $1000000.
[2012/12/23 - 7:17:45] AdmWarn: Josh Cave has set Micheal Thopmson's money to $10000.
[2012/12/23 - 13:22:46] AdmWarn: Josh Cave has set Frodo Baggins's money to $1000.
[2012/12/23 - 18:20:25] AdmWarn: Josh Cave has set Robert Lawson's money to $1000.
[2012/12/24 - 13:19:40] AdmWarn: Josh Cave has set Micheal Thopmson's money to $1000000.
[2013/2/23 - 11:26:43] AdmWarn: Harley Reid has set Harley Reid's money to $300000.
[2013/2/23 - 11:28:46] AdmWarn: Harley Reid has set Harley Reid's money to $500.
[2013/3/9 - 18:24:55] AdmWarn: John Cormier has set John Cormier's money to $10000.
[2013/3/9 - 18:25:3] AdmWarn: John Cormier has set John Cormier's money to $10000.
[2013/3/9 - 18:25:6] AdmWarn: John Cormier has set John Cormier's money to $1000000.
[2017/6/25 - 2:17:49] AdmWarn: Giovanni Salvatore has set Giovanni Salvatore's money to $500000.
[2017/6/26 - 1:41:16] AdmWarn: Giovanni Salvatore has set Sofia Robles's money to $-1539607552.
[2017/6/26 - 1:41:22] AdmWarn: Giovanni Salvatore has set Sofia Robles's money to $5000000.
[2017/7/9 - 17:57:53] AdmWarn: Pedro Teves has set Pedro Teves's money to $1555555.
[2017/7/11 - 0:39:4] AdmWarn: Giovanni Salvatore has set Giovanni Salvatore's money to $181164984.
[2017/7/12 - 22:59:40] AdmWarn: Oscar Pinto has set Oscar Pinto's money to $0.
[2017/7/13 - 11:3:12] AdmWarn: Oscar Pinto has set Oscar Pinto's money to $500000.
[2017/7/13 - 12:49:20] AdmWarn: Oscar Pinto has set Oscar Pinto's money to $1410065408.
[2017/7/13 - 12:51:55] AdmWarn: Oscar Pinto has set Oscar Pinto's money to $0.
[2017/7/18 - 14:27:0] AdmWarn: Oscar Pinto has set Giovanni Salvatore's money to $500000000.
[2017/7/18 - 14:27:18] AdmWarn: Oscar Pinto has set Oscar Pinto's money to $-2009260032.
[2017/7/18 - 14:27:24] AdmWarn: Oscar Pinto has set Oscar Pinto's money to $500000.
[2017/7/18 - 14:27:31] AdmWarn: Oscar Pinto has set Oscar Pinto's money to $50000000.
[2017/7/18 - 14:37:40] AdmWarn: Oscar Pinto has set Oscar Pinto's money to $2000.
[2017/7/18 - 14:41:24] AdmWarn: Oscar Pinto has set Oscar Pinto's money to $30000.
[2017/7/18 - 14:44:20] AdmWarn: Oscar Pinto has set Oscar Pinto's money to $30000.
[2017/7/18 - 14:46:43] AdmWarn: Oscar Pinto has set Oscar Pinto's money to $30000.
[2017/7/18 - 14:47:9] AdmWarn: Oscar Pinto has set Oscar Pinto's money to $30000.
[2017/7/18 - 15:1:52] AdmWarn: Oscar Pinto has set Oscar Pinto's money to $30000.
[2017/7/18 - 15:2:10] AdmWarn: Oscar Pinto has set Oscar Pinto's money to $50000.
[2017/7/18 - 15:6:9] AdmWarn: Oscar Pinto has set Oscar Pinto's money to $30000.
[2017/7/18 - 22:44:2] AdmWarn: Oscar Pinto has set Oscar Pinto's money to $15555.
[2017/7/18 - 23:6:47] AdmWarn: Oscar Pinto has set Oscar Pinto's money to $500000.
[2017/7/18 - 23:7:0] AdmWarn: Oscar Pinto has set Oscar Pinto's money to $500000.
[2017/7/18 - 23:43:1] AdmWarn: Oscar Pinto has set Oscar Pinto's money to $0.
[2017/8/1 - 23:9:10] AdmWarn: Pedro Jorge has set Pedro Jorge's money to $50000000.
[2017/8/2 - 20:55:37] AdmWarn: Miguel Rodriguez has set Miguel Rodriguez's money to $1000.
[2017/8/2 - 20:56:4] AdmWarn: Miguel Rodriguez has set Miguel Rodriguez's money to $1000.
[2017/8/2 - 20:56:18] AdmWarn: Oscar Pinto has set Miguel Rodriguez's money to $30000.
[2017/8/2 - 20:57:30] AdmWarn: Miguel Rodriguez has set Miguel Rodriguez's money to $2000.
[2017/8/5 - 16:41:7] AdmWarn: El Estado has set El Estado's money to $500000.
[2017/8/6 - 18:34:38] AdmWarn: Jhon Mustang has set Jhon Mustang's money to $0.
[2017/8/7 - 2:4:51] AdmWarn: Oscar Pinto has set Oscar Pinto's money to $5000000.
[2017/9/2 - 0:17:57] AdmWarn: Miguel Salvatore has set Miguel Salvatore's money to $1000000.
[2017/9/4 - 13:34:28] Administración: Miguel Salvatore has set Miguel Salvatore's money to $1215752192.
[2017/9/5 - 16:41:15] Administración: Miguel Salvatore has set Miguel Salvatore's money to $0.
[2017/9/5 - 16:41:45] Administración: Miguel Salvatore has set Miguel Salvatore's money to $2.
[2017/9/5 - 16:43:16] Administración: Miguel Salvatore has set Miguel Salvatore's money to $0.
[2017/9/5 - 16:58:58] Administración: Miguel Salvatore has set Miguel Salvatore's money to $0.
[2017/9/11 - 0:32:5] Administración: Miguel Salvatore has set Miguel Salvatore's money to $10000.
[2017/9/11 - 0:32:7] Administración: Miguel Salvatore has set Miguel Salvatore's money to $100000.
[2017/9/11 - 0:32:9] Administración: Miguel Salvatore has set Miguel Salvatore's money to $1000000.
[2017/9/13 - 16:33:2] Administración: Miguel Salvatore has set Miguel Salvatore's money to $1000000.
[2017/9/27 - 0:28:26] Administración: Miguel Salvatore ha ajustado el dinero de Miguel Salvatore a $0.
[2017/11/2 - 0:45:17] Administración: Miguel Salvatore ha ajustado el dinero de Miguel Salvatore a $100.
