[2012/8/29 - 16:32:56] AdmWarn: Abdo has set Abdo's Level to 6.
[2012/10/7 - 22:2:56] AdmWarn: Perverse has set Roland Mission's Level to 10.
[2012/10/7 - 22:3:33] AdmWarn: Roland has set Jeffrey Loc's Level to 10.
[2012/10/7 - 23:32:38] AdmWarn: Perverse has set Takeshi Tanaka's Level to 8.
[2012/10/7 - 23:33:3] AdmWarn: Perverse has set Takeshi Tanaka's Mechanic level to 3.
[2012/10/7 - 23:33:5] AdmWarn: Perverse has set Takeshi Tanaka's Lawyer level to 3.
[2012/10/7 - 23:33:9] AdmWarn: Perverse has set Takeshi Tanaka's Trucker level to 3.
[2012/10/7 - 23:33:11] AdmWarn: Perverse has set Takeshi Tanaka's Weapons Dealer level to 3.
[2012/10/7 - 23:33:13] AdmWarn: Perverse has set Takeshi Tanaka's Weapons Smuggler level to 3.
[2012/10/7 - 23:33:15] AdmWarn: Perverse has set Takeshi Tanaka's Drugs Dealer level to 3.
[2012/10/7 - 23:33:17] AdmWarn: Perverse has set Takeshi Tanaka's Drugs Smuggler level to 3.
[2012/10/7 - 23:33:18] AdmWarn: Perverse has set Takeshi Tanaka's Boxer level to 3.
[2012/10/7 - 23:33:20] AdmWarn: Perverse has set Takeshi Tanaka's Weed to 3.
[2012/10/7 - 23:58:57] AdmWarn: Perverse has set Blake Roberts's Level to 4.
[2012/10/8 - 0:2:16] AdmWarn: Perverse has set Brian DeSousa's Level to 4.
[2012/10/8 - 0:2:26] AdmWarn: Perverse has set Brian DeSousa's Level to 4.
[2012/10/8 - 0:2:32] AdmWarn: Perverse has set Brian DeSousa's Level to 6.
[2012/10/8 - 0:4:18] AdmWarn: Perverse has set Brian DeSousa's Level to 4.
[2012/10/8 - 6:5:10] AdmWarn: Roland has set Brian DeSousa's Weapons Dealer level to 3.
[2012/10/8 - 17:15:56] AdmWarn: Perverse has set Chad Brooks's Level to 4.
[2012/10/8 - 17:21:14] AdmWarn: Perverse has set Jay Jayson's Level to 4.
[2012/10/8 - 18:36:31] AdmWarn: Perverse has set John J. Donegan's Level to 4.
[2012/10/8 - 19:24:8] AdmWarn: Roland has set Jeffrey Loc's Mechanic level to 5.
[2012/10/8 - 19:24:10] AdmWarn: Roland has set Jeffrey Loc's Lawyer level to 5.
[2012/10/8 - 19:24:25] AdmWarn: Roland has set Jeffrey Loc's Trucker level to 5.
[2012/10/8 - 19:24:29] AdmWarn: Roland has set Jeffrey Loc's Weapons Dealer level to 5.
[2012/10/8 - 19:24:52] AdmWarn: Roland has set Jeffrey Loc's Weapons Smuggler level to 5.
[2012/10/8 - 19:24:55] AdmWarn: Roland has set Jeffrey Loc's Drugs Dealer level to 5.
[2012/10/8 - 19:24:58] AdmWarn: Roland has set Jeffrey Loc's Drugs Smuggler level to 5.
[2012/10/8 - 19:25:0] AdmWarn: Roland has set Jeffrey Loc's Boxer level to 5.
[2012/10/8 - 23:41:51] AdmWarn: Roland has set Alan Diesel's Weapons Dealer level to 5.
[2012/10/8 - 23:42:46] AdmWarn: gmodder110 has set Roland Mission's Weapons Dealer level to 5.
[2012/10/9 - 19:55:47] AdmWarn: Andrew bitches has set Andrew bitches's Mechanic level to 5.
[2012/10/9 - 19:55:54] 
[2012/10/9 - 21:52:27] AdmWarn: Andrew has set Roland Mission's Cellphone Number to 5.
[2012/10/9 - 21:52:34] AdmWarn: Andrew has set Roland Mission's Weapons Dealer level to 5.
[2012/10/10 - 19:41:0] AdmWarn: Roland has set Timmy Leaf's Level to 5.
[2012/10/10 - 19:41:28] AdmWarn: Roland has set Timmy Leaf's Mechanic level to 5.
[2012/10/10 - 19:41:31] AdmWarn: Roland has set Timmy Leaf's Lawyer level to 5.
[2012/10/10 - 19:41:36] AdmWarn: Roland has set Timmy Leaf's Trucker level to 5.
[2012/10/10 - 19:41:37] AdmWarn: Roland has set Timmy Leaf's Weapons Dealer level to 5.
[2012/10/10 - 19:41:40] AdmWarn: Roland has set Timmy Leaf's Weapons Smuggler level to 5.
[2012/10/10 - 19:41:42] AdmWarn: Roland has set Timmy Leaf's Drugs Dealer level to 5.
[2012/10/10 - 19:41:45] AdmWarn: Roland has set Timmy Leaf's Drugs Smuggler level to 5.
[2012/10/10 - 19:42:21] AdmWarn: Roland has set Austin Phil's Level to 5.
[2012/10/10 - 19:42:46] AdmWarn: Roland has set Austin Phil's Mechanic level to 5.
[2012/10/10 - 19:42:48] AdmWarn: Roland has set Austin Phil's Lawyer level to 5.
[2012/10/10 - 19:42:51] AdmWarn: Roland has set Austin Phil's Trucker level to 5.
[2012/10/10 - 19:42:54] AdmWarn: Roland has set Austin Phil's Weapons Dealer level to 5.
[2012/10/10 - 19:42:56] AdmWarn: Roland has set Austin Phil's Weapons Smuggler level to 5.
[2012/10/10 - 19:42:58] AdmWarn: Roland has set Austin Phil's Drugs Dealer level to 5.
[2012/10/10 - 19:43:1] AdmWarn: Roland has set Austin Phil's Drugs Smuggler level to 5.
[2012/10/10 - 19:43:14] AdmWarn: Roland has set Austin Phil's Boxer level to 5.
[2012/10/14 - 17:16:1] AdmWarn: Andrew has set Silencer's Level to 10.
[2012/11/17 - 9:26:38] AdmWarn: Jacob has set Jacob's Mechanic level to 5.
[2012/11/18 - 14:17:48] AdmWarn: Josh McArtin has set Jake Mackenzie's Level to 5.
[2012/11/18 - 15:8:21] AdmWarn: Josh McArtin has set Josh McArtin's Age to 5.
[2012/11/18 - 15:8:34] AdmWarn: Josh McArtin has set Santosh Cave's Level to 5.
[2012/11/18 - 15:49:15] AdmWarn: Josh Cave has set Mike Edwrads's Level to 5.
[2012/11/18 - 16:5:6] AdmWarn: Josh Cave has set Adam West's Level to 10.
[2012/11/24 - 20:45:40] AdmWarn: Josh Cave has set Norman Jayden's Level to 5.
[2012/12/3 - 15:59:57] AdmWarn: Josh Cave has set Casey Ryback's Level to 10.
[2012/12/3 - 16:37:52] AdmWarn: Josh Cave has set William Mary's Level to 5.
[2012/12/3 - 16:37:58] AdmWarn: Josh Cave has set Ashley Esperto's Level to 5.
[2012/12/3 - 16:51:32] AdmWarn: Josh Cave has set Mitchell Rutledge's Level to 5.
[2012/12/3 - 17:5:54] AdmWarn: Josh Cave has set Nigel Mulcahy's Level to 5.
[2012/12/3 - 20:18:13] AdmWarn: Josh Cave has set Steven Colt's Level to 5.
[2012/12/4 - 15:58:42] AdmWarn: Josh Cave has set Sami Minor's Level to 5.
[2012/12/4 - 19:59:55] AdmWarn: Josh Cave has set Dave Collins's Level to 5.
[2012/12/15 - 16:53:20] AdmWarn: Josh Cave has set Alvino Zavala's Level to 5.
[2012/12/15 - 17:10:59] AdmWarn: Josh Cave has set Andreas Constantinou's Age to 5.
[2012/12/15 - 17:11:25] AdmWarn: Josh Cave has set Frascuelo Navarette's Level to 5.
[2012/12/15 - 17:37:2] AdmWarn: Josh Cave has set Joseph Rivera's Age to 5.
[2012/12/15 - 17:37:11] AdmWarn: Josh Cave has set Joseph Rivera's Level to 5.
[2012/12/19 - 12:24:58] AdmWarn: Alvino Zavala has set Alvino Zavala's Level to 10.
[2012/12/20 - 10:20:23] AdmWarn: Alvino Zavala has set Natalie Severin's Level to 10.
[2012/12/20 - 10:20:30] AdmWarn: Alvino Zavala has set Frascuelo Navarette's Level to 10.
[2012/12/20 - 10:30:23] AdmWarn: Alvino Zavala has set Jake Mackenzie's Level to 10.
[2012/12/20 - 10:57:7] AdmWarn: Alvino Zavala has set Jolly Sage's Level to 5.
[2012/12/20 - 19:12:20] AdmWarn: Josh Cave has set Sergey Petrov's Level to 5.
[2012/12/20 - 19:19:54] AdmWarn: Josh Cave has set Micheal Thompson's Level to 5.
[2012/12/21 - 3:48:11] AdmWarn: Alvino Zavala has set John Aaron's Level to 5.
[2012/12/21 - 3:48:16] AdmWarn: Alvino Zavala has set Albert Collin's Level to 5.
[2012/12/21 - 4:26:5] AdmWarn: Alvino Zavala has set Steven Colt's Level to 10.
[2012/12/21 - 4:47:29] AdmWarn: Alvino Zavala has set Mark Fischer's Level to 5.
[2012/12/21 - 16:38:45] AdmWarn: Alvino Zavala has set DeAndre Moore's Level to 5.
[2012/12/21 - 16:38:55] AdmWarn: Alvino Zavala has set Micheal Thompson's Level to 10.
[2012/12/21 - 17:11:5] AdmWarn: Alvino Zavala has set Pat Marks's Level to 5.
[2012/12/21 - 17:14:45] AdmWarn: Alvino Zavala has set Harley's Level to 10.
[2012/12/21 - 17:58:32] AdmWarn: Katie Castillo has set Sergey Petrov's Cellphone Number to 10.
[2012/12/23 - 6:47:47] AdmWarn: Josh Cave has set Micheal Thopmson's Level to 10.
[2012/12/24 - 13:19:23] AdmWarn: Josh Cave has set Micheal Thopmson's Level to 10.
[2012/12/24 - 13:20:31] AdmWarn: Josh Cave has set Micheal Thopmson's Cellphone Number to 1.
[2012/12/24 - 14:10:27] AdmWarn: Josh Cave has set Josh Cave's Trucker level to 1.
[2012/12/24 - 14:10:30] AdmWarn: Josh Cave has set Josh Cave's Trucker level to 5.
[2012/12/24 - 14:11:12] AdmWarn: Josh Cave has set Josh Cave's Mechanic level to 5.
[2012/12/27 - 13:7:26] AdmWarn: Josh Cave has set Katya Yevtushenko's Level to 10.
[2012/12/27 - 13:7:47] AdmWarn: Josh Cave has set Piotr Ivanovichh's Level to 5.
[2012/12/28 - 16:30:22] AdmWarn: Alek Yevtushenko has set Alek Yevtushenko's Weapons Smuggler level to 5.
[2012/12/28 - 16:30:29] AdmWarn: Alek Yevtushenko has set Micheal Thopmson's Weapons Smuggler level to 5.
[2012/12/28 - 16:30:34] AdmWarn: Alek Yevtushenko has set Antony Newton's Weapons Smuggler level to 5.
[2012/12/28 - 16:34:10] AdmWarn: Alek Yevtushenko has set Alek Yevtushenko's Weapons Smuggler level to 1.
[2012/12/28 - 16:34:20] AdmWarn: Alek Yevtushenko has set Alek Yevtushenko's Weapons Dealer level to 1.
[2012/12/28 - 16:35:27] AdmWarn: Alek Yevtushenko has set Alek Yevtushenko's Weapons Smuggler level to 5.
[2012/12/29 - 13:40:23] AdmWarn: Alek Yevtushenko has set Joseph Capone's Weapons Dealer level to 5.
[2012/12/29 - 13:40:27] AdmWarn: Alek Yevtushenko has set Joseph Capone's Weapons Smuggler level to 5.
[2012/12/29 - 20:28:8] AdmWarn: Alexander Greco has set Alexander Greco's Weapons Dealer level to 5.
[2012/12/29 - 20:28:13] AdmWarn: Alexander Greco has set Alexander Greco's Weapons Smuggler level to 5.
[2013/1/31 - 19:24:13] AdmWarn: Josh Cave has set DeAndre Moore's Level to 5.
[2013/2/3 - 20:8:35] AdmWarn: Danny Kovalchuk has set Danny Kovalchuk's Respect Points to 5.
[2013/2/7 - 14:57:5] AdmWarn: Josh Cave has set Josh Cave's Lawyer level to 5.
[2013/2/7 - 15:59:53] AdmWarn: Alexander Greco has set Osvaldo Daniel's Level to 4.
[2013/2/8 - 23:26:24] AdmWarn: Alexander Greco has set Alexander Greco's Cellphone Number to 4.
[2013/2/11 - 10:53:2] AdmWarn: Steven Colt has set Justin Case's Level to 10.
[2013/2/11 - 10:53:11] AdmWarn: Steven Colt has set Justin Case's Level to 5.
[2013/2/19 - 15:54:43] AdmWarn: Josh Cave has set Josh Cave's Level to 5.
[2013/2/22 - 19:17:43] AdmWarn: Harley Reid has set Harley Reid's Level to 5.
[2013/3/22 - 21:8:41] AdmWarn: Billy Gonzales has set Billy Gonzales's Trucker level to 1.
[2017/6/25 - 1:46:57] AdmWarn: Giovanni Salvatore has set Giovanni Salvatore's Level to 10.
[2017/6/25 - 20:19:33] AdmWarn: Giovanni Salvatore ha cambiado el sexo de Giovanni Salvatore's a Gay.
[2017/6/25 - 20:19:36] AdmWarn: Giovanni Salvatore ha cambiado el sexo de Giovanni Salvatore's a Indefinido.
[2017/6/25 - 20:19:37] AdmWarn: Giovanni Salvatore ha cambiado el sexo de Giovanni Salvatore's a Lesbiana.
[2017/6/25 - 20:19:39] AdmWarn: Giovanni Salvatore ha cambiado el sexo de Giovanni Salvatore's a Perro.
[2017/6/25 - 20:19:40] AdmWarn: Giovanni Salvatore ha cambiado el sexo de Giovanni Salvatore's a Gato.
[2017/6/26 - 1:20:2] AdmWarn: Giovanni Salvatore ha cambiado el sexo de Sofia Robles's a Perro.
[2017/6/26 - 1:20:6] AdmWarn: Giovanni Salvatore ha cambiado el sexo de Sofia Robles's a Gato.
[2017/6/26 - 1:20:10] AdmWarn: Giovanni Salvatore ha cambiado el sexo de Sofia Robles's a Indefinido.
[2017/6/26 - 1:20:29] AdmWarn: Giovanni Salvatore ha cambiado el sexo de Sofia Robles's a Lesbiana.
[2017/6/26 - 1:20:32] AdmWarn: Giovanni Salvatore ha cambiado el sexo de Sofia Robles's a Perro.
[2017/6/26 - 1:20:34] AdmWarn: Giovanni Salvatore ha cambiado el sexo de Sofia Robles's a Gato.
[2017/7/11 - 0:12:23] AdmWarn: Giovanni Salvatore ha cambiado el sexo de Sofia Robles's a Lesbiana.
[2017/7/11 - 0:12:31] AdmWarn: Giovanni Salvatore ha cambiado el sexo de Oscar Pinto's a Perro.
[2017/7/11 - 0:12:42] AdmWarn: Giovanni Salvatore ha cambiado el sexo de Giovanni Salvatore's a Indefinido.
[2017/7/11 - 16:16:30] AdmWarn: Oscar Pinto ha cambiado el nivel de Oscar Pinto's a 1.
[2017/7/14 - 0:55:57] AdmWarn: Bot Admin ha cambiado el sexo de Victoria Robles's a Perro.
[2017/7/14 - 0:56:13] AdmWarn: Bot Admin ha cambiado el sexo de Victoria Robles's a Gato.
[2017/7/14 - 0:56:57] AdmWarn: Bot Admin ha cambiado el sexo de Victoria Robles's a Gay.
[2017/7/14 - 0:57:18] AdmWarn: Bot Admin ha cambiado el sexo de Victoria Robles's a Indefinido.
[2017/7/21 - 22:5:33] AdmWarn: Oscar Pinto ha cambiado el nivel de traficante de drogas de Oscar Pinto's a 1.
[2017/7/31 - 0:29:42] AdmWarn: Giovanni Salvatore ha cambiado el sexo de Oscar Pinto's a Indefinido.
[2017/7/31 - 20:3:15] AdmWarn: Oscar Pinto ha cambiado el nivel de Roosvelt Prieto's a 2.
[2017/7/31 - 20:3:43] AdmWarn: Oscar Pinto ha cambiado el nivel de Jose Andrade's a 3.
[2017/8/1 - 4:28:49] AdmWarn: Giovanni Salvatore ha cambiado el sexo de Francis Drake's a Gay.
[2017/8/1 - 4:29:8] AdmWarn: Giovanni Salvatore ha cambiado el sexo de Miguel Rodriguez's a Indefinido.
[2017/8/1 - 4:29:18] AdmWarn: Giovanni Salvatore ha cambiado el sexo de Francis Drake's a Perro.
[2017/8/2 - 18:58:31] AdmWarn: Oscar Pinto ha cambiado el nivel de Raul Perez's a 3.
[2017/8/2 - 18:58:37] AdmWarn: Oscar Pinto ha cambiado el nivel de Pedro Teves's a 3.
[2017/8/2 - 19:9:22] AdmWarn: Oscar Pinto ha cambiado el nivel de Camilo Rojas's a 2.
[2017/8/4 - 21:56:58] AdmWarn: Oscar Pinto ha cambiado el nivel de Jefferson Porras's a 2.
[2017/8/4 - 21:57:2] AdmWarn: Oscar Pinto ha cambiado el nivel de Hugh Marcus's a 2.
[2017/8/6 - 17:49:23] AdmWarn: Giovanni Salvatore ha cambiado el sexo de Giovanni Salvatore's a Male.
[2017/9/5 - 16:42:11] Administración: Miguel Salvatore ha cambiado el nivel de Miguel Salvatore's a 10.
[2017/9/13 - 16:24:5] Administración: Miguel Salvatore ha cambiado el nivel de Miguel Salvatore's a 10.
[2018/4/7 - 4:40:36] Administración: Miguel Salvatore ha dado a Miguel Salvatore 8 puntos de respeto.
[2018/4/8 - 3:7:36] Administración: Oscar Pinto ha cambiado el nivel de Oscar Pinto's a 5.
[2018/4/8 - 16:27:0] Administración: Miguel Salvatore ha cambiado el nivel de Miguel Salvatore's a 5.
[2018/4/8 - 17:10:52] Administración: Oscar Pinto ha cambiado el nivel de Oscar Pinto's a 6.
[2018/4/12 - 21:43:44] Administración: Oscar Pinto ha cambiado el nivel de Oscar Pinto's a 7.
[2018/4/17 - 15:25:34] Administración: Oscar Pinto ha cambiado el sexo de Charlotte Spopovich's a Female.
[2018/4/22 - 20:43:47] Administración: Oscar Pinto ha cambiado el nivel de Gonzalo Alvarez's a 4.
[2018/4/29 - 21:54:46] Administración: Miguel Salvatore ha cambiado el nivel de Brayan Osorio's a 11.
