[2012/12/20 - 20:15:7] Natalie Severin to Katie Castillo: i heard your lonely you need some one to be with
[2012/12/21 - 17:59:44] Sergey Petrov to Katie Castillo: lets meet at your house
[2012/12/21 - 20:56:25] Sergey Petrov to Katie Castillo: how you doing
[2012/12/21 - 20:59:34] Katie Castillo to Sergey Petrov: I have been with some black guy..Sorry.
[2012/12/21 - 21:0:2] Sergey Petrov to Katie Castillo: who, did you lay with him?
[2012/12/21 - 21:0:15] Katie Castillo to Sergey Petrov: No i didn't lay with him.
[2012/12/21 - 21:0:28] Sergey Petrov to Katie Castillo: who is he?
[2012/12/21 - 21:0:30] Katie Castillo to Sergey Petrov: You can't trust me?...Fuck off and don't talk to me.
[2012/12/21 - 21:0:37] Sergey Petrov to Katie Castillo: i trust you
[2012/12/21 - 21:0:54] Katie Castillo to Sergey Petrov: I can't belive i fucked you.
[2012/12/21 - 21:0:59] Katie Castillo to Sergey Petrov: Fat slob.
[2012/12/21 - 21:1:0] Sergey Petrov to Katie Castillo: if you tell me youve beign with someone i persume you mean more
[2012/12/21 - 21:1:9] Sergey Petrov to Katie Castillo: i dont care who your with
[2012/12/21 - 21:1:23] Sergey Petrov to Katie Castillo: i care about you
[2012/12/21 - 21:2:40] Katie Castillo to Sergey Petrov: Bullshit!
[2012/12/21 - 21:3:2] Sergey Petrov to Katie Castillo: im serious
[2012/12/21 - 21:3:8] Sergey Petrov to Katie Castillo: i love you
[2012/12/21 - 21:4:53] Katie Castillo to Sergey Petrov: Bullshit, I'll raise the baby by my self.
[2012/12/21 - 21:6:52] Sergey Petrov to Katie Castillo: suit yourself then,
[2012/12/21 - 21:7:4] Katie Castillo to Sergey Petrov: You fucking dick, I'm getting an abortion.
[2012/12/21 - 21:8:40] Katie Castillo to Sergey Petrov: And i thaught Russians would be not a fucking douche.
[2012/12/21 - 21:9:22] Sergey Petrov to Katie Castillo: do you expect me to argue with you or something?
[2012/12/21 - 21:9:32] Sergey Petrov to Katie Castillo: if you dont want me then im out of your life
[2012/12/21 - 21:9:36] Sergey Petrov to Katie Castillo: done, over
[2012/12/21 - 21:9:59] Katie Castillo to Sergey Petrov: Yeah well, I had the baby - He is in my arms.
[2012/12/21 - 21:10:27] Sergey Petrov to Katie Castillo: where are you, 
[2012/12/21 - 21:18:8] Katie Castillo to Sergey Petrov: You are so going to miss my vagina.
[2012/12/21 - 21:18:49] Sergey Petrov to Katie Castillo: I already do :-)
[2012/12/21 - 21:19:37] Katie Castillo to Sergey Petrov: Lose some weight and out on some muscle and Maybe we can try ag
[2012/12/21 - 21:20:23] Sergey Petrov to Katie Castillo: im already on a diet for some time, since we laid together i lo
[2012/12/21 - 21:20:32] Sergey Petrov to Katie Castillo: lost some 30 KG
[2012/12/23 - 12:33:18] DeAndre Moore to Katie Castillo: Hey, can you stop by the house?
[2012/12/23 - 12:33:33] DeAndre Moore to Katie Castillo: Mine...
[2012/12/23 - 12:33:40] Josh Cave to DeAndre Moore: Hey, you there?
[2012/12/23 - 12:33:58] Josh Cave to Micheal Thopmson: Hey, you there?
[2012/12/23 - 12:34:15] DeAndre Moore to Josh Cave: Yeah, who 'dis?
[2012/12/23 - 12:34:22] Micheal Thopmson to Josh Cave: yes
[2012/12/23 - 12:34:38] Josh Cave to DeAndre Moore: Who is this? I might have the wrong number, let's just say I'm 
[2012/12/23 - 12:34:52] Josh Cave to Micheal Thopmson: I need a ride at the Compound
[2012/12/23 - 12:34:58] Micheal Thopmson to Josh Cave: yes sir
[2012/12/23 - 12:35:0] Josh Cave to DeAndre Moore: High up in the government ranks
[2012/12/23 - 12:41:30] Josh Cave to DeAndre Moore: Where are you
[2012/12/23 - 12:42:53] Josh Cave to DeAndre Moore: NOW TELL ME, Where are you?
[2012/12/23 - 12:44:40] Josh Cave to DeAndre Moore: Smart bastard, I'm coming for you, Your Dead!!
[2012/12/23 - 12:44:57] DeAndre Moore to Josh Cave: Chill.
[2012/12/23 - 12:45:5] Josh Cave to DeAndre Moore: Don't tell me to chill!
[2012/12/23 - 12:45:36] Josh Cave to DeAndre Moore: I will find you, all agencies are being notified.
[2012/12/23 - 12:52:13] DeAndre Moore to Josh Cave: C'mon den, big badman.
[2012/12/23 - 12:56:59] DeAndre Moore to Micheal Thopmson: Hear'a news report?
[2012/12/23 - 13:0:21] DeAndre Moore to Josh Cave: Out on Temple, in'a projects, get at me..
[2012/12/23 - 13:0:33] Josh Cave to DeAndre Moore: Meet me at the Cityhall.
[2012/12/23 - 13:2:23] Josh Cave to DeAndre Moore: Meet me at city hall...
[2012/12/23 - 13:2:43] DeAndre Moore to Josh Cave: I'm 'ere.
[2012/12/23 - 13:24:6] Josh Cave to Natalie Severin: You look so nice today.
[2012/12/23 - 13:24:24] Josh Cave to Natalie Severin: May I come over, it's me Josh
[2012/12/23 - 13:24:26] Natalie Severin to Josh Cave: thanks
[2012/12/23 - 20:35:20] DeAndre Moore to Katie Castillo: C'mon, don't do me like this.
[2012/12/23 - 20:36:47] Katie Castillo to DeAndre Moore: You treat me like shit.
[2012/12/23 - 20:36:57] Katie Castillo to DeAndre Moore: All you want me for is my pussy.
[2012/12/23 - 20:37:9] DeAndre Moore to Katie Castillo: That ain't true, and you know it.
[2012/12/23 - 20:38:13] DeAndre Moore to Katie Castillo: All you did was avoid me.
[2012/12/23 - 20:38:40] Katie Castillo to DeAndre Moore: Fuck off..
[2012/12/23 - 20:39:2] Katie Castillo to DeAndre Moore: I let you have intercourse with me.
[2012/12/23 - 20:39:7] DeAndre Moore to Katie Castillo: I'm not till you give me a real reason, I asked a question n' y
[2012/12/23 - 20:39:21] DeAndre Moore to Katie Castillo: ou end it?
[2012/12/23 - 20:39:40] DeAndre Moore to Katie Castillo: You know why? Cause I LIKE you.
[2012/12/23 - 20:40:9] DeAndre Moore to Katie Castillo: Hell, coulda been love..
[2012/12/23 - 20:40:12] Katie Castillo to DeAndre Moore: I can get better then you.
[2012/12/23 - 20:40:49] DeAndre Moore to Katie Castillo: In Los Santo? I doubt it.
[2012/12/23 - 20:41:36] DeAndre Moore to Katie Castillo: Maybe if you actually dropped by..
[2012/12/23 - 20:42:1] Katie Castillo to DeAndre Moore: Why the fuck would i drop by.
[2012/12/23 - 20:42:19] DeAndre Moore to Katie Castillo: Well, what'd you just end?
[2012/12/23 - 20:42:26] DeAndre Moore to Katie Castillo: A relationship.
[2012/12/23 - 20:43:42] DeAndre Moore to Katie Castillo: I'll ask you one more time, why?
[2012/12/23 - 20:44:14] Katie Castillo to DeAndre Moore: I want someone who will be good to me and do anything for me.
[2012/12/23 - 20:44:26] Katie Castillo to DeAndre Moore: Who i want to marry and have kids with.
[2012/12/23 - 20:44:34] DeAndre Moore to Katie Castillo: I could, but you just avoid me.
[2012/12/23 - 20:44:55] Katie Castillo to DeAndre Moore: That is bullshit, Jerk.
[2012/12/23 - 20:45:28] DeAndre Moore to Katie Castillo: Ok, maybe you ain't avoid me, but I bet you won't find someone 
[2012/12/23 - 20:45:41] Katie Castillo to DeAndre Moore: I have been fucking a women.
[2012/12/23 - 20:45:58] Katie Castillo to DeAndre Moore: Well not fucking, But eating eachother out.
[2012/12/23 - 20:46:2] DeAndre Moore to Katie Castillo: half as good as me, if you'd have let me try.
[2012/12/23 - 20:46:16] DeAndre Moore to Katie Castillo: given me chance*))
[2012/12/23 - 20:46:35] Katie Castillo to DeAndre Moore: You don't show me any love.
[2012/12/23 - 20:46:52] Katie Castillo to DeAndre Moore: You treat me like a bitch who you had a one night stand with.
[2012/12/23 - 20:46:52] DeAndre Moore to Katie Castillo: You ain't there for me to, I never know where you are..
[2012/12/23 - 20:48:3] DeAndre Moore to Katie Castillo: Just give me a chance, please
[2012/12/23 - 20:49:48] Katie Castillo to DeAndre Moore: No, not untill you show me you want me.
[2012/12/23 - 20:50:29] DeAndre Moore to Katie Castillo: How? I bet you won't even show anywhere.
[2012/12/23 - 20:52:40] DeAndre Moore to Katie Castillo: And unless someone got'cha at gunpoint, I'm not catching a case
[2012/12/23 - 20:54:20] Katie Castillo to DeAndre Moore: I'll give you 10 minutes to think and maybe run around a couple
[2012/12/24 - 12:2:55] DeAndre Moore to Katie Castillo: Fuck it, you won't even listen. Just know not to show ya car on
[2012/12/24 - 12:3:6] DeAndre Moore to Katie Castillo: the set.
[2012/12/24 - 13:20:53] Josh Cave to Micheal Thopmson: All set
[2012/12/24 - 13:36:44] DeAndre Moore to Micheal Thopmson: Last I know, he was bitchin' at me..
[2018/4/16 - 3:11:40] ~r~$-2
[2018/4/16 - 3:11:51] ~r~$-2
[2018/4/16 - 3:12:10] ~r~$-2
[2018/4/16 - 3:12:33] ~r~$-2
[2018/4/16 - 3:12:38] ~r~$-2
[2018/4/16 - 3:13:58] ~r~$-2
[2018/4/16 - 3:14:19] ~r~$-2
[2018/4/16 - 3:14:52] ~r~$-2
[2018/4/16 - 3:15:21] ~r~$-2
[2018/4/16 - 3:15:42] ~r~$-2
[2018/4/16 - 3:16:2] ~r~$-2
[2018/4/16 - 3:16:9] ~r~$-2
[2018/4/16 - 3:19:3] ~r~$-2
[2018/4/16 - 3:19:24] ~r~$-2
[2018/4/16 - 3:20:21] ~r~$-2
[2018/4/16 - 3:20:32] ~r~$-2
[2018/4/16 - 3:22:9] ~r~$-2
[2018/4/16 - 3:22:24] ~r~$-2
[2018/4/16 - 3:22:34] ~r~$-2
[2018/4/16 - 3:22:47] ~r~$-2
[2018/4/16 - 5:18:22] ~r~$-2
[2018/4/16 - 16:57:32] ~r~$-2
[2018/4/16 - 16:57:49] ~r~$-2
[2018/4/16 - 16:57:58] ~r~$-2
[2018/4/16 - 17:58:34] ~r~$-2
[2018/4/16 - 17:58:46] ~r~$-2
[2018/4/16 - 17:59:19] ~r~$-2
[2018/4/16 - 17:59:31] ~r~$-2
[2018/4/16 - 18:34:58] ~r~$-2
[2018/4/16 - 18:35:10] ~r~$-2
[2018/4/16 - 18:35:10] ~r~$-2
[2018/4/16 - 18:35:25] ~r~$-2
[2018/4/16 - 18:35:46] ~r~$-2
[2018/4/16 - 18:36:20] ~r~$-2
[2018/4/16 - 18:36:28] ~r~$-2
[2018/4/16 - 18:36:50] ~r~$-2
[2018/4/16 - 18:47:12] ~r~$-2
[2018/4/16 - 18:47:29] ~r~$-2
[2018/4/16 - 18:47:51] ~r~$-2
[2018/4/16 - 18:48:4] ~r~$-2
[2018/4/16 - 18:48:12] ~r~$-2
[2018/4/16 - 18:48:20] ~r~$-2
[2018/4/16 - 19:2:31] ~r~$-2
[2018/4/16 - 19:2:38] ~r~$-2
[2018/4/16 - 19:2:57] ~r~$-2
[2018/4/16 - 19:3:10] ~r~$-2
[2018/4/16 - 19:3:32] ~r~$-2
[2018/4/16 - 19:3:37] ~r~$-2
[2018/4/16 - 19:10:7] ~r~$-2
[2018/4/16 - 19:10:27] ~r~$-2
[2018/4/16 - 19:10:30] ~r~$-2
[2018/4/16 - 19:10:42] ~r~$-2
[2018/4/16 - 19:11:25] ~r~$-2
[2018/4/16 - 19:11:33] ~r~$-2
[2018/4/16 - 19:14:16] ~r~$-2
[2018/4/16 - 19:14:27] ~r~$-2
[2018/4/16 - 19:14:35] ~r~$-2
[2018/4/16 - 19:14:48] ~r~$-2
[2018/4/16 - 19:15:0] ~r~$-2
[2018/4/16 - 19:16:22] ~r~$-2
[2018/4/16 - 19:16:23] ~r~$-2
[2018/4/16 - 19:16:36] ~r~$-2
[2018/4/16 - 19:16:49] ~r~$-2
[2018/4/16 - 19:16:54] ~r~$-2
[2018/4/16 - 19:17:1] ~r~$-2
[2018/4/16 - 19:17:2] ~r~$-2
[2018/4/16 - 19:17:40] ~r~$-2
[2018/4/16 - 19:17:50] ~r~$-2
[2018/4/16 - 19:17:57] ~r~$-2
[2018/4/16 - 19:27:24] ~r~$-2
[2018/4/16 - 19:27:32] ~r~$-2
[2018/4/16 - 19:27:39] ~r~$-2
[2018/4/16 - 19:27:44] ~r~$-2
[2018/4/16 - 19:28:4] ~r~$-2
[2018/4/16 - 20:28:38] ~r~$-2
[2018/4/16 - 20:37:37] ~r~$-2
[2018/4/16 - 21:8:53] ~r~$-2
[2018/4/16 - 21:9:2] ~r~$-2
[2018/4/16 - 21:9:37] ~r~$-2
[2018/4/16 - 21:9:46] ~r~$-2
[2018/4/16 - 21:9:53] ~r~$-2
[2018/4/16 - 21:10:14] ~r~$-2
[2018/4/16 - 21:10:30] ~r~$-2
[2018/4/16 - 21:10:37] ~r~$-2
[2018/4/16 - 21:12:38] ~r~$-2
[2018/4/16 - 22:34:46] ~r~$-2
[2018/4/16 - 22:57:48] ~r~$-2
[2018/4/16 - 22:58:5] ~r~$-2
[2018/4/16 - 22:59:13] ~r~$-2
[2018/4/17 - 0:40:42] ~r~$-2
[2018/4/17 - 0:46:1] ~r~$-2
[2018/4/17 - 1:28:58] ~r~$-2
[2018/4/17 - 1:46:20] ~r~$-2
[2018/4/17 - 1:46:33] ~r~$-2
[2018/4/17 - 1:46:47] ~r~$-2
[2018/4/17 - 1:46:48] ~r~$-2
[2018/4/17 - 1:46:57] ~r~$-2
[2018/4/17 - 1:47:8] ~r~$-2
[2018/4/17 - 1:47:20] ~r~$-2
[2018/4/17 - 1:47:42] ~r~$-2
[2018/4/17 - 1:52:39] ~r~$-2
[2018/4/17 - 1:52:50] ~r~$-2
[2018/4/17 - 1:53:3] ~r~$-2
[2018/4/17 - 1:53:22] ~r~$-2
[2018/4/17 - 1:53:37] ~r~$-2
[2018/4/17 - 2:6:47] ~r~$-2
[2018/4/17 - 2:6:55] ~r~$-2
[2018/4/17 - 2:6:56] ~r~$-2
[2018/4/17 - 2:7:9] ~r~$-2
[2018/4/17 - 2:7:10] ~r~$-2
[2018/4/17 - 2:7:20] ~r~$-2
[2018/4/17 - 2:7:37] ~r~$-2
[2018/4/17 - 2:7:49] ~r~$-2
[2018/4/17 - 2:7:57] ~r~$-2
[2018/4/17 - 2:8:1] ~r~$-2
[2018/4/17 - 2:9:35] ~r~$-2
[2018/4/17 - 2:23:50] ~r~$-2
[2018/4/17 - 2:24:21] ~r~$-2
[2018/4/17 - 2:24:33] ~r~$-2
[2018/4/17 - 2:24:49] ~r~$-2
[2018/4/17 - 2:24:56] ~r~$-2
[2018/4/17 - 2:25:2] ~r~$-2
[2018/4/17 - 2:25:11] ~r~$-2
[2018/4/17 - 2:25:30] ~r~$-2
[2018/4/17 - 2:25:41] ~r~$-2
[2018/4/17 - 2:25:45] ~r~$-2
[2018/4/17 - 2:25:55] ~r~$-2
[2018/4/17 - 2:26:3] ~r~$-2
[2018/4/17 - 2:26:6] ~r~$-2
[2018/4/17 - 2:26:15] ~r~$-2
[2018/4/17 - 2:26:20] ~r~$-2
[2018/4/17 - 2:26:40] ~r~$-2
[2018/4/17 - 2:27:0] ~r~$-2
[2018/4/17 - 2:27:8] ~r~$-2
[2018/4/17 - 2:27:34] ~r~$-2
[2018/4/17 - 2:27:48] ~r~$-2
[2018/4/17 - 2:57:53] ~r~$-2
[2018/4/17 - 3:0:7] ~r~$-2
[2018/4/17 - 3:0:45] ~r~$-2
[2018/4/17 - 3:1:25] ~r~$-2
[2018/4/17 - 3:1:33] ~r~$-2
[2018/4/17 - 3:3:36] ~r~$-2
[2018/4/17 - 3:13:31] ~r~$-2
[2018/4/17 - 16:33:21] ~r~$-2
[2018/4/17 - 16:33:40] ~r~$-2
[2018/4/17 - 16:33:52] ~r~$-2
[2018/4/17 - 16:33:52] ~r~$-2
[2018/4/17 - 16:34:8] ~r~$-2
[2018/4/17 - 16:34:18] ~r~$-2
[2018/4/17 - 16:34:43] ~r~$-2
[2018/4/17 - 16:34:45] ~r~$-2
[2018/4/17 - 16:34:57] ~r~$-2
[2018/4/17 - 16:35:0] ~r~$-2
[2018/4/17 - 16:37:46] ~r~$-2
[2018/4/17 - 16:37:56] ~r~$-2
[2018/4/17 - 16:38:15] ~r~$-2
[2018/4/17 - 16:38:28] ~r~$-2
[2018/4/17 - 16:38:45] ~r~$-2
[2018/4/17 - 16:38:52] ~r~$-2
[2018/4/17 - 16:39:1] ~r~$-2
[2018/4/17 - 16:39:34] ~r~$-2
[2018/4/17 - 16:49:28] ~r~$-2
[2018/4/17 - 16:49:53] ~r~$-2
[2018/4/17 - 16:50:13] ~r~$-2
[2018/4/17 - 16:50:31] ~r~$-2
[2018/4/17 - 17:6:12] ~r~$-2
[2018/4/17 - 17:6:31] ~r~$-2
[2018/4/17 - 17:6:40] ~r~$-2
[2018/4/17 - 17:6:51] ~r~$-2
[2018/4/17 - 17:7:1] ~r~$-2
[2018/4/17 - 17:7:12] ~r~$-2
[2018/4/17 - 17:7:27] ~r~$-2
[2018/4/17 - 17:7:37] ~r~$-2
[2018/4/17 - 17:14:37] ~r~$-2
[2018/4/17 - 17:14:48] ~r~$-2
[2018/4/17 - 17:15:0] ~r~$-2
[2018/4/17 - 17:15:12] ~r~$-2
[2018/4/17 - 17:15:34] ~r~$-2
[2018/4/17 - 17:15:48] ~r~$-2
[2018/4/17 - 17:16:7] ~r~$-2
[2018/4/17 - 17:16:11] ~r~$-2
[2018/4/17 - 17:16:27] ~r~$-2
[2018/4/17 - 17:19:36] ~r~$-2
[2018/4/17 - 17:20:54] ~r~$-2
[2018/4/17 - 17:21:57] ~r~$-2
[2018/4/17 - 17:22:7] ~r~$-2
[2018/4/17 - 17:33:40] ~r~$-2
[2018/4/17 - 17:33:51] ~r~$-2
[2018/4/17 - 17:34:2] ~r~$-2
[2018/4/17 - 17:34:30] ~r~$-2
[2018/4/17 - 17:34:39] ~r~$-2
[2018/4/17 - 17:34:56] ~r~$-2
[2018/4/17 - 17:35:0] ~r~$-2
[2018/4/17 - 17:35:10] ~r~$-2
[2018/4/17 - 17:35:29] ~r~$-2
[2018/4/17 - 17:35:38] ~r~$-2
[2018/4/17 - 17:36:1] ~r~$-2
[2018/4/17 - 17:36:14] ~r~$-2
[2018/4/17 - 17:36:20] ~r~$-2
[2018/4/17 - 17:36:39] ~r~$-2
[2018/4/17 - 17:36:50] ~r~$-2
[2018/4/17 - 17:37:0] ~r~$-2
[2018/4/17 - 17:45:14] ~r~$-2
[2018/4/17 - 17:45:44] ~r~$-2
[2018/4/17 - 17:45:45] ~r~$-2
[2018/4/17 - 17:45:56] ~r~$-2
[2018/4/17 - 17:46:18] ~r~$-2
[2018/4/17 - 17:46:29] ~r~$-2
[2018/4/17 - 17:46:38] ~r~$-2
[2018/4/17 - 17:47:1] ~r~$-2
[2018/4/17 - 17:47:22] ~r~$-2
[2018/4/17 - 17:47:39] ~r~$-2
[2018/4/17 - 17:48:1] ~r~$-2
[2018/4/17 - 17:48:13] ~r~$-2
[2018/4/17 - 17:48:31] ~r~$-2
[2018/4/17 - 17:48:52] ~r~$-2
[2018/4/17 - 17:49:15] ~r~$-2
[2018/4/17 - 17:50:0] ~r~$-2
[2018/4/17 - 17:51:8] ~r~$-2
[2018/4/17 - 17:51:22] ~r~$-2
[2018/4/17 - 17:51:28] ~r~$-2
[2018/4/17 - 17:51:54] ~r~$-2
[2018/4/17 - 17:52:0] ~r~$-2
[2018/4/17 - 17:52:12] ~r~$-2
[2018/4/17 - 17:52:19] ~r~$-2
[2018/4/17 - 17:52:19] ~r~$-2
[2018/4/17 - 17:52:27] ~r~$-2
[2018/4/17 - 17:52:32] ~r~$-2
[2018/4/17 - 17:52:42] ~r~$-2
[2018/4/17 - 17:52:46] ~r~$-2
[2018/4/17 - 17:56:16] ~r~$-2
[2018/4/17 - 17:56:23] ~r~$-2
[2018/4/17 - 17:56:27] ~r~$-2
[2018/4/17 - 17:56:33] ~r~$-2
[2018/4/17 - 18:8:50] ~r~$-2
[2018/4/17 - 18:8:53] ~r~$-2
[2018/4/17 - 18:9:2] ~r~$-2
[2018/4/17 - 18:9:4] ~r~$-2
[2018/4/17 - 18:12:11] ~r~$-2
[2018/4/17 - 18:16:27] ~r~$-2
[2018/4/17 - 18:16:36] ~r~$-2
[2018/4/17 - 18:17:18] ~r~$-2
[2018/4/17 - 18:19:5] ~r~$-2
[2018/4/17 - 18:19:20] ~r~$-2
[2018/4/17 - 18:19:33] ~r~$-2
[2018/4/17 - 18:41:12] ~r~$-2
[2018/4/17 - 18:42:19] ~r~$-2
[2018/4/17 - 18:51:43] ~r~$-2
[2018/4/17 - 18:51:56] ~r~$-2
[2018/4/17 - 18:52:1] ~r~$-2
[2018/4/17 - 18:52:7] ~r~$-2
[2018/4/17 - 18:52:22] ~r~$-2
[2018/4/17 - 18:52:27] ~r~$-2
[2018/4/17 - 18:52:33] ~r~$-2
[2018/4/17 - 18:52:41] ~r~$-2
[2018/4/17 - 18:52:52] ~r~$-2
[2018/4/17 - 18:52:59] ~r~$-2
[2018/4/17 - 18:53:8] ~r~$-2
[2018/4/17 - 18:53:17] ~r~$-2
[2018/4/17 - 18:53:28] ~r~$-2
[2018/4/17 - 18:53:30] ~r~$-2
[2018/4/17 - 18:56:26] ~r~$-2
[2018/4/17 - 18:56:42] ~r~$-2
[2018/4/17 - 19:5:17] ~r~$-2
[2018/4/17 - 19:5:57] ~r~$-2
[2018/4/17 - 19:6:10] ~r~$-2
[2018/4/17 - 19:7:8] ~r~$-2
[2018/4/17 - 19:7:19] ~r~$-2
[2018/4/17 - 19:7:53] ~r~$-2
[2018/4/17 - 19:22:12] ~r~$-2
[2018/4/17 - 19:22:40] ~r~$-2
[2018/4/17 - 19:23:13] ~r~$-2
[2018/4/17 - 19:23:31] ~r~$-2
[2018/4/17 - 19:23:40] ~r~$-2
[2018/4/17 - 19:30:38] ~r~$-2
[2018/4/17 - 19:30:44] ~r~$-2
[2018/4/17 - 19:30:45] ~r~$-2
[2018/4/17 - 19:30:46] ~r~$-2
[2018/4/17 - 19:31:1] ~r~$-2
[2018/4/17 - 19:31:10] ~r~$-2
[2018/4/17 - 19:42:39] ~r~$-2
[2018/4/17 - 19:42:44] ~r~$-2
[2018/4/17 - 19:55:20] ~r~$-2
[2018/4/17 - 19:55:30] ~r~$-2
[2018/4/17 - 20:10:1] ~r~$-2
[2018/4/17 - 20:10:30] ~r~$-2
[2018/4/17 - 20:11:11] ~r~$-2
[2018/4/17 - 20:11:34] ~r~$-2
[2018/4/17 - 20:11:52] ~r~$-2
[2018/4/17 - 20:12:12] ~r~$-2
[2018/4/17 - 20:12:18] ~r~$-2
[2018/4/17 - 20:12:44] ~r~$-2
[2018/4/17 - 20:12:50] ~r~$-2
[2018/4/17 - 20:13:5] ~r~$-2
[2018/4/17 - 20:16:7] ~r~$-2
[2018/4/17 - 20:16:38] ~r~$-2
[2018/4/17 - 20:18:11] ~r~$-2
[2018/4/17 - 20:19:7] ~r~$-2
[2018/4/17 - 20:42:12] ~r~$-2
[2018/4/17 - 20:42:33] ~r~$-2
[2018/4/17 - 20:42:51] ~r~$-2
[2018/4/17 - 20:43:6] ~r~$-2
[2018/4/17 - 20:44:31] ~r~$-2
[2018/4/17 - 20:44:58] ~r~$-2
[2018/4/17 - 20:45:56] ~r~$-2
[2018/4/17 - 20:47:27] ~r~$-2
[2018/4/17 - 20:47:47] ~r~$-2
[2018/4/17 - 20:48:0] ~r~$-2
[2018/4/17 - 20:48:11] ~r~$-2
[2018/4/17 - 20:48:43] ~r~$-2
[2018/4/17 - 20:49:3] ~r~$-2
[2018/4/17 - 20:49:19] ~r~$-2
[2018/4/17 - 20:49:48] ~r~$-2
[2018/4/17 - 20:50:16] ~r~$-2
[2018/4/17 - 20:50:42] ~r~$-2
[2018/4/17 - 20:54:53] ~r~$-2
[2018/4/17 - 22:5:54] ~r~$-2
[2018/4/17 - 23:27:57] ~r~$-2
[2018/4/17 - 23:28:8] ~r~$-2
[2018/4/17 - 23:28:15] ~r~$-2
[2018/4/17 - 23:28:18] ~r~$-2
[2018/4/17 - 23:28:27] ~r~$-2
[2018/4/17 - 23:28:35] ~r~$-2
[2018/4/17 - 23:28:44] ~r~$-2
[2018/4/17 - 23:28:58] ~r~$-2
[2018/4/17 - 23:29:17] ~r~$-2
[2018/4/17 - 23:29:21] ~r~$-2
[2018/4/17 - 23:29:26] ~r~$-2
[2018/4/17 - 23:29:35] ~r~$-2
[2018/4/17 - 23:30:9] ~r~$-2
[2018/4/17 - 23:30:32] ~r~$-2
[2018/4/17 - 23:30:46] ~r~$-2
[2018/4/17 - 23:30:57] ~r~$-2
[2018/4/17 - 23:31:7] ~r~$-2
[2018/4/17 - 23:31:24] ~r~$-2
[2018/4/17 - 23:31:43] ~r~$-2
[2018/4/17 - 23:31:54] ~r~$-2
[2018/4/17 - 23:32:22] ~r~$-2
[2018/4/17 - 23:32:25] ~r~$-2
[2018/4/17 - 23:32:35] ~r~$-2
[2018/4/17 - 23:32:46] ~r~$-2
[2018/4/17 - 23:33:2] ~r~$-2
[2018/4/17 - 23:33:11] ~r~$-2
[2018/4/17 - 23:33:21] ~r~$-2
[2018/4/17 - 23:33:41] ~r~$-2
[2018/4/17 - 23:33:41] ~r~$-2
[2018/4/17 - 23:33:50] ~r~$-2
[2018/4/17 - 23:34:9] ~r~$-2
[2018/4/17 - 23:34:40] ~r~$-2
[2018/4/17 - 23:35:2] ~r~$-2
[2018/4/17 - 23:35:17] ~r~$-2
[2018/4/17 - 23:35:40] ~r~$-2
[2018/4/17 - 23:35:57] ~r~$-2
[2018/4/17 - 23:36:7] ~r~$-2
[2018/4/17 - 23:39:11] ~r~$-2
[2018/4/17 - 23:39:21] ~r~$-2
[2018/4/17 - 23:46:3] ~r~$-2
[2018/4/17 - 23:46:20] ~r~$-2
[2018/4/17 - 23:46:32] ~r~$-2
[2018/4/17 - 23:46:52] ~r~$-2
[2018/4/17 - 23:47:2] ~r~$-2
[2018/4/18 - 0:4:18] ~r~$-2
[2018/4/18 - 0:4:25] ~r~$-2
[2018/4/18 - 0:4:25] ~r~$-2
[2018/4/18 - 0:4:30] ~r~$-2
[2018/4/18 - 0:4:37] ~r~$-2
[2018/4/18 - 0:4:39] ~r~$-2
[2018/4/18 - 1:5:42] ~r~$-2
[2018/4/18 - 1:6:10] ~r~$-2
[2018/4/18 - 1:6:22] ~r~$-2
[2018/4/18 - 1:6:39] ~r~$-2
[2018/4/18 - 1:22:20] ~r~$-2
[2018/4/18 - 1:23:31] ~r~$-2
[2018/4/18 - 1:30:50] ~r~$-2
[2018/4/18 - 1:31:28] ~r~$-2
[2018/4/18 - 1:31:58] ~r~$-2
[2018/4/18 - 1:32:29] ~r~$-2
[2018/4/18 - 1:33:0] ~r~$-2
[2018/4/18 - 17:28:34] ~r~$-2
[2018/4/18 - 17:28:47] ~r~$-2
[2018/4/18 - 17:28:52] ~r~$-2
[2018/4/18 - 17:28:57] ~r~$-2
[2018/4/18 - 17:29:3] ~r~$-2
[2018/4/18 - 17:29:10] ~r~$-2
[2018/4/18 - 17:29:23] ~r~$-2
[2018/4/18 - 17:29:33] ~r~$-2
[2018/4/18 - 17:29:37] ~r~$-2
[2018/4/18 - 17:29:43] ~r~$-2
[2018/4/18 - 17:29:56] ~r~$-2
[2018/4/18 - 17:30:8] ~r~$-2
[2018/4/18 - 17:30:11] ~r~$-2
[2018/4/18 - 17:30:17] ~r~$-2
[2018/4/18 - 17:30:27] ~r~$-2
[2018/4/18 - 17:52:41] ~r~$-2
[2018/4/18 - 18:41:54] ~r~$-2
[2018/4/18 - 18:42:53] ~r~$-2
[2018/4/18 - 18:42:59] ~r~$-2
[2018/4/18 - 18:43:2] ~r~$-2
[2018/4/18 - 18:43:23] ~r~$-2
[2018/4/18 - 18:43:33] ~r~$-2
[2018/4/18 - 18:45:26] ~r~$-2
[2018/4/18 - 18:45:31] ~r~$-2
[2018/4/18 - 18:45:46] ~r~$-2
[2018/4/18 - 18:45:55] ~r~$-2
[2018/4/18 - 18:50:9] ~r~$-2
[2018/4/18 - 18:50:21] ~r~$-2
[2018/4/18 - 18:50:21] ~r~$-2
[2018/4/18 - 18:50:28] ~r~$-2
[2018/4/18 - 18:50:33] ~r~$-2
[2018/4/18 - 18:50:47] ~r~$-2
[2018/4/18 - 18:50:51] ~r~$-2
[2018/4/18 - 19:16:50] ~r~$-2
[2018/4/18 - 19:17:9] ~r~$-2
[2018/4/18 - 19:17:23] ~r~$-2
[2018/4/18 - 19:17:34] ~r~$-2
[2018/4/18 - 19:18:53] ~r~$-2
[2018/4/18 - 19:19:1] ~r~$-2
[2018/4/18 - 19:20:18] ~r~$-2
[2018/4/18 - 19:20:29] ~r~$-2
[2018/4/18 - 19:20:38] ~r~$-2
[2018/4/18 - 19:20:39] ~r~$-2
[2018/4/18 - 19:22:28] ~r~$-2
[2018/4/18 - 19:22:52] ~r~$-2
[2018/4/18 - 19:23:8] ~r~$-2
[2018/4/18 - 21:22:33] ~r~$-2
[2018/4/18 - 21:22:37] ~r~$-2
[2018/4/18 - 21:23:17] ~r~$-2
[2018/4/18 - 21:41:49] ~r~$-2
[2018/4/18 - 21:41:53] ~r~$-2
[2018/4/18 - 21:42:1] ~r~$-2
[2018/4/18 - 21:42:10] ~r~$-2
[2018/4/19 - 0:42:44] ~r~$-2
[2018/4/19 - 17:49:25] ~r~$-2
[2018/4/19 - 17:50:20] ~r~$-2
[2018/4/19 - 17:50:45] ~r~$-2
[2018/4/19 - 18:9:30] ~r~$-2
[2018/4/19 - 18:9:49] ~r~$-2
[2018/4/19 - 18:10:27] ~r~$-2
[2018/4/19 - 18:20:59] ~r~$-2
[2018/4/19 - 21:28:12] ~r~$-2
[2018/4/19 - 21:32:46] ~r~$-2
[2018/4/19 - 21:35:18] ~r~$-2
[2018/4/19 - 21:35:47] ~r~$-2
[2018/4/19 - 21:36:14] ~r~$-2
[2018/4/19 - 21:36:28] ~r~$-2
[2018/4/19 - 21:36:49] ~r~$-2
[2018/4/19 - 21:37:8] ~r~$-2
[2018/4/19 - 21:37:22] ~r~$-2
[2018/4/19 - 21:37:48] ~r~$-2
[2018/4/19 - 21:37:55] ~r~$-2
[2018/4/19 - 21:38:0] ~r~$-2
[2018/4/19 - 21:38:11] ~r~$-2
[2018/4/19 - 21:38:16] ~r~$-2
[2018/4/19 - 21:38:29] ~r~$-2
[2018/4/19 - 21:38:33] ~r~$-2
[2018/4/19 - 21:38:57] ~r~$-2
[2018/4/19 - 21:39:15] ~r~$-2
[2018/4/19 - 21:55:41] ~r~$-2
[2018/4/19 - 21:58:9] ~r~$-2
[2018/4/19 - 21:58:28] ~r~$-2
[2018/4/19 - 22:15:51] ~r~$-2
[2018/4/19 - 22:33:31] ~r~$-2
[2018/4/19 - 22:33:44] ~r~$-2
[2018/4/19 - 22:33:55] ~r~$-2
[2018/4/19 - 22:34:15] ~r~$-2
[2018/4/19 - 22:34:47] ~r~$-2
[2018/4/19 - 22:34:58] ~r~$-2
[2018/4/19 - 22:36:31] ~r~$-2
[2018/4/19 - 22:36:49] ~r~$-2
[2018/4/19 - 22:37:8] ~r~$-2
[2018/4/19 - 22:37:18] ~r~$-2
[2018/4/19 - 22:37:32] ~r~$-2
[2018/4/19 - 22:37:54] ~r~$-2
[2018/4/19 - 22:40:26] ~r~$-2
[2018/4/19 - 22:40:32] ~r~$-2
[2018/4/19 - 22:40:39] ~r~$-2
[2018/4/19 - 22:51:11] ~r~$-2
[2018/4/19 - 22:51:53] ~r~$-2
[2018/4/19 - 22:52:3] ~r~$-2
[2018/4/19 - 22:52:15] ~r~$-2
[2018/4/19 - 22:52:29] ~r~$-2
[2018/4/19 - 22:52:44] ~r~$-2
[2018/4/20 - 19:49:59] ~r~$-2
[2018/4/20 - 19:50:8] ~r~$-2
[2018/4/20 - 19:50:17] ~r~$-2
[2018/4/20 - 19:50:38] ~r~$-2
[2018/4/20 - 19:50:43] ~r~$-2
[2018/4/20 - 19:50:46] ~r~$-2
[2018/4/20 - 19:50:53] ~r~$-2
[2018/4/20 - 19:51:29] ~r~$-2
[2018/4/20 - 19:51:43] ~r~$-2
[2018/4/20 - 19:52:24] ~r~$-2
[2018/4/20 - 19:52:36] ~r~$-2
[2018/4/20 - 19:55:34] ~r~$-2
[2018/4/20 - 19:55:40] ~r~$-2
[2018/4/20 - 19:56:8] ~r~$-2
[2018/4/20 - 19:56:37] ~r~$-2
[2018/4/20 - 19:56:48] ~r~$-2
[2018/4/20 - 19:56:49] ~r~$-2
[2018/4/20 - 19:57:6] ~r~$-2
[2018/4/20 - 19:58:43] ~r~$-2
[2018/4/20 - 20:5:47] ~r~$-2
[2018/4/20 - 20:5:54] ~r~$-2
[2018/4/20 - 20:5:55] ~r~$-2
[2018/4/20 - 20:7:7] ~r~$-2
[2018/4/20 - 20:7:28] ~r~$-2
[2018/4/20 - 20:11:29] ~r~$-2
[2018/4/20 - 20:11:37] ~r~$-2
[2018/4/21 - 0:29:39] ~r~$-2
[2018/4/21 - 0:29:47] ~r~$-2
[2018/4/21 - 0:29:56] ~r~$-2
[2018/4/21 - 0:30:14] ~r~$-2
[2018/4/21 - 0:30:46] ~r~$-2
[2018/4/21 - 0:30:52] ~r~$-2
[2018/4/21 - 0:31:0] ~r~$-2
[2018/4/21 - 0:31:16] ~r~$-2
[2018/4/21 - 0:31:31] ~r~$-2
[2018/4/21 - 0:33:13] ~r~$-2
[2018/4/21 - 0:34:20] ~r~$-2
[2018/4/21 - 0:34:37] ~r~$-2
[2018/4/21 - 0:34:47] ~r~$-2
[2018/4/21 - 0:34:56] ~r~$-2
[2018/4/21 - 0:35:11] ~r~$-2
[2018/4/21 - 0:35:31] ~r~$-2
[2018/4/21 - 0:35:45] ~r~$-2
[2018/4/21 - 0:35:56] ~r~$-2
[2018/4/21 - 0:36:1] ~r~$-2
[2018/4/21 - 0:36:21] ~r~$-2
[2018/4/21 - 0:36:30] ~r~$-2
[2018/4/21 - 0:37:31] ~r~$-2
[2018/4/21 - 0:37:40] ~r~$-2
[2018/4/21 - 0:38:6] ~r~$-2
[2018/4/21 - 0:39:4] ~r~$-2
[2018/4/21 - 0:40:3] ~r~$-2
[2018/4/21 - 0:40:16] ~r~$-2
[2018/4/21 - 0:40:26] ~r~$-2
[2018/4/21 - 1:3:7] ~r~$-2
[2018/4/21 - 1:5:41] ~r~$-2
[2018/4/21 - 1:5:50] ~r~$-2
[2018/4/21 - 1:6:1] ~r~$-2
[2018/4/21 - 1:8:1] ~r~$-2
[2018/4/21 - 1:8:5] ~r~$-2
[2018/4/21 - 1:8:10] ~r~$-2
[2018/4/21 - 1:8:35] ~r~$-2
[2018/4/21 - 1:12:59] ~r~$-2
[2018/4/21 - 1:16:46] ~r~$-2
[2018/4/21 - 1:16:54] ~r~$-2
[2018/4/21 - 1:17:39] ~r~$-2
[2018/4/21 - 1:18:36] ~r~$-2
[2018/4/21 - 1:37:52] ~r~$-2
[2018/4/21 - 1:50:9] ~r~$-2
[2018/4/21 - 1:50:19] ~r~$-2
[2018/4/21 - 1:51:42] ~r~$-2
[2018/4/21 - 1:51:49] ~r~$-2
[2018/4/21 - 1:52:4] ~r~$-2
[2018/4/21 - 1:52:6] ~r~$-2
[2018/4/21 - 1:52:31] ~r~$-2
[2018/4/21 - 1:52:47] ~r~$-2
[2018/4/21 - 1:52:57] ~r~$-2
[2018/4/21 - 1:53:5] ~r~$-2
[2018/4/21 - 1:55:44] ~r~$-2
[2018/4/21 - 2:3:43] ~r~$-2
[2018/4/21 - 2:3:58] ~r~$-2
[2018/4/21 - 2:6:56] ~r~$-2
[2018/4/21 - 2:7:18] ~r~$-2
[2018/4/21 - 2:8:52] ~r~$-2
[2018/4/21 - 2:9:7] ~r~$-2
[2018/4/21 - 2:12:47] ~r~$-2
[2018/4/21 - 2:12:53] ~r~$-2
[2018/4/21 - 2:13:4] ~r~$-2
[2018/4/21 - 2:13:15] ~r~$-2
[2018/4/21 - 2:13:18] ~r~$-2
[2018/4/21 - 2:13:25] ~r~$-2
[2018/4/21 - 2:52:53] ~r~$-2
[2018/4/21 - 2:53:4] ~r~$-2
[2018/4/21 - 2:53:19] ~r~$-2
[2018/4/21 - 2:53:41] ~r~$-2
[2018/4/21 - 2:54:6] ~r~$-2
[2018/4/21 - 2:54:16] ~r~$-2
[2018/4/21 - 2:54:21] ~r~$-2
[2018/4/21 - 2:54:24] ~r~$-2
[2018/4/21 - 2:54:33] ~r~$-2
[2018/4/21 - 2:54:41] ~r~$-2
[2018/4/21 - 2:54:46] ~r~$-2
[2018/4/21 - 2:59:13] ~r~$-2
[2018/4/21 - 2:59:22] ~r~$-2
[2018/4/21 - 3:14:8] ~r~$-2
[2018/4/21 - 3:14:34] ~r~$-2
[2018/4/21 - 3:14:54] ~r~$-2
[2018/4/21 - 3:15:0] ~r~$-2
[2018/4/21 - 3:15:40] ~r~$-2
[2018/4/21 - 20:21:5] ~r~$-2
[2018/4/21 - 20:21:23] ~r~$-2
[2018/4/21 - 20:37:31] ~r~$-2
[2018/4/21 - 20:37:50] ~r~$-2
[2018/4/21 - 21:22:47] ~r~$-2
[2018/4/22 - 2:4:20] ~r~$-2
[2018/4/22 - 2:4:27] ~r~$-2
[2018/4/22 - 2:4:39] ~r~$-2
[2018/4/22 - 2:4:50] ~r~$-2
[2018/4/22 - 2:5:15] ~r~$-2
[2018/4/22 - 2:5:49] ~r~$-2
[2018/4/22 - 2:5:51] ~r~$-2
[2018/4/22 - 2:6:16] ~r~$-2
[2018/4/22 - 2:6:32] ~r~$-2
[2018/4/22 - 2:6:48] ~r~$-2
[2018/4/22 - 2:7:7] ~r~$-2
[2018/4/22 - 2:7:18] ~r~$-2
[2018/4/22 - 2:7:19] ~r~$-2
[2018/4/22 - 2:7:33] ~r~$-2
[2018/4/22 - 2:7:47] ~r~$-2
[2018/4/22 - 2:7:52] ~r~$-2
[2018/4/22 - 2:7:57] ~r~$-2
[2018/4/22 - 2:8:14] ~r~$-2
[2018/4/22 - 2:9:32] ~r~$-2
[2018/4/22 - 13:45:33] ~r~$-2
[2018/4/22 - 13:46:17] ~r~$-2
[2018/4/22 - 13:47:24] ~r~$-2
[2018/4/22 - 13:47:52] ~r~$-2
[2018/4/22 - 13:48:1] ~r~$-2
[2018/4/22 - 13:48:24] ~r~$-2
[2018/4/22 - 13:48:45] ~r~$-2
[2018/4/22 - 13:48:52] ~r~$-2
[2018/4/22 - 13:49:16] ~r~$-2
[2018/4/22 - 13:49:34] ~r~$-2
[2018/4/22 - 13:49:52] ~r~$-2
[2018/4/22 - 13:52:1] ~r~$-2
[2018/4/22 - 13:52:9] ~r~$-2
[2018/4/22 - 13:52:10] ~r~$-2
[2018/4/22 - 13:52:17] ~r~$-2
[2018/4/22 - 14:15:45] ~r~$-2
[2018/4/22 - 14:16:30] ~r~$-2
[2018/4/22 - 14:16:46] ~r~$-2
[2018/4/22 - 14:17:7] ~r~$-2
[2018/4/22 - 14:17:11] ~r~$-2
[2018/4/22 - 14:17:14] ~r~$-2
[2018/4/22 - 14:17:16] ~r~$-2
[2018/4/22 - 14:17:18] ~r~$-2
[2018/4/22 - 14:17:31] ~r~$-2
[2018/4/22 - 14:17:42] ~r~$-2
[2018/4/22 - 14:38:5] ~r~$-2
[2018/4/22 - 14:38:15] ~r~$-2
[2018/4/22 - 14:38:27] ~r~$-2
[2018/4/22 - 15:23:20] ~r~$-2
[2018/4/22 - 15:23:34] ~r~$-2
[2018/4/22 - 15:24:25] ~r~$-2
[2018/4/22 - 16:12:20] ~r~$-2
[2018/4/22 - 16:12:38] ~r~$-2
[2018/4/22 - 16:12:50] ~r~$-2
[2018/4/22 - 16:12:55] ~r~$-2
[2018/4/22 - 17:6:13] ~r~$-2
[2018/4/22 - 17:6:32] ~r~$-2
[2018/4/22 - 17:6:45] ~r~$-2
[2018/4/22 - 17:6:46] ~r~$-2
[2018/4/22 - 17:7:1] ~r~$-2
[2018/4/22 - 17:7:20] ~r~$-2
[2018/4/22 - 17:7:33] ~r~$-2
[2018/4/22 - 17:7:58] ~r~$-2
[2018/4/22 - 17:8:8] ~r~$-2
[2018/4/22 - 17:57:25] ~r~$-2
[2018/4/22 - 17:57:48] ~r~$-2
[2018/4/22 - 18:12:59] ~r~$-2
[2018/4/22 - 18:13:35] ~r~$-2
[2018/4/22 - 18:22:21] ~r~$-2
[2018/4/22 - 18:22:26] ~r~$-2
[2018/4/22 - 19:9:20] ~r~$-2
[2018/4/22 - 19:9:38] ~r~$-2
[2018/4/22 - 19:9:59] ~r~$-2
[2018/4/22 - 19:10:9] ~r~$-2
[2018/4/22 - 19:10:18] ~r~$-2
[2018/4/22 - 19:10:20] ~r~$-2
[2018/4/22 - 19:22:5] ~r~$-2
[2018/4/22 - 20:47:16] ~r~$-2
[2018/4/22 - 20:47:27] ~r~$-2
[2018/4/22 - 20:47:41] ~r~$-2
[2018/4/22 - 20:47:51] ~r~$-2
[2018/4/22 - 20:48:8] ~r~$-2
[2018/4/22 - 20:48:19] ~r~$-2
[2018/4/22 - 20:48:45] ~r~$-2
[2018/4/22 - 21:12:28] ~r~$-2
[2018/4/22 - 21:44:49] ~r~$-2
[2018/4/22 - 22:18:54] ~r~$-2
[2018/4/22 - 22:54:57] ~r~$-2
[2018/4/22 - 22:55:7] ~r~$-2
[2018/4/22 - 22:59:6] ~r~$-2
[2018/4/22 - 22:59:17] ~r~$-2
[2018/4/22 - 22:59:30] ~r~$-2
[2018/4/22 - 22:59:39] ~r~$-2
[2018/4/22 - 23:6:31] ~r~$-2
[2018/4/22 - 23:10:43] ~r~$-2
[2018/4/22 - 23:25:26] ~r~$-2
[2018/4/22 - 23:27:39] ~r~$-2
[2018/4/23 - 0:17:10] ~r~$-2
[2018/4/23 - 0:17:19] ~r~$-2
[2018/4/23 - 0:17:48] ~r~$-2
[2018/4/23 - 0:18:13] ~r~$-2
[2018/4/23 - 0:18:16] ~r~$-2
[2018/4/23 - 0:18:28] ~r~$-2
[2018/4/23 - 0:18:37] ~r~$-2
[2018/4/23 - 0:18:43] ~r~$-2
[2018/4/23 - 0:20:17] ~r~$-2
[2018/4/23 - 0:20:24] ~r~$-2
[2018/4/23 - 0:20:29] ~r~$-2
[2018/4/23 - 0:20:34] ~r~$-2
[2018/4/23 - 0:21:7] ~r~$-2
[2018/4/23 - 0:21:24] ~r~$-2
[2018/4/23 - 0:23:39] ~r~$-2
[2018/4/23 - 0:23:44] ~r~$-2
[2018/4/23 - 0:23:53] ~r~$-2
[2018/4/23 - 0:24:4] ~r~$-2
[2018/4/23 - 0:25:35] ~r~$-2
[2018/4/23 - 0:25:36] ~r~$-2
[2018/4/23 - 0:26:40] ~r~$-2
[2018/4/23 - 0:26:56] ~r~$-2
[2018/4/23 - 0:27:1] ~r~$-2
[2018/4/23 - 0:27:34] ~r~$-2
[2018/4/23 - 0:28:0] ~r~$-2
[2018/4/23 - 0:28:22] ~r~$-2
[2018/4/23 - 0:28:29] ~r~$-2
[2018/4/23 - 0:28:42] ~r~$-2
[2018/4/23 - 0:28:56] ~r~$-2
[2018/4/23 - 0:29:3] ~r~$-2
[2018/4/23 - 0:29:48] ~r~$-2
[2018/4/23 - 0:30:28] ~r~$-2
[2018/4/23 - 0:33:16] ~r~$-2
[2018/4/23 - 0:33:25] ~r~$-2
[2018/4/23 - 0:37:0] ~r~$-2
[2018/4/23 - 0:37:6] ~r~$-2
[2018/4/23 - 0:54:27] ~r~$-2
[2018/4/23 - 0:54:34] ~r~$-2
[2018/4/23 - 0:54:42] ~r~$-2
[2018/4/23 - 0:55:29] ~r~$-2
[2018/4/23 - 3:5:35] ~r~$-2
[2018/4/23 - 3:7:39] ~r~$-2
[2018/4/23 - 3:10:1] ~r~$-2
[2018/4/23 - 3:11:44] ~r~$-2
[2018/4/23 - 3:12:11] ~r~$-2
[2018/4/23 - 3:12:38] ~r~$-2
[2018/4/23 - 3:13:0] ~r~$-2
[2018/4/23 - 3:19:45] ~r~$-2
[2018/4/23 - 13:58:36] ~r~$-2
[2018/4/23 - 13:59:2] ~r~$-2
[2018/4/23 - 13:59:28] ~r~$-2
[2018/4/23 - 14:0:17] ~r~$-2
[2018/4/23 - 14:0:35] ~r~$-2
[2018/4/23 - 14:0:54] ~r~$-2
[2018/4/23 - 14:1:3] ~r~$-2
[2018/4/23 - 14:14:45] ~r~$-2
[2018/4/23 - 14:24:47] ~r~$-2
[2018/4/23 - 14:25:10] ~r~$-2
[2018/4/23 - 14:25:40] ~r~$-2
[2018/4/23 - 14:26:10] ~r~$-2
[2018/4/23 - 14:26:58] ~r~$-2
[2018/4/23 - 17:26:29] ~r~$-2
[2018/4/23 - 17:26:43] ~r~$-2
[2018/4/23 - 17:27:1] ~r~$-2
[2018/4/23 - 17:27:11] ~r~$-2
[2018/4/23 - 17:27:15] ~r~$-2
[2018/4/23 - 17:27:31] ~r~$-2
[2018/4/23 - 17:27:32] ~r~$-2
[2018/4/23 - 17:27:44] ~r~$-2
[2018/4/23 - 17:27:55] ~r~$-2
[2018/4/23 - 17:27:55] ~r~$-2
[2018/4/23 - 17:28:3] ~r~$-2
[2018/4/23 - 17:28:14] ~r~$-2
[2018/4/23 - 17:28:23] ~r~$-2
[2018/4/23 - 17:28:34] ~r~$-2
[2018/4/23 - 17:28:49] ~r~$-2
[2018/4/23 - 17:28:52] ~r~$-2
[2018/4/23 - 17:29:4] ~r~$-2
[2018/4/23 - 17:29:36] ~r~$-2
[2018/4/23 - 17:29:44] ~r~$-2
[2018/4/23 - 17:29:45] ~r~$-2
[2018/4/23 - 17:30:11] ~r~$-2
[2018/4/23 - 17:30:15] ~r~$-2
[2018/4/23 - 17:30:32] ~r~$-2
[2018/4/23 - 17:30:52] ~r~$-2
[2018/4/23 - 17:31:2] ~r~$-2
[2018/4/23 - 17:31:29] ~r~$-2
[2018/4/23 - 17:31:53] ~r~$-2
[2018/4/23 - 17:35:38] ~r~$-2
[2018/4/23 - 17:36:6] ~r~$-2
[2018/4/23 - 17:48:38] ~r~$-2
[2018/4/23 - 17:48:45] ~r~$-2
[2018/4/23 - 17:49:9] ~r~$-2
[2018/4/23 - 18:4:57] ~r~$-2
[2018/4/23 - 18:5:5] ~r~$-2
[2018/4/23 - 18:5:7] ~r~$-2
[2018/4/23 - 18:5:12] ~r~$-2
[2018/4/23 - 18:5:15] ~r~$-2
[2018/4/23 - 18:5:19] ~r~$-2
[2018/4/23 - 18:5:27] ~r~$-2
[2018/4/23 - 18:5:34] ~r~$-2
[2018/4/23 - 18:24:48] ~r~$-2
[2018/4/23 - 18:24:58] ~r~$-2
[2018/4/23 - 18:25:42] ~r~$-2
[2018/4/23 - 18:25:50] ~r~$-2
[2018/4/23 - 18:26:7] ~r~$-2
[2018/4/23 - 18:26:16] ~r~$-2
[2018/4/23 - 18:26:25] ~r~$-2
[2018/4/23 - 18:26:52] ~r~$-2
[2018/4/23 - 18:27:3] ~r~$-2
[2018/4/23 - 18:42:39] ~r~$-2
[2018/4/23 - 19:15:50] ~r~$-2
[2018/4/23 - 19:19:29] ~r~$-2
[2018/4/23 - 19:19:52] ~r~$-2
[2018/4/23 - 19:20:3] ~r~$-2
[2018/4/23 - 19:20:16] ~r~$-2
[2018/4/23 - 19:20:26] ~r~$-2
[2018/4/23 - 19:20:33] ~r~$-2
[2018/4/23 - 19:20:42] ~r~$-2
[2018/4/23 - 19:20:56] ~r~$-2
[2018/4/23 - 19:21:4] ~r~$-2
[2018/4/23 - 19:21:16] ~r~$-2
[2018/4/23 - 19:21:46] ~r~$-2
[2018/4/23 - 19:22:9] ~r~$-2
[2018/4/23 - 19:22:22] ~r~$-2
[2018/4/23 - 19:24:18] ~r~$-2
[2018/4/23 - 19:35:51] ~r~$-2
[2018/4/23 - 19:36:4] ~r~$-2
[2018/4/23 - 19:40:17] ~r~$-2
[2018/4/23 - 19:40:28] ~r~$-2
[2018/4/23 - 19:40:45] ~r~$-2
[2018/4/23 - 19:40:56] ~r~$-2
[2018/4/23 - 19:41:3] ~r~$-2
[2018/4/23 - 19:41:5] ~r~$-2
[2018/4/23 - 19:42:6] ~r~$-2
[2018/4/23 - 20:31:44] ~r~$-2
[2018/4/23 - 20:31:51] ~r~$-2
[2018/4/23 - 20:40:3] ~r~$-2
[2018/4/23 - 20:40:16] ~r~$-2
[2018/4/23 - 20:42:56] ~r~$-2
[2018/4/23 - 20:43:18] ~r~$-2
[2018/4/23 - 21:13:29] ~r~$-2
[2018/4/23 - 21:13:40] ~r~$-2
[2018/4/23 - 21:15:58] ~r~$-2
[2018/4/23 - 21:16:17] ~r~$-2
[2018/4/23 - 21:16:18] ~r~$-2
[2018/4/23 - 21:16:33] ~r~$-2
[2018/4/23 - 21:18:57] ~r~$-2
[2018/4/23 - 21:19:6] ~r~$-2
[2018/4/23 - 21:44:33] ~r~$-2
[2018/4/23 - 21:44:49] ~r~$-2
[2018/4/23 - 21:44:57] ~r~$-2
[2018/4/23 - 21:51:3] ~r~$-2
[2018/4/23 - 22:18:22] ~r~$-2
[2018/4/24 - 1:2:8] ~r~$-2
[2018/4/24 - 1:2:35] ~r~$-2
[2018/4/24 - 1:4:1] ~r~$-2
[2018/4/24 - 1:17:57] ~r~$-2
[2018/4/24 - 1:18:11] ~r~$-2
[2018/4/24 - 1:18:23] ~r~$-2
[2018/4/24 - 1:18:40] ~r~$-2
[2018/4/24 - 22:9:50] ~r~$-2
[2018/4/24 - 22:10:10] ~r~$-2
[2018/4/24 - 22:26:48] ~r~$-2
[2018/4/24 - 22:27:10] ~r~$-2
[2018/4/24 - 22:27:15] ~r~$-2
[2018/4/24 - 22:27:21] ~r~$-2
[2018/4/24 - 22:27:38] ~r~$-2
[2018/4/24 - 23:10:52] ~r~$-2
[2018/4/24 - 23:11:12] ~r~$-2
[2018/4/24 - 23:11:37] ~r~$-2
[2018/4/24 - 23:12:51] ~r~$-2
[2018/4/24 - 23:13:16] ~r~$-2
[2018/4/24 - 23:13:51] ~r~$-2
[2018/4/24 - 23:14:20] ~r~$-2
[2018/4/24 - 23:15:6] ~r~$-2
[2018/4/24 - 23:15:24] ~r~$-2
[2018/4/24 - 23:15:45] ~r~$-2
[2018/4/24 - 23:15:54] ~r~$-2
[2018/4/24 - 23:16:52] ~r~$-2
[2018/4/24 - 23:17:5] ~r~$-2
[2018/4/24 - 23:17:26] ~r~$-2
[2018/4/24 - 23:17:41] ~r~$-2
[2018/4/24 - 23:17:56] ~r~$-2
[2018/4/24 - 23:17:58] ~r~$-2
[2018/4/25 - 1:43:16] ~r~$-2
[2018/4/25 - 2:4:1] ~r~$-2
[2018/4/25 - 2:4:35] ~r~$-2
[2018/4/25 - 2:4:56] ~r~$-2
[2018/4/25 - 2:5:24] ~r~$-2
[2018/4/25 - 2:8:59] ~r~$-2
[2018/4/25 - 2:9:50] ~r~$-2
[2018/4/25 - 2:13:34] ~r~$-2
[2018/4/25 - 2:15:46] ~r~$-2
[2018/4/25 - 2:15:59] ~r~$-2
[2018/4/25 - 15:11:15] ~r~$-2
[2018/4/25 - 15:11:30] ~r~$-2
[2018/4/25 - 15:11:41] ~r~$-2
[2018/4/25 - 15:37:10] ~r~$-2
[2018/4/25 - 15:38:44] ~r~$-2
[2018/4/25 - 15:38:54] ~r~$-2
[2018/4/25 - 16:22:59] ~r~$-2
[2018/4/25 - 16:28:53] ~r~$-2
[2018/4/25 - 16:29:8] ~r~$-2
[2018/4/25 - 17:37:15] ~r~$-2
[2018/4/25 - 17:37:31] ~r~$-2
[2018/4/25 - 18:37:48] ~r~$-2
[2018/4/25 - 18:38:12] ~r~$-2
[2018/4/25 - 20:10:34] ~r~$-2
[2018/4/25 - 20:10:44] ~r~$-2
[2018/4/25 - 20:10:55] ~r~$-2
[2018/4/25 - 20:11:8] ~r~$-2
[2018/4/25 - 20:11:22] ~r~$-2
[2018/4/25 - 20:11:32] ~r~$-2
[2018/4/25 - 20:11:40] ~r~$-2
[2018/4/25 - 20:11:52] ~r~$-2
[2018/4/25 - 20:11:52] ~r~$-2
[2018/4/25 - 20:12:3] ~r~$-2
[2018/4/25 - 20:12:8] ~r~$-2
[2018/4/25 - 20:12:21] ~r~$-2
[2018/4/25 - 20:13:23] ~r~$-2
[2018/4/25 - 20:14:11] ~r~$-2
[2018/4/25 - 20:14:34] ~r~$-2
[2018/4/25 - 20:14:51] ~r~$-2
[2018/4/25 - 20:14:59] ~r~$-2
[2018/4/25 - 20:15:14] ~r~$-2
[2018/4/25 - 20:16:58] ~r~$-2
[2018/4/25 - 20:17:17] ~r~$-2
[2018/4/25 - 20:19:41] ~r~$-2
[2018/4/25 - 20:20:16] ~r~$-2
[2018/4/25 - 20:20:36] ~r~$-2
[2018/4/25 - 22:8:14] ~r~$-2
[2018/4/25 - 22:8:51] ~r~$-2
[2018/4/25 - 22:10:45] ~r~$-2
[2018/4/25 - 22:11:42] ~r~$-2
[2018/4/25 - 22:13:56] ~r~$-2
[2018/4/25 - 22:14:34] ~r~$-2
[2018/4/25 - 22:15:19] ~r~$-2
[2018/4/25 - 22:15:37] ~r~$-2
[2018/4/25 - 22:16:2] ~r~$-2
[2018/4/25 - 22:16:27] ~r~$-2
[2018/4/25 - 22:17:18] ~r~$-2
[2018/4/25 - 22:18:56] ~r~$-2
[2018/4/25 - 22:20:6] ~r~$-2
[2018/4/25 - 22:20:13] ~r~$-2
[2018/4/26 - 14:35:58] ~r~$-2
[2018/4/26 - 19:13:43] ~r~$-2
[2018/4/26 - 19:13:59] ~r~$-2
[2018/4/27 - 17:28:6] ~r~$-2
[2018/4/27 - 18:13:19] ~r~$-2
[2018/4/27 - 18:14:0] ~r~$-2
[2018/4/27 - 22:54:24] ~r~$-2
[2018/4/27 - 22:54:51] ~r~$-2
[2018/4/28 - 2:39:40] ~r~$-2
[2018/4/28 - 2:40:4] ~r~$-2
[2018/4/28 - 2:40:16] ~r~$-2
[2018/4/28 - 2:40:54] ~r~$-2
[2018/4/28 - 2:41:7] ~r~$-2
[2018/4/28 - 2:41:28] ~r~$-2
[2018/4/28 - 2:42:29] ~r~$-2
[2018/4/28 - 4:50:40] ~r~$-2
[2018/4/28 - 4:51:2] ~r~$-2
[2018/4/28 - 17:2:48] ~r~$-2
[2018/4/28 - 17:3:10] ~r~$-2
[2018/4/28 - 17:3:23] ~r~$-2
[2018/4/28 - 17:3:42] ~r~$-2
[2018/4/28 - 17:4:21] ~r~$-2
[2018/4/28 - 17:4:36] ~r~$-2
[2018/4/28 - 17:4:50] ~r~$-2
[2018/4/28 - 17:5:1] ~r~$-2
[2018/4/28 - 17:5:12] ~r~$-2
[2018/4/28 - 17:5:12] ~r~$-2
[2018/4/28 - 17:5:19] ~r~$-2
[2018/4/28 - 17:5:40] ~r~$-2
[2018/4/28 - 17:6:52] ~r~$-2
[2018/4/28 - 17:7:5] ~r~$-2
[2018/4/28 - 17:7:6] ~r~$-2
[2018/4/28 - 17:7:39] ~r~$-2
[2018/4/28 - 17:7:51] ~r~$-2
[2018/4/28 - 17:8:6] ~r~$-2
[2018/4/28 - 17:10:3] ~r~$-2
[2018/4/28 - 17:10:45] ~r~$-2
[2018/4/28 - 17:10:57] ~r~$-2
[2018/4/28 - 17:11:11] ~r~$-2
[2018/4/28 - 23:43:26] ~r~$-2
[2018/4/29 - 0:39:19] ~r~$-2
[2018/4/29 - 1:59:30] ~r~$-2
[2018/4/29 - 2:0:16] ~r~$-2
[2018/4/29 - 2:0:26] ~r~$-2
[2018/4/29 - 2:0:34] ~r~$-2
[2018/4/29 - 2:9:38] ~r~$-2
[2018/4/29 - 3:35:43] ~r~$-2
[2018/4/29 - 3:36:18] ~r~$-2
[2018/4/29 - 3:41:29] ~r~$-2
[2018/4/29 - 3:43:33] ~r~$-2
[2018/4/29 - 3:48:11] ~r~$-2
[2018/4/29 - 3:50:17] ~r~$-2
[2018/4/29 - 3:55:20] ~r~$-2
[2018/4/29 - 3:56:11] ~r~$-2
[2018/4/29 - 4:37:11] ~r~$-2
[2018/4/29 - 4:51:51] ~r~$-2
[2018/4/29 - 4:52:18] ~r~$-2
[2018/4/29 - 4:52:32] ~r~$-2
[2018/4/29 - 4:53:10] ~r~$-2
[2018/4/29 - 4:54:5] ~r~$-2
[2018/4/29 - 4:54:24] ~r~$-2
[2018/4/29 - 4:54:45] ~r~$-2
[2018/4/29 - 4:54:55] ~r~$-2
[2018/4/29 - 4:59:25] ~r~$-2
[2018/4/29 - 4:59:42] ~r~$-2
[2018/4/29 - 5:0:10] ~r~$-2
[2018/4/29 - 5:0:43] ~r~$-2
[2018/4/29 - 5:1:17] ~r~$-2
[2018/4/29 - 5:1:55] ~r~$-2
[2018/4/29 - 5:2:30] ~r~$-2
[2018/4/29 - 5:2:48] ~r~$-2
[2018/4/29 - 5:3:6] ~r~$-2
[2018/4/29 - 5:3:25] ~r~$-2
[2018/4/29 - 5:3:51] ~r~$-2
[2018/4/29 - 5:4:10] ~r~$-2
[2018/4/29 - 5:4:36] ~r~$-2
[2018/4/29 - 5:5:28] ~r~$-2
[2018/4/29 - 5:5:44] ~r~$-2
[2018/4/29 - 5:6:55] ~r~$-2
[2018/4/29 - 5:9:20] ~r~$-2
[2018/4/29 - 5:17:5] ~r~$-2
[2018/4/29 - 5:17:22] ~r~$-2
[2018/4/29 - 5:17:22] ~r~$-2
[2018/4/29 - 5:17:57] ~r~$-2
[2018/4/29 - 5:57:17] ~r~$-2
[2018/4/29 - 6:1:7] ~r~$-2
[2018/4/29 - 6:3:27] ~r~$-2
[2018/4/29 - 6:5:25] ~r~$-2
[2018/4/29 - 6:5:32] ~r~$-2
[2018/4/29 - 6:6:3] ~r~$-2
[2018/4/29 - 20:57:5] ~r~$-2
[2018/4/29 - 20:57:18] ~r~$-2
[2018/4/30 - 2:43:44] ~r~$-2
[2018/4/30 - 17:21:7] ~r~$-2
[2018/4/30 - 17:21:40] ~r~$-2
[2018/4/30 - 17:21:56] ~r~$-2
[2018/4/30 - 17:22:30] ~r~$-2
[2018/4/30 - 17:59:36] ~r~$-2
[2018/5/1 - 0:49:26] ~r~$-2
[2018/5/1 - 0:49:36] ~r~$-2
[2018/5/1 - 0:49:39] ~r~$-2
[2018/5/1 - 0:50:8] ~r~$-2
[2018/5/1 - 0:50:16] ~r~$-2
[2018/5/1 - 0:50:51] ~r~$-2
[2018/5/1 - 0:51:15] ~r~$-2
[2018/5/1 - 0:51:32] ~r~$-2
[2018/5/1 - 0:51:40] ~r~$-2
[2018/5/1 - 0:52:24] ~r~$-2
[2018/5/1 - 0:52:59] ~r~$-2
[2018/5/1 - 0:53:22] ~r~$-2
[2018/5/1 - 0:53:36] ~r~$-2
[2018/5/1 - 0:54:10] ~r~$-2
[2018/5/1 - 0:54:21] ~r~$-2
[2018/5/1 - 1:23:44] ~r~$-2
[2018/5/1 - 1:24:41] ~r~$-2
[2018/5/1 - 1:24:50] ~r~$-2
[2018/5/1 - 1:25:7] ~r~$-2
[2018/5/1 - 1:26:22] ~r~$-2
[2018/5/1 - 1:26:29] ~r~$-2
[2018/5/1 - 1:38:3] ~r~$-2
[2018/5/1 - 1:48:1] ~r~$-2
[2018/5/1 - 1:48:49] ~r~$-2
[2018/5/1 - 1:50:38] ~r~$-2
[2018/5/1 - 1:51:56] ~r~$-2
[2018/5/1 - 1:52:18] ~r~$-2
[2018/5/1 - 1:57:48] ~r~$-2
[2018/5/1 - 1:58:4] ~r~$-2
[2018/5/1 - 1:58:43] ~r~$-2
[2018/5/1 - 1:59:16] ~r~$-2
[2018/5/1 - 1:59:26] ~r~$-2
[2018/5/1 - 1:59:53] ~r~$-2
[2018/5/1 - 1:59:58] ~r~$-2
[2018/5/1 - 2:0:13] ~r~$-2
[2018/5/1 - 2:1:21] ~r~$-2
[2018/5/1 - 2:1:28] ~r~$-2
[2018/5/1 - 2:2:24] ~r~$-2
[2018/5/1 - 2:2:42] ~r~$-2
[2018/5/1 - 2:3:7] ~r~$-2
[2018/5/1 - 2:3:23] ~r~$-2
[2018/5/1 - 2:4:23] ~r~$-2
[2018/5/1 - 2:4:28] ~r~$-2
[2018/5/1 - 2:5:0] ~r~$-2
[2018/5/1 - 2:5:14] ~r~$-2
[2018/5/1 - 2:5:19] ~r~$-2
[2018/5/1 - 2:5:22] ~r~$-2
[2018/5/1 - 2:5:32] ~r~$-2
[2018/5/1 - 2:5:49] ~r~$-2
[2018/5/1 - 2:6:7] ~r~$-2
[2018/5/1 - 2:6:15] ~r~$-2
[2018/5/1 - 2:6:20] ~r~$-2
[2018/5/1 - 2:6:21] ~r~$-2
[2018/5/1 - 2:6:32] ~r~$-2
[2018/5/1 - 2:9:7] ~r~$-2
[2018/5/1 - 2:9:21] ~r~$-2
[2018/5/1 - 2:9:45] ~r~$-2
[2018/5/1 - 2:9:46] ~r~$-2
[2018/5/1 - 2:10:1] ~r~$-2
[2018/5/1 - 2:22:42] ~r~$-2
[2018/5/1 - 2:22:55] ~r~$-2
[2018/5/1 - 3:24:55] ~r~$-2
[2018/5/1 - 3:24:59] ~r~$-2
[2018/5/1 - 4:4:38] ~r~$-2
[2018/5/1 - 4:4:51] ~r~$-2
[2018/5/1 - 4:5:11] ~r~$-2
[2018/5/1 - 4:5:24] ~r~$-2
[2018/5/1 - 4:6:21] ~r~$-2
[2018/5/1 - 4:16:42] ~r~$-2
[2018/5/1 - 18:29:50] ~r~$-2
[2018/5/1 - 18:30:27] ~r~$-2
[2018/5/1 - 18:31:35] ~r~$-2
[2018/5/1 - 18:32:8] ~r~$-2
[2018/5/1 - 18:32:54] ~r~$-2
[2018/5/1 - 18:33:24] ~r~$-2
[2018/5/1 - 18:33:49] ~r~$-2
[2018/5/1 - 18:34:17] ~r~$-2
[2018/5/1 - 18:34:38] ~r~$-2
[2018/5/1 - 19:3:31] ~r~$-2
[2018/5/1 - 19:3:45] ~r~$-2
[2018/5/1 - 19:16:1] ~r~$-2
[2018/5/1 - 19:16:32] ~r~$-2
[2018/5/1 - 19:19:54] ~r~$-2
[2018/5/1 - 19:22:16] ~r~$-2
[2018/5/1 - 19:23:56] ~r~$-2
[2018/5/1 - 19:24:34] ~r~$-2
[2018/5/1 - 19:24:52] ~r~$-2
[2018/5/1 - 19:25:59] ~r~$-2
[2018/5/1 - 19:26:6] ~r~$-2
[2018/5/1 - 19:27:1] ~r~$-2
[2018/5/1 - 19:36:32] ~r~$-2
[2018/5/1 - 19:53:11] ~r~$-2
[2018/5/1 - 20:12:39] ~r~$-2
[2018/5/1 - 20:12:39] ~r~$-2
[2018/5/1 - 20:13:31] ~r~$-2
[2018/5/1 - 20:13:50] ~r~$-2
[2018/5/1 - 20:19:25] ~r~$-2
[2018/5/1 - 20:19:35] ~r~$-2
[2018/5/1 - 20:27:35] ~r~$-2
[2018/5/2 - 23:49:30] ~r~$-2
[2018/5/2 - 23:49:51] ~r~$-2
[2018/5/2 - 23:57:26] ~r~$-2
[2018/5/2 - 23:57:36] ~r~$-2
[2018/5/2 - 23:57:52] ~r~$-2
[2018/5/2 - 23:58:13] ~r~$-2
[2018/5/3 - 1:43:23] ~r~$-2
[2018/5/3 - 2:1:53] ~r~$-2
[2018/5/3 - 2:5:51] ~r~$-2
[2018/5/3 - 2:6:32] ~r~$-2
[2018/5/3 - 2:7:6] ~r~$-2
[2018/5/3 - 2:7:20] ~r~$-2
[2018/5/3 - 2:7:26] ~r~$-2
[2018/5/3 - 2:7:47] ~r~$-2
[2018/5/3 - 2:8:22] ~r~$-2
[2018/5/3 - 2:8:50] ~r~$-2
[2018/5/3 - 2:9:7] ~r~$-2
[2018/5/3 - 2:9:41] ~r~$-2
[2018/5/3 - 2:10:0] ~r~$-2
[2018/5/3 - 2:10:8] ~r~$-2
[2018/5/3 - 2:10:22] ~r~$-2
[2018/5/3 - 2:10:25] ~r~$-2
[2018/5/3 - 2:11:13] ~r~$-2
[2018/5/3 - 2:11:38] ~r~$-2
[2018/5/3 - 2:11:48] ~r~$-2
[2018/5/3 - 2:12:11] ~r~$-2
[2018/5/3 - 2:12:42] ~r~$-2
[2018/5/3 - 2:13:31] ~r~$-2
[2018/5/3 - 2:17:53] ~r~$-2
[2018/5/3 - 2:27:23] ~r~$-2
[2018/5/3 - 2:31:33] ~r~$-2
[2018/5/3 - 2:34:19] ~r~$-2
[2018/5/3 - 2:34:39] ~r~$-2
[2018/5/3 - 2:37:27] ~r~$-2
[2018/5/3 - 2:37:36] ~r~$-2
[2018/5/3 - 2:37:51] ~r~$-2
[2018/5/3 - 2:39:24] ~r~$-2
[2018/5/3 - 2:39:58] ~r~$-2
[2018/5/3 - 2:43:0] ~r~$-2
[2018/5/3 - 2:43:15] ~r~$-2
[2018/5/3 - 2:45:27] ~r~$-2
[2018/5/3 - 2:50:4] ~r~$-2
[2018/5/3 - 2:50:24] ~r~$-2
[2018/5/3 - 2:51:4] ~r~$-2
[2018/5/3 - 2:51:13] ~r~$-2
[2018/5/3 - 2:51:32] ~r~$-2
[2018/5/3 - 2:51:40] ~r~$-2
[2018/5/3 - 2:51:54] ~r~$-2
[2018/5/3 - 2:52:5] ~r~$-2
[2018/5/3 - 2:53:53] ~r~$-2
[2018/5/3 - 2:54:10] ~r~$-2
[2018/5/3 - 2:54:47] ~r~$-2
[2018/5/3 - 3:2:22] ~r~$-2
[2018/5/3 - 3:5:12] ~r~$-2
[2018/5/3 - 3:5:42] ~r~$-2
[2018/5/3 - 3:7:27] ~r~$-2
[2018/5/3 - 3:11:22] ~r~$-2
[2018/5/3 - 3:11:27] ~r~$-2
[2018/5/3 - 3:11:52] ~r~$-2
[2018/5/3 - 3:12:18] ~r~$-2
[2018/5/3 - 3:13:49] ~r~$-2
[2018/5/3 - 3:14:15] ~r~$-2
[2018/5/3 - 3:17:53] ~r~$-2
[2018/5/3 - 3:20:59] ~r~$-2
[2018/5/3 - 3:24:17] ~r~$-2
[2018/5/3 - 3:24:35] ~r~$-2
[2018/5/3 - 3:28:57] ~r~$-2
[2018/5/3 - 3:33:17] ~r~$-2
[2018/5/3 - 3:34:9] ~r~$-2
[2018/5/3 - 3:34:21] ~r~$-2
[2018/5/3 - 3:34:36] ~r~$-2
[2018/5/3 - 3:34:44] ~r~$-2
[2018/5/3 - 3:34:56] ~r~$-2
[2018/5/3 - 3:45:59] ~r~$-2
[2018/5/3 - 3:46:13] ~r~$-2
[2018/5/3 - 3:46:30] ~r~$-2
[2018/5/3 - 3:46:44] ~r~$-2
[2018/5/3 - 3:53:6] ~r~$-2
[2018/5/3 - 3:54:32] ~r~$-2
[2018/5/3 - 4:22:27] ~r~$-2
[2018/5/3 - 17:55:36] ~r~$-2
[2018/5/3 - 17:55:45] ~r~$-2
[2018/5/3 - 17:56:3] ~r~$-2
[2018/5/3 - 17:56:18] ~r~$-2
[2018/5/3 - 17:57:5] ~r~$-2
[2018/5/3 - 17:57:19] ~r~$-2
[2018/5/3 - 17:57:57] ~r~$-2
[2018/5/3 - 17:58:42] ~r~$-2
[2018/5/3 - 17:58:56] ~r~$-2
[2018/5/3 - 17:59:31] ~r~$-2
[2018/5/3 - 18:12:49] ~r~$-2
[2018/5/3 - 18:17:12] ~r~$-2
[2018/5/3 - 18:17:27] ~r~$-2
[2018/5/3 - 18:17:44] ~r~$-2
[2018/5/3 - 18:18:9] ~r~$-2
[2018/5/3 - 18:19:28] ~r~$-2
[2018/5/3 - 18:19:46] ~r~$-2
[2018/5/3 - 18:27:32] ~r~$-2
[2018/5/4 - 2:12:47] ~r~$-2
[2018/5/4 - 2:13:13] ~r~$-2
[2018/5/4 - 2:13:31] ~r~$-2
[2018/5/4 - 2:14:0] ~r~$-2
[2018/5/4 - 2:15:9] ~r~$-2
[2018/5/4 - 2:15:14] ~r~$-2
[2018/5/4 - 2:15:30] ~r~$-2
[2018/5/4 - 2:16:30] ~r~$-2
[2018/5/4 - 2:16:38] ~r~$-2
[2018/5/4 - 2:16:50] ~r~$-2
[2018/5/4 - 2:17:9] ~r~$-2
[2018/5/4 - 2:18:10] ~r~$-2
[2018/5/4 - 2:20:12] ~r~$-2
[2018/5/4 - 2:33:11] ~r~$-2
[2018/5/4 - 2:55:28] ~r~$-2
[2018/5/4 - 3:4:31] ~r~$-2
[2018/5/4 - 18:35:47] ~r~$-2
[2018/5/4 - 18:35:54] ~r~$-2
[2018/5/4 - 18:36:33] ~r~$-2
[2018/5/4 - 18:37:1] ~r~$-2
[2018/5/4 - 18:37:46] ~r~$-2
[2018/5/4 - 18:37:58] ~r~$-2
[2018/5/4 - 18:38:3] ~r~$-2
[2018/5/4 - 18:39:21] ~r~$-2
[2018/5/4 - 18:39:33] ~r~$-2
[2018/5/4 - 19:27:58] ~r~$-2
[2018/5/4 - 19:34:29] ~r~$-2
[2018/5/4 - 19:34:50] ~r~$-2
[2018/5/4 - 19:34:57] ~r~$-2
[2018/5/4 - 19:35:9] ~r~$-2
[2018/5/4 - 19:36:43] ~r~$-2
[2018/5/4 - 19:36:49] ~r~$-2
[2018/5/4 - 19:41:17] ~r~$-2
