[2012/11/18 - 14:44:9] AdmCmd: Josh Cave has forced Josh Cave to see the tutorial.
[2013/1/30 - 8:8:48] AdmCmd: Nikita Greco has forced Nikita Greco to see the tutorial.
[2013/1/30 - 19:10:55] AdmCmd: Josh Cave has forced Josh Cave to see the tutorial.
[2013/1/30 - 19:10:56] AdmCmd: Josh Cave has forced Alexander Greco to see the tutorial.
[2013/1/31 - 19:4:6] AdmCmd: Josh Cave has forced Josh Cave to see the tutorial.
[2013/1/31 - 19:5:8] AdmCmd: Josh Cave has forced DeAndre Moore to see the tutorial.
[2013/1/31 - 19:17:29] AdmCmd: Josh Cave has forced DeAndre Moore to see the tutorial.
[2013/1/31 - 23:44:50] AdmCmd: Alexander Greco has forced Alexander Greco to see the tutorial.
[2013/2/1 - 13:16:8] AdmCmd: Alexander Greco has forced Alexander Greco to see the tutorial.
[2013/3/7 - 9:27:35] AdmCmd: Josh Cave has forced Josh Cave to see the tutorial.
[2013/3/8 - 13:25:57] AdmWarn: John Cormier has ejected John Cormier from the tutorial.
[2013/3/9 - 18:20:29] AdmWarn: John Cormier has ejected Raymond Redfield from the tutorial.
[2013/3/9 - 18:21:11] AdmWarn: John Cormier has ejected Billy Gonzales from the tutorial.
[2013/3/9 - 18:25:52] AdmWarn: John Cormier has ejected Nev Smith from the tutorial.
[2013/3/10 - 19:28:9] AdmWarn: John Cormier has ejected John Cormier from the tutorial.
[2013/3/22 - 20:57:46] AdmWarn: John Cormier has ejected Nick Derlos from the tutorial.
[2013/3/23 - 12:44:53] AdmWarn: John Cormier has ejected Henrik Tucker from the tutorial.
[2013/3/23 - 12:52:49] AdmWarn: Billy Gonzales has ejected Josh McArtin from the tutorial.
[2013/3/23 - 13:19:32] AdmCmd: John Cormier has forced John Cormier to see the tutorial.
[2013/3/23 - 13:19:43] AdmWarn: John Cormier has ejected John Cormier from the tutorial.
[2013/3/23 - 13:33:9] AdmCmd: John Cormier has forced Billy Gonzales to see the tutorial.
[2013/3/23 - 13:33:12] AdmWarn: John Cormier has ejected Billy Gonzales from the tutorial.
[2013/4/15 - 21:35:47] AdmWarn: John Cormier has ejected Maximus Galvanius from the tutorial.
[2013/4/15 - 21:36:10] AdmCmd: John Cormier has forced Maximus Galvanius to see the tutorial.
[2013/4/16 - 23:23:30] AdmWarn: John Cormier has ejected John Cormier from the tutorial.
[2014/8/30 - 0:0:23] AdmWarn: John Cormier has ejected John Cormier from the tutorial.
[2017/6/22 - 18:47:14]  El administrador Giovanni Salvatore te ha sacado del tutorial.
[2017/6/26 - 1:10:17] AdmWarn: Giovanni Salvatore has ejected Sofia Robles from the tutorial.
[2017/7/9 - 16:29:40] AdmWarn: Oscar Pinto has ejected Pedro Teves from the tutorial.
[2017/7/11 - 0:47:7] AdmWarn: Oscar Pinto has ejected Jorge Nitales from the tutorial.
[2017/7/12 - 11:18:56] AdmWarn: Oscar Pinto has ejected Gio Marica from the tutorial.
[2017/7/12 - 11:28:5] AdmWarn: Oscar Pinto has ejected Gio Marica from the tutorial.
[2017/7/12 - 14:6:55] AdmWarn: Oscar Pinto has ejected Gio Marica from the tutorial.
[2017/7/12 - 22:5:20] AdmWarn: Oscar Pinto has ejected Gio Maricaaa from the tutorial.
[2017/7/12 - 22:5:22] AdmWarn: Oscar Pinto has ejected Gio Maricaa from the tutorial.
[2017/7/12 - 22:10:59] AdmWarn: Oscar Pinto has ejected Gio Maricaa from the tutorial.
[2017/7/12 - 22:11:2] AdmWarn: Oscar Pinto has ejected Gio Maricaaa from the tutorial.
[2017/7/12 - 22:33:12] AdmWarn: Oscar Pinto has ejected Uncle rob from the tutorial.
[2017/7/12 - 22:33:16] AdmWarn: Oscar Pinto has ejected Uncle robby from the tutorial.
[2017/7/13 - 17:49:53] AdmWarn: Oscar Pinto has ejected Benito Mussolini from the tutorial.
[2017/7/30 - 23:58:39] AdmWarn: Oscar Pinto has ejected Penesaurio Rex from the tutorial.
[2017/7/31 - 0:0:49] AdmCmd: Oscar Pinto has forced Penesaurio Rex to see the tutorial.
[2017/7/31 - 0:0:56] AdmWarn: Oscar Pinto has ejected Penesaurio Rex from the tutorial.
[2017/7/31 - 17:39:26] AdmWarn: Oscar Pinto has ejected Miguel Rodriguez from the tutorial.
[2017/7/31 - 18:28:22] AdmWarn: Oscar Pinto has ejected Manolo Ramirez from the tutorial.
[2017/7/31 - 18:29:50] AdmWarn: Oscar Pinto has ejected Jose Andrade from the tutorial.
[2017/7/31 - 19:8:27] AdmWarn: Oscar Pinto has ejected Francis Drake from the tutorial.
[2017/7/31 - 19:56:17] AdmWarn: Oscar Pinto has ejected Roosvelt Prieto from the tutorial.
[2017/7/31 - 20:1:24] AdmWarn: Oscar Pinto has ejected Camilo Rojas from the tutorial.
[2017/8/1 - 20:55:17] AdmWarn: Oscar Pinto has ejected Camilo Rojas from the tutorial.
[2017/8/1 - 21:4:40] AdmWarn: El Estado has ejected El Estado from the tutorial.
[2017/8/1 - 22:4:27] AdmWarn: El Estado has ejected El Estado from the tutorial.
[2017/8/1 - 22:35:16] AdmWarn: Pedro Jorge has ejected Pedro Jorge from the tutorial.
[2017/8/2 - 1:15:15] AdmWarn: Jefferson P has ejected Jefferson P from the tutorial.
[2017/8/2 - 1:27:27] AdmWarn: Oscar P has ejected Oscar P from the tutorial.
[2017/8/2 - 18:57:44] AdmWarn: Oscar Pinto has ejected Raul Perez from the tutorial.
[2017/8/2 - 20:19:34] AdmWarn: Oscar Pinto has ejected Camilo Ruiz from the tutorial.
[2017/8/3 - 18:6:52] AdmWarn: Oscar Pinto has ejected Jack Jhonsson from the tutorial.
[2017/8/3 - 18:9:23] AdmWarn: Oscar Pinto has ejected Martin Cantor from the tutorial.
[2017/8/4 - 21:55:50] AdmWarn: Oscar Pinto has ejected Marcos Tabares from the tutorial.
[2017/8/4 - 21:56:3] AdmWarn: Oscar Pinto has ejected Carol Urwin from the tutorial.
[2017/8/5 - 4:56:10] AdmCmd: Jhon Mustang has forced Jhon Mustang to see the tutorial.
[2017/8/5 - 4:56:14]  Has saltado el tutorial.
[2017/8/5 - 5:23:18]  Has saltado el tutorial.
[2017/8/5 - 5:40:6]  Has saltado el tutorial.
[2017/8/5 - 6:45:8]  Has saltado el tutorial.
[2017/8/5 - 13:14:7]  Has saltado el tutorial.
[2017/8/5 - 13:33:59]  Has saltado el tutorial.
[2017/8/5 - 16:37:18] AdmWarn: Jhon Mustang has ejected Edwin Chairez from the tutorial.
[2017/8/5 - 16:43:57]  Has saltado el tutorial.
[2017/8/5 - 16:52:22]  Has saltado el tutorial.
[2017/8/5 - 17:17:38]  Has saltado el tutorial.
[2017/8/5 - 17:23:23]  Has saltado el tutorial.
[2017/8/5 - 19:7:15]  Has saltado el tutorial.
[2017/8/5 - 19:7:53]  Has saltado el tutorial.
[2017/8/5 - 20:34:32]  Has saltado el tutorial.
[2017/8/5 - 23:51:36]  Has saltado el tutorial.
[2017/8/6 - 7:26:33]  Has saltado el tutorial.
[2017/8/13 - 16:1:25]  Has saltado el tutorial.
[2017/9/1 - 22:35:50]  Has saltado el tutorial.
[2017/9/1 - 22:54:25]  Has saltado el tutorial.
[2017/9/1 - 23:29:35]  Has saltado el tutorial.
[2017/9/2 - 19:33:27]  Has saltado el tutorial.
[2017/9/18 - 9:0:13]  Has saltado el tutorial.
[2017/10/31 - 17:43:0]  Has saltado el tutorial.
[2018/4/2 - 20:53:30]  Has saltado el tutorial.
[2018/4/2 - 20:56:24]  Has saltado el tutorial.
[2018/4/5 - 3:55:23] Administración: Oscar Pinto ha expulsado Oscar Pinto del tutorial.
[2018/4/5 - 3:55:54]  Has saltado el tutorial.
[2018/4/5 - 4:6:27]  Has saltado el tutorial.
[2018/4/5 - 18:33:43]  Has saltado el tutorial.
[2018/4/5 - 18:42:20]  Has saltado el tutorial.
[2018/4/5 - 22:59:42]  Has saltado el tutorial.
[2018/4/5 - 23:2:4]  Has saltado el tutorial.
[2018/4/5 - 23:12:0]  Has saltado el tutorial.
[2018/4/5 - 23:13:14]  Has saltado el tutorial.
[2018/4/5 - 23:23:39]  Has saltado el tutorial.
[2018/4/5 - 23:34:32] Administración: Oscar Pinto ha expulsado Jefferson Porras del tutorial.
[2018/4/5 - 23:34:37] Administración: Oscar Pinto ha expulsado Camilo Rojas del tutorial.
[2018/4/5 - 23:48:32]  Has saltado el tutorial.
[2018/4/6 - 1:25:16]  Has saltado el tutorial.
[2018/4/6 - 1:29:38]  Has saltado el tutorial.
[2018/4/6 - 17:21:9]  Has saltado el tutorial.
[2018/4/6 - 19:34:0]  Has saltado el tutorial.
[2018/4/6 - 21:0:27] Administración: Oscar Pinto ha expulsado Igor Spopovich del tutorial.
[2018/4/6 - 23:25:8]  Has saltado el tutorial.
[2018/4/7 - 2:5:28]  Has saltado el tutorial.
[2018/4/7 - 17:37:32]  Has saltado el tutorial.
[2018/4/7 - 18:29:45]  Has saltado el tutorial.
[2018/4/7 - 19:45:45]  Has saltado el tutorial.
[2018/4/8 - 1:45:30]  Has saltado el tutorial.
[2018/4/8 - 5:2:40]  Has saltado el tutorial.
[2018/4/8 - 6:19:59]  Has saltado el tutorial.
[2018/4/8 - 14:48:52]  Has saltado el tutorial.
[2018/4/8 - 20:37:50] Administración: Oscar Pinto ha expulsado Lucas Almario del tutorial.
[2018/4/8 - 21:10:58]  Has saltado el tutorial.
[2018/4/8 - 23:56:38]  Has saltado el tutorial.
[2018/4/9 - 0:42:51]  Has saltado el tutorial.
[2018/4/9 - 0:55:33]  Has saltado el tutorial.
[2018/4/9 - 1:11:6]  Has saltado el tutorial.
[2018/4/9 - 1:14:14]  Has saltado el tutorial.
[2018/4/9 - 1:28:8]  Has saltado el tutorial.
[2018/4/9 - 1:33:59]  Has saltado el tutorial.
[2018/4/9 - 1:37:39]  Has saltado el tutorial.
[2018/4/9 - 1:44:46]  Has saltado el tutorial.
[2018/4/9 - 1:52:57]  Has saltado el tutorial.
[2018/4/9 - 2:1:47]  Has saltado el tutorial.
[2018/4/9 - 2:4:27]  Has saltado el tutorial.
[2018/4/9 - 3:15:44]  Has saltado el tutorial.
[2018/4/9 - 3:16:39]  Has saltado el tutorial.
[2018/4/9 - 3:24:3]  Has saltado el tutorial.
[2018/4/9 - 4:11:18]  Has saltado el tutorial.
[2018/4/9 - 4:43:3]  Has saltado el tutorial.
[2018/4/9 - 4:50:22]  Has saltado el tutorial.
[2018/4/9 - 5:13:13]  Has saltado el tutorial.
[2018/4/9 - 6:10:20]  Has saltado el tutorial.
[2018/4/9 - 16:38:55]  Has saltado el tutorial.
[2018/4/9 - 17:12:54]  Has saltado el tutorial.
[2018/4/9 - 20:30:35]  Has saltado el tutorial.
[2018/4/9 - 20:46:40]  Has saltado el tutorial.
[2018/4/9 - 20:50:20]  Has saltado el tutorial.
[2018/4/9 - 21:27:41]  Has saltado el tutorial.
[2018/4/9 - 21:50:25]  Has saltado el tutorial.
[2018/4/9 - 22:17:40]  Has saltado el tutorial.
[2018/4/9 - 22:27:7]  Has saltado el tutorial.
[2018/4/10 - 0:38:27]  Has saltado el tutorial.
[2018/4/10 - 0:41:55]  Has saltado el tutorial.
[2018/4/10 - 0:43:43]  Has saltado el tutorial.
[2018/4/10 - 0:50:21]  Has saltado el tutorial.
[2018/4/10 - 1:13:24]  Has saltado el tutorial.
[2018/4/10 - 1:32:2]  Has saltado el tutorial.
[2018/4/10 - 1:59:10]  Has saltado el tutorial.
[2018/4/10 - 3:10:27]  Has saltado el tutorial.
[2018/4/10 - 3:10:37]  Has saltado el tutorial.
[2018/4/10 - 4:28:17]  Has saltado el tutorial.
[2018/4/10 - 4:51:33]  Has saltado el tutorial.
[2018/4/10 - 14:15:53]  Has saltado el tutorial.
[2018/4/10 - 15:29:19]  Has saltado el tutorial.
[2018/4/10 - 16:53:42]  Has saltado el tutorial.
[2018/4/10 - 17:51:30]  Has saltado el tutorial.
[2018/4/10 - 18:12:2]  Has saltado el tutorial.
[2018/4/10 - 20:0:22]  Has saltado el tutorial.
[2018/4/10 - 20:14:35]  Has saltado el tutorial.
[2018/4/10 - 22:21:7]  Has saltado el tutorial.
[2018/4/10 - 23:17:24]  Has saltado el tutorial.
[2018/4/11 - 0:36:33]  Has saltado el tutorial.
[2018/4/11 - 2:2:5]  Has saltado el tutorial.
[2018/4/11 - 2:3:53]  Has saltado el tutorial.
[2018/4/11 - 2:6:11]  Has saltado el tutorial.
[2018/4/11 - 2:9:10]  Has saltado el tutorial.
[2018/4/11 - 2:15:58]  Has saltado el tutorial.
[2018/4/11 - 2:59:36]  Has saltado el tutorial.
[2018/4/11 - 3:1:48]  Has saltado el tutorial.
[2018/4/11 - 3:9:17]  Has saltado el tutorial.
[2018/4/11 - 5:25:50]  Has saltado el tutorial.
[2018/4/11 - 13:34:45]  Has saltado el tutorial.
[2018/4/11 - 15:53:34]  Has saltado el tutorial.
[2018/4/11 - 16:37:36] Administración: Dios Injusto ha expulsado Dios Injusto del tutorial.
[2018/4/11 - 20:16:4]  Has saltado el tutorial.
[2018/4/11 - 20:45:26]  Has saltado el tutorial.
[2018/4/11 - 22:48:49]  Has saltado el tutorial.
[2018/4/11 - 23:22:16]  Has saltado el tutorial.
[2018/4/11 - 23:24:33]  Has saltado el tutorial.
[2018/4/11 - 23:31:51]  Has saltado el tutorial.
[2018/4/11 - 23:51:56]  Has saltado el tutorial.
[2018/4/11 - 23:54:28]  Has saltado el tutorial.
[2018/4/12 - 0:10:16]  Has saltado el tutorial.
[2018/4/12 - 1:29:6]  Has saltado el tutorial.
[2018/4/12 - 1:53:5]  Has saltado el tutorial.
[2018/4/12 - 2:48:23]  Has saltado el tutorial.
[2018/4/12 - 3:48:35]  Has saltado el tutorial.
[2018/4/12 - 4:28:47]  Has saltado el tutorial.
[2018/4/12 - 17:34:54]  Has saltado el tutorial.
[2018/4/12 - 19:3:58]  Has saltado el tutorial.
[2018/4/12 - 20:52:35]  Has saltado el tutorial.
[2018/4/12 - 21:22:58]  Has saltado el tutorial.
[2018/4/12 - 21:28:9]  Has saltado el tutorial.
[2018/4/12 - 21:37:0]  Has saltado el tutorial.
[2018/4/12 - 22:33:14]  Has saltado el tutorial.
[2018/4/12 - 23:27:33]  Has saltado el tutorial.
[2018/4/13 - 1:38:28]  Has saltado el tutorial.
[2018/4/13 - 1:48:0]  Has saltado el tutorial.
[2018/4/13 - 2:16:36]  Has saltado el tutorial.
[2018/4/13 - 3:2:10]  Has saltado el tutorial.
[2018/4/13 - 3:59:19] Administracioón: Santiago Martin obligó a Brayan Osorio a ver el tutorial.
[2018/4/13 - 3:59:32]  Has saltado el tutorial.
[2018/4/13 - 4:50:52]  Has saltado el tutorial.
[2018/4/13 - 9:28:24]  Has saltado el tutorial.
[2018/4/13 - 13:29:35]  Has saltado el tutorial.
[2018/4/13 - 14:50:45]  Has saltado el tutorial.
[2018/4/13 - 17:25:13] Administración: Oscar Pinto ha expulsado Augusto Perez del tutorial.
[2018/4/13 - 18:22:52]  Has saltado el tutorial.
[2018/4/13 - 19:33:35]  Has saltado el tutorial.
[2018/4/13 - 20:51:16]  Has saltado el tutorial.
[2018/4/14 - 14:48:29]  Has saltado el tutorial.
[2018/4/14 - 16:27:40]  Has saltado el tutorial.
[2018/4/14 - 18:24:39]  Has saltado el tutorial.
[2018/4/15 - 4:15:4]  Has saltado el tutorial.
[2018/4/15 - 11:31:5]  Has saltado el tutorial.
[2018/4/15 - 15:2:12]  Has saltado el tutorial.
[2018/4/15 - 15:33:44]  Has saltado el tutorial.
[2018/4/15 - 16:15:59]  Has saltado el tutorial.
[2018/4/15 - 18:43:14]  Has saltado el tutorial.
[2018/4/15 - 20:36:46]  Has saltado el tutorial.
[2018/4/16 - 1:44:13]  Has saltado el tutorial.
[2018/4/16 - 2:3:30]  Has saltado el tutorial.
[2018/4/16 - 4:56:44]  Has saltado el tutorial.
[2018/4/16 - 13:34:35]  Has saltado el tutorial.
[2018/4/16 - 17:44:51]  Has saltado el tutorial.
[2018/4/16 - 19:49:56]  Has saltado el tutorial.
[2018/4/17 - 2:26:36]  Has saltado el tutorial.
[2018/4/17 - 4:40:17]  Has saltado el tutorial.
[2018/4/17 - 4:50:0]  Has saltado el tutorial.
[2018/4/17 - 4:58:24]  Has saltado el tutorial.
[2018/4/17 - 4:59:57]  Has saltado el tutorial.
[2018/4/17 - 5:4:0]  Has saltado el tutorial.
[2018/4/17 - 14:29:3]  Has saltado el tutorial.
[2018/4/17 - 15:9:34]  Has saltado el tutorial.
[2018/4/17 - 18:42:32]  Has saltado el tutorial.
[2018/4/17 - 18:50:14]  Has saltado el tutorial.
[2018/4/17 - 19:4:46]  Has saltado el tutorial.
[2018/4/17 - 19:10:44]  Has saltado el tutorial.
[2018/4/17 - 19:11:41]  Has saltado el tutorial.
[2018/4/17 - 19:50:24]  Has saltado el tutorial.
[2018/4/17 - 20:27:31]  Has saltado el tutorial.
[2018/4/17 - 22:45:35]  Has saltado el tutorial.
[2018/4/17 - 22:55:36]  Has saltado el tutorial.
[2018/4/18 - 1:38:56]  Has saltado el tutorial.
[2018/4/18 - 1:45:1]  Has saltado el tutorial.
[2018/4/18 - 17:44:39]  Has saltado el tutorial.
[2018/4/18 - 18:22:52]  Has saltado el tutorial.
[2018/4/18 - 18:55:46]  Has saltado el tutorial.
[2018/4/18 - 20:32:30]  Has saltado el tutorial.
[2018/4/18 - 22:50:59]  Has saltado el tutorial.
[2018/4/18 - 23:56:11]  Has saltado el tutorial.
[2018/4/19 - 0:15:47]  Has saltado el tutorial.
[2018/4/19 - 19:58:27]  Has saltado el tutorial.
[2018/4/19 - 21:42:27]  Has saltado el tutorial.
[2018/4/20 - 3:25:18]  Has saltado el tutorial.
[2018/4/20 - 19:4:51]  Has saltado el tutorial.
[2018/4/20 - 20:54:42]  Has saltado el tutorial.
[2018/4/20 - 22:6:56]  Has saltado el tutorial.
[2018/4/20 - 22:17:56]  Has saltado el tutorial.
[2018/4/21 - 14:59:41]  Has saltado el tutorial.
[2018/4/21 - 15:29:46]  Has saltado el tutorial.
[2018/4/21 - 18:13:25]  Has saltado el tutorial.
[2018/4/21 - 19:21:25]  Has saltado el tutorial.
[2018/4/21 - 19:23:10]  Has saltado el tutorial.
[2018/4/21 - 20:36:54]  Has saltado el tutorial.
[2018/4/22 - 20:25:35]  Has saltado el tutorial.
[2018/4/22 - 20:38:41]  Has saltado el tutorial.
[2018/4/22 - 20:39:51]  Has saltado el tutorial.
[2018/4/23 - 20:0:25]  Has saltado el tutorial.
[2018/4/23 - 21:58:39]  Has saltado el tutorial.
[2018/4/23 - 22:14:57]  Has saltado el tutorial.
[2018/4/24 - 13:25:38]  Has saltado el tutorial.
[2018/4/24 - 18:57:25]  Has saltado el tutorial.
[2018/4/25 - 2:56:51]  Has saltado el tutorial.
[2018/4/25 - 3:17:50]  Has saltado el tutorial.
[2018/4/25 - 3:51:5]  Has saltado el tutorial.
[2018/4/25 - 18:50:12]  Has saltado el tutorial.
[2018/4/25 - 19:17:5]  Has saltado el tutorial.
[2018/4/25 - 19:33:12]  Has saltado el tutorial.
[2018/4/25 - 19:49:54]  Has saltado el tutorial.
[2018/4/25 - 20:3:7]  Has saltado el tutorial.
[2018/4/26 - 1:15:12]  Has saltado el tutorial.
[2018/4/26 - 15:4:22]  Has saltado el tutorial.
[2018/4/26 - 20:56:15]  Has saltado el tutorial.
[2018/4/27 - 0:1:58]  Has saltado el tutorial.
[2018/4/27 - 20:29:45]  Has saltado el tutorial.
[2018/4/27 - 20:31:29]  Has saltado el tutorial.
[2018/4/27 - 23:56:19]  Has saltado el tutorial.
[2018/4/28 - 0:47:43]  Has saltado el tutorial.
[2018/4/28 - 2:11:14]  Has saltado el tutorial.
[2018/4/28 - 21:8:13]  Has saltado el tutorial.
[2018/4/28 - 23:41:0]  Has saltado el tutorial.
[2018/4/28 - 23:49:22]  Has saltado el tutorial.
[2018/4/29 - 1:17:13]  Has saltado el tutorial.
[2018/4/29 - 1:32:22]  Has saltado el tutorial.
[2018/4/29 - 2:17:40]  Has saltado el tutorial.
[2018/4/29 - 6:8:24]  Has saltado el tutorial.
[2018/4/29 - 13:11:24]  Has saltado el tutorial.
[2018/4/29 - 15:17:21]  Has saltado el tutorial.
[2018/4/29 - 15:18:28]  Has saltado el tutorial.
[2018/4/29 - 16:55:45]  Has saltado el tutorial.
[2018/4/29 - 18:19:53]  Has saltado el tutorial.
[2018/4/29 - 18:20:14]  Has saltado el tutorial.
[2018/4/29 - 19:13:38]  Has saltado el tutorial.
[2018/4/29 - 19:25:45]  Has saltado el tutorial.
[2018/4/29 - 21:28:15]  Has saltado el tutorial.
[2018/4/30 - 6:2:28]  Has saltado el tutorial.
[2018/4/30 - 14:39:3]  Has saltado el tutorial.
[2018/4/30 - 18:43:39]  Has saltado el tutorial.
[2018/4/30 - 20:41:30]  Has saltado el tutorial.
[2018/4/30 - 21:14:16]  Has saltado el tutorial.
[2018/4/30 - 23:30:13]  Has saltado el tutorial.
[2018/5/2 - 22:57:32]  Has saltado el tutorial.
[2018/5/3 - 4:3:8]  Has saltado el tutorial.
[2018/5/3 - 4:4:0]  Has saltado el tutorial.
[2018/5/3 - 23:27:53]  Has saltado el tutorial.
[2018/5/3 - 23:51:39]  Has saltado el tutorial.
[2018/5/6 - 0:38:8]  Has saltado el tutorial.
