[2012/10/8 - 20:58:18] AdmWarn: Perverse has given Takeshi Tanaka a warning, reason: Hacks, I'm watching you.
[2012/10/8 - 20:58:51] AdmWarn: Perverse has given Takeshi Tanaka a warning, reason: Hacks, Last Warning and you'll get banned,
[2012/12/15 - 17:38:35] AdmWarn: Frascuelo Navarette has given Joseph Rivera a warning, reason: Bunnyjumping.
[2012/12/20 - 18:59:45] AdmWarn: Katie Castillo has given Norman Jayden a warning, reason: bad ad
[2012/12/24 - 14:9:36] AdmWarn: Katie Castillo has given Josh Cave a warning, reason: Poofter skin
[2012/12/24 - 14:10:3] AdmWarn: Josh Cave had cleared Josh Cave's warnings. (Had 1)
[2013/1/29 - 17:16:45] AdmWarn: Justin Case has given Alexander Greco a warning, reason: Just incase
[2013/1/29 - 17:20:55] AdmWarn: Justin Case had cleared Alexander Greco's warnings. (Had 1)
[2017/7/20 - 22:38:28] AdmWarn: Giovanni Salvatore has given Oscar Pinto a warning, reason: Por perra
[2017/7/20 - 22:38:45] AdmWarn: Giovanni Salvatore has given Oscar Pinto a warning, reason: Por zorra
[2017/7/20 - 22:39:46] AdmWarn: Oscar Pinto had cleared Oscar Pinto's warnings. (Had 2)
[2017/7/20 - 22:39:52] AdmWarn: Giovanni Salvatore has given Oscar Pinto a warning, reason: POR MARICA
[2017/7/20 - 22:39:54] AdmWarn: Giovanni Salvatore has given Oscar Pinto a warning, reason: POR ZORRA
[2017/7/20 - 22:39:55] AdmWarn: Oscar Pinto had cleared Oscar Pinto's warnings. (Had 2)
[2017/7/20 - 22:39:57] AdmWarn: Giovanni Salvatore has given Oscar Pinto a warning, reason: POR PERRA
[2017/7/20 - 22:39:59] AdmWarn: Oscar Pinto had cleared Oscar Pinto's warnings. (Had 1)
[2017/7/20 - 22:40:7] AdmWarn: Giovanni Salvatore has given Oscar Pinto a warning, reason: 1
[2017/7/20 - 22:40:9] AdmWarn: Giovanni Salvatore has given Oscar Pinto a warning, reason: 2
[2017/7/20 - 23:33:12] AdmWarn: Giovanni Salvatore has given Giovanni Salvatore a warning, reason: Broma de mal gusto
[2017/10/12 - 11:22:46] Administración: Miguel Salvatore ha dado a Miguel Salvatore una advertencia, razon: . 
[2017/10/12 - 11:22:47] Administración: Miguel Salvatore ha dado a Miguel Salvatore una advertencia, razon: . 
[2017/10/12 - 11:22:48] Administración: Miguel Salvatore ha dado a Miguel Salvatore una advertencia, razon: . 
[2018/4/13 - 4:4:18] Administración: Santiago Martin ha dado a Santiago Martin una advertencia, razon: 1
[2018/4/25 - 3:7:12] Administración: Brayan Osorio ha dado a Brayan Osorio una advertencia, razon: .
[2018/4/27 - 17:29:40] Administración: Brayan Osorio ha limpiado Brayan Osorio advertencias. (Had 1)
[2018/4/30 - 18:48:39] Administración: Brayan Osorio ha dado a Isaac Rufino una advertencia, razon: No hagas FA
